[1.006s] DEBUG:colcon:Command line arguments: ['/usr/bin/colcon', 'build']
[1.006s] DEBUG:colcon:Parsed command line arguments: Namespace(allow_overriding=[], ament_cmake_args=None, base_paths=['.'], build_base='build', catkin_cmake_args=None, catkin_skip_building_tests=False, cmake_args=None, cmake_clean_cache=False, cmake_clean_first=False, cmake_force_configure=False, cmake_target=None, cmake_target_skip_unavailable=False, continue_on_error=False, event_handlers=None, executor='parallel', ignore_user_meta=False, install_base='install', log_base=None, log_level=None, main=<bound method BuildVerb.main of <colcon_core.verb.build.BuildVerb object at 0x7f94defd3760>>, merge_install=False, metas=['./colcon.meta'], packages_above=None, packages_above_and_dependencies=None, packages_above_depth=None, packages_end=None, packages_ignore=None, packages_ignore_regex=None, packages_select=None, packages_select_build_failed=False, packages_select_by_dep=None, packages_select_regex=None, packages_select_test_failures=False, packages_skip=None, packages_skip_build_finished=False, packages_skip_by_dep=None, packages_skip_regex=None, packages_skip_test_passed=False, packages_skip_up_to=None, packages_start=None, packages_up_to=None, packages_up_to_regex=None, parallel_workers=20, paths=None, symlink_install=False, test_result_base=None, verb_extension=<colcon_core.verb.build.BuildVerb object at 0x7f94defd3760>, verb_name='build', verb_parser=<colcon_defaults.argument_parser.defaults.DefaultArgumentsDecorator object at 0x7f94df265d60>)
[1.053s] Level 1:colcon.colcon_core.package_discovery:discover_packages(colcon_meta) check parameters
[1.053s] Level 1:colcon.colcon_core.package_discovery:discover_packages(recursive) check parameters
[1.054s] Level 1:colcon.colcon_core.package_discovery:discover_packages(ignore) check parameters
[1.054s] Level 1:colcon.colcon_core.package_discovery:discover_packages(path) check parameters
[1.054s] Level 1:colcon.colcon_core.package_discovery:discover_packages(colcon_meta) discover
[1.054s] Level 1:colcon.colcon_core.package_discovery:discover_packages(recursive) discover
[1.054s] INFO:colcon.colcon_core.package_discovery:Crawling recursively for packages in '/home/perla/DRL_robot_navigation_ros2'
[1.054s] Level 1:colcon.colcon_core.package_identification:_identify(.) by extensions ['ignore', 'ignore_ament_install']
[1.054s] Level 1:colcon.colcon_core.package_identification:_identify(.) by extension 'ignore'
[1.054s] Level 1:colcon.colcon_core.package_identification:_identify(.) by extension 'ignore_ament_install'
[1.054s] Level 1:colcon.colcon_core.package_identification:_identify(.) by extensions ['colcon_pkg']
[1.054s] Level 1:colcon.colcon_core.package_identification:_identify(.) by extension 'colcon_pkg'
[1.054s] Level 1:colcon.colcon_core.package_identification:_identify(.) by extensions ['colcon_meta']
[1.054s] Level 1:colcon.colcon_core.package_identification:_identify(.) by extension 'colcon_meta'
[1.054s] Level 1:colcon.colcon_core.package_identification:_identify(.) by extensions ['ros']
[1.054s] Level 1:colcon.colcon_core.package_identification:_identify(.) by extension 'ros'
[1.059s] Level 1:colcon.colcon_core.package_identification:_identify(.) by extensions ['cmake', 'python']
[1.059s] Level 1:colcon.colcon_core.package_identification:_identify(.) by extension 'cmake'
[1.059s] Level 1:colcon.colcon_core.package_identification:_identify(.) by extension 'python'
[1.059s] Level 1:colcon.colcon_core.package_identification:_identify(.) by extensions ['python_setup_py']
[1.059s] Level 1:colcon.colcon_core.package_identification:_identify(.) by extension 'python_setup_py'
[1.059s] Level 1:colcon.colcon_core.package_identification:_identify(build) by extensions ['ignore', 'ignore_ament_install']
[1.059s] Level 1:colcon.colcon_core.package_identification:_identify(build) by extension 'ignore'
[1.059s] Level 1:colcon.colcon_core.package_identification:_identify(build) ignored
[1.060s] Level 1:colcon.colcon_core.package_identification:_identify(install) by extensions ['ignore', 'ignore_ament_install']
[1.060s] Level 1:colcon.colcon_core.package_identification:_identify(install) by extension 'ignore'
[1.060s] Level 1:colcon.colcon_core.package_identification:_identify(install) ignored
[1.060s] Level 1:colcon.colcon_core.package_identification:_identify(log) by extensions ['ignore', 'ignore_ament_install']
[1.060s] Level 1:colcon.colcon_core.package_identification:_identify(log) by extension 'ignore'
[1.060s] Level 1:colcon.colcon_core.package_identification:_identify(log) ignored
[1.060s] Level 1:colcon.colcon_core.package_identification:_identify(src) by extensions ['ignore', 'ignore_ament_install']
[1.060s] Level 1:colcon.colcon_core.package_identification:_identify(src) by extension 'ignore'
[1.060s] Level 1:colcon.colcon_core.package_identification:_identify(src) by extension 'ignore_ament_install'
[1.060s] Level 1:colcon.colcon_core.package_identification:_identify(src) by extensions ['colcon_pkg']
[1.060s] Level 1:colcon.colcon_core.package_identification:_identify(src) by extension 'colcon_pkg'
[1.060s] Level 1:colcon.colcon_core.package_identification:_identify(src) by extensions ['colcon_meta']
[1.060s] Level 1:colcon.colcon_core.package_identification:_identify(src) by extension 'colcon_meta'
[1.060s] Level 1:colcon.colcon_core.package_identification:_identify(src) by extensions ['ros']
[1.060s] Level 1:colcon.colcon_core.package_identification:_identify(src) by extension 'ros'
[1.060s] Level 1:colcon.colcon_core.package_identification:_identify(src) by extensions ['cmake', 'python']
[1.060s] Level 1:colcon.colcon_core.package_identification:_identify(src) by extension 'cmake'
[1.060s] Level 1:colcon.colcon_core.package_identification:_identify(src) by extension 'python'
[1.060s] Level 1:colcon.colcon_core.package_identification:_identify(src) by extensions ['python_setup_py']
[1.060s] Level 1:colcon.colcon_core.package_identification:_identify(src) by extension 'python_setup_py'
[1.060s] Level 1:colcon.colcon_core.package_identification:_identify(src/omni_cartographer) by extensions ['ignore', 'ignore_ament_install']
[1.060s] Level 1:colcon.colcon_core.package_identification:_identify(src/omni_cartographer) by extension 'ignore'
[1.060s] Level 1:colcon.colcon_core.package_identification:_identify(src/omni_cartographer) by extension 'ignore_ament_install'
[1.060s] Level 1:colcon.colcon_core.package_identification:_identify(src/omni_cartographer) by extensions ['colcon_pkg']
[1.060s] Level 1:colcon.colcon_core.package_identification:_identify(src/omni_cartographer) by extension 'colcon_pkg'
[1.060s] Level 1:colcon.colcon_core.package_identification:_identify(src/omni_cartographer) by extensions ['colcon_meta']
[1.060s] Level 1:colcon.colcon_core.package_identification:_identify(src/omni_cartographer) by extension 'colcon_meta'
[1.060s] Level 1:colcon.colcon_core.package_identification:_identify(src/omni_cartographer) by extensions ['ros']
[1.060s] Level 1:colcon.colcon_core.package_identification:_identify(src/omni_cartographer) by extension 'ros'
[1.061s] DEBUG:colcon.colcon_core.package_identification:Package 'src/omni_cartographer' with type 'ros.ament_cmake' and name 'omni_cartographer'
[1.062s] Level 1:colcon.colcon_core.package_identification:_identify(src/td3) by extensions ['ignore', 'ignore_ament_install']
[1.062s] Level 1:colcon.colcon_core.package_identification:_identify(src/td3) by extension 'ignore'
[1.062s] Level 1:colcon.colcon_core.package_identification:_identify(src/td3) by extension 'ignore_ament_install'
[1.062s] Level 1:colcon.colcon_core.package_identification:_identify(src/td3) by extensions ['colcon_pkg']
[1.062s] Level 1:colcon.colcon_core.package_identification:_identify(src/td3) by extension 'colcon_pkg'
[1.062s] Level 1:colcon.colcon_core.package_identification:_identify(src/td3) by extensions ['colcon_meta']
[1.062s] Level 1:colcon.colcon_core.package_identification:_identify(src/td3) by extension 'colcon_meta'
[1.062s] Level 1:colcon.colcon_core.package_identification:_identify(src/td3) by extensions ['ros']
[1.062s] Level 1:colcon.colcon_core.package_identification:_identify(src/td3) by extension 'ros'
[1.062s] DEBUG:colcon.colcon_core.package_identification:Package 'src/td3' with type 'ros.ament_cmake' and name 'td3'
[1.062s] Level 1:colcon.colcon_core.package_identification:_identify(src/velodyne_simulator) by extensions ['ignore', 'ignore_ament_install']
[1.062s] Level 1:colcon.colcon_core.package_identification:_identify(src/velodyne_simulator) by extension 'ignore'
[1.062s] Level 1:colcon.colcon_core.package_identification:_identify(src/velodyne_simulator) by extension 'ignore_ament_install'
[1.062s] Level 1:colcon.colcon_core.package_identification:_identify(src/velodyne_simulator) by extensions ['colcon_pkg']
[1.062s] Level 1:colcon.colcon_core.package_identification:_identify(src/velodyne_simulator) by extension 'colcon_pkg'
[1.062s] Level 1:colcon.colcon_core.package_identification:_identify(src/velodyne_simulator) by extensions ['colcon_meta']
[1.062s] Level 1:colcon.colcon_core.package_identification:_identify(src/velodyne_simulator) by extension 'colcon_meta'
[1.062s] Level 1:colcon.colcon_core.package_identification:_identify(src/velodyne_simulator) by extensions ['ros']
[1.062s] Level 1:colcon.colcon_core.package_identification:_identify(src/velodyne_simulator) by extension 'ros'
[1.062s] Level 1:colcon.colcon_core.package_identification:_identify(src/velodyne_simulator) by extensions ['cmake', 'python']
[1.062s] Level 1:colcon.colcon_core.package_identification:_identify(src/velodyne_simulator) by extension 'cmake'
[1.062s] Level 1:colcon.colcon_core.package_identification:_identify(src/velodyne_simulator) by extension 'python'
[1.062s] Level 1:colcon.colcon_core.package_identification:_identify(src/velodyne_simulator) by extensions ['python_setup_py']
[1.062s] Level 1:colcon.colcon_core.package_identification:_identify(src/velodyne_simulator) by extension 'python_setup_py'
[1.062s] Level 1:colcon.colcon_core.package_identification:_identify(src/velodyne_simulator/img) by extensions ['ignore', 'ignore_ament_install']
[1.062s] Level 1:colcon.colcon_core.package_identification:_identify(src/velodyne_simulator/img) by extension 'ignore'
[1.062s] Level 1:colcon.colcon_core.package_identification:_identify(src/velodyne_simulator/img) by extension 'ignore_ament_install'
[1.062s] Level 1:colcon.colcon_core.package_identification:_identify(src/velodyne_simulator/img) by extensions ['colcon_pkg']
[1.062s] Level 1:colcon.colcon_core.package_identification:_identify(src/velodyne_simulator/img) by extension 'colcon_pkg'
[1.062s] Level 1:colcon.colcon_core.package_identification:_identify(src/velodyne_simulator/img) by extensions ['colcon_meta']
[1.062s] Level 1:colcon.colcon_core.package_identification:_identify(src/velodyne_simulator/img) by extension 'colcon_meta'
[1.063s] Level 1:colcon.colcon_core.package_identification:_identify(src/velodyne_simulator/img) by extensions ['ros']
[1.063s] Level 1:colcon.colcon_core.package_identification:_identify(src/velodyne_simulator/img) by extension 'ros'
[1.063s] Level 1:colcon.colcon_core.package_identification:_identify(src/velodyne_simulator/img) by extensions ['cmake', 'python']
[1.063s] Level 1:colcon.colcon_core.package_identification:_identify(src/velodyne_simulator/img) by extension 'cmake'
[1.063s] Level 1:colcon.colcon_core.package_identification:_identify(src/velodyne_simulator/img) by extension 'python'
[1.063s] Level 1:colcon.colcon_core.package_identification:_identify(src/velodyne_simulator/img) by extensions ['python_setup_py']
[1.063s] Level 1:colcon.colcon_core.package_identification:_identify(src/velodyne_simulator/img) by extension 'python_setup_py'
[1.063s] Level 1:colcon.colcon_core.package_identification:_identify(src/velodyne_simulator/velodyne_description) by extensions ['ignore', 'ignore_ament_install']
[1.063s] Level 1:colcon.colcon_core.package_identification:_identify(src/velodyne_simulator/velodyne_description) by extension 'ignore'
[1.063s] Level 1:colcon.colcon_core.package_identification:_identify(src/velodyne_simulator/velodyne_description) by extension 'ignore_ament_install'
[1.063s] Level 1:colcon.colcon_core.package_identification:_identify(src/velodyne_simulator/velodyne_description) by extensions ['colcon_pkg']
[1.063s] Level 1:colcon.colcon_core.package_identification:_identify(src/velodyne_simulator/velodyne_description) by extension 'colcon_pkg'
[1.063s] Level 1:colcon.colcon_core.package_identification:_identify(src/velodyne_simulator/velodyne_description) by extensions ['colcon_meta']
[1.063s] Level 1:colcon.colcon_core.package_identification:_identify(src/velodyne_simulator/velodyne_description) by extension 'colcon_meta'
[1.063s] Level 1:colcon.colcon_core.package_identification:_identify(src/velodyne_simulator/velodyne_description) by extensions ['ros']
[1.063s] Level 1:colcon.colcon_core.package_identification:_identify(src/velodyne_simulator/velodyne_description) by extension 'ros'
[1.063s] DEBUG:colcon.colcon_core.package_identification:Package 'src/velodyne_simulator/velodyne_description' with type 'ros.ament_cmake' and name 'velodyne_description'
[1.063s] Level 1:colcon.colcon_core.package_identification:_identify(src/velodyne_simulator/velodyne_gazebo_plugins) by extensions ['ignore', 'ignore_ament_install']
[1.063s] Level 1:colcon.colcon_core.package_identification:_identify(src/velodyne_simulator/velodyne_gazebo_plugins) by extension 'ignore'
[1.063s] Level 1:colcon.colcon_core.package_identification:_identify(src/velodyne_simulator/velodyne_gazebo_plugins) by extension 'ignore_ament_install'
[1.063s] Level 1:colcon.colcon_core.package_identification:_identify(src/velodyne_simulator/velodyne_gazebo_plugins) by extensions ['colcon_pkg']
[1.063s] Level 1:colcon.colcon_core.package_identification:_identify(src/velodyne_simulator/velodyne_gazebo_plugins) by extension 'colcon_pkg'
[1.063s] Level 1:colcon.colcon_core.package_identification:_identify(src/velodyne_simulator/velodyne_gazebo_plugins) by extensions ['colcon_meta']
[1.063s] Level 1:colcon.colcon_core.package_identification:_identify(src/velodyne_simulator/velodyne_gazebo_plugins) by extension 'colcon_meta'
[1.063s] Level 1:colcon.colcon_core.package_identification:_identify(src/velodyne_simulator/velodyne_gazebo_plugins) by extensions ['ros']
[1.063s] Level 1:colcon.colcon_core.package_identification:_identify(src/velodyne_simulator/velodyne_gazebo_plugins) by extension 'ros'
[1.064s] DEBUG:colcon.colcon_core.package_identification:Package 'src/velodyne_simulator/velodyne_gazebo_plugins' with type 'ros.ament_cmake' and name 'velodyne_gazebo_plugins'
[1.064s] Level 1:colcon.colcon_core.package_identification:_identify(src/velodyne_simulator/velodyne_simulator) by extensions ['ignore', 'ignore_ament_install']
[1.064s] Level 1:colcon.colcon_core.package_identification:_identify(src/velodyne_simulator/velodyne_simulator) by extension 'ignore'
[1.064s] Level 1:colcon.colcon_core.package_identification:_identify(src/velodyne_simulator/velodyne_simulator) by extension 'ignore_ament_install'
[1.064s] Level 1:colcon.colcon_core.package_identification:_identify(src/velodyne_simulator/velodyne_simulator) by extensions ['colcon_pkg']
[1.064s] Level 1:colcon.colcon_core.package_identification:_identify(src/velodyne_simulator/velodyne_simulator) by extension 'colcon_pkg'
[1.064s] Level 1:colcon.colcon_core.package_identification:_identify(src/velodyne_simulator/velodyne_simulator) by extensions ['colcon_meta']
[1.064s] Level 1:colcon.colcon_core.package_identification:_identify(src/velodyne_simulator/velodyne_simulator) by extension 'colcon_meta'
[1.064s] Level 1:colcon.colcon_core.package_identification:_identify(src/velodyne_simulator/velodyne_simulator) by extensions ['ros']
[1.064s] Level 1:colcon.colcon_core.package_identification:_identify(src/velodyne_simulator/velodyne_simulator) by extension 'ros'
[1.064s] DEBUG:colcon.colcon_core.package_identification:Package 'src/velodyne_simulator/velodyne_simulator' with type 'ros.ament_cmake' and name 'velodyne_simulator'
[1.064s] Level 1:colcon.colcon_core.package_discovery:discover_packages(recursive) using defaults
[1.064s] Level 1:colcon.colcon_core.package_discovery:discover_packages(ignore) discover
[1.064s] Level 1:colcon.colcon_core.package_discovery:discover_packages(ignore) using defaults
[1.064s] Level 1:colcon.colcon_core.package_discovery:discover_packages(path) discover
[1.064s] Level 1:colcon.colcon_core.package_discovery:discover_packages(path) using defaults
[1.158s] Level 1:colcon.colcon_core.package_discovery:discover_packages(prefix_path) check parameters
[1.158s] Level 1:colcon.colcon_core.package_discovery:discover_packages(prefix_path) discover
[1.192s] DEBUG:colcon.colcon_installed_package_information.package_discovery:Found 5 installed packages in /home/perla/DRL_robot_navigation_ros2/install
[1.209s] DEBUG:colcon.colcon_installed_package_information.package_discovery:Found 5 installed packages in /home/perla/ros2_ws/install
[1.227s] DEBUG:colcon.colcon_installed_package_information.package_discovery:Found 336 installed packages in /opt/ros/foxy
[1.228s] Level 1:colcon.colcon_core.package_discovery:discover_packages(prefix_path) using defaults
[1.301s] Level 5:colcon.colcon_core.verb:set package 'omni_cartographer' build argument 'cmake_args' from command line to 'None'
[1.301s] Level 5:colcon.colcon_core.verb:set package 'omni_cartographer' build argument 'cmake_target' from command line to 'None'
[1.301s] Level 5:colcon.colcon_core.verb:set package 'omni_cartographer' build argument 'cmake_target_skip_unavailable' from command line to 'False'
[1.301s] Level 5:colcon.colcon_core.verb:set package 'omni_cartographer' build argument 'cmake_clean_cache' from command line to 'False'
[1.301s] Level 5:colcon.colcon_core.verb:set package 'omni_cartographer' build argument 'cmake_clean_first' from command line to 'False'
[1.302s] Level 5:colcon.colcon_core.verb:set package 'omni_cartographer' build argument 'cmake_force_configure' from command line to 'False'
[1.302s] Level 5:colcon.colcon_core.verb:set package 'omni_cartographer' build argument 'ament_cmake_args' from command line to 'None'
[1.302s] Level 5:colcon.colcon_core.verb:set package 'omni_cartographer' build argument 'catkin_cmake_args' from command line to 'None'
[1.302s] Level 5:colcon.colcon_core.verb:set package 'omni_cartographer' build argument 'catkin_skip_building_tests' from command line to 'False'
[1.302s] DEBUG:colcon.colcon_core.verb:Building package 'omni_cartographer' with the following arguments: {'ament_cmake_args': None, 'build_base': '/home/perla/DRL_robot_navigation_ros2/build/omni_cartographer', 'catkin_cmake_args': None, 'catkin_skip_building_tests': False, 'cmake_args': None, 'cmake_clean_cache': False, 'cmake_clean_first': False, 'cmake_force_configure': False, 'cmake_target': None, 'cmake_target_skip_unavailable': False, 'install_base': '/home/perla/DRL_robot_navigation_ros2/install/omni_cartographer', 'merge_install': False, 'path': '/home/perla/DRL_robot_navigation_ros2/src/omni_cartographer', 'symlink_install': False, 'test_result_base': None}
[1.319s] Level 5:colcon.colcon_core.verb:set package 'td3' build argument 'cmake_args' from command line to 'None'
[1.319s] Level 5:colcon.colcon_core.verb:set package 'td3' build argument 'cmake_target' from command line to 'None'
[1.319s] Level 5:colcon.colcon_core.verb:set package 'td3' build argument 'cmake_target_skip_unavailable' from command line to 'False'
[1.319s] Level 5:colcon.colcon_core.verb:set package 'td3' build argument 'cmake_clean_cache' from command line to 'False'
[1.319s] Level 5:colcon.colcon_core.verb:set package 'td3' build argument 'cmake_clean_first' from command line to 'False'
[1.319s] Level 5:colcon.colcon_core.verb:set package 'td3' build argument 'cmake_force_configure' from command line to 'False'
[1.319s] Level 5:colcon.colcon_core.verb:set package 'td3' build argument 'ament_cmake_args' from command line to 'None'
[1.319s] Level 5:colcon.colcon_core.verb:set package 'td3' build argument 'catkin_cmake_args' from command line to 'None'
[1.319s] Level 5:colcon.colcon_core.verb:set package 'td3' build argument 'catkin_skip_building_tests' from command line to 'False'
[1.319s] DEBUG:colcon.colcon_core.verb:Building package 'td3' with the following arguments: {'ament_cmake_args': None, 'build_base': '/home/perla/DRL_robot_navigation_ros2/build/td3', 'catkin_cmake_args': None, 'catkin_skip_building_tests': False, 'cmake_args': None, 'cmake_clean_cache': False, 'cmake_clean_first': False, 'cmake_force_configure': False, 'cmake_target': None, 'cmake_target_skip_unavailable': False, 'install_base': '/home/perla/DRL_robot_navigation_ros2/install/td3', 'merge_install': False, 'path': '/home/perla/DRL_robot_navigation_ros2/src/td3', 'symlink_install': False, 'test_result_base': None}
[1.336s] Level 5:colcon.colcon_core.verb:set package 'velodyne_description' build argument 'cmake_args' from command line to 'None'
[1.336s] Level 5:colcon.colcon_core.verb:set package 'velodyne_description' build argument 'cmake_target' from command line to 'None'
[1.336s] Level 5:colcon.colcon_core.verb:set package 'velodyne_description' build argument 'cmake_target_skip_unavailable' from command line to 'False'
[1.336s] Level 5:colcon.colcon_core.verb:set package 'velodyne_description' build argument 'cmake_clean_cache' from command line to 'False'
[1.336s] Level 5:colcon.colcon_core.verb:set package 'velodyne_description' build argument 'cmake_clean_first' from command line to 'False'
[1.336s] Level 5:colcon.colcon_core.verb:set package 'velodyne_description' build argument 'cmake_force_configure' from command line to 'False'
[1.336s] Level 5:colcon.colcon_core.verb:set package 'velodyne_description' build argument 'ament_cmake_args' from command line to 'None'
[1.336s] Level 5:colcon.colcon_core.verb:set package 'velodyne_description' build argument 'catkin_cmake_args' from command line to 'None'
[1.336s] Level 5:colcon.colcon_core.verb:set package 'velodyne_description' build argument 'catkin_skip_building_tests' from command line to 'False'
[1.336s] DEBUG:colcon.colcon_core.verb:Building package 'velodyne_description' with the following arguments: {'ament_cmake_args': None, 'build_base': '/home/perla/DRL_robot_navigation_ros2/build/velodyne_description', 'catkin_cmake_args': None, 'catkin_skip_building_tests': False, 'cmake_args': None, 'cmake_clean_cache': False, 'cmake_clean_first': False, 'cmake_force_configure': False, 'cmake_target': None, 'cmake_target_skip_unavailable': False, 'install_base': '/home/perla/DRL_robot_navigation_ros2/install/velodyne_description', 'merge_install': False, 'path': '/home/perla/DRL_robot_navigation_ros2/src/velodyne_simulator/velodyne_description', 'symlink_install': False, 'test_result_base': None}
[1.353s] Level 5:colcon.colcon_core.verb:set package 'velodyne_gazebo_plugins' build argument 'cmake_args' from command line to 'None'
[1.353s] Level 5:colcon.colcon_core.verb:set package 'velodyne_gazebo_plugins' build argument 'cmake_target' from command line to 'None'
[1.353s] Level 5:colcon.colcon_core.verb:set package 'velodyne_gazebo_plugins' build argument 'cmake_target_skip_unavailable' from command line to 'False'
[1.353s] Level 5:colcon.colcon_core.verb:set package 'velodyne_gazebo_plugins' build argument 'cmake_clean_cache' from command line to 'False'
[1.353s] Level 5:colcon.colcon_core.verb:set package 'velodyne_gazebo_plugins' build argument 'cmake_clean_first' from command line to 'False'
[1.353s] Level 5:colcon.colcon_core.verb:set package 'velodyne_gazebo_plugins' build argument 'cmake_force_configure' from command line to 'False'
[1.353s] Level 5:colcon.colcon_core.verb:set package 'velodyne_gazebo_plugins' build argument 'ament_cmake_args' from command line to 'None'
[1.353s] Level 5:colcon.colcon_core.verb:set package 'velodyne_gazebo_plugins' build argument 'catkin_cmake_args' from command line to 'None'
[1.353s] Level 5:colcon.colcon_core.verb:set package 'velodyne_gazebo_plugins' build argument 'catkin_skip_building_tests' from command line to 'False'
[1.353s] DEBUG:colcon.colcon_core.verb:Building package 'velodyne_gazebo_plugins' with the following arguments: {'ament_cmake_args': None, 'build_base': '/home/perla/DRL_robot_navigation_ros2/build/velodyne_gazebo_plugins', 'catkin_cmake_args': None, 'catkin_skip_building_tests': False, 'cmake_args': None, 'cmake_clean_cache': False, 'cmake_clean_first': False, 'cmake_force_configure': False, 'cmake_target': None, 'cmake_target_skip_unavailable': False, 'install_base': '/home/perla/DRL_robot_navigation_ros2/install/velodyne_gazebo_plugins', 'merge_install': False, 'path': '/home/perla/DRL_robot_navigation_ros2/src/velodyne_simulator/velodyne_gazebo_plugins', 'symlink_install': False, 'test_result_base': None}
[1.370s] Level 5:colcon.colcon_core.verb:set package 'velodyne_simulator' build argument 'cmake_args' from command line to 'None'
[1.370s] Level 5:colcon.colcon_core.verb:set package 'velodyne_simulator' build argument 'cmake_target' from command line to 'None'
[1.370s] Level 5:colcon.colcon_core.verb:set package 'velodyne_simulator' build argument 'cmake_target_skip_unavailable' from command line to 'False'
[1.370s] Level 5:colcon.colcon_core.verb:set package 'velodyne_simulator' build argument 'cmake_clean_cache' from command line to 'False'
[1.370s] Level 5:colcon.colcon_core.verb:set package 'velodyne_simulator' build argument 'cmake_clean_first' from command line to 'False'
[1.370s] Level 5:colcon.colcon_core.verb:set package 'velodyne_simulator' build argument 'cmake_force_configure' from command line to 'False'
[1.370s] Level 5:colcon.colcon_core.verb:set package 'velodyne_simulator' build argument 'ament_cmake_args' from command line to 'None'
[1.370s] Level 5:colcon.colcon_core.verb:set package 'velodyne_simulator' build argument 'catkin_cmake_args' from command line to 'None'
[1.370s] Level 5:colcon.colcon_core.verb:set package 'velodyne_simulator' build argument 'catkin_skip_building_tests' from command line to 'False'
[1.370s] DEBUG:colcon.colcon_core.verb:Building package 'velodyne_simulator' with the following arguments: {'ament_cmake_args': None, 'build_base': '/home/perla/DRL_robot_navigation_ros2/build/velodyne_simulator', 'catkin_cmake_args': None, 'catkin_skip_building_tests': False, 'cmake_args': None, 'cmake_clean_cache': False, 'cmake_clean_first': False, 'cmake_force_configure': False, 'cmake_target': None, 'cmake_target_skip_unavailable': False, 'install_base': '/home/perla/DRL_robot_navigation_ros2/install/velodyne_simulator', 'merge_install': False, 'path': '/home/perla/DRL_robot_navigation_ros2/src/velodyne_simulator/velodyne_simulator', 'symlink_install': False, 'test_result_base': None}
[1.387s] INFO:colcon.colcon_core.executor:Executing jobs using 'parallel' executor
[1.404s] DEBUG:colcon.colcon_parallel_executor.executor.parallel:run_until_complete
[1.405s] INFO:colcon.colcon_ros.task.ament_cmake.build:Building ROS package in '/home/perla/DRL_robot_navigation_ros2/src/velodyne_simulator/velodyne_description' with build type 'ament_cmake'
[1.405s] INFO:colcon.colcon_cmake.task.cmake.build:Building CMake package in '/home/perla/DRL_robot_navigation_ros2/src/velodyne_simulator/velodyne_description'
[1.422s] INFO:colcon.colcon_core.plugin_system:Skipping extension 'colcon_core.shell.bat': Not used on non-Windows systems
[1.423s] INFO:colcon.colcon_core.shell:Skip shell extension 'powershell' for command environment: Not usable outside of PowerShell
[1.423s] DEBUG:colcon.colcon_core.shell:Skip shell extension 'dsv' for command environment
[1.494s] INFO:colcon.colcon_ros.task.ament_cmake.build:Building ROS package in '/home/perla/DRL_robot_navigation_ros2/src/velodyne_simulator/velodyne_gazebo_plugins' with build type 'ament_cmake'
[1.494s] INFO:colcon.colcon_cmake.task.cmake.build:Building CMake package in '/home/perla/DRL_robot_navigation_ros2/src/velodyne_simulator/velodyne_gazebo_plugins'
[1.519s] INFO:colcon.colcon_core.shell:Skip shell extension 'powershell' for command environment: Not usable outside of PowerShell
[1.519s] DEBUG:colcon.colcon_core.shell:Skip shell extension 'dsv' for command environment
[1.591s] INFO:colcon.colcon_ros.task.ament_cmake.build:Building ROS package in '/home/perla/DRL_robot_navigation_ros2/src/omni_cartographer' with build type 'ament_cmake'
[1.592s] INFO:colcon.colcon_cmake.task.cmake.build:Building CMake package in '/home/perla/DRL_robot_navigation_ros2/src/omni_cartographer'
[1.610s] INFO:colcon.colcon_core.shell:Skip shell extension 'powershell' for command environment: Not usable outside of PowerShell
[1.610s] DEBUG:colcon.colcon_core.shell:Skip shell extension 'dsv' for command environment
[1.689s] INFO:colcon.colcon_ros.task.ament_cmake.build:Building ROS package in '/home/perla/DRL_robot_navigation_ros2/src/td3' with build type 'ament_cmake'
[1.689s] INFO:colcon.colcon_cmake.task.cmake.build:Building CMake package in '/home/perla/DRL_robot_navigation_ros2/src/td3'
[1.710s] INFO:colcon.colcon_core.shell:Skip shell extension 'powershell' for command environment: Not usable outside of PowerShell
[1.710s] DEBUG:colcon.colcon_core.shell:Skip shell extension 'dsv' for command environment
[1.792s] DEBUG:colcon.colcon_core.event_handler.log_command:Invoking command in '/home/perla/DRL_robot_navigation_ros2/build/velodyne_description': CMAKE_PREFIX_PATH=${CMAKE_PREFIX_PATH}:/home/perla/ros2_ws/install/my_robot_controller:/opt/ros/foxy /usr/bin/cmake --build /home/perla/DRL_robot_navigation_ros2/build/velodyne_description -- -j20 -l20
[1.794s] DEBUG:colcon.colcon_core.event_handler.log_command:Invoking command in '/home/perla/DRL_robot_navigation_ros2/build/velodyne_gazebo_plugins': CMAKE_PREFIX_PATH=${CMAKE_PREFIX_PATH}:/home/perla/ros2_ws/install/my_robot_controller:/opt/ros/foxy /usr/bin/cmake --build /home/perla/DRL_robot_navigation_ros2/build/velodyne_gazebo_plugins -- -j20 -l20
[1.796s] DEBUG:colcon.colcon_core.event_handler.log_command:Invoking command in '/home/perla/DRL_robot_navigation_ros2/build/omni_cartographer': CMAKE_PREFIX_PATH=${CMAKE_PREFIX_PATH}:/home/perla/ros2_ws/install/my_robot_controller:/opt/ros/foxy /usr/bin/cmake --build /home/perla/DRL_robot_navigation_ros2/build/omni_cartographer -- -j20 -l20
[1.801s] DEBUG:colcon.colcon_core.event_handler.log_command:Invoking command in '/home/perla/DRL_robot_navigation_ros2/build/td3': CMAKE_PREFIX_PATH=${CMAKE_PREFIX_PATH}:/home/perla/ros2_ws/install/my_robot_controller:/opt/ros/foxy /usr/bin/cmake --build /home/perla/DRL_robot_navigation_ros2/build/td3 -- -j20 -l20
[1.815s] DEBUG:colcon.colcon_core.event_handler.log_command:Invoked command in '/home/perla/DRL_robot_navigation_ros2/build/velodyne_description' returned '0': CMAKE_PREFIX_PATH=${CMAKE_PREFIX_PATH}:/home/perla/ros2_ws/install/my_robot_controller:/opt/ros/foxy /usr/bin/cmake --build /home/perla/DRL_robot_navigation_ros2/build/velodyne_description -- -j20 -l20
[1.818s] DEBUG:colcon.colcon_core.event_handler.log_command:Invoked command in '/home/perla/DRL_robot_navigation_ros2/build/omni_cartographer' returned '0': CMAKE_PREFIX_PATH=${CMAKE_PREFIX_PATH}:/home/perla/ros2_ws/install/my_robot_controller:/opt/ros/foxy /usr/bin/cmake --build /home/perla/DRL_robot_navigation_ros2/build/omni_cartographer -- -j20 -l20
[1.821s] DEBUG:colcon.colcon_core.event_handler.log_command:Invoked command in '/home/perla/DRL_robot_navigation_ros2/build/td3' returned '0': CMAKE_PREFIX_PATH=${CMAKE_PREFIX_PATH}:/home/perla/ros2_ws/install/my_robot_controller:/opt/ros/foxy /usr/bin/cmake --build /home/perla/DRL_robot_navigation_ros2/build/td3 -- -j20 -l20
[1.837s] DEBUG:colcon.colcon_core.event_handler.log_command:Invoking command in '/home/perla/DRL_robot_navigation_ros2/build/velodyne_description': CMAKE_PREFIX_PATH=${CMAKE_PREFIX_PATH}:/home/perla/ros2_ws/install/my_robot_controller:/opt/ros/foxy /usr/bin/cmake --install /home/perla/DRL_robot_navigation_ros2/build/velodyne_description
[1.841s] DEBUG:colcon.colcon_core.event_handler.log_command:Invoking command in '/home/perla/DRL_robot_navigation_ros2/build/omni_cartographer': CMAKE_PREFIX_PATH=${CMAKE_PREFIX_PATH}:/home/perla/ros2_ws/install/my_robot_controller:/opt/ros/foxy /usr/bin/cmake --install /home/perla/DRL_robot_navigation_ros2/build/omni_cartographer
[1.843s] DEBUG:colcon.colcon_core.event_handler.log_command:Invoking command in '/home/perla/DRL_robot_navigation_ros2/build/td3': CMAKE_PREFIX_PATH=${CMAKE_PREFIX_PATH}:/home/perla/ros2_ws/install/my_robot_controller:/opt/ros/foxy /usr/bin/cmake --install /home/perla/DRL_robot_navigation_ros2/build/td3
[1.845s] Level 1:colcon.colcon_core.environment:create_environment_scripts_only(velodyne_description)
[1.863s] DEBUG:colcon.colcon_core.event_handler.log_command:Invoked command in '/home/perla/DRL_robot_navigation_ros2/build/velodyne_description' returned '0': CMAKE_PREFIX_PATH=${CMAKE_PREFIX_PATH}:/home/perla/ros2_ws/install/my_robot_controller:/opt/ros/foxy /usr/bin/cmake --install /home/perla/DRL_robot_navigation_ros2/build/velodyne_description
[1.886s] Level 1:colcon.colcon_core.environment:checking '/home/perla/DRL_robot_navigation_ros2/install/velodyne_description' for CMake module files
[1.886s] Level 1:colcon.colcon_core.environment:checking '/home/perla/DRL_robot_navigation_ros2/install/velodyne_description' for CMake config files
[1.886s] Level 1:colcon.colcon_core.shell:create_environment_hook('velodyne_description', 'cmake_prefix_path')
[1.907s] INFO:colcon.colcon_core.shell:Creating environment hook '/home/perla/DRL_robot_navigation_ros2/install/velodyne_description/share/velodyne_description/hook/cmake_prefix_path.ps1'
[1.907s] INFO:colcon.colcon_core.shell:Creating environment descriptor '/home/perla/DRL_robot_navigation_ros2/install/velodyne_description/share/velodyne_description/hook/cmake_prefix_path.dsv'
[1.907s] INFO:colcon.colcon_core.shell:Creating environment hook '/home/perla/DRL_robot_navigation_ros2/install/velodyne_description/share/velodyne_description/hook/cmake_prefix_path.sh'
[1.908s] Level 1:colcon.colcon_core.environment:checking '/home/perla/DRL_robot_navigation_ros2/install/velodyne_description/bin'
[1.908s] Level 1:colcon.colcon_core.environment:checking '/home/perla/DRL_robot_navigation_ros2/install/velodyne_description/lib/pkgconfig/velodyne_description.pc'
[1.908s] Level 1:colcon.colcon_core.environment:checking '/home/perla/DRL_robot_navigation_ros2/install/velodyne_description/lib/python3.8/site-packages'
[1.908s] Level 1:colcon.colcon_core.environment:checking '/home/perla/DRL_robot_navigation_ros2/install/velodyne_description/bin'
[1.928s] INFO:colcon.colcon_core.shell:Creating package script '/home/perla/DRL_robot_navigation_ros2/install/velodyne_description/share/velodyne_description/package.ps1'
[1.928s] INFO:colcon.colcon_core.shell:Creating package descriptor '/home/perla/DRL_robot_navigation_ros2/install/velodyne_description/share/velodyne_description/package.dsv'
[1.929s] INFO:colcon.colcon_core.shell:Creating package script '/home/perla/DRL_robot_navigation_ros2/install/velodyne_description/share/velodyne_description/package.sh'
[1.929s] INFO:colcon.colcon_core.shell:Creating package script '/home/perla/DRL_robot_navigation_ros2/install/velodyne_description/share/velodyne_description/package.bash'
[1.929s] INFO:colcon.colcon_core.shell:Creating package script '/home/perla/DRL_robot_navigation_ros2/install/velodyne_description/share/velodyne_description/package.zsh'
[1.929s] Level 1:colcon.colcon_core.environment:create_file_with_runtime_dependencies(/home/perla/DRL_robot_navigation_ros2/install/velodyne_description/share/colcon-core/packages/velodyne_description)
[1.933s] DEBUG:colcon.colcon_core.event_handler.log_command:Invoked command in '/home/perla/DRL_robot_navigation_ros2/build/velodyne_gazebo_plugins' returned '0': CMAKE_PREFIX_PATH=${CMAKE_PREFIX_PATH}:/home/perla/ros2_ws/install/my_robot_controller:/opt/ros/foxy /usr/bin/cmake --build /home/perla/DRL_robot_navigation_ros2/build/velodyne_gazebo_plugins -- -j20 -l20
[1.934s] Level 1:colcon.colcon_core.environment:create_environment_scripts_only(td3)
[1.935s] DEBUG:colcon.colcon_core.event_handler.log_command:Invoked command in '/home/perla/DRL_robot_navigation_ros2/build/td3' returned '0': CMAKE_PREFIX_PATH=${CMAKE_PREFIX_PATH}:/home/perla/ros2_ws/install/my_robot_controller:/opt/ros/foxy /usr/bin/cmake --install /home/perla/DRL_robot_navigation_ros2/build/td3
[1.955s] Level 1:colcon.colcon_core.environment:checking '/home/perla/DRL_robot_navigation_ros2/install/td3' for CMake module files
[1.955s] Level 1:colcon.colcon_core.environment:checking '/home/perla/DRL_robot_navigation_ros2/install/td3' for CMake config files
[1.956s] Level 1:colcon.colcon_core.shell:create_environment_hook('td3', 'cmake_prefix_path')
[1.974s] INFO:colcon.colcon_core.shell:Creating environment hook '/home/perla/DRL_robot_navigation_ros2/install/td3/share/td3/hook/cmake_prefix_path.ps1'
[1.975s] INFO:colcon.colcon_core.shell:Creating environment descriptor '/home/perla/DRL_robot_navigation_ros2/install/td3/share/td3/hook/cmake_prefix_path.dsv'
[1.975s] INFO:colcon.colcon_core.shell:Creating environment hook '/home/perla/DRL_robot_navigation_ros2/install/td3/share/td3/hook/cmake_prefix_path.sh'
[1.975s] Level 1:colcon.colcon_core.environment:checking '/home/perla/DRL_robot_navigation_ros2/install/td3/lib'
[1.975s] Level 1:colcon.colcon_core.environment:checking '/home/perla/DRL_robot_navigation_ros2/install/td3/bin'
[1.975s] Level 1:colcon.colcon_core.environment:checking '/home/perla/DRL_robot_navigation_ros2/install/td3/lib/pkgconfig/td3.pc'
[1.975s] Level 1:colcon.colcon_core.environment:checking '/home/perla/DRL_robot_navigation_ros2/install/td3/lib/python3.8/site-packages'
[1.976s] Level 1:colcon.colcon_core.environment:checking '/home/perla/DRL_robot_navigation_ros2/install/td3/bin'
[1.995s] INFO:colcon.colcon_core.shell:Creating package script '/home/perla/DRL_robot_navigation_ros2/install/td3/share/td3/package.ps1'
[1.995s] INFO:colcon.colcon_core.shell:Creating package descriptor '/home/perla/DRL_robot_navigation_ros2/install/td3/share/td3/package.dsv'
[1.995s] INFO:colcon.colcon_core.shell:Creating package script '/home/perla/DRL_robot_navigation_ros2/install/td3/share/td3/package.sh'
[1.995s] INFO:colcon.colcon_core.shell:Creating package script '/home/perla/DRL_robot_navigation_ros2/install/td3/share/td3/package.bash'
[1.996s] INFO:colcon.colcon_core.shell:Creating package script '/home/perla/DRL_robot_navigation_ros2/install/td3/share/td3/package.zsh'
[1.996s] Level 1:colcon.colcon_core.environment:create_file_with_runtime_dependencies(/home/perla/DRL_robot_navigation_ros2/install/td3/share/colcon-core/packages/td3)
[1.998s] Level 1:colcon.colcon_core.environment:create_environment_scripts_only(omni_cartographer)
[1.998s] DEBUG:colcon.colcon_core.event_handler.log_command:Invoked command in '/home/perla/DRL_robot_navigation_ros2/build/omni_cartographer' returned '0': CMAKE_PREFIX_PATH=${CMAKE_PREFIX_PATH}:/home/perla/ros2_ws/install/my_robot_controller:/opt/ros/foxy /usr/bin/cmake --install /home/perla/DRL_robot_navigation_ros2/build/omni_cartographer
[2.018s] Level 1:colcon.colcon_core.environment:checking '/home/perla/DRL_robot_navigation_ros2/install/omni_cartographer' for CMake module files
[2.018s] Level 1:colcon.colcon_core.environment:checking '/home/perla/DRL_robot_navigation_ros2/install/omni_cartographer' for CMake config files
[2.018s] Level 1:colcon.colcon_core.shell:create_environment_hook('omni_cartographer', 'cmake_prefix_path')
[2.036s] INFO:colcon.colcon_core.shell:Creating environment hook '/home/perla/DRL_robot_navigation_ros2/install/omni_cartographer/share/omni_cartographer/hook/cmake_prefix_path.ps1'
[2.036s] INFO:colcon.colcon_core.shell:Creating environment descriptor '/home/perla/DRL_robot_navigation_ros2/install/omni_cartographer/share/omni_cartographer/hook/cmake_prefix_path.dsv'
[2.036s] INFO:colcon.colcon_core.shell:Creating environment hook '/home/perla/DRL_robot_navigation_ros2/install/omni_cartographer/share/omni_cartographer/hook/cmake_prefix_path.sh'
[2.037s] Level 1:colcon.colcon_core.environment:checking '/home/perla/DRL_robot_navigation_ros2/install/omni_cartographer/bin'
[2.037s] Level 1:colcon.colcon_core.environment:checking '/home/perla/DRL_robot_navigation_ros2/install/omni_cartographer/lib/pkgconfig/omni_cartographer.pc'
[2.037s] Level 1:colcon.colcon_core.environment:checking '/home/perla/DRL_robot_navigation_ros2/install/omni_cartographer/lib/python3.8/site-packages'
[2.037s] Level 1:colcon.colcon_core.environment:checking '/home/perla/DRL_robot_navigation_ros2/install/omni_cartographer/bin'
[2.061s] INFO:colcon.colcon_core.shell:Creating package script '/home/perla/DRL_robot_navigation_ros2/install/omni_cartographer/share/omni_cartographer/package.ps1'
[2.061s] INFO:colcon.colcon_core.shell:Creating package descriptor '/home/perla/DRL_robot_navigation_ros2/install/omni_cartographer/share/omni_cartographer/package.dsv'
[2.062s] INFO:colcon.colcon_core.shell:Creating package script '/home/perla/DRL_robot_navigation_ros2/install/omni_cartographer/share/omni_cartographer/package.sh'
[2.062s] INFO:colcon.colcon_core.shell:Creating package script '/home/perla/DRL_robot_navigation_ros2/install/omni_cartographer/share/omni_cartographer/package.bash'
[2.062s] INFO:colcon.colcon_core.shell:Creating package script '/home/perla/DRL_robot_navigation_ros2/install/omni_cartographer/share/omni_cartographer/package.zsh'
[2.062s] Level 1:colcon.colcon_core.environment:create_file_with_runtime_dependencies(/home/perla/DRL_robot_navigation_ros2/install/omni_cartographer/share/colcon-core/packages/omni_cartographer)
[2.083s] Level 1:colcon.colcon_core.environment:create_environment_scripts_only(velodyne_description)
[2.100s] Level 1:colcon.colcon_core.environment:checking '/home/perla/DRL_robot_navigation_ros2/install/velodyne_description' for CMake module files
[2.101s] Level 1:colcon.colcon_core.environment:checking '/home/perla/DRL_robot_navigation_ros2/install/velodyne_description' for CMake config files
[2.101s] Level 1:colcon.colcon_core.shell:create_environment_hook('velodyne_description', 'cmake_prefix_path')
[2.118s] INFO:colcon.colcon_core.shell:Creating environment hook '/home/perla/DRL_robot_navigation_ros2/install/velodyne_description/share/velodyne_description/hook/cmake_prefix_path.ps1'
[2.119s] INFO:colcon.colcon_core.shell:Creating environment descriptor '/home/perla/DRL_robot_navigation_ros2/install/velodyne_description/share/velodyne_description/hook/cmake_prefix_path.dsv'
[2.119s] INFO:colcon.colcon_core.shell:Creating environment hook '/home/perla/DRL_robot_navigation_ros2/install/velodyne_description/share/velodyne_description/hook/cmake_prefix_path.sh'
[2.119s] Level 1:colcon.colcon_core.environment:checking '/home/perla/DRL_robot_navigation_ros2/install/velodyne_description/bin'
[2.119s] Level 1:colcon.colcon_core.environment:checking '/home/perla/DRL_robot_navigation_ros2/install/velodyne_description/lib/pkgconfig/velodyne_description.pc'
[2.119s] Level 1:colcon.colcon_core.environment:checking '/home/perla/DRL_robot_navigation_ros2/install/velodyne_description/lib/python3.8/site-packages'
[2.119s] Level 1:colcon.colcon_core.environment:checking '/home/perla/DRL_robot_navigation_ros2/install/velodyne_description/bin'
[2.137s] INFO:colcon.colcon_core.shell:Creating package script '/home/perla/DRL_robot_navigation_ros2/install/velodyne_description/share/velodyne_description/package.ps1'
[2.137s] INFO:colcon.colcon_core.shell:Creating package descriptor '/home/perla/DRL_robot_navigation_ros2/install/velodyne_description/share/velodyne_description/package.dsv'
[2.138s] INFO:colcon.colcon_core.shell:Creating package script '/home/perla/DRL_robot_navigation_ros2/install/velodyne_description/share/velodyne_description/package.sh'
[2.138s] INFO:colcon.colcon_core.shell:Creating package script '/home/perla/DRL_robot_navigation_ros2/install/velodyne_description/share/velodyne_description/package.bash'
[2.138s] INFO:colcon.colcon_core.shell:Creating package script '/home/perla/DRL_robot_navigation_ros2/install/velodyne_description/share/velodyne_description/package.zsh'
[2.138s] Level 1:colcon.colcon_core.environment:create_file_with_runtime_dependencies(/home/perla/DRL_robot_navigation_ros2/install/velodyne_description/share/colcon-core/packages/velodyne_description)
[2.140s] DEBUG:colcon.colcon_core.event_handler.log_command:Invoking command in '/home/perla/DRL_robot_navigation_ros2/build/velodyne_gazebo_plugins': CMAKE_PREFIX_PATH=${CMAKE_PREFIX_PATH}:/home/perla/ros2_ws/install/my_robot_controller:/opt/ros/foxy /usr/bin/cmake --install /home/perla/DRL_robot_navigation_ros2/build/velodyne_gazebo_plugins
[2.159s] Level 1:colcon.colcon_core.environment:create_environment_scripts_only(td3)
[2.177s] Level 1:colcon.colcon_core.environment:checking '/home/perla/DRL_robot_navigation_ros2/install/td3' for CMake module files
[2.177s] Level 1:colcon.colcon_core.environment:checking '/home/perla/DRL_robot_navigation_ros2/install/td3' for CMake config files
[2.177s] Level 1:colcon.colcon_core.shell:create_environment_hook('td3', 'cmake_prefix_path')
[2.194s] INFO:colcon.colcon_core.shell:Creating environment hook '/home/perla/DRL_robot_navigation_ros2/install/td3/share/td3/hook/cmake_prefix_path.ps1'
[2.195s] INFO:colcon.colcon_core.shell:Creating environment descriptor '/home/perla/DRL_robot_navigation_ros2/install/td3/share/td3/hook/cmake_prefix_path.dsv'
[2.195s] INFO:colcon.colcon_core.shell:Creating environment hook '/home/perla/DRL_robot_navigation_ros2/install/td3/share/td3/hook/cmake_prefix_path.sh'
[2.195s] Level 1:colcon.colcon_core.environment:checking '/home/perla/DRL_robot_navigation_ros2/install/td3/lib'
[2.195s] Level 1:colcon.colcon_core.environment:checking '/home/perla/DRL_robot_navigation_ros2/install/td3/bin'
[2.195s] Level 1:colcon.colcon_core.environment:checking '/home/perla/DRL_robot_navigation_ros2/install/td3/lib/pkgconfig/td3.pc'
[2.195s] Level 1:colcon.colcon_core.environment:checking '/home/perla/DRL_robot_navigation_ros2/install/td3/lib/python3.8/site-packages'
[2.195s] Level 1:colcon.colcon_core.environment:checking '/home/perla/DRL_robot_navigation_ros2/install/td3/bin'
[2.213s] INFO:colcon.colcon_core.shell:Creating package script '/home/perla/DRL_robot_navigation_ros2/install/td3/share/td3/package.ps1'
[2.213s] INFO:colcon.colcon_core.shell:Creating package descriptor '/home/perla/DRL_robot_navigation_ros2/install/td3/share/td3/package.dsv'
[2.213s] INFO:colcon.colcon_core.shell:Creating package script '/home/perla/DRL_robot_navigation_ros2/install/td3/share/td3/package.sh'
[2.214s] INFO:colcon.colcon_core.shell:Creating package script '/home/perla/DRL_robot_navigation_ros2/install/td3/share/td3/package.bash'
[2.214s] INFO:colcon.colcon_core.shell:Creating package script '/home/perla/DRL_robot_navigation_ros2/install/td3/share/td3/package.zsh'
[2.214s] Level 1:colcon.colcon_core.environment:create_file_with_runtime_dependencies(/home/perla/DRL_robot_navigation_ros2/install/td3/share/colcon-core/packages/td3)
[2.236s] Level 1:colcon.colcon_core.environment:create_environment_scripts_only(omni_cartographer)
[2.256s] Level 1:colcon.colcon_core.environment:checking '/home/perla/DRL_robot_navigation_ros2/install/omni_cartographer' for CMake module files
[2.256s] Level 1:colcon.colcon_core.environment:checking '/home/perla/DRL_robot_navigation_ros2/install/omni_cartographer' for CMake config files
[2.256s] Level 1:colcon.colcon_core.shell:create_environment_hook('omni_cartographer', 'cmake_prefix_path')
[2.276s] INFO:colcon.colcon_core.shell:Creating environment hook '/home/perla/DRL_robot_navigation_ros2/install/omni_cartographer/share/omni_cartographer/hook/cmake_prefix_path.ps1'
[2.276s] INFO:colcon.colcon_core.shell:Creating environment descriptor '/home/perla/DRL_robot_navigation_ros2/install/omni_cartographer/share/omni_cartographer/hook/cmake_prefix_path.dsv'
[2.276s] INFO:colcon.colcon_core.shell:Creating environment hook '/home/perla/DRL_robot_navigation_ros2/install/omni_cartographer/share/omni_cartographer/hook/cmake_prefix_path.sh'
[2.276s] Level 1:colcon.colcon_core.environment:checking '/home/perla/DRL_robot_navigation_ros2/install/omni_cartographer/bin'
[2.276s] Level 1:colcon.colcon_core.environment:checking '/home/perla/DRL_robot_navigation_ros2/install/omni_cartographer/lib/pkgconfig/omni_cartographer.pc'
[2.276s] Level 1:colcon.colcon_core.environment:checking '/home/perla/DRL_robot_navigation_ros2/install/omni_cartographer/lib/python3.8/site-packages'
[2.277s] Level 1:colcon.colcon_core.environment:checking '/home/perla/DRL_robot_navigation_ros2/install/omni_cartographer/bin'
[2.297s] INFO:colcon.colcon_core.shell:Creating package script '/home/perla/DRL_robot_navigation_ros2/install/omni_cartographer/share/omni_cartographer/package.ps1'
[2.297s] INFO:colcon.colcon_core.shell:Creating package descriptor '/home/perla/DRL_robot_navigation_ros2/install/omni_cartographer/share/omni_cartographer/package.dsv'
[2.298s] INFO:colcon.colcon_core.shell:Creating package script '/home/perla/DRL_robot_navigation_ros2/install/omni_cartographer/share/omni_cartographer/package.sh'
[2.298s] INFO:colcon.colcon_core.shell:Creating package script '/home/perla/DRL_robot_navigation_ros2/install/omni_cartographer/share/omni_cartographer/package.bash'
[2.298s] INFO:colcon.colcon_core.shell:Creating package script '/home/perla/DRL_robot_navigation_ros2/install/omni_cartographer/share/omni_cartographer/package.zsh'
[2.298s] Level 1:colcon.colcon_core.environment:create_file_with_runtime_dependencies(/home/perla/DRL_robot_navigation_ros2/install/omni_cartographer/share/colcon-core/packages/omni_cartographer)
[2.298s] Level 1:colcon.colcon_core.environment:create_environment_scripts_only(velodyne_gazebo_plugins)
[2.299s] DEBUG:colcon.colcon_core.event_handler.log_command:Invoked command in '/home/perla/DRL_robot_navigation_ros2/build/velodyne_gazebo_plugins' returned '0': CMAKE_PREFIX_PATH=${CMAKE_PREFIX_PATH}:/home/perla/ros2_ws/install/my_robot_controller:/opt/ros/foxy /usr/bin/cmake --install /home/perla/DRL_robot_navigation_ros2/build/velodyne_gazebo_plugins
[2.321s] Level 1:colcon.colcon_core.environment:checking '/home/perla/DRL_robot_navigation_ros2/install/velodyne_gazebo_plugins' for CMake module files
[2.322s] Level 1:colcon.colcon_core.environment:checking '/home/perla/DRL_robot_navigation_ros2/install/velodyne_gazebo_plugins' for CMake config files
[2.322s] Level 1:colcon.colcon_core.shell:create_environment_hook('velodyne_gazebo_plugins', 'cmake_prefix_path')
[2.345s] INFO:colcon.colcon_core.shell:Creating environment hook '/home/perla/DRL_robot_navigation_ros2/install/velodyne_gazebo_plugins/share/velodyne_gazebo_plugins/hook/cmake_prefix_path.ps1'
[2.346s] INFO:colcon.colcon_core.shell:Creating environment descriptor '/home/perla/DRL_robot_navigation_ros2/install/velodyne_gazebo_plugins/share/velodyne_gazebo_plugins/hook/cmake_prefix_path.dsv'
[2.346s] INFO:colcon.colcon_core.shell:Creating environment hook '/home/perla/DRL_robot_navigation_ros2/install/velodyne_gazebo_plugins/share/velodyne_gazebo_plugins/hook/cmake_prefix_path.sh'
[2.346s] Level 1:colcon.colcon_core.environment:checking '/home/perla/DRL_robot_navigation_ros2/install/velodyne_gazebo_plugins/lib'
[2.346s] Level 1:colcon.colcon_core.shell:create_environment_hook('velodyne_gazebo_plugins', 'ld_library_path_lib')
[2.369s] INFO:colcon.colcon_core.shell:Creating environment hook '/home/perla/DRL_robot_navigation_ros2/install/velodyne_gazebo_plugins/share/velodyne_gazebo_plugins/hook/ld_library_path_lib.ps1'
[2.369s] INFO:colcon.colcon_core.shell:Creating environment descriptor '/home/perla/DRL_robot_navigation_ros2/install/velodyne_gazebo_plugins/share/velodyne_gazebo_plugins/hook/ld_library_path_lib.dsv'
[2.369s] INFO:colcon.colcon_core.shell:Creating environment hook '/home/perla/DRL_robot_navigation_ros2/install/velodyne_gazebo_plugins/share/velodyne_gazebo_plugins/hook/ld_library_path_lib.sh'
[2.370s] Level 1:colcon.colcon_core.environment:checking '/home/perla/DRL_robot_navigation_ros2/install/velodyne_gazebo_plugins/bin'
[2.370s] Level 1:colcon.colcon_core.environment:checking '/home/perla/DRL_robot_navigation_ros2/install/velodyne_gazebo_plugins/lib/pkgconfig/velodyne_gazebo_plugins.pc'
[2.370s] Level 1:colcon.colcon_core.environment:checking '/home/perla/DRL_robot_navigation_ros2/install/velodyne_gazebo_plugins/lib/python3.8/site-packages'
[2.370s] Level 1:colcon.colcon_core.environment:checking '/home/perla/DRL_robot_navigation_ros2/install/velodyne_gazebo_plugins/bin'
[2.395s] INFO:colcon.colcon_core.shell:Creating package script '/home/perla/DRL_robot_navigation_ros2/install/velodyne_gazebo_plugins/share/velodyne_gazebo_plugins/package.ps1'
[2.395s] INFO:colcon.colcon_core.shell:Creating package descriptor '/home/perla/DRL_robot_navigation_ros2/install/velodyne_gazebo_plugins/share/velodyne_gazebo_plugins/package.dsv'
[2.396s] INFO:colcon.colcon_core.shell:Creating package script '/home/perla/DRL_robot_navigation_ros2/install/velodyne_gazebo_plugins/share/velodyne_gazebo_plugins/package.sh'
[2.396s] INFO:colcon.colcon_core.shell:Creating package script '/home/perla/DRL_robot_navigation_ros2/install/velodyne_gazebo_plugins/share/velodyne_gazebo_plugins/package.bash'
[2.396s] INFO:colcon.colcon_core.shell:Creating package script '/home/perla/DRL_robot_navigation_ros2/install/velodyne_gazebo_plugins/share/velodyne_gazebo_plugins/package.zsh'
[2.396s] Level 1:colcon.colcon_core.environment:create_file_with_runtime_dependencies(/home/perla/DRL_robot_navigation_ros2/install/velodyne_gazebo_plugins/share/colcon-core/packages/velodyne_gazebo_plugins)
[2.444s] Level 1:colcon.colcon_core.environment:create_environment_scripts_only(velodyne_gazebo_plugins)
[2.470s] Level 1:colcon.colcon_core.environment:checking '/home/perla/DRL_robot_navigation_ros2/install/velodyne_gazebo_plugins' for CMake module files
[2.470s] Level 1:colcon.colcon_core.environment:checking '/home/perla/DRL_robot_navigation_ros2/install/velodyne_gazebo_plugins' for CMake config files
[2.470s] Level 1:colcon.colcon_core.shell:create_environment_hook('velodyne_gazebo_plugins', 'cmake_prefix_path')
[2.496s] INFO:colcon.colcon_core.shell:Creating environment hook '/home/perla/DRL_robot_navigation_ros2/install/velodyne_gazebo_plugins/share/velodyne_gazebo_plugins/hook/cmake_prefix_path.ps1'
[2.497s] INFO:colcon.colcon_core.shell:Creating environment descriptor '/home/perla/DRL_robot_navigation_ros2/install/velodyne_gazebo_plugins/share/velodyne_gazebo_plugins/hook/cmake_prefix_path.dsv'
[2.497s] INFO:colcon.colcon_core.shell:Creating environment hook '/home/perla/DRL_robot_navigation_ros2/install/velodyne_gazebo_plugins/share/velodyne_gazebo_plugins/hook/cmake_prefix_path.sh'
[2.497s] Level 1:colcon.colcon_core.environment:checking '/home/perla/DRL_robot_navigation_ros2/install/velodyne_gazebo_plugins/lib'
[2.497s] Level 1:colcon.colcon_core.shell:create_environment_hook('velodyne_gazebo_plugins', 'ld_library_path_lib')
[2.523s] INFO:colcon.colcon_core.shell:Creating environment hook '/home/perla/DRL_robot_navigation_ros2/install/velodyne_gazebo_plugins/share/velodyne_gazebo_plugins/hook/ld_library_path_lib.ps1'
[2.523s] INFO:colcon.colcon_core.shell:Creating environment descriptor '/home/perla/DRL_robot_navigation_ros2/install/velodyne_gazebo_plugins/share/velodyne_gazebo_plugins/hook/ld_library_path_lib.dsv'
[2.524s] INFO:colcon.colcon_core.shell:Creating environment hook '/home/perla/DRL_robot_navigation_ros2/install/velodyne_gazebo_plugins/share/velodyne_gazebo_plugins/hook/ld_library_path_lib.sh'
[2.524s] Level 1:colcon.colcon_core.environment:checking '/home/perla/DRL_robot_navigation_ros2/install/velodyne_gazebo_plugins/bin'
[2.524s] Level 1:colcon.colcon_core.environment:checking '/home/perla/DRL_robot_navigation_ros2/install/velodyne_gazebo_plugins/lib/pkgconfig/velodyne_gazebo_plugins.pc'
[2.524s] Level 1:colcon.colcon_core.environment:checking '/home/perla/DRL_robot_navigation_ros2/install/velodyne_gazebo_plugins/lib/python3.8/site-packages'
[2.524s] Level 1:colcon.colcon_core.environment:checking '/home/perla/DRL_robot_navigation_ros2/install/velodyne_gazebo_plugins/bin'
[2.551s] INFO:colcon.colcon_core.shell:Creating package script '/home/perla/DRL_robot_navigation_ros2/install/velodyne_gazebo_plugins/share/velodyne_gazebo_plugins/package.ps1'
[2.551s] INFO:colcon.colcon_core.shell:Creating package descriptor '/home/perla/DRL_robot_navigation_ros2/install/velodyne_gazebo_plugins/share/velodyne_gazebo_plugins/package.dsv'
[2.552s] INFO:colcon.colcon_core.shell:Creating package script '/home/perla/DRL_robot_navigation_ros2/install/velodyne_gazebo_plugins/share/velodyne_gazebo_plugins/package.sh'
[2.552s] INFO:colcon.colcon_core.shell:Creating package script '/home/perla/DRL_robot_navigation_ros2/install/velodyne_gazebo_plugins/share/velodyne_gazebo_plugins/package.bash'
[2.552s] INFO:colcon.colcon_core.shell:Creating package script '/home/perla/DRL_robot_navigation_ros2/install/velodyne_gazebo_plugins/share/velodyne_gazebo_plugins/package.zsh'
[2.553s] Level 1:colcon.colcon_core.environment:create_file_with_runtime_dependencies(/home/perla/DRL_robot_navigation_ros2/install/velodyne_gazebo_plugins/share/colcon-core/packages/velodyne_gazebo_plugins)
[2.553s] INFO:colcon.colcon_ros.task.ament_cmake.build:Building ROS package in '/home/perla/DRL_robot_navigation_ros2/src/velodyne_simulator/velodyne_simulator' with build type 'ament_cmake'
[2.553s] INFO:colcon.colcon_cmake.task.cmake.build:Building CMake package in '/home/perla/DRL_robot_navigation_ros2/src/velodyne_simulator/velodyne_simulator'
[2.580s] INFO:colcon.colcon_core.shell:Skip shell extension 'powershell' for command environment: Not usable outside of PowerShell
[2.581s] DEBUG:colcon.colcon_core.shell:Skip shell extension 'dsv' for command environment
[2.694s] DEBUG:colcon.colcon_core.event_handler.log_command:Invoking command in '/home/perla/DRL_robot_navigation_ros2/build/velodyne_simulator': CMAKE_PREFIX_PATH=/home/perla/DRL_robot_navigation_ros2/install/velodyne_gazebo_plugins:/home/perla/DRL_robot_navigation_ros2/install/velodyne_description:/home/perla/DRL_robot_navigation_ros2/install/velodyne_simulator:/home/perla/DRL_robot_navigation_ros2/install/td3:/home/perla/DRL_robot_navigation_ros2/install/omni_cartographer:/home/perla/ros2_ws/install/velodyne_simulator:/home/perla/ros2_ws/install/velodyne_gazebo_plugins:/home/perla/ros2_ws/install/velodyne_description:/home/perla/ros2_ws/install/td3:/home/perla/ros2_ws/install/my_robot_controller:/opt/ros/foxy /usr/bin/cmake --build /home/perla/DRL_robot_navigation_ros2/build/velodyne_simulator -- -j20 -l20
[2.721s] DEBUG:colcon.colcon_core.event_handler.log_command:Invoked command in '/home/perla/DRL_robot_navigation_ros2/build/velodyne_simulator' returned '0': CMAKE_PREFIX_PATH=/home/perla/DRL_robot_navigation_ros2/install/velodyne_gazebo_plugins:/home/perla/DRL_robot_navigation_ros2/install/velodyne_description:/home/perla/DRL_robot_navigation_ros2/install/velodyne_simulator:/home/perla/DRL_robot_navigation_ros2/install/td3:/home/perla/DRL_robot_navigation_ros2/install/omni_cartographer:/home/perla/ros2_ws/install/velodyne_simulator:/home/perla/ros2_ws/install/velodyne_gazebo_plugins:/home/perla/ros2_ws/install/velodyne_description:/home/perla/ros2_ws/install/td3:/home/perla/ros2_ws/install/my_robot_controller:/opt/ros/foxy /usr/bin/cmake --build /home/perla/DRL_robot_navigation_ros2/build/velodyne_simulator -- -j20 -l20
[2.735s] DEBUG:colcon.colcon_core.event_handler.log_command:Invoking command in '/home/perla/DRL_robot_navigation_ros2/build/velodyne_simulator': CMAKE_PREFIX_PATH=/home/perla/DRL_robot_navigation_ros2/install/velodyne_gazebo_plugins:/home/perla/DRL_robot_navigation_ros2/install/velodyne_description:/home/perla/DRL_robot_navigation_ros2/install/velodyne_simulator:/home/perla/DRL_robot_navigation_ros2/install/td3:/home/perla/DRL_robot_navigation_ros2/install/omni_cartographer:/home/perla/ros2_ws/install/velodyne_simulator:/home/perla/ros2_ws/install/velodyne_gazebo_plugins:/home/perla/ros2_ws/install/velodyne_description:/home/perla/ros2_ws/install/td3:/home/perla/ros2_ws/install/my_robot_controller:/opt/ros/foxy /usr/bin/cmake --install /home/perla/DRL_robot_navigation_ros2/build/velodyne_simulator
[2.743s] Level 1:colcon.colcon_core.environment:create_environment_scripts_only(velodyne_simulator)
[2.744s] DEBUG:colcon.colcon_core.event_handler.log_command:Invoked command in '/home/perla/DRL_robot_navigation_ros2/build/velodyne_simulator' returned '0': CMAKE_PREFIX_PATH=/home/perla/DRL_robot_navigation_ros2/install/velodyne_gazebo_plugins:/home/perla/DRL_robot_navigation_ros2/install/velodyne_description:/home/perla/DRL_robot_navigation_ros2/install/velodyne_simulator:/home/perla/DRL_robot_navigation_ros2/install/td3:/home/perla/DRL_robot_navigation_ros2/install/omni_cartographer:/home/perla/ros2_ws/install/velodyne_simulator:/home/perla/ros2_ws/install/velodyne_gazebo_plugins:/home/perla/ros2_ws/install/velodyne_description:/home/perla/ros2_ws/install/td3:/home/perla/ros2_ws/install/my_robot_controller:/opt/ros/foxy /usr/bin/cmake --install /home/perla/DRL_robot_navigation_ros2/build/velodyne_simulator
[2.782s] Level 1:colcon.colcon_core.environment:checking '/home/perla/DRL_robot_navigation_ros2/install/velodyne_simulator' for CMake module files
[2.782s] Level 1:colcon.colcon_core.environment:checking '/home/perla/DRL_robot_navigation_ros2/install/velodyne_simulator' for CMake config files
[2.782s] Level 1:colcon.colcon_core.shell:create_environment_hook('velodyne_simulator', 'cmake_prefix_path')
[2.805s] INFO:colcon.colcon_core.shell:Creating environment hook '/home/perla/DRL_robot_navigation_ros2/install/velodyne_simulator/share/velodyne_simulator/hook/cmake_prefix_path.ps1'
[2.806s] INFO:colcon.colcon_core.shell:Creating environment descriptor '/home/perla/DRL_robot_navigation_ros2/install/velodyne_simulator/share/velodyne_simulator/hook/cmake_prefix_path.dsv'
[2.806s] INFO:colcon.colcon_core.shell:Creating environment hook '/home/perla/DRL_robot_navigation_ros2/install/velodyne_simulator/share/velodyne_simulator/hook/cmake_prefix_path.sh'
[2.806s] Level 1:colcon.colcon_core.environment:checking '/home/perla/DRL_robot_navigation_ros2/install/velodyne_simulator/bin'
[2.806s] Level 1:colcon.colcon_core.environment:checking '/home/perla/DRL_robot_navigation_ros2/install/velodyne_simulator/lib/pkgconfig/velodyne_simulator.pc'
[2.807s] Level 1:colcon.colcon_core.environment:checking '/home/perla/DRL_robot_navigation_ros2/install/velodyne_simulator/lib/python3.8/site-packages'
[2.807s] Level 1:colcon.colcon_core.environment:checking '/home/perla/DRL_robot_navigation_ros2/install/velodyne_simulator/bin'
[2.830s] INFO:colcon.colcon_core.shell:Creating package script '/home/perla/DRL_robot_navigation_ros2/install/velodyne_simulator/share/velodyne_simulator/package.ps1'
[2.831s] INFO:colcon.colcon_core.shell:Creating package descriptor '/home/perla/DRL_robot_navigation_ros2/install/velodyne_simulator/share/velodyne_simulator/package.dsv'
[2.831s] INFO:colcon.colcon_core.shell:Creating package script '/home/perla/DRL_robot_navigation_ros2/install/velodyne_simulator/share/velodyne_simulator/package.sh'
[2.831s] INFO:colcon.colcon_core.shell:Creating package script '/home/perla/DRL_robot_navigation_ros2/install/velodyne_simulator/share/velodyne_simulator/package.bash'
[2.831s] INFO:colcon.colcon_core.shell:Creating package script '/home/perla/DRL_robot_navigation_ros2/install/velodyne_simulator/share/velodyne_simulator/package.zsh'
[2.831s] Level 1:colcon.colcon_core.environment:create_file_with_runtime_dependencies(/home/perla/DRL_robot_navigation_ros2/install/velodyne_simulator/share/colcon-core/packages/velodyne_simulator)
[2.869s] Level 1:colcon.colcon_core.environment:create_environment_scripts_only(velodyne_simulator)
[2.891s] Level 1:colcon.colcon_core.environment:checking '/home/perla/DRL_robot_navigation_ros2/install/velodyne_simulator' for CMake module files
[2.891s] Level 1:colcon.colcon_core.environment:checking '/home/perla/DRL_robot_navigation_ros2/install/velodyne_simulator' for CMake config files
[2.891s] Level 1:colcon.colcon_core.shell:create_environment_hook('velodyne_simulator', 'cmake_prefix_path')
[2.913s] INFO:colcon.colcon_core.shell:Creating environment hook '/home/perla/DRL_robot_navigation_ros2/install/velodyne_simulator/share/velodyne_simulator/hook/cmake_prefix_path.ps1'
[2.914s] INFO:colcon.colcon_core.shell:Creating environment descriptor '/home/perla/DRL_robot_navigation_ros2/install/velodyne_simulator/share/velodyne_simulator/hook/cmake_prefix_path.dsv'
[2.914s] INFO:colcon.colcon_core.shell:Creating environment hook '/home/perla/DRL_robot_navigation_ros2/install/velodyne_simulator/share/velodyne_simulator/hook/cmake_prefix_path.sh'
[2.914s] Level 1:colcon.colcon_core.environment:checking '/home/perla/DRL_robot_navigation_ros2/install/velodyne_simulator/bin'
[2.914s] Level 1:colcon.colcon_core.environment:checking '/home/perla/DRL_robot_navigation_ros2/install/velodyne_simulator/lib/pkgconfig/velodyne_simulator.pc'
[2.914s] Level 1:colcon.colcon_core.environment:checking '/home/perla/DRL_robot_navigation_ros2/install/velodyne_simulator/lib/python3.8/site-packages'
[2.914s] Level 1:colcon.colcon_core.environment:checking '/home/perla/DRL_robot_navigation_ros2/install/velodyne_simulator/bin'
[2.939s] INFO:colcon.colcon_core.shell:Creating package script '/home/perla/DRL_robot_navigation_ros2/install/velodyne_simulator/share/velodyne_simulator/package.ps1'
[2.940s] INFO:colcon.colcon_core.shell:Creating package descriptor '/home/perla/DRL_robot_navigation_ros2/install/velodyne_simulator/share/velodyne_simulator/package.dsv'
[2.940s] INFO:colcon.colcon_core.shell:Creating package script '/home/perla/DRL_robot_navigation_ros2/install/velodyne_simulator/share/velodyne_simulator/package.sh'
[2.940s] INFO:colcon.colcon_core.shell:Creating package script '/home/perla/DRL_robot_navigation_ros2/install/velodyne_simulator/share/velodyne_simulator/package.bash'
[2.940s] INFO:colcon.colcon_core.shell:Creating package script '/home/perla/DRL_robot_navigation_ros2/install/velodyne_simulator/share/velodyne_simulator/package.zsh'
[2.941s] Level 1:colcon.colcon_core.environment:create_file_with_runtime_dependencies(/home/perla/DRL_robot_navigation_ros2/install/velodyne_simulator/share/colcon-core/packages/velodyne_simulator)
[2.941s] DEBUG:colcon.colcon_parallel_executor.executor.parallel:closing loop
[2.941s] DEBUG:colcon.colcon_parallel_executor.executor.parallel:loop closed
[2.941s] DEBUG:colcon.colcon_parallel_executor.executor.parallel:run_until_complete finished with '0'
[2.941s] DEBUG:colcon.colcon_core.event_reactor:joining thread
[2.981s] INFO:colcon.colcon_core.plugin_system:Skipping extension 'colcon_notification.desktop_notification.terminal_notifier': Not used on non-Darwin systems
[2.981s] INFO:colcon.colcon_core.plugin_system:Skipping extension 'colcon_notification.desktop_notification.win32': Not used on non-Windows systems
[2.981s] INFO:colcon.colcon_notification.desktop_notification:Sending desktop notification using 'notify2'
[2.994s] DEBUG:colcon.colcon_core.event_reactor:joined thread
[3.022s] INFO:colcon.colcon_core.shell:Creating prefix script '/home/perla/DRL_robot_navigation_ros2/install/local_setup.ps1'
[3.023s] INFO:colcon.colcon_core.shell:Creating prefix util module '/home/perla/DRL_robot_navigation_ros2/install/_local_setup_util_ps1.py'
[3.023s] INFO:colcon.colcon_core.shell:Creating prefix chain script '/home/perla/DRL_robot_navigation_ros2/install/setup.ps1'
[3.049s] INFO:colcon.colcon_core.shell:Creating prefix script '/home/perla/DRL_robot_navigation_ros2/install/local_setup.sh'
[3.050s] INFO:colcon.colcon_core.shell:Creating prefix util module '/home/perla/DRL_robot_navigation_ros2/install/_local_setup_util_sh.py'
[3.050s] INFO:colcon.colcon_core.shell:Creating prefix chain script '/home/perla/DRL_robot_navigation_ros2/install/setup.sh'
[3.074s] INFO:colcon.colcon_core.shell:Creating prefix script '/home/perla/DRL_robot_navigation_ros2/install/local_setup.bash'
[3.074s] INFO:colcon.colcon_core.shell:Creating prefix chain script '/home/perla/DRL_robot_navigation_ros2/install/setup.bash'
[3.098s] INFO:colcon.colcon_core.shell:Creating prefix script '/home/perla/DRL_robot_navigation_ros2/install/local_setup.zsh'
[3.099s] INFO:colcon.colcon_core.shell:Creating prefix chain script '/home/perla/DRL_robot_navigation_ros2/install/setup.zsh'
