[1.045s] DEBUG:colcon:Command line arguments: ['/usr/bin/colcon', 'build']
[1.045s] DEBUG:colcon:Parsed command line arguments: Namespace(allow_overriding=[], ament_cmake_args=None, base_paths=['.'], build_base='build', catkin_cmake_args=None, catkin_skip_building_tests=False, cmake_args=None, cmake_clean_cache=False, cmake_clean_first=False, cmake_force_configure=False, cmake_target=None, cmake_target_skip_unavailable=False, continue_on_error=False, event_handlers=None, executor='parallel', ignore_user_meta=False, install_base='install', log_base=None, log_level=None, main=<bound method BuildVerb.main of <colcon_core.verb.build.BuildVerb object at 0x7f937c09d850>>, merge_install=False, metas=['./colcon.meta'], packages_above=None, packages_above_and_dependencies=None, packages_above_depth=None, packages_end=None, packages_ignore=None, packages_ignore_regex=None, packages_select=None, packages_select_build_failed=False, packages_select_by_dep=None, packages_select_regex=None, packages_select_test_failures=False, packages_skip=None, packages_skip_build_finished=False, packages_skip_by_dep=None, packages_skip_regex=None, packages_skip_test_passed=False, packages_skip_up_to=None, packages_start=None, packages_up_to=None, packages_up_to_regex=None, parallel_workers=20, paths=None, symlink_install=False, test_result_base=None, verb_extension=<colcon_core.verb.build.BuildVerb object at 0x7f937c09d850>, verb_name='build', verb_parser=<colcon_defaults.argument_parser.defaults.DefaultArgumentsDecorator object at 0x7f937be41ee0>)
[1.094s] Level 1:colcon.colcon_core.package_discovery:discover_packages(colcon_meta) check parameters
[1.094s] Level 1:colcon.colcon_core.package_discovery:discover_packages(recursive) check parameters
[1.094s] Level 1:colcon.colcon_core.package_discovery:discover_packages(ignore) check parameters
[1.094s] Level 1:colcon.colcon_core.package_discovery:discover_packages(path) check parameters
[1.094s] Level 1:colcon.colcon_core.package_discovery:discover_packages(colcon_meta) discover
[1.095s] Level 1:colcon.colcon_core.package_discovery:discover_packages(recursive) discover
[1.095s] INFO:colcon.colcon_core.package_discovery:Crawling recursively for packages in '/home/perla/DRL_robot_navigation_ros2'
[1.095s] Level 1:colcon.colcon_core.package_identification:_identify(.) by extensions ['ignore', 'ignore_ament_install']
[1.095s] Level 1:colcon.colcon_core.package_identification:_identify(.) by extension 'ignore'
[1.095s] Level 1:colcon.colcon_core.package_identification:_identify(.) by extension 'ignore_ament_install'
[1.095s] Level 1:colcon.colcon_core.package_identification:_identify(.) by extensions ['colcon_pkg']
[1.095s] Level 1:colcon.colcon_core.package_identification:_identify(.) by extension 'colcon_pkg'
[1.095s] Level 1:colcon.colcon_core.package_identification:_identify(.) by extensions ['colcon_meta']
[1.095s] Level 1:colcon.colcon_core.package_identification:_identify(.) by extension 'colcon_meta'
[1.095s] Level 1:colcon.colcon_core.package_identification:_identify(.) by extensions ['ros']
[1.095s] Level 1:colcon.colcon_core.package_identification:_identify(.) by extension 'ros'
[1.101s] Level 1:colcon.colcon_core.package_identification:_identify(.) by extensions ['cmake', 'python']
[1.101s] Level 1:colcon.colcon_core.package_identification:_identify(.) by extension 'cmake'
[1.101s] Level 1:colcon.colcon_core.package_identification:_identify(.) by extension 'python'
[1.101s] Level 1:colcon.colcon_core.package_identification:_identify(.) by extensions ['python_setup_py']
[1.101s] Level 1:colcon.colcon_core.package_identification:_identify(.) by extension 'python_setup_py'
[1.101s] Level 1:colcon.colcon_core.package_identification:_identify(build) by extensions ['ignore', 'ignore_ament_install']
[1.101s] Level 1:colcon.colcon_core.package_identification:_identify(build) by extension 'ignore'
[1.101s] Level 1:colcon.colcon_core.package_identification:_identify(build) ignored
[1.101s] Level 1:colcon.colcon_core.package_identification:_identify(install) by extensions ['ignore', 'ignore_ament_install']
[1.101s] Level 1:colcon.colcon_core.package_identification:_identify(install) by extension 'ignore'
[1.101s] Level 1:colcon.colcon_core.package_identification:_identify(install) ignored
[1.101s] Level 1:colcon.colcon_core.package_identification:_identify(log) by extensions ['ignore', 'ignore_ament_install']
[1.101s] Level 1:colcon.colcon_core.package_identification:_identify(log) by extension 'ignore'
[1.101s] Level 1:colcon.colcon_core.package_identification:_identify(log) ignored
[1.102s] Level 1:colcon.colcon_core.package_identification:_identify(src) by extensions ['ignore', 'ignore_ament_install']
[1.102s] Level 1:colcon.colcon_core.package_identification:_identify(src) by extension 'ignore'
[1.102s] Level 1:colcon.colcon_core.package_identification:_identify(src) by extension 'ignore_ament_install'
[1.102s] Level 1:colcon.colcon_core.package_identification:_identify(src) by extensions ['colcon_pkg']
[1.102s] Level 1:colcon.colcon_core.package_identification:_identify(src) by extension 'colcon_pkg'
[1.102s] Level 1:colcon.colcon_core.package_identification:_identify(src) by extensions ['colcon_meta']
[1.102s] Level 1:colcon.colcon_core.package_identification:_identify(src) by extension 'colcon_meta'
[1.102s] Level 1:colcon.colcon_core.package_identification:_identify(src) by extensions ['ros']
[1.102s] Level 1:colcon.colcon_core.package_identification:_identify(src) by extension 'ros'
[1.102s] Level 1:colcon.colcon_core.package_identification:_identify(src) by extensions ['cmake', 'python']
[1.102s] Level 1:colcon.colcon_core.package_identification:_identify(src) by extension 'cmake'
[1.102s] Level 1:colcon.colcon_core.package_identification:_identify(src) by extension 'python'
[1.102s] Level 1:colcon.colcon_core.package_identification:_identify(src) by extensions ['python_setup_py']
[1.102s] Level 1:colcon.colcon_core.package_identification:_identify(src) by extension 'python_setup_py'
[1.102s] Level 1:colcon.colcon_core.package_identification:_identify(src/omni_cartographer) by extensions ['ignore', 'ignore_ament_install']
[1.102s] Level 1:colcon.colcon_core.package_identification:_identify(src/omni_cartographer) by extension 'ignore'
[1.102s] Level 1:colcon.colcon_core.package_identification:_identify(src/omni_cartographer) by extension 'ignore_ament_install'
[1.102s] Level 1:colcon.colcon_core.package_identification:_identify(src/omni_cartographer) by extensions ['colcon_pkg']
[1.102s] Level 1:colcon.colcon_core.package_identification:_identify(src/omni_cartographer) by extension 'colcon_pkg'
[1.102s] Level 1:colcon.colcon_core.package_identification:_identify(src/omni_cartographer) by extensions ['colcon_meta']
[1.102s] Level 1:colcon.colcon_core.package_identification:_identify(src/omni_cartographer) by extension 'colcon_meta'
[1.102s] Level 1:colcon.colcon_core.package_identification:_identify(src/omni_cartographer) by extensions ['ros']
[1.102s] Level 1:colcon.colcon_core.package_identification:_identify(src/omni_cartographer) by extension 'ros'
[1.103s] DEBUG:colcon.colcon_core.package_identification:Package 'src/omni_cartographer' with type 'ros.ament_cmake' and name 'omni_cartographer'
[1.103s] Level 1:colcon.colcon_core.package_identification:_identify(src/td3) by extensions ['ignore', 'ignore_ament_install']
[1.104s] Level 1:colcon.colcon_core.package_identification:_identify(src/td3) by extension 'ignore'
[1.104s] Level 1:colcon.colcon_core.package_identification:_identify(src/td3) by extension 'ignore_ament_install'
[1.104s] Level 1:colcon.colcon_core.package_identification:_identify(src/td3) by extensions ['colcon_pkg']
[1.104s] Level 1:colcon.colcon_core.package_identification:_identify(src/td3) by extension 'colcon_pkg'
[1.104s] Level 1:colcon.colcon_core.package_identification:_identify(src/td3) by extensions ['colcon_meta']
[1.104s] Level 1:colcon.colcon_core.package_identification:_identify(src/td3) by extension 'colcon_meta'
[1.104s] Level 1:colcon.colcon_core.package_identification:_identify(src/td3) by extensions ['ros']
[1.104s] Level 1:colcon.colcon_core.package_identification:_identify(src/td3) by extension 'ros'
[1.104s] DEBUG:colcon.colcon_core.package_identification:Package 'src/td3' with type 'ros.ament_cmake' and name 'td3'
[1.104s] Level 1:colcon.colcon_core.package_identification:_identify(src/velodyne_simulator) by extensions ['ignore', 'ignore_ament_install']
[1.104s] Level 1:colcon.colcon_core.package_identification:_identify(src/velodyne_simulator) by extension 'ignore'
[1.104s] Level 1:colcon.colcon_core.package_identification:_identify(src/velodyne_simulator) by extension 'ignore_ament_install'
[1.104s] Level 1:colcon.colcon_core.package_identification:_identify(src/velodyne_simulator) by extensions ['colcon_pkg']
[1.104s] Level 1:colcon.colcon_core.package_identification:_identify(src/velodyne_simulator) by extension 'colcon_pkg'
[1.104s] Level 1:colcon.colcon_core.package_identification:_identify(src/velodyne_simulator) by extensions ['colcon_meta']
[1.104s] Level 1:colcon.colcon_core.package_identification:_identify(src/velodyne_simulator) by extension 'colcon_meta'
[1.104s] Level 1:colcon.colcon_core.package_identification:_identify(src/velodyne_simulator) by extensions ['ros']
[1.104s] Level 1:colcon.colcon_core.package_identification:_identify(src/velodyne_simulator) by extension 'ros'
[1.104s] Level 1:colcon.colcon_core.package_identification:_identify(src/velodyne_simulator) by extensions ['cmake', 'python']
[1.104s] Level 1:colcon.colcon_core.package_identification:_identify(src/velodyne_simulator) by extension 'cmake'
[1.104s] Level 1:colcon.colcon_core.package_identification:_identify(src/velodyne_simulator) by extension 'python'
[1.104s] Level 1:colcon.colcon_core.package_identification:_identify(src/velodyne_simulator) by extensions ['python_setup_py']
[1.104s] Level 1:colcon.colcon_core.package_identification:_identify(src/velodyne_simulator) by extension 'python_setup_py'
[1.104s] Level 1:colcon.colcon_core.package_identification:_identify(src/velodyne_simulator/img) by extensions ['ignore', 'ignore_ament_install']
[1.104s] Level 1:colcon.colcon_core.package_identification:_identify(src/velodyne_simulator/img) by extension 'ignore'
[1.104s] Level 1:colcon.colcon_core.package_identification:_identify(src/velodyne_simulator/img) by extension 'ignore_ament_install'
[1.104s] Level 1:colcon.colcon_core.package_identification:_identify(src/velodyne_simulator/img) by extensions ['colcon_pkg']
[1.104s] Level 1:colcon.colcon_core.package_identification:_identify(src/velodyne_simulator/img) by extension 'colcon_pkg'
[1.105s] Level 1:colcon.colcon_core.package_identification:_identify(src/velodyne_simulator/img) by extensions ['colcon_meta']
[1.105s] Level 1:colcon.colcon_core.package_identification:_identify(src/velodyne_simulator/img) by extension 'colcon_meta'
[1.105s] Level 1:colcon.colcon_core.package_identification:_identify(src/velodyne_simulator/img) by extensions ['ros']
[1.105s] Level 1:colcon.colcon_core.package_identification:_identify(src/velodyne_simulator/img) by extension 'ros'
[1.105s] Level 1:colcon.colcon_core.package_identification:_identify(src/velodyne_simulator/img) by extensions ['cmake', 'python']
[1.105s] Level 1:colcon.colcon_core.package_identification:_identify(src/velodyne_simulator/img) by extension 'cmake'
[1.105s] Level 1:colcon.colcon_core.package_identification:_identify(src/velodyne_simulator/img) by extension 'python'
[1.105s] Level 1:colcon.colcon_core.package_identification:_identify(src/velodyne_simulator/img) by extensions ['python_setup_py']
[1.105s] Level 1:colcon.colcon_core.package_identification:_identify(src/velodyne_simulator/img) by extension 'python_setup_py'
[1.105s] Level 1:colcon.colcon_core.package_identification:_identify(src/velodyne_simulator/velodyne_description) by extensions ['ignore', 'ignore_ament_install']
[1.105s] Level 1:colcon.colcon_core.package_identification:_identify(src/velodyne_simulator/velodyne_description) by extension 'ignore'
[1.105s] Level 1:colcon.colcon_core.package_identification:_identify(src/velodyne_simulator/velodyne_description) by extension 'ignore_ament_install'
[1.105s] Level 1:colcon.colcon_core.package_identification:_identify(src/velodyne_simulator/velodyne_description) by extensions ['colcon_pkg']
[1.105s] Level 1:colcon.colcon_core.package_identification:_identify(src/velodyne_simulator/velodyne_description) by extension 'colcon_pkg'
[1.105s] Level 1:colcon.colcon_core.package_identification:_identify(src/velodyne_simulator/velodyne_description) by extensions ['colcon_meta']
[1.105s] Level 1:colcon.colcon_core.package_identification:_identify(src/velodyne_simulator/velodyne_description) by extension 'colcon_meta'
[1.105s] Level 1:colcon.colcon_core.package_identification:_identify(src/velodyne_simulator/velodyne_description) by extensions ['ros']
[1.105s] Level 1:colcon.colcon_core.package_identification:_identify(src/velodyne_simulator/velodyne_description) by extension 'ros'
[1.105s] DEBUG:colcon.colcon_core.package_identification:Package 'src/velodyne_simulator/velodyne_description' with type 'ros.ament_cmake' and name 'velodyne_description'
[1.105s] Level 1:colcon.colcon_core.package_identification:_identify(src/velodyne_simulator/velodyne_gazebo_plugins) by extensions ['ignore', 'ignore_ament_install']
[1.105s] Level 1:colcon.colcon_core.package_identification:_identify(src/velodyne_simulator/velodyne_gazebo_plugins) by extension 'ignore'
[1.105s] Level 1:colcon.colcon_core.package_identification:_identify(src/velodyne_simulator/velodyne_gazebo_plugins) by extension 'ignore_ament_install'
[1.105s] Level 1:colcon.colcon_core.package_identification:_identify(src/velodyne_simulator/velodyne_gazebo_plugins) by extensions ['colcon_pkg']
[1.105s] Level 1:colcon.colcon_core.package_identification:_identify(src/velodyne_simulator/velodyne_gazebo_plugins) by extension 'colcon_pkg'
[1.105s] Level 1:colcon.colcon_core.package_identification:_identify(src/velodyne_simulator/velodyne_gazebo_plugins) by extensions ['colcon_meta']
[1.105s] Level 1:colcon.colcon_core.package_identification:_identify(src/velodyne_simulator/velodyne_gazebo_plugins) by extension 'colcon_meta'
[1.105s] Level 1:colcon.colcon_core.package_identification:_identify(src/velodyne_simulator/velodyne_gazebo_plugins) by extensions ['ros']
[1.105s] Level 1:colcon.colcon_core.package_identification:_identify(src/velodyne_simulator/velodyne_gazebo_plugins) by extension 'ros'
[1.106s] DEBUG:colcon.colcon_core.package_identification:Package 'src/velodyne_simulator/velodyne_gazebo_plugins' with type 'ros.ament_cmake' and name 'velodyne_gazebo_plugins'
[1.106s] Level 1:colcon.colcon_core.package_identification:_identify(src/velodyne_simulator/velodyne_simulator) by extensions ['ignore', 'ignore_ament_install']
[1.106s] Level 1:colcon.colcon_core.package_identification:_identify(src/velodyne_simulator/velodyne_simulator) by extension 'ignore'
[1.106s] Level 1:colcon.colcon_core.package_identification:_identify(src/velodyne_simulator/velodyne_simulator) by extension 'ignore_ament_install'
[1.106s] Level 1:colcon.colcon_core.package_identification:_identify(src/velodyne_simulator/velodyne_simulator) by extensions ['colcon_pkg']
[1.106s] Level 1:colcon.colcon_core.package_identification:_identify(src/velodyne_simulator/velodyne_simulator) by extension 'colcon_pkg'
[1.106s] Level 1:colcon.colcon_core.package_identification:_identify(src/velodyne_simulator/velodyne_simulator) by extensions ['colcon_meta']
[1.106s] Level 1:colcon.colcon_core.package_identification:_identify(src/velodyne_simulator/velodyne_simulator) by extension 'colcon_meta'
[1.106s] Level 1:colcon.colcon_core.package_identification:_identify(src/velodyne_simulator/velodyne_simulator) by extensions ['ros']
[1.106s] Level 1:colcon.colcon_core.package_identification:_identify(src/velodyne_simulator/velodyne_simulator) by extension 'ros'
[1.106s] DEBUG:colcon.colcon_core.package_identification:Package 'src/velodyne_simulator/velodyne_simulator' with type 'ros.ament_cmake' and name 'velodyne_simulator'
[1.106s] Level 1:colcon.colcon_core.package_discovery:discover_packages(recursive) using defaults
[1.106s] Level 1:colcon.colcon_core.package_discovery:discover_packages(ignore) discover
[1.106s] Level 1:colcon.colcon_core.package_discovery:discover_packages(ignore) using defaults
[1.106s] Level 1:colcon.colcon_core.package_discovery:discover_packages(path) discover
[1.106s] Level 1:colcon.colcon_core.package_discovery:discover_packages(path) using defaults
[1.204s] Level 1:colcon.colcon_core.package_discovery:discover_packages(prefix_path) check parameters
[1.204s] Level 1:colcon.colcon_core.package_discovery:discover_packages(prefix_path) discover
[1.240s] DEBUG:colcon.colcon_installed_package_information.package_discovery:Found 5 installed packages in /home/perla/DRL_robot_navigation_ros2/install
[1.258s] DEBUG:colcon.colcon_installed_package_information.package_discovery:Found 5 installed packages in /home/perla/ros2_ws/install
[1.276s] DEBUG:colcon.colcon_installed_package_information.package_discovery:Found 336 installed packages in /opt/ros/foxy
[1.277s] Level 1:colcon.colcon_core.package_discovery:discover_packages(prefix_path) using defaults
[1.354s] Level 5:colcon.colcon_core.verb:set package 'omni_cartographer' build argument 'cmake_args' from command line to 'None'
[1.354s] Level 5:colcon.colcon_core.verb:set package 'omni_cartographer' build argument 'cmake_target' from command line to 'None'
[1.354s] Level 5:colcon.colcon_core.verb:set package 'omni_cartographer' build argument 'cmake_target_skip_unavailable' from command line to 'False'
[1.354s] Level 5:colcon.colcon_core.verb:set package 'omni_cartographer' build argument 'cmake_clean_cache' from command line to 'False'
[1.354s] Level 5:colcon.colcon_core.verb:set package 'omni_cartographer' build argument 'cmake_clean_first' from command line to 'False'
[1.354s] Level 5:colcon.colcon_core.verb:set package 'omni_cartographer' build argument 'cmake_force_configure' from command line to 'False'
[1.354s] Level 5:colcon.colcon_core.verb:set package 'omni_cartographer' build argument 'ament_cmake_args' from command line to 'None'
[1.354s] Level 5:colcon.colcon_core.verb:set package 'omni_cartographer' build argument 'catkin_cmake_args' from command line to 'None'
[1.354s] Level 5:colcon.colcon_core.verb:set package 'omni_cartographer' build argument 'catkin_skip_building_tests' from command line to 'False'
[1.354s] DEBUG:colcon.colcon_core.verb:Building package 'omni_cartographer' with the following arguments: {'ament_cmake_args': None, 'build_base': '/home/perla/DRL_robot_navigation_ros2/build/omni_cartographer', 'catkin_cmake_args': None, 'catkin_skip_building_tests': False, 'cmake_args': None, 'cmake_clean_cache': False, 'cmake_clean_first': False, 'cmake_force_configure': False, 'cmake_target': None, 'cmake_target_skip_unavailable': False, 'install_base': '/home/perla/DRL_robot_navigation_ros2/install/omni_cartographer', 'merge_install': False, 'path': '/home/perla/DRL_robot_navigation_ros2/src/omni_cartographer', 'symlink_install': False, 'test_result_base': None}
[1.372s] Level 5:colcon.colcon_core.verb:set package 'td3' build argument 'cmake_args' from command line to 'None'
[1.372s] Level 5:colcon.colcon_core.verb:set package 'td3' build argument 'cmake_target' from command line to 'None'
[1.372s] Level 5:colcon.colcon_core.verb:set package 'td3' build argument 'cmake_target_skip_unavailable' from command line to 'False'
[1.372s] Level 5:colcon.colcon_core.verb:set package 'td3' build argument 'cmake_clean_cache' from command line to 'False'
[1.372s] Level 5:colcon.colcon_core.verb:set package 'td3' build argument 'cmake_clean_first' from command line to 'False'
[1.372s] Level 5:colcon.colcon_core.verb:set package 'td3' build argument 'cmake_force_configure' from command line to 'False'
[1.372s] Level 5:colcon.colcon_core.verb:set package 'td3' build argument 'ament_cmake_args' from command line to 'None'
[1.372s] Level 5:colcon.colcon_core.verb:set package 'td3' build argument 'catkin_cmake_args' from command line to 'None'
[1.372s] Level 5:colcon.colcon_core.verb:set package 'td3' build argument 'catkin_skip_building_tests' from command line to 'False'
[1.372s] DEBUG:colcon.colcon_core.verb:Building package 'td3' with the following arguments: {'ament_cmake_args': None, 'build_base': '/home/perla/DRL_robot_navigation_ros2/build/td3', 'catkin_cmake_args': None, 'catkin_skip_building_tests': False, 'cmake_args': None, 'cmake_clean_cache': False, 'cmake_clean_first': False, 'cmake_force_configure': False, 'cmake_target': None, 'cmake_target_skip_unavailable': False, 'install_base': '/home/perla/DRL_robot_navigation_ros2/install/td3', 'merge_install': False, 'path': '/home/perla/DRL_robot_navigation_ros2/src/td3', 'symlink_install': False, 'test_result_base': None}
[1.389s] Level 5:colcon.colcon_core.verb:set package 'velodyne_description' build argument 'cmake_args' from command line to 'None'
[1.390s] Level 5:colcon.colcon_core.verb:set package 'velodyne_description' build argument 'cmake_target' from command line to 'None'
[1.390s] Level 5:colcon.colcon_core.verb:set package 'velodyne_description' build argument 'cmake_target_skip_unavailable' from command line to 'False'
[1.390s] Level 5:colcon.colcon_core.verb:set package 'velodyne_description' build argument 'cmake_clean_cache' from command line to 'False'
[1.390s] Level 5:colcon.colcon_core.verb:set package 'velodyne_description' build argument 'cmake_clean_first' from command line to 'False'
[1.390s] Level 5:colcon.colcon_core.verb:set package 'velodyne_description' build argument 'cmake_force_configure' from command line to 'False'
[1.390s] Level 5:colcon.colcon_core.verb:set package 'velodyne_description' build argument 'ament_cmake_args' from command line to 'None'
[1.390s] Level 5:colcon.colcon_core.verb:set package 'velodyne_description' build argument 'catkin_cmake_args' from command line to 'None'
[1.390s] Level 5:colcon.colcon_core.verb:set package 'velodyne_description' build argument 'catkin_skip_building_tests' from command line to 'False'
[1.390s] DEBUG:colcon.colcon_core.verb:Building package 'velodyne_description' with the following arguments: {'ament_cmake_args': None, 'build_base': '/home/perla/DRL_robot_navigation_ros2/build/velodyne_description', 'catkin_cmake_args': None, 'catkin_skip_building_tests': False, 'cmake_args': None, 'cmake_clean_cache': False, 'cmake_clean_first': False, 'cmake_force_configure': False, 'cmake_target': None, 'cmake_target_skip_unavailable': False, 'install_base': '/home/perla/DRL_robot_navigation_ros2/install/velodyne_description', 'merge_install': False, 'path': '/home/perla/DRL_robot_navigation_ros2/src/velodyne_simulator/velodyne_description', 'symlink_install': False, 'test_result_base': None}
[1.408s] Level 5:colcon.colcon_core.verb:set package 'velodyne_gazebo_plugins' build argument 'cmake_args' from command line to 'None'
[1.408s] Level 5:colcon.colcon_core.verb:set package 'velodyne_gazebo_plugins' build argument 'cmake_target' from command line to 'None'
[1.408s] Level 5:colcon.colcon_core.verb:set package 'velodyne_gazebo_plugins' build argument 'cmake_target_skip_unavailable' from command line to 'False'
[1.408s] Level 5:colcon.colcon_core.verb:set package 'velodyne_gazebo_plugins' build argument 'cmake_clean_cache' from command line to 'False'
[1.408s] Level 5:colcon.colcon_core.verb:set package 'velodyne_gazebo_plugins' build argument 'cmake_clean_first' from command line to 'False'
[1.408s] Level 5:colcon.colcon_core.verb:set package 'velodyne_gazebo_plugins' build argument 'cmake_force_configure' from command line to 'False'
[1.408s] Level 5:colcon.colcon_core.verb:set package 'velodyne_gazebo_plugins' build argument 'ament_cmake_args' from command line to 'None'
[1.408s] Level 5:colcon.colcon_core.verb:set package 'velodyne_gazebo_plugins' build argument 'catkin_cmake_args' from command line to 'None'
[1.408s] Level 5:colcon.colcon_core.verb:set package 'velodyne_gazebo_plugins' build argument 'catkin_skip_building_tests' from command line to 'False'
[1.408s] DEBUG:colcon.colcon_core.verb:Building package 'velodyne_gazebo_plugins' with the following arguments: {'ament_cmake_args': None, 'build_base': '/home/perla/DRL_robot_navigation_ros2/build/velodyne_gazebo_plugins', 'catkin_cmake_args': None, 'catkin_skip_building_tests': False, 'cmake_args': None, 'cmake_clean_cache': False, 'cmake_clean_first': False, 'cmake_force_configure': False, 'cmake_target': None, 'cmake_target_skip_unavailable': False, 'install_base': '/home/perla/DRL_robot_navigation_ros2/install/velodyne_gazebo_plugins', 'merge_install': False, 'path': '/home/perla/DRL_robot_navigation_ros2/src/velodyne_simulator/velodyne_gazebo_plugins', 'symlink_install': False, 'test_result_base': None}
[1.425s] Level 5:colcon.colcon_core.verb:set package 'velodyne_simulator' build argument 'cmake_args' from command line to 'None'
[1.426s] Level 5:colcon.colcon_core.verb:set package 'velodyne_simulator' build argument 'cmake_target' from command line to 'None'
[1.426s] Level 5:colcon.colcon_core.verb:set package 'velodyne_simulator' build argument 'cmake_target_skip_unavailable' from command line to 'False'
[1.426s] Level 5:colcon.colcon_core.verb:set package 'velodyne_simulator' build argument 'cmake_clean_cache' from command line to 'False'
[1.426s] Level 5:colcon.colcon_core.verb:set package 'velodyne_simulator' build argument 'cmake_clean_first' from command line to 'False'
[1.426s] Level 5:colcon.colcon_core.verb:set package 'velodyne_simulator' build argument 'cmake_force_configure' from command line to 'False'
[1.426s] Level 5:colcon.colcon_core.verb:set package 'velodyne_simulator' build argument 'ament_cmake_args' from command line to 'None'
[1.426s] Level 5:colcon.colcon_core.verb:set package 'velodyne_simulator' build argument 'catkin_cmake_args' from command line to 'None'
[1.426s] Level 5:colcon.colcon_core.verb:set package 'velodyne_simulator' build argument 'catkin_skip_building_tests' from command line to 'False'
[1.426s] DEBUG:colcon.colcon_core.verb:Building package 'velodyne_simulator' with the following arguments: {'ament_cmake_args': None, 'build_base': '/home/perla/DRL_robot_navigation_ros2/build/velodyne_simulator', 'catkin_cmake_args': None, 'catkin_skip_building_tests': False, 'cmake_args': None, 'cmake_clean_cache': False, 'cmake_clean_first': False, 'cmake_force_configure': False, 'cmake_target': None, 'cmake_target_skip_unavailable': False, 'install_base': '/home/perla/DRL_robot_navigation_ros2/install/velodyne_simulator', 'merge_install': False, 'path': '/home/perla/DRL_robot_navigation_ros2/src/velodyne_simulator/velodyne_simulator', 'symlink_install': False, 'test_result_base': None}
[1.443s] INFO:colcon.colcon_core.executor:Executing jobs using 'parallel' executor
[1.461s] DEBUG:colcon.colcon_parallel_executor.executor.parallel:run_until_complete
[1.462s] INFO:colcon.colcon_ros.task.ament_cmake.build:Building ROS package in '/home/perla/DRL_robot_navigation_ros2/src/velodyne_simulator/velodyne_description' with build type 'ament_cmake'
[1.462s] INFO:colcon.colcon_cmake.task.cmake.build:Building CMake package in '/home/perla/DRL_robot_navigation_ros2/src/velodyne_simulator/velodyne_description'
[1.480s] INFO:colcon.colcon_core.plugin_system:Skipping extension 'colcon_core.shell.bat': Not used on non-Windows systems
[1.480s] INFO:colcon.colcon_core.shell:Skip shell extension 'powershell' for command environment: Not usable outside of PowerShell
[1.480s] DEBUG:colcon.colcon_core.shell:Skip shell extension 'dsv' for command environment
[1.562s] INFO:colcon.colcon_ros.task.ament_cmake.build:Building ROS package in '/home/perla/DRL_robot_navigation_ros2/src/velodyne_simulator/velodyne_gazebo_plugins' with build type 'ament_cmake'
[1.562s] INFO:colcon.colcon_cmake.task.cmake.build:Building CMake package in '/home/perla/DRL_robot_navigation_ros2/src/velodyne_simulator/velodyne_gazebo_plugins'
[1.581s] INFO:colcon.colcon_core.shell:Skip shell extension 'powershell' for command environment: Not usable outside of PowerShell
[1.581s] DEBUG:colcon.colcon_core.shell:Skip shell extension 'dsv' for command environment
[1.660s] INFO:colcon.colcon_ros.task.ament_cmake.build:Building ROS package in '/home/perla/DRL_robot_navigation_ros2/src/omni_cartographer' with build type 'ament_cmake'
[1.660s] INFO:colcon.colcon_cmake.task.cmake.build:Building CMake package in '/home/perla/DRL_robot_navigation_ros2/src/omni_cartographer'
[1.680s] INFO:colcon.colcon_core.shell:Skip shell extension 'powershell' for command environment: Not usable outside of PowerShell
[1.680s] DEBUG:colcon.colcon_core.shell:Skip shell extension 'dsv' for command environment
[1.758s] INFO:colcon.colcon_ros.task.ament_cmake.build:Building ROS package in '/home/perla/DRL_robot_navigation_ros2/src/td3' with build type 'ament_cmake'
[1.758s] INFO:colcon.colcon_cmake.task.cmake.build:Building CMake package in '/home/perla/DRL_robot_navigation_ros2/src/td3'
[1.780s] INFO:colcon.colcon_core.shell:Skip shell extension 'powershell' for command environment: Not usable outside of PowerShell
[1.780s] DEBUG:colcon.colcon_core.shell:Skip shell extension 'dsv' for command environment
[1.862s] DEBUG:colcon.colcon_core.event_handler.log_command:Invoking command in '/home/perla/DRL_robot_navigation_ros2/build/velodyne_description': CMAKE_PREFIX_PATH=${CMAKE_PREFIX_PATH}:/home/perla/ros2_ws/install/my_robot_controller:/opt/ros/foxy /usr/bin/cmake --build /home/perla/DRL_robot_navigation_ros2/build/velodyne_description -- -j20 -l20
[1.865s] DEBUG:colcon.colcon_core.event_handler.log_command:Invoking command in '/home/perla/DRL_robot_navigation_ros2/build/velodyne_gazebo_plugins': CMAKE_PREFIX_PATH=${CMAKE_PREFIX_PATH}:/home/perla/ros2_ws/install/my_robot_controller:/opt/ros/foxy /usr/bin/cmake --build /home/perla/DRL_robot_navigation_ros2/build/velodyne_gazebo_plugins -- -j20 -l20
[1.869s] DEBUG:colcon.colcon_core.event_handler.log_command:Invoking command in '/home/perla/DRL_robot_navigation_ros2/build/omni_cartographer': CMAKE_PREFIX_PATH=${CMAKE_PREFIX_PATH}:/home/perla/ros2_ws/install/my_robot_controller:/opt/ros/foxy /usr/bin/cmake --build /home/perla/DRL_robot_navigation_ros2/build/omni_cartographer -- -j20 -l20
[1.872s] DEBUG:colcon.colcon_core.event_handler.log_command:Invoking command in '/home/perla/DRL_robot_navigation_ros2/build/td3': CMAKE_PREFIX_PATH=${CMAKE_PREFIX_PATH}:/home/perla/ros2_ws/install/my_robot_controller:/opt/ros/foxy /usr/bin/cmake --build /home/perla/DRL_robot_navigation_ros2/build/td3 -- -j20 -l20
[1.886s] DEBUG:colcon.colcon_core.event_handler.log_command:Invoked command in '/home/perla/DRL_robot_navigation_ros2/build/velodyne_description' returned '0': CMAKE_PREFIX_PATH=${CMAKE_PREFIX_PATH}:/home/perla/ros2_ws/install/my_robot_controller:/opt/ros/foxy /usr/bin/cmake --build /home/perla/DRL_robot_navigation_ros2/build/velodyne_description -- -j20 -l20
[1.887s] DEBUG:colcon.colcon_core.event_handler.log_command:Invoked command in '/home/perla/DRL_robot_navigation_ros2/build/omni_cartographer' returned '0': CMAKE_PREFIX_PATH=${CMAKE_PREFIX_PATH}:/home/perla/ros2_ws/install/my_robot_controller:/opt/ros/foxy /usr/bin/cmake --build /home/perla/DRL_robot_navigation_ros2/build/omni_cartographer -- -j20 -l20
[1.892s] DEBUG:colcon.colcon_core.event_handler.log_command:Invoked command in '/home/perla/DRL_robot_navigation_ros2/build/td3' returned '0': CMAKE_PREFIX_PATH=${CMAKE_PREFIX_PATH}:/home/perla/ros2_ws/install/my_robot_controller:/opt/ros/foxy /usr/bin/cmake --build /home/perla/DRL_robot_navigation_ros2/build/td3 -- -j20 -l20
[1.906s] DEBUG:colcon.colcon_core.event_handler.log_command:Invoking command in '/home/perla/DRL_robot_navigation_ros2/build/velodyne_description': CMAKE_PREFIX_PATH=${CMAKE_PREFIX_PATH}:/home/perla/ros2_ws/install/my_robot_controller:/opt/ros/foxy /usr/bin/cmake --install /home/perla/DRL_robot_navigation_ros2/build/velodyne_description
[1.909s] DEBUG:colcon.colcon_core.event_handler.log_command:Invoking command in '/home/perla/DRL_robot_navigation_ros2/build/omni_cartographer': CMAKE_PREFIX_PATH=${CMAKE_PREFIX_PATH}:/home/perla/ros2_ws/install/my_robot_controller:/opt/ros/foxy /usr/bin/cmake --install /home/perla/DRL_robot_navigation_ros2/build/omni_cartographer
[1.911s] DEBUG:colcon.colcon_core.event_handler.log_command:Invoking command in '/home/perla/DRL_robot_navigation_ros2/build/td3': CMAKE_PREFIX_PATH=${CMAKE_PREFIX_PATH}:/home/perla/ros2_ws/install/my_robot_controller:/opt/ros/foxy /usr/bin/cmake --install /home/perla/DRL_robot_navigation_ros2/build/td3
[1.912s] Level 1:colcon.colcon_core.environment:create_environment_scripts_only(velodyne_description)
[1.919s] DEBUG:colcon.colcon_core.event_handler.log_command:Invoked command in '/home/perla/DRL_robot_navigation_ros2/build/velodyne_description' returned '0': CMAKE_PREFIX_PATH=${CMAKE_PREFIX_PATH}:/home/perla/ros2_ws/install/my_robot_controller:/opt/ros/foxy /usr/bin/cmake --install /home/perla/DRL_robot_navigation_ros2/build/velodyne_description
[1.947s] Level 1:colcon.colcon_core.environment:checking '/home/perla/DRL_robot_navigation_ros2/install/velodyne_description' for CMake module files
[1.947s] Level 1:colcon.colcon_core.environment:checking '/home/perla/DRL_robot_navigation_ros2/install/velodyne_description' for CMake config files
[1.947s] Level 1:colcon.colcon_core.shell:create_environment_hook('velodyne_description', 'cmake_prefix_path')
[1.966s] INFO:colcon.colcon_core.shell:Creating environment hook '/home/perla/DRL_robot_navigation_ros2/install/velodyne_description/share/velodyne_description/hook/cmake_prefix_path.ps1'
[1.966s] INFO:colcon.colcon_core.shell:Creating environment descriptor '/home/perla/DRL_robot_navigation_ros2/install/velodyne_description/share/velodyne_description/hook/cmake_prefix_path.dsv'
[1.966s] INFO:colcon.colcon_core.shell:Creating environment hook '/home/perla/DRL_robot_navigation_ros2/install/velodyne_description/share/velodyne_description/hook/cmake_prefix_path.sh'
[1.967s] Level 1:colcon.colcon_core.environment:checking '/home/perla/DRL_robot_navigation_ros2/install/velodyne_description/bin'
[1.967s] Level 1:colcon.colcon_core.environment:checking '/home/perla/DRL_robot_navigation_ros2/install/velodyne_description/lib/pkgconfig/velodyne_description.pc'
[1.967s] Level 1:colcon.colcon_core.environment:checking '/home/perla/DRL_robot_navigation_ros2/install/velodyne_description/lib/python3.8/site-packages'
[1.967s] Level 1:colcon.colcon_core.environment:checking '/home/perla/DRL_robot_navigation_ros2/install/velodyne_description/bin'
[1.986s] INFO:colcon.colcon_core.shell:Creating package script '/home/perla/DRL_robot_navigation_ros2/install/velodyne_description/share/velodyne_description/package.ps1'
[1.986s] INFO:colcon.colcon_core.shell:Creating package descriptor '/home/perla/DRL_robot_navigation_ros2/install/velodyne_description/share/velodyne_description/package.dsv'
[1.986s] INFO:colcon.colcon_core.shell:Creating package script '/home/perla/DRL_robot_navigation_ros2/install/velodyne_description/share/velodyne_description/package.sh'
[1.987s] INFO:colcon.colcon_core.shell:Creating package script '/home/perla/DRL_robot_navigation_ros2/install/velodyne_description/share/velodyne_description/package.bash'
[1.987s] INFO:colcon.colcon_core.shell:Creating package script '/home/perla/DRL_robot_navigation_ros2/install/velodyne_description/share/velodyne_description/package.zsh'
[1.987s] Level 1:colcon.colcon_core.environment:create_file_with_runtime_dependencies(/home/perla/DRL_robot_navigation_ros2/install/velodyne_description/share/colcon-core/packages/velodyne_description)
[1.991s] DEBUG:colcon.colcon_core.event_handler.log_command:Invoked command in '/home/perla/DRL_robot_navigation_ros2/build/velodyne_gazebo_plugins' returned '0': CMAKE_PREFIX_PATH=${CMAKE_PREFIX_PATH}:/home/perla/ros2_ws/install/my_robot_controller:/opt/ros/foxy /usr/bin/cmake --build /home/perla/DRL_robot_navigation_ros2/build/velodyne_gazebo_plugins -- -j20 -l20
[1.993s] Level 1:colcon.colcon_core.environment:create_environment_scripts_only(omni_cartographer)
[1.993s] DEBUG:colcon.colcon_core.event_handler.log_command:Invoked command in '/home/perla/DRL_robot_navigation_ros2/build/omni_cartographer' returned '0': CMAKE_PREFIX_PATH=${CMAKE_PREFIX_PATH}:/home/perla/ros2_ws/install/my_robot_controller:/opt/ros/foxy /usr/bin/cmake --install /home/perla/DRL_robot_navigation_ros2/build/omni_cartographer
[2.013s] Level 1:colcon.colcon_core.environment:checking '/home/perla/DRL_robot_navigation_ros2/install/omni_cartographer' for CMake module files
[2.014s] Level 1:colcon.colcon_core.environment:checking '/home/perla/DRL_robot_navigation_ros2/install/omni_cartographer' for CMake config files
[2.014s] Level 1:colcon.colcon_core.shell:create_environment_hook('omni_cartographer', 'cmake_prefix_path')
[2.033s] INFO:colcon.colcon_core.shell:Creating environment hook '/home/perla/DRL_robot_navigation_ros2/install/omni_cartographer/share/omni_cartographer/hook/cmake_prefix_path.ps1'
[2.034s] INFO:colcon.colcon_core.shell:Creating environment descriptor '/home/perla/DRL_robot_navigation_ros2/install/omni_cartographer/share/omni_cartographer/hook/cmake_prefix_path.dsv'
[2.034s] INFO:colcon.colcon_core.shell:Creating environment hook '/home/perla/DRL_robot_navigation_ros2/install/omni_cartographer/share/omni_cartographer/hook/cmake_prefix_path.sh'
[2.034s] Level 1:colcon.colcon_core.environment:checking '/home/perla/DRL_robot_navigation_ros2/install/omni_cartographer/bin'
[2.034s] Level 1:colcon.colcon_core.environment:checking '/home/perla/DRL_robot_navigation_ros2/install/omni_cartographer/lib/pkgconfig/omni_cartographer.pc'
[2.034s] Level 1:colcon.colcon_core.environment:checking '/home/perla/DRL_robot_navigation_ros2/install/omni_cartographer/lib/python3.8/site-packages'
[2.034s] Level 1:colcon.colcon_core.environment:checking '/home/perla/DRL_robot_navigation_ros2/install/omni_cartographer/bin'
[2.054s] INFO:colcon.colcon_core.shell:Creating package script '/home/perla/DRL_robot_navigation_ros2/install/omni_cartographer/share/omni_cartographer/package.ps1'
[2.055s] INFO:colcon.colcon_core.shell:Creating package descriptor '/home/perla/DRL_robot_navigation_ros2/install/omni_cartographer/share/omni_cartographer/package.dsv'
[2.055s] INFO:colcon.colcon_core.shell:Creating package script '/home/perla/DRL_robot_navigation_ros2/install/omni_cartographer/share/omni_cartographer/package.sh'
[2.055s] INFO:colcon.colcon_core.shell:Creating package script '/home/perla/DRL_robot_navigation_ros2/install/omni_cartographer/share/omni_cartographer/package.bash'
[2.055s] INFO:colcon.colcon_core.shell:Creating package script '/home/perla/DRL_robot_navigation_ros2/install/omni_cartographer/share/omni_cartographer/package.zsh'
[2.055s] Level 1:colcon.colcon_core.environment:create_file_with_runtime_dependencies(/home/perla/DRL_robot_navigation_ros2/install/omni_cartographer/share/colcon-core/packages/omni_cartographer)
[2.057s] Level 1:colcon.colcon_core.environment:create_environment_scripts_only(td3)
[2.058s] DEBUG:colcon.colcon_core.event_handler.log_command:Invoked command in '/home/perla/DRL_robot_navigation_ros2/build/td3' returned '0': CMAKE_PREFIX_PATH=${CMAKE_PREFIX_PATH}:/home/perla/ros2_ws/install/my_robot_controller:/opt/ros/foxy /usr/bin/cmake --install /home/perla/DRL_robot_navigation_ros2/build/td3
[2.077s] Level 1:colcon.colcon_core.environment:checking '/home/perla/DRL_robot_navigation_ros2/install/td3' for CMake module files
[2.078s] Level 1:colcon.colcon_core.environment:checking '/home/perla/DRL_robot_navigation_ros2/install/td3' for CMake config files
[2.078s] Level 1:colcon.colcon_core.shell:create_environment_hook('td3', 'cmake_prefix_path')
[2.103s] INFO:colcon.colcon_core.shell:Creating environment hook '/home/perla/DRL_robot_navigation_ros2/install/td3/share/td3/hook/cmake_prefix_path.ps1'
[2.103s] INFO:colcon.colcon_core.shell:Creating environment descriptor '/home/perla/DRL_robot_navigation_ros2/install/td3/share/td3/hook/cmake_prefix_path.dsv'
[2.103s] INFO:colcon.colcon_core.shell:Creating environment hook '/home/perla/DRL_robot_navigation_ros2/install/td3/share/td3/hook/cmake_prefix_path.sh'
[2.104s] Level 1:colcon.colcon_core.environment:checking '/home/perla/DRL_robot_navigation_ros2/install/td3/lib'
[2.104s] Level 1:colcon.colcon_core.environment:checking '/home/perla/DRL_robot_navigation_ros2/install/td3/bin'
[2.104s] Level 1:colcon.colcon_core.environment:checking '/home/perla/DRL_robot_navigation_ros2/install/td3/lib/pkgconfig/td3.pc'
[2.104s] Level 1:colcon.colcon_core.environment:checking '/home/perla/DRL_robot_navigation_ros2/install/td3/lib/python3.8/site-packages'
[2.104s] Level 1:colcon.colcon_core.environment:checking '/home/perla/DRL_robot_navigation_ros2/install/td3/bin'
[2.122s] INFO:colcon.colcon_core.shell:Creating package script '/home/perla/DRL_robot_navigation_ros2/install/td3/share/td3/package.ps1'
[2.122s] INFO:colcon.colcon_core.shell:Creating package descriptor '/home/perla/DRL_robot_navigation_ros2/install/td3/share/td3/package.dsv'
[2.123s] INFO:colcon.colcon_core.shell:Creating package script '/home/perla/DRL_robot_navigation_ros2/install/td3/share/td3/package.sh'
[2.123s] INFO:colcon.colcon_core.shell:Creating package script '/home/perla/DRL_robot_navigation_ros2/install/td3/share/td3/package.bash'
[2.123s] INFO:colcon.colcon_core.shell:Creating package script '/home/perla/DRL_robot_navigation_ros2/install/td3/share/td3/package.zsh'
[2.123s] Level 1:colcon.colcon_core.environment:create_file_with_runtime_dependencies(/home/perla/DRL_robot_navigation_ros2/install/td3/share/colcon-core/packages/td3)
[2.153s] Level 1:colcon.colcon_core.environment:create_environment_scripts_only(velodyne_description)
[2.171s] Level 1:colcon.colcon_core.environment:checking '/home/perla/DRL_robot_navigation_ros2/install/velodyne_description' for CMake module files
[2.172s] Level 1:colcon.colcon_core.environment:checking '/home/perla/DRL_robot_navigation_ros2/install/velodyne_description' for CMake config files
[2.172s] Level 1:colcon.colcon_core.shell:create_environment_hook('velodyne_description', 'cmake_prefix_path')
[2.189s] INFO:colcon.colcon_core.shell:Creating environment hook '/home/perla/DRL_robot_navigation_ros2/install/velodyne_description/share/velodyne_description/hook/cmake_prefix_path.ps1'
[2.190s] INFO:colcon.colcon_core.shell:Creating environment descriptor '/home/perla/DRL_robot_navigation_ros2/install/velodyne_description/share/velodyne_description/hook/cmake_prefix_path.dsv'
[2.190s] INFO:colcon.colcon_core.shell:Creating environment hook '/home/perla/DRL_robot_navigation_ros2/install/velodyne_description/share/velodyne_description/hook/cmake_prefix_path.sh'
[2.190s] Level 1:colcon.colcon_core.environment:checking '/home/perla/DRL_robot_navigation_ros2/install/velodyne_description/bin'
[2.190s] Level 1:colcon.colcon_core.environment:checking '/home/perla/DRL_robot_navigation_ros2/install/velodyne_description/lib/pkgconfig/velodyne_description.pc'
[2.190s] Level 1:colcon.colcon_core.environment:checking '/home/perla/DRL_robot_navigation_ros2/install/velodyne_description/lib/python3.8/site-packages'
[2.190s] Level 1:colcon.colcon_core.environment:checking '/home/perla/DRL_robot_navigation_ros2/install/velodyne_description/bin'
[2.209s] INFO:colcon.colcon_core.shell:Creating package script '/home/perla/DRL_robot_navigation_ros2/install/velodyne_description/share/velodyne_description/package.ps1'
[2.209s] INFO:colcon.colcon_core.shell:Creating package descriptor '/home/perla/DRL_robot_navigation_ros2/install/velodyne_description/share/velodyne_description/package.dsv'
[2.210s] INFO:colcon.colcon_core.shell:Creating package script '/home/perla/DRL_robot_navigation_ros2/install/velodyne_description/share/velodyne_description/package.sh'
[2.210s] INFO:colcon.colcon_core.shell:Creating package script '/home/perla/DRL_robot_navigation_ros2/install/velodyne_description/share/velodyne_description/package.bash'
[2.210s] INFO:colcon.colcon_core.shell:Creating package script '/home/perla/DRL_robot_navigation_ros2/install/velodyne_description/share/velodyne_description/package.zsh'
[2.210s] Level 1:colcon.colcon_core.environment:create_file_with_runtime_dependencies(/home/perla/DRL_robot_navigation_ros2/install/velodyne_description/share/colcon-core/packages/velodyne_description)
[2.212s] DEBUG:colcon.colcon_core.event_handler.log_command:Invoking command in '/home/perla/DRL_robot_navigation_ros2/build/velodyne_gazebo_plugins': CMAKE_PREFIX_PATH=${CMAKE_PREFIX_PATH}:/home/perla/ros2_ws/install/my_robot_controller:/opt/ros/foxy /usr/bin/cmake --install /home/perla/DRL_robot_navigation_ros2/build/velodyne_gazebo_plugins
[2.233s] Level 1:colcon.colcon_core.environment:create_environment_scripts_only(omni_cartographer)
[2.252s] Level 1:colcon.colcon_core.environment:checking '/home/perla/DRL_robot_navigation_ros2/install/omni_cartographer' for CMake module files
[2.253s] Level 1:colcon.colcon_core.environment:checking '/home/perla/DRL_robot_navigation_ros2/install/omni_cartographer' for CMake config files
[2.253s] Level 1:colcon.colcon_core.shell:create_environment_hook('omni_cartographer', 'cmake_prefix_path')
[2.271s] INFO:colcon.colcon_core.shell:Creating environment hook '/home/perla/DRL_robot_navigation_ros2/install/omni_cartographer/share/omni_cartographer/hook/cmake_prefix_path.ps1'
[2.271s] INFO:colcon.colcon_core.shell:Creating environment descriptor '/home/perla/DRL_robot_navigation_ros2/install/omni_cartographer/share/omni_cartographer/hook/cmake_prefix_path.dsv'
[2.271s] INFO:colcon.colcon_core.shell:Creating environment hook '/home/perla/DRL_robot_navigation_ros2/install/omni_cartographer/share/omni_cartographer/hook/cmake_prefix_path.sh'
[2.272s] Level 1:colcon.colcon_core.environment:checking '/home/perla/DRL_robot_navigation_ros2/install/omni_cartographer/bin'
[2.272s] Level 1:colcon.colcon_core.environment:checking '/home/perla/DRL_robot_navigation_ros2/install/omni_cartographer/lib/pkgconfig/omni_cartographer.pc'
[2.272s] Level 1:colcon.colcon_core.environment:checking '/home/perla/DRL_robot_navigation_ros2/install/omni_cartographer/lib/python3.8/site-packages'
[2.272s] Level 1:colcon.colcon_core.environment:checking '/home/perla/DRL_robot_navigation_ros2/install/omni_cartographer/bin'
[2.290s] INFO:colcon.colcon_core.shell:Creating package script '/home/perla/DRL_robot_navigation_ros2/install/omni_cartographer/share/omni_cartographer/package.ps1'
[2.290s] INFO:colcon.colcon_core.shell:Creating package descriptor '/home/perla/DRL_robot_navigation_ros2/install/omni_cartographer/share/omni_cartographer/package.dsv'
[2.291s] INFO:colcon.colcon_core.shell:Creating package script '/home/perla/DRL_robot_navigation_ros2/install/omni_cartographer/share/omni_cartographer/package.sh'
[2.291s] INFO:colcon.colcon_core.shell:Creating package script '/home/perla/DRL_robot_navigation_ros2/install/omni_cartographer/share/omni_cartographer/package.bash'
[2.291s] INFO:colcon.colcon_core.shell:Creating package script '/home/perla/DRL_robot_navigation_ros2/install/omni_cartographer/share/omni_cartographer/package.zsh'
[2.291s] Level 1:colcon.colcon_core.environment:create_file_with_runtime_dependencies(/home/perla/DRL_robot_navigation_ros2/install/omni_cartographer/share/colcon-core/packages/omni_cartographer)
[2.313s] Level 1:colcon.colcon_core.environment:create_environment_scripts_only(td3)
[2.331s] Level 1:colcon.colcon_core.environment:checking '/home/perla/DRL_robot_navigation_ros2/install/td3' for CMake module files
[2.332s] Level 1:colcon.colcon_core.environment:checking '/home/perla/DRL_robot_navigation_ros2/install/td3' for CMake config files
[2.332s] Level 1:colcon.colcon_core.shell:create_environment_hook('td3', 'cmake_prefix_path')
[2.351s] INFO:colcon.colcon_core.shell:Creating environment hook '/home/perla/DRL_robot_navigation_ros2/install/td3/share/td3/hook/cmake_prefix_path.ps1'
[2.351s] INFO:colcon.colcon_core.shell:Creating environment descriptor '/home/perla/DRL_robot_navigation_ros2/install/td3/share/td3/hook/cmake_prefix_path.dsv'
[2.352s] INFO:colcon.colcon_core.shell:Creating environment hook '/home/perla/DRL_robot_navigation_ros2/install/td3/share/td3/hook/cmake_prefix_path.sh'
[2.352s] Level 1:colcon.colcon_core.environment:checking '/home/perla/DRL_robot_navigation_ros2/install/td3/lib'
[2.352s] Level 1:colcon.colcon_core.environment:checking '/home/perla/DRL_robot_navigation_ros2/install/td3/bin'
[2.352s] Level 1:colcon.colcon_core.environment:checking '/home/perla/DRL_robot_navigation_ros2/install/td3/lib/pkgconfig/td3.pc'
[2.352s] Level 1:colcon.colcon_core.environment:checking '/home/perla/DRL_robot_navigation_ros2/install/td3/lib/python3.8/site-packages'
[2.352s] Level 1:colcon.colcon_core.environment:checking '/home/perla/DRL_robot_navigation_ros2/install/td3/bin'
[2.372s] INFO:colcon.colcon_core.shell:Creating package script '/home/perla/DRL_robot_navigation_ros2/install/td3/share/td3/package.ps1'
[2.372s] INFO:colcon.colcon_core.shell:Creating package descriptor '/home/perla/DRL_robot_navigation_ros2/install/td3/share/td3/package.dsv'
[2.373s] INFO:colcon.colcon_core.shell:Creating package script '/home/perla/DRL_robot_navigation_ros2/install/td3/share/td3/package.sh'
[2.373s] INFO:colcon.colcon_core.shell:Creating package script '/home/perla/DRL_robot_navigation_ros2/install/td3/share/td3/package.bash'
[2.373s] INFO:colcon.colcon_core.shell:Creating package script '/home/perla/DRL_robot_navigation_ros2/install/td3/share/td3/package.zsh'
[2.373s] Level 1:colcon.colcon_core.environment:create_file_with_runtime_dependencies(/home/perla/DRL_robot_navigation_ros2/install/td3/share/colcon-core/packages/td3)
[2.373s] Level 1:colcon.colcon_core.environment:create_environment_scripts_only(velodyne_gazebo_plugins)
[2.374s] DEBUG:colcon.colcon_core.event_handler.log_command:Invoked command in '/home/perla/DRL_robot_navigation_ros2/build/velodyne_gazebo_plugins' returned '0': CMAKE_PREFIX_PATH=${CMAKE_PREFIX_PATH}:/home/perla/ros2_ws/install/my_robot_controller:/opt/ros/foxy /usr/bin/cmake --install /home/perla/DRL_robot_navigation_ros2/build/velodyne_gazebo_plugins
[2.394s] Level 1:colcon.colcon_core.environment:checking '/home/perla/DRL_robot_navigation_ros2/install/velodyne_gazebo_plugins' for CMake module files
[2.394s] Level 1:colcon.colcon_core.environment:checking '/home/perla/DRL_robot_navigation_ros2/install/velodyne_gazebo_plugins' for CMake config files
[2.394s] Level 1:colcon.colcon_core.shell:create_environment_hook('velodyne_gazebo_plugins', 'cmake_prefix_path')
[2.414s] INFO:colcon.colcon_core.shell:Creating environment hook '/home/perla/DRL_robot_navigation_ros2/install/velodyne_gazebo_plugins/share/velodyne_gazebo_plugins/hook/cmake_prefix_path.ps1'
[2.414s] INFO:colcon.colcon_core.shell:Creating environment descriptor '/home/perla/DRL_robot_navigation_ros2/install/velodyne_gazebo_plugins/share/velodyne_gazebo_plugins/hook/cmake_prefix_path.dsv'
[2.415s] INFO:colcon.colcon_core.shell:Creating environment hook '/home/perla/DRL_robot_navigation_ros2/install/velodyne_gazebo_plugins/share/velodyne_gazebo_plugins/hook/cmake_prefix_path.sh'
[2.415s] Level 1:colcon.colcon_core.environment:checking '/home/perla/DRL_robot_navigation_ros2/install/velodyne_gazebo_plugins/lib'
[2.415s] Level 1:colcon.colcon_core.shell:create_environment_hook('velodyne_gazebo_plugins', 'ld_library_path_lib')
[2.434s] INFO:colcon.colcon_core.shell:Creating environment hook '/home/perla/DRL_robot_navigation_ros2/install/velodyne_gazebo_plugins/share/velodyne_gazebo_plugins/hook/ld_library_path_lib.ps1'
[2.434s] INFO:colcon.colcon_core.shell:Creating environment descriptor '/home/perla/DRL_robot_navigation_ros2/install/velodyne_gazebo_plugins/share/velodyne_gazebo_plugins/hook/ld_library_path_lib.dsv'
[2.435s] INFO:colcon.colcon_core.shell:Creating environment hook '/home/perla/DRL_robot_navigation_ros2/install/velodyne_gazebo_plugins/share/velodyne_gazebo_plugins/hook/ld_library_path_lib.sh'
[2.435s] Level 1:colcon.colcon_core.environment:checking '/home/perla/DRL_robot_navigation_ros2/install/velodyne_gazebo_plugins/bin'
[2.435s] Level 1:colcon.colcon_core.environment:checking '/home/perla/DRL_robot_navigation_ros2/install/velodyne_gazebo_plugins/lib/pkgconfig/velodyne_gazebo_plugins.pc'
[2.435s] Level 1:colcon.colcon_core.environment:checking '/home/perla/DRL_robot_navigation_ros2/install/velodyne_gazebo_plugins/lib/python3.8/site-packages'
[2.435s] Level 1:colcon.colcon_core.environment:checking '/home/perla/DRL_robot_navigation_ros2/install/velodyne_gazebo_plugins/bin'
[2.455s] INFO:colcon.colcon_core.shell:Creating package script '/home/perla/DRL_robot_navigation_ros2/install/velodyne_gazebo_plugins/share/velodyne_gazebo_plugins/package.ps1'
[2.455s] INFO:colcon.colcon_core.shell:Creating package descriptor '/home/perla/DRL_robot_navigation_ros2/install/velodyne_gazebo_plugins/share/velodyne_gazebo_plugins/package.dsv'
[2.455s] INFO:colcon.colcon_core.shell:Creating package script '/home/perla/DRL_robot_navigation_ros2/install/velodyne_gazebo_plugins/share/velodyne_gazebo_plugins/package.sh'
[2.455s] INFO:colcon.colcon_core.shell:Creating package script '/home/perla/DRL_robot_navigation_ros2/install/velodyne_gazebo_plugins/share/velodyne_gazebo_plugins/package.bash'
[2.456s] INFO:colcon.colcon_core.shell:Creating package script '/home/perla/DRL_robot_navigation_ros2/install/velodyne_gazebo_plugins/share/velodyne_gazebo_plugins/package.zsh'
[2.456s] Level 1:colcon.colcon_core.environment:create_file_with_runtime_dependencies(/home/perla/DRL_robot_navigation_ros2/install/velodyne_gazebo_plugins/share/colcon-core/packages/velodyne_gazebo_plugins)
[2.492s] Level 1:colcon.colcon_core.environment:create_environment_scripts_only(velodyne_gazebo_plugins)
[2.512s] Level 1:colcon.colcon_core.environment:checking '/home/perla/DRL_robot_navigation_ros2/install/velodyne_gazebo_plugins' for CMake module files
[2.512s] Level 1:colcon.colcon_core.environment:checking '/home/perla/DRL_robot_navigation_ros2/install/velodyne_gazebo_plugins' for CMake config files
[2.512s] Level 1:colcon.colcon_core.shell:create_environment_hook('velodyne_gazebo_plugins', 'cmake_prefix_path')
[2.532s] INFO:colcon.colcon_core.shell:Creating environment hook '/home/perla/DRL_robot_navigation_ros2/install/velodyne_gazebo_plugins/share/velodyne_gazebo_plugins/hook/cmake_prefix_path.ps1'
[2.532s] INFO:colcon.colcon_core.shell:Creating environment descriptor '/home/perla/DRL_robot_navigation_ros2/install/velodyne_gazebo_plugins/share/velodyne_gazebo_plugins/hook/cmake_prefix_path.dsv'
[2.533s] INFO:colcon.colcon_core.shell:Creating environment hook '/home/perla/DRL_robot_navigation_ros2/install/velodyne_gazebo_plugins/share/velodyne_gazebo_plugins/hook/cmake_prefix_path.sh'
[2.533s] Level 1:colcon.colcon_core.environment:checking '/home/perla/DRL_robot_navigation_ros2/install/velodyne_gazebo_plugins/lib'
[2.533s] Level 1:colcon.colcon_core.shell:create_environment_hook('velodyne_gazebo_plugins', 'ld_library_path_lib')
[2.553s] INFO:colcon.colcon_core.shell:Creating environment hook '/home/perla/DRL_robot_navigation_ros2/install/velodyne_gazebo_plugins/share/velodyne_gazebo_plugins/hook/ld_library_path_lib.ps1'
[2.553s] INFO:colcon.colcon_core.shell:Creating environment descriptor '/home/perla/DRL_robot_navigation_ros2/install/velodyne_gazebo_plugins/share/velodyne_gazebo_plugins/hook/ld_library_path_lib.dsv'
[2.553s] INFO:colcon.colcon_core.shell:Creating environment hook '/home/perla/DRL_robot_navigation_ros2/install/velodyne_gazebo_plugins/share/velodyne_gazebo_plugins/hook/ld_library_path_lib.sh'
[2.553s] Level 1:colcon.colcon_core.environment:checking '/home/perla/DRL_robot_navigation_ros2/install/velodyne_gazebo_plugins/bin'
[2.553s] Level 1:colcon.colcon_core.environment:checking '/home/perla/DRL_robot_navigation_ros2/install/velodyne_gazebo_plugins/lib/pkgconfig/velodyne_gazebo_plugins.pc'
[2.554s] Level 1:colcon.colcon_core.environment:checking '/home/perla/DRL_robot_navigation_ros2/install/velodyne_gazebo_plugins/lib/python3.8/site-packages'
[2.554s] Level 1:colcon.colcon_core.environment:checking '/home/perla/DRL_robot_navigation_ros2/install/velodyne_gazebo_plugins/bin'
[2.573s] INFO:colcon.colcon_core.shell:Creating package script '/home/perla/DRL_robot_navigation_ros2/install/velodyne_gazebo_plugins/share/velodyne_gazebo_plugins/package.ps1'
[2.574s] INFO:colcon.colcon_core.shell:Creating package descriptor '/home/perla/DRL_robot_navigation_ros2/install/velodyne_gazebo_plugins/share/velodyne_gazebo_plugins/package.dsv'
[2.574s] INFO:colcon.colcon_core.shell:Creating package script '/home/perla/DRL_robot_navigation_ros2/install/velodyne_gazebo_plugins/share/velodyne_gazebo_plugins/package.sh'
[2.574s] INFO:colcon.colcon_core.shell:Creating package script '/home/perla/DRL_robot_navigation_ros2/install/velodyne_gazebo_plugins/share/velodyne_gazebo_plugins/package.bash'
[2.574s] INFO:colcon.colcon_core.shell:Creating package script '/home/perla/DRL_robot_navigation_ros2/install/velodyne_gazebo_plugins/share/velodyne_gazebo_plugins/package.zsh'
[2.575s] Level 1:colcon.colcon_core.environment:create_file_with_runtime_dependencies(/home/perla/DRL_robot_navigation_ros2/install/velodyne_gazebo_plugins/share/colcon-core/packages/velodyne_gazebo_plugins)
[2.575s] INFO:colcon.colcon_ros.task.ament_cmake.build:Building ROS package in '/home/perla/DRL_robot_navigation_ros2/src/velodyne_simulator/velodyne_simulator' with build type 'ament_cmake'
[2.575s] INFO:colcon.colcon_cmake.task.cmake.build:Building CMake package in '/home/perla/DRL_robot_navigation_ros2/src/velodyne_simulator/velodyne_simulator'
[2.595s] INFO:colcon.colcon_core.shell:Skip shell extension 'powershell' for command environment: Not usable outside of PowerShell
[2.595s] DEBUG:colcon.colcon_core.shell:Skip shell extension 'dsv' for command environment
[2.683s] DEBUG:colcon.colcon_core.event_handler.log_command:Invoking command in '/home/perla/DRL_robot_navigation_ros2/build/velodyne_simulator': CMAKE_PREFIX_PATH=/home/perla/DRL_robot_navigation_ros2/install/velodyne_gazebo_plugins:/home/perla/DRL_robot_navigation_ros2/install/velodyne_description:/home/perla/DRL_robot_navigation_ros2/install/velodyne_simulator:/home/perla/DRL_robot_navigation_ros2/install/td3:/home/perla/DRL_robot_navigation_ros2/install/omni_cartographer:/home/perla/ros2_ws/install/velodyne_simulator:/home/perla/ros2_ws/install/velodyne_gazebo_plugins:/home/perla/ros2_ws/install/velodyne_description:/home/perla/ros2_ws/install/td3:/home/perla/ros2_ws/install/my_robot_controller:/opt/ros/foxy /usr/bin/cmake --build /home/perla/DRL_robot_navigation_ros2/build/velodyne_simulator -- -j20 -l20
[2.707s] DEBUG:colcon.colcon_core.event_handler.log_command:Invoked command in '/home/perla/DRL_robot_navigation_ros2/build/velodyne_simulator' returned '0': CMAKE_PREFIX_PATH=/home/perla/DRL_robot_navigation_ros2/install/velodyne_gazebo_plugins:/home/perla/DRL_robot_navigation_ros2/install/velodyne_description:/home/perla/DRL_robot_navigation_ros2/install/velodyne_simulator:/home/perla/DRL_robot_navigation_ros2/install/td3:/home/perla/DRL_robot_navigation_ros2/install/omni_cartographer:/home/perla/ros2_ws/install/velodyne_simulator:/home/perla/ros2_ws/install/velodyne_gazebo_plugins:/home/perla/ros2_ws/install/velodyne_description:/home/perla/ros2_ws/install/td3:/home/perla/ros2_ws/install/my_robot_controller:/opt/ros/foxy /usr/bin/cmake --build /home/perla/DRL_robot_navigation_ros2/build/velodyne_simulator -- -j20 -l20
[2.721s] DEBUG:colcon.colcon_core.event_handler.log_command:Invoking command in '/home/perla/DRL_robot_navigation_ros2/build/velodyne_simulator': CMAKE_PREFIX_PATH=/home/perla/DRL_robot_navigation_ros2/install/velodyne_gazebo_plugins:/home/perla/DRL_robot_navigation_ros2/install/velodyne_description:/home/perla/DRL_robot_navigation_ros2/install/velodyne_simulator:/home/perla/DRL_robot_navigation_ros2/install/td3:/home/perla/DRL_robot_navigation_ros2/install/omni_cartographer:/home/perla/ros2_ws/install/velodyne_simulator:/home/perla/ros2_ws/install/velodyne_gazebo_plugins:/home/perla/ros2_ws/install/velodyne_description:/home/perla/ros2_ws/install/td3:/home/perla/ros2_ws/install/my_robot_controller:/opt/ros/foxy /usr/bin/cmake --install /home/perla/DRL_robot_navigation_ros2/build/velodyne_simulator
[2.727s] Level 1:colcon.colcon_core.environment:create_environment_scripts_only(velodyne_simulator)
[2.728s] DEBUG:colcon.colcon_core.event_handler.log_command:Invoked command in '/home/perla/DRL_robot_navigation_ros2/build/velodyne_simulator' returned '0': CMAKE_PREFIX_PATH=/home/perla/DRL_robot_navigation_ros2/install/velodyne_gazebo_plugins:/home/perla/DRL_robot_navigation_ros2/install/velodyne_description:/home/perla/DRL_robot_navigation_ros2/install/velodyne_simulator:/home/perla/DRL_robot_navigation_ros2/install/td3:/home/perla/DRL_robot_navigation_ros2/install/omni_cartographer:/home/perla/ros2_ws/install/velodyne_simulator:/home/perla/ros2_ws/install/velodyne_gazebo_plugins:/home/perla/ros2_ws/install/velodyne_description:/home/perla/ros2_ws/install/td3:/home/perla/ros2_ws/install/my_robot_controller:/opt/ros/foxy /usr/bin/cmake --install /home/perla/DRL_robot_navigation_ros2/build/velodyne_simulator
[2.747s] Level 1:colcon.colcon_core.environment:checking '/home/perla/DRL_robot_navigation_ros2/install/velodyne_simulator' for CMake module files
[2.748s] Level 1:colcon.colcon_core.environment:checking '/home/perla/DRL_robot_navigation_ros2/install/velodyne_simulator' for CMake config files
[2.748s] Level 1:colcon.colcon_core.shell:create_environment_hook('velodyne_simulator', 'cmake_prefix_path')
[2.768s] INFO:colcon.colcon_core.shell:Creating environment hook '/home/perla/DRL_robot_navigation_ros2/install/velodyne_simulator/share/velodyne_simulator/hook/cmake_prefix_path.ps1'
[2.768s] INFO:colcon.colcon_core.shell:Creating environment descriptor '/home/perla/DRL_robot_navigation_ros2/install/velodyne_simulator/share/velodyne_simulator/hook/cmake_prefix_path.dsv'
[2.768s] INFO:colcon.colcon_core.shell:Creating environment hook '/home/perla/DRL_robot_navigation_ros2/install/velodyne_simulator/share/velodyne_simulator/hook/cmake_prefix_path.sh'
[2.768s] Level 1:colcon.colcon_core.environment:checking '/home/perla/DRL_robot_navigation_ros2/install/velodyne_simulator/bin'
[2.769s] Level 1:colcon.colcon_core.environment:checking '/home/perla/DRL_robot_navigation_ros2/install/velodyne_simulator/lib/pkgconfig/velodyne_simulator.pc'
[2.769s] Level 1:colcon.colcon_core.environment:checking '/home/perla/DRL_robot_navigation_ros2/install/velodyne_simulator/lib/python3.8/site-packages'
[2.769s] Level 1:colcon.colcon_core.environment:checking '/home/perla/DRL_robot_navigation_ros2/install/velodyne_simulator/bin'
[2.796s] INFO:colcon.colcon_core.shell:Creating package script '/home/perla/DRL_robot_navigation_ros2/install/velodyne_simulator/share/velodyne_simulator/package.ps1'
[2.796s] INFO:colcon.colcon_core.shell:Creating package descriptor '/home/perla/DRL_robot_navigation_ros2/install/velodyne_simulator/share/velodyne_simulator/package.dsv'
[2.796s] INFO:colcon.colcon_core.shell:Creating package script '/home/perla/DRL_robot_navigation_ros2/install/velodyne_simulator/share/velodyne_simulator/package.sh'
[2.797s] INFO:colcon.colcon_core.shell:Creating package script '/home/perla/DRL_robot_navigation_ros2/install/velodyne_simulator/share/velodyne_simulator/package.bash'
[2.797s] INFO:colcon.colcon_core.shell:Creating package script '/home/perla/DRL_robot_navigation_ros2/install/velodyne_simulator/share/velodyne_simulator/package.zsh'
[2.797s] Level 1:colcon.colcon_core.environment:create_file_with_runtime_dependencies(/home/perla/DRL_robot_navigation_ros2/install/velodyne_simulator/share/colcon-core/packages/velodyne_simulator)
[2.830s] Level 1:colcon.colcon_core.environment:create_environment_scripts_only(velodyne_simulator)
[2.850s] Level 1:colcon.colcon_core.environment:checking '/home/perla/DRL_robot_navigation_ros2/install/velodyne_simulator' for CMake module files
[2.850s] Level 1:colcon.colcon_core.environment:checking '/home/perla/DRL_robot_navigation_ros2/install/velodyne_simulator' for CMake config files
[2.850s] Level 1:colcon.colcon_core.shell:create_environment_hook('velodyne_simulator', 'cmake_prefix_path')
[2.870s] INFO:colcon.colcon_core.shell:Creating environment hook '/home/perla/DRL_robot_navigation_ros2/install/velodyne_simulator/share/velodyne_simulator/hook/cmake_prefix_path.ps1'
[2.870s] INFO:colcon.colcon_core.shell:Creating environment descriptor '/home/perla/DRL_robot_navigation_ros2/install/velodyne_simulator/share/velodyne_simulator/hook/cmake_prefix_path.dsv'
[2.870s] INFO:colcon.colcon_core.shell:Creating environment hook '/home/perla/DRL_robot_navigation_ros2/install/velodyne_simulator/share/velodyne_simulator/hook/cmake_prefix_path.sh'
[2.871s] Level 1:colcon.colcon_core.environment:checking '/home/perla/DRL_robot_navigation_ros2/install/velodyne_simulator/bin'
[2.871s] Level 1:colcon.colcon_core.environment:checking '/home/perla/DRL_robot_navigation_ros2/install/velodyne_simulator/lib/pkgconfig/velodyne_simulator.pc'
[2.871s] Level 1:colcon.colcon_core.environment:checking '/home/perla/DRL_robot_navigation_ros2/install/velodyne_simulator/lib/python3.8/site-packages'
[2.871s] Level 1:colcon.colcon_core.environment:checking '/home/perla/DRL_robot_navigation_ros2/install/velodyne_simulator/bin'
[2.890s] INFO:colcon.colcon_core.shell:Creating package script '/home/perla/DRL_robot_navigation_ros2/install/velodyne_simulator/share/velodyne_simulator/package.ps1'
[2.890s] INFO:colcon.colcon_core.shell:Creating package descriptor '/home/perla/DRL_robot_navigation_ros2/install/velodyne_simulator/share/velodyne_simulator/package.dsv'
[2.891s] INFO:colcon.colcon_core.shell:Creating package script '/home/perla/DRL_robot_navigation_ros2/install/velodyne_simulator/share/velodyne_simulator/package.sh'
[2.891s] INFO:colcon.colcon_core.shell:Creating package script '/home/perla/DRL_robot_navigation_ros2/install/velodyne_simulator/share/velodyne_simulator/package.bash'
[2.891s] INFO:colcon.colcon_core.shell:Creating package script '/home/perla/DRL_robot_navigation_ros2/install/velodyne_simulator/share/velodyne_simulator/package.zsh'
[2.891s] Level 1:colcon.colcon_core.environment:create_file_with_runtime_dependencies(/home/perla/DRL_robot_navigation_ros2/install/velodyne_simulator/share/colcon-core/packages/velodyne_simulator)
[2.891s] DEBUG:colcon.colcon_parallel_executor.executor.parallel:closing loop
[2.892s] DEBUG:colcon.colcon_parallel_executor.executor.parallel:loop closed
[2.892s] DEBUG:colcon.colcon_parallel_executor.executor.parallel:run_until_complete finished with '0'
[2.892s] DEBUG:colcon.colcon_core.event_reactor:joining thread
[2.918s] INFO:colcon.colcon_core.plugin_system:Skipping extension 'colcon_notification.desktop_notification.terminal_notifier': Not used on non-Darwin systems
[2.918s] INFO:colcon.colcon_core.plugin_system:Skipping extension 'colcon_notification.desktop_notification.win32': Not used on non-Windows systems
[2.918s] INFO:colcon.colcon_notification.desktop_notification:Sending desktop notification using 'notify2'
[2.931s] DEBUG:colcon.colcon_core.event_reactor:joined thread
[2.951s] INFO:colcon.colcon_core.shell:Creating prefix script '/home/perla/DRL_robot_navigation_ros2/install/local_setup.ps1'
[2.952s] INFO:colcon.colcon_core.shell:Creating prefix util module '/home/perla/DRL_robot_navigation_ros2/install/_local_setup_util_ps1.py'
[2.952s] INFO:colcon.colcon_core.shell:Creating prefix chain script '/home/perla/DRL_robot_navigation_ros2/install/setup.ps1'
[2.973s] INFO:colcon.colcon_core.shell:Creating prefix script '/home/perla/DRL_robot_navigation_ros2/install/local_setup.sh'
[2.973s] INFO:colcon.colcon_core.shell:Creating prefix util module '/home/perla/DRL_robot_navigation_ros2/install/_local_setup_util_sh.py'
[2.974s] INFO:colcon.colcon_core.shell:Creating prefix chain script '/home/perla/DRL_robot_navigation_ros2/install/setup.sh'
[2.994s] INFO:colcon.colcon_core.shell:Creating prefix script '/home/perla/DRL_robot_navigation_ros2/install/local_setup.bash'
[2.994s] INFO:colcon.colcon_core.shell:Creating prefix chain script '/home/perla/DRL_robot_navigation_ros2/install/setup.bash'
[3.014s] INFO:colcon.colcon_core.shell:Creating prefix script '/home/perla/DRL_robot_navigation_ros2/install/local_setup.zsh'
[3.015s] INFO:colcon.colcon_core.shell:Creating prefix chain script '/home/perla/DRL_robot_navigation_ros2/install/setup.zsh'
