[0.109s] Invoking command in '/home/perla/DRL_robot_navigation_ros2/build/td3': CMAKE_PREFIX_PATH=${CMAKE_PREFIX_PATH}:/home/perla/ros2_ws/install/my_robot_controller:/opt/ros/foxy /usr/bin/cmake --build /home/perla/DRL_robot_navigation_ros2/build/td3 -- -j20 -l20
[0.130s] Invoked command in '/home/perla/DRL_robot_navigation_ros2/build/td3' returned '0': CMAKE_PREFIX_PATH=${CMAKE_PREFIX_PATH}:/home/perla/ros2_ws/install/my_robot_controller:/opt/ros/foxy /usr/bin/cmake --build /home/perla/DRL_robot_navigation_ros2/build/td3 -- -j20 -l20
[0.145s] Invoking command in '/home/perla/DRL_robot_navigation_ros2/build/td3': CMAKE_PREFIX_PATH=${CMAKE_PREFIX_PATH}:/home/perla/ros2_ws/install/my_robot_controller:/opt/ros/foxy /usr/bin/cmake --install /home/perla/DRL_robot_navigation_ros2/build/td3
[0.164s] -- Install configuration: ""
[0.164s] -- Up-to-date: /home/perla/DRL_robot_navigation_ros2/install/td3/share/td3//launch
[0.164s] -- Up-to-date: /home/perla/DRL_robot_navigation_ros2/install/td3/share/td3//launch/multi_robot_scenario.launch.py
[0.164s] -- Up-to-date: /home/perla/DRL_robot_navigation_ros2/install/td3/share/td3//launch/testmap_simulation.launch.py
[0.164s] -- Up-to-date: /home/perla/DRL_robot_navigation_ros2/install/td3/share/td3//launch/robot_state_publisher.launch.py
[0.164s] -- Up-to-date: /home/perla/DRL_robot_navigation_ros2/install/td3/share/td3//launch/pioneer3dx.rviz
[0.164s] -- Up-to-date: /home/perla/DRL_robot_navigation_ros2/install/td3/share/td3//launch/training_simulation.launch.py
[0.164s] -- Up-to-date: /home/perla/DRL_robot_navigation_ros2/install/td3/share/td3//launch/test_simulation.launch.py
[0.164s] -- Up-to-date: /home/perla/DRL_robot_navigation_ros2/install/td3/share/td3//models
[0.164s] -- Up-to-date: /home/perla/DRL_robot_navigation_ros2/install/td3/share/td3//models/td_robot
[0.164s] -- Up-to-date: /home/perla/DRL_robot_navigation_ros2/install/td3/share/td3//models/td_robot/model.config
[0.164s] -- Up-to-date: /home/perla/DRL_robot_navigation_ros2/install/td3/share/td3//models/td_robot/meshes
[0.164s] -- Up-to-date: /home/perla/DRL_robot_navigation_ros2/install/td3/share/td3//models/td_robot/meshes/p3dx
[0.164s] -- Up-to-date: /home/perla/DRL_robot_navigation_ros2/install/td3/share/td3//models/td_robot/meshes/p3dx/center_wheel.stl
[0.164s] -- Up-to-date: /home/perla/DRL_robot_navigation_ros2/install/td3/share/td3//models/td_robot/meshes/p3dx/left_wheel.stl
[0.164s] -- Up-to-date: /home/perla/DRL_robot_navigation_ros2/install/td3/share/td3//models/td_robot/meshes/p3dx/top.stl
[0.164s] -- Up-to-date: /home/perla/DRL_robot_navigation_ros2/install/td3/share/td3//models/td_robot/meshes/p3dx/back_rim.stl
[0.164s] -- Up-to-date: /home/perla/DRL_robot_navigation_ros2/install/td3/share/td3//models/td_robot/meshes/p3dx/front_sonar.stl
[0.164s] -- Up-to-date: /home/perla/DRL_robot_navigation_ros2/install/td3/share/td3//models/td_robot/meshes/p3dx/back_sonar.stl
[0.164s] -- Up-to-date: /home/perla/DRL_robot_navigation_ros2/install/td3/share/td3//models/td_robot/meshes/p3dx/left_hubcap.stl
[0.164s] -- Up-to-date: /home/perla/DRL_robot_navigation_ros2/install/td3/share/td3//models/td_robot/meshes/p3dx/center_hubcap.stl
[0.165s] -- Up-to-date: /home/perla/DRL_robot_navigation_ros2/install/td3/share/td3//models/td_robot/meshes/p3dx/right_wheel.stl
[0.165s] -- Up-to-date: /home/perla/DRL_robot_navigation_ros2/install/td3/share/td3//models/td_robot/meshes/p3dx/right_hubcap.stl
[0.165s] -- Up-to-date: /home/perla/DRL_robot_navigation_ros2/install/td3/share/td3//models/td_robot/meshes/p3dx/front_rim.stl
[0.165s] -- Up-to-date: /home/perla/DRL_robot_navigation_ros2/install/td3/share/td3//models/td_robot/meshes/p3dx/chassis.stl
[0.165s] -- Up-to-date: /home/perla/DRL_robot_navigation_ros2/install/td3/share/td3//models/td_robot/meshes/p3dx/swivel.stl
[0.165s] -- Up-to-date: /home/perla/DRL_robot_navigation_ros2/install/td3/share/td3//models/td_robot/meshes/p3dx/Coordinates
[0.165s] -- Up-to-date: /home/perla/DRL_robot_navigation_ros2/install/td3/share/td3//models/td_robot/meshes/laser
[0.165s] -- Up-to-date: /home/perla/DRL_robot_navigation_ros2/install/td3/share/td3//models/td_robot/meshes/laser/hokuyo.dae
[0.165s] -- Up-to-date: /home/perla/DRL_robot_navigation_ros2/install/td3/share/td3//models/td_robot/td_robot.sdf
[0.165s] -- Up-to-date: /home/perla/DRL_robot_navigation_ros2/install/td3/share/td3//models/td_robot/velodyne_description
[0.165s] -- Up-to-date: /home/perla/DRL_robot_navigation_ros2/install/td3/share/td3//models/td_robot/velodyne_description/urdf
[0.165s] -- Up-to-date: /home/perla/DRL_robot_navigation_ros2/install/td3/share/td3//models/td_robot/velodyne_description/urdf/VLP-16.urdf.xacro
[0.165s] -- Up-to-date: /home/perla/DRL_robot_navigation_ros2/install/td3/share/td3//models/td_robot/velodyne_description/urdf/example.urdf.xacro
[0.165s] -- Up-to-date: /home/perla/DRL_robot_navigation_ros2/install/td3/share/td3//models/td_robot/velodyne_description/urdf/HDL-32E.urdf.xacro
[0.165s] -- Up-to-date: /home/perla/DRL_robot_navigation_ros2/install/td3/share/td3//models/td_robot/velodyne_description/urdf/VLP-32C.urdf.xacro
[0.165s] -- Up-to-date: /home/perla/DRL_robot_navigation_ros2/install/td3/share/td3//models/td_robot/velodyne_description/world
[0.165s] -- Up-to-date: /home/perla/DRL_robot_navigation_ros2/install/td3/share/td3//models/td_robot/velodyne_description/world/lio_sam.model
[0.165s] -- Up-to-date: /home/perla/DRL_robot_navigation_ros2/install/td3/share/td3//models/td_robot/velodyne_description/world/example.world
[0.165s] -- Up-to-date: /home/perla/DRL_robot_navigation_ros2/install/td3/share/td3//models/td_robot/velodyne_description/models
[0.165s] -- Up-to-date: /home/perla/DRL_robot_navigation_ros2/install/td3/share/td3//models/td_robot/velodyne_description/models/rs_robot
[0.165s] -- Up-to-date: /home/perla/DRL_robot_navigation_ros2/install/td3/share/td3//models/td_robot/velodyne_description/models/rs_robot/model.config
[0.165s] -- Up-to-date: /home/perla/DRL_robot_navigation_ros2/install/td3/share/td3//models/td_robot/velodyne_description/models/rs_robot/meshes
[0.165s] -- Up-to-date: /home/perla/DRL_robot_navigation_ros2/install/td3/share/td3//models/td_robot/velodyne_description/models/rs_robot/meshes/DAE
[0.165s] -- Up-to-date: /home/perla/DRL_robot_navigation_ros2/install/td3/share/td3//models/td_robot/velodyne_description/models/rs_robot/meshes/DAE/lidar_head
[0.165s] -- Up-to-date: /home/perla/DRL_robot_navigation_ros2/install/td3/share/td3//models/td_robot/velodyne_description/models/rs_robot/meshes/DAE/lidar_head/YDlidar_head.dae
[0.165s] -- Up-to-date: /home/perla/DRL_robot_navigation_ros2/install/td3/share/td3//models/td_robot/velodyne_description/models/rs_robot/meshes/DAE/lidar_base
[0.165s] -- Up-to-date: /home/perla/DRL_robot_navigation_ros2/install/td3/share/td3//models/td_robot/velodyne_description/models/rs_robot/meshes/DAE/lidar_base/YDlidar_base.dae
[0.165s] -- Up-to-date: /home/perla/DRL_robot_navigation_ros2/install/td3/share/td3//models/td_robot/velodyne_description/models/rs_robot/meshes/DAE/sensors
[0.165s] -- Up-to-date: /home/perla/DRL_robot_navigation_ros2/install/td3/share/td3//models/td_robot/velodyne_description/models/rs_robot/meshes/DAE/sensors/rear_lrf
[0.165s] -- Up-to-date: /home/perla/DRL_robot_navigation_ros2/install/td3/share/td3//models/td_robot/velodyne_description/models/rs_robot/meshes/DAE/sensors/rear_lrf/rear_lrf.dae
[0.165s] -- Up-to-date: /home/perla/DRL_robot_navigation_ros2/install/td3/share/td3//models/td_robot/velodyne_description/models/rs_robot/meshes/DAE/sensors/rear_lrf/urg_texture.png
[0.165s] -- Up-to-date: /home/perla/DRL_robot_navigation_ros2/install/td3/share/td3//models/td_robot/velodyne_description/models/rs_robot/meshes/DAE/sensors/front_lrf
[0.165s] -- Up-to-date: /home/perla/DRL_robot_navigation_ros2/install/td3/share/td3//models/td_robot/velodyne_description/models/rs_robot/meshes/DAE/sensors/front_lrf/lrf_texture.png
[0.165s] -- Up-to-date: /home/perla/DRL_robot_navigation_ros2/install/td3/share/td3//models/td_robot/velodyne_description/models/rs_robot/meshes/DAE/sensors/front_lrf/front_lrf.dae
[0.165s] -- Up-to-date: /home/perla/DRL_robot_navigation_ros2/install/td3/share/td3//models/td_robot/velodyne_description/models/rs_robot/meshes/DAE/sensors/gps
[0.165s] -- Up-to-date: /home/perla/DRL_robot_navigation_ros2/install/td3/share/td3//models/td_robot/velodyne_description/models/rs_robot/meshes/DAE/sensors/gps/gps.dae
[0.166s] -- Up-to-date: /home/perla/DRL_robot_navigation_ros2/install/td3/share/td3//models/td_robot/velodyne_description/models/rs_robot/meshes/DAE/sensors/gps/gps_texture.png
[0.166s] -- Up-to-date: /home/perla/DRL_robot_navigation_ros2/install/td3/share/td3//models/td_robot/velodyne_description/models/rs_robot/meshes/DAE/sensors/gim30
[0.166s] -- Up-to-date: /home/perla/DRL_robot_navigation_ros2/install/td3/share/td3//models/td_robot/velodyne_description/models/rs_robot/meshes/DAE/sensors/gim30/gim30.dae
[0.166s] -- Up-to-date: /home/perla/DRL_robot_navigation_ros2/install/td3/share/td3//models/td_robot/velodyne_description/models/rs_robot/meshes/DAE/sensors/gim30/gim30_lrf_texture.png
[0.166s] -- Up-to-date: /home/perla/DRL_robot_navigation_ros2/install/td3/share/td3//models/td_robot/velodyne_description/models/rs_robot/meshes/DAE/sensors/camera
[0.166s] -- Up-to-date: /home/perla/DRL_robot_navigation_ros2/install/td3/share/td3//models/td_robot/velodyne_description/models/rs_robot/meshes/DAE/sensors/camera/camera.dae
[0.166s] -- Up-to-date: /home/perla/DRL_robot_navigation_ros2/install/td3/share/td3//models/td_robot/velodyne_description/models/rs_robot/meshes/DAE/suspension
[0.166s] -- Up-to-date: /home/perla/DRL_robot_navigation_ros2/install/td3/share/td3//models/td_robot/velodyne_description/models/rs_robot/meshes/DAE/suspension/front_right_link.dae
[0.166s] -- Up-to-date: /home/perla/DRL_robot_navigation_ros2/install/td3/share/td3//models/td_robot/velodyne_description/models/rs_robot/meshes/DAE/suspension/rear_right_link.dae
[0.166s] -- Up-to-date: /home/perla/DRL_robot_navigation_ros2/install/td3/share/td3//models/td_robot/velodyne_description/models/rs_robot/meshes/DAE/suspension/rear_left_link.dae
[0.166s] -- Up-to-date: /home/perla/DRL_robot_navigation_ros2/install/td3/share/td3//models/td_robot/velodyne_description/models/rs_robot/meshes/DAE/suspension/front_left_link.dae
[0.166s] -- Up-to-date: /home/perla/DRL_robot_navigation_ros2/install/td3/share/td3//models/td_robot/velodyne_description/models/rs_robot/meshes/DAE/wheel
[0.166s] -- Up-to-date: /home/perla/DRL_robot_navigation_ros2/install/td3/share/td3//models/td_robot/velodyne_description/models/rs_robot/meshes/DAE/wheel/wheel_link.dae
[0.166s] -- Up-to-date: /home/perla/DRL_robot_navigation_ros2/install/td3/share/td3//models/td_robot/velodyne_description/models/rs_robot/meshes/DAE/base
[0.166s] -- Up-to-date: /home/perla/DRL_robot_navigation_ros2/install/td3/share/td3//models/td_robot/velodyne_description/models/rs_robot/meshes/DAE/base/base_link.dae
[0.166s] -- Up-to-date: /home/perla/DRL_robot_navigation_ros2/install/td3/share/td3//models/td_robot/velodyne_description/models/rs_robot/meshes/DAE/base/base_linkOLD.dae
[0.166s] -- Up-to-date: /home/perla/DRL_robot_navigation_ros2/install/td3/share/td3//models/td_robot/velodyne_description/models/rs_robot/meshes/STL
[0.166s] -- Up-to-date: /home/perla/DRL_robot_navigation_ros2/install/td3/share/td3//models/td_robot/velodyne_description/models/rs_robot/meshes/STL/lidar_head
[0.166s] -- Up-to-date: /home/perla/DRL_robot_navigation_ros2/install/td3/share/td3//models/td_robot/velodyne_description/models/rs_robot/meshes/STL/lidar_head/YDlidar_head v4.stl
[0.166s] -- Up-to-date: /home/perla/DRL_robot_navigation_ros2/install/td3/share/td3//models/td_robot/velodyne_description/models/rs_robot/meshes/STL/lidar_base
[0.166s] -- Up-to-date: /home/perla/DRL_robot_navigation_ros2/install/td3/share/td3//models/td_robot/velodyne_description/models/rs_robot/meshes/STL/lidar_base/YDlidar_base.stl
[0.166s] -- Up-to-date: /home/perla/DRL_robot_navigation_ros2/install/td3/share/td3//models/td_robot/velodyne_description/models/rs_robot/meshes/STL/sensors
[0.166s] -- Up-to-date: /home/perla/DRL_robot_navigation_ros2/install/td3/share/td3//models/td_robot/velodyne_description/models/rs_robot/meshes/STL/sensors/rear_lrf
[0.166s] -- Up-to-date: /home/perla/DRL_robot_navigation_ros2/install/td3/share/td3//models/td_robot/velodyne_description/models/rs_robot/meshes/STL/sensors/rear_lrf/rear_lrf.stl
[0.166s] -- Up-to-date: /home/perla/DRL_robot_navigation_ros2/install/td3/share/td3//models/td_robot/velodyne_description/models/rs_robot/meshes/STL/sensors/front_lrf
[0.166s] -- Up-to-date: /home/perla/DRL_robot_navigation_ros2/install/td3/share/td3//models/td_robot/velodyne_description/models/rs_robot/meshes/STL/sensors/front_lrf/front_lrf.stl
[0.166s] -- Up-to-date: /home/perla/DRL_robot_navigation_ros2/install/td3/share/td3//models/td_robot/velodyne_description/models/rs_robot/meshes/STL/sensors/gps
[0.166s] -- Up-to-date: /home/perla/DRL_robot_navigation_ros2/install/td3/share/td3//models/td_robot/velodyne_description/models/rs_robot/meshes/STL/sensors/gps/gps.stl
[0.166s] -- Up-to-date: /home/perla/DRL_robot_navigation_ros2/install/td3/share/td3//models/td_robot/velodyne_description/models/rs_robot/meshes/STL/sensors/gim30
[0.166s] -- Up-to-date: /home/perla/DRL_robot_navigation_ros2/install/td3/share/td3//models/td_robot/velodyne_description/models/rs_robot/meshes/STL/sensors/gim30/gim30.stl
[0.166s] -- Up-to-date: /home/perla/DRL_robot_navigation_ros2/install/td3/share/td3//models/td_robot/velodyne_description/models/rs_robot/meshes/STL/sensors/camera
[0.166s] -- Up-to-date: /home/perla/DRL_robot_navigation_ros2/install/td3/share/td3//models/td_robot/velodyne_description/models/rs_robot/meshes/STL/suspension
[0.167s] -- Up-to-date: /home/perla/DRL_robot_navigation_ros2/install/td3/share/td3//models/td_robot/velodyne_description/models/rs_robot/meshes/STL/suspension/FRONT_LEFT_LINKSTL.stl
[0.167s] -- Up-to-date: /home/perla/DRL_robot_navigation_ros2/install/td3/share/td3//models/td_robot/velodyne_description/models/rs_robot/meshes/STL/suspension/REAR_RIGHT_LINKSTL.stl
[0.167s] -- Up-to-date: /home/perla/DRL_robot_navigation_ros2/install/td3/share/td3//models/td_robot/velodyne_description/models/rs_robot/meshes/STL/suspension/FRONT_RIGHT_LINKSTL.stl
[0.167s] -- Up-to-date: /home/perla/DRL_robot_navigation_ros2/install/td3/share/td3//models/td_robot/velodyne_description/models/rs_robot/meshes/STL/suspension/REAR_LEFT_LINKSTL.stl
[0.167s] -- Up-to-date: /home/perla/DRL_robot_navigation_ros2/install/td3/share/td3//models/td_robot/velodyne_description/models/rs_robot/meshes/STL/suspension/sus_link.stl
[0.167s] -- Up-to-date: /home/perla/DRL_robot_navigation_ros2/install/td3/share/td3//models/td_robot/velodyne_description/models/rs_robot/meshes/STL/wheel
[0.167s] -- Up-to-date: /home/perla/DRL_robot_navigation_ros2/install/td3/share/td3//models/td_robot/velodyne_description/models/rs_robot/meshes/STL/wheel/robot_wheel.stl
[0.167s] -- Up-to-date: /home/perla/DRL_robot_navigation_ros2/install/td3/share/td3//models/td_robot/velodyne_description/models/rs_robot/meshes/STL/base
[0.167s] -- Up-to-date: /home/perla/DRL_robot_navigation_ros2/install/td3/share/td3//models/td_robot/velodyne_description/models/rs_robot/meshes/STL/base/base_link.stl
[0.167s] -- Up-to-date: /home/perla/DRL_robot_navigation_ros2/install/td3/share/td3//models/td_robot/velodyne_description/models/rs_robot/meshes/STL/base/base_link_old.stl
[0.167s] -- Up-to-date: /home/perla/DRL_robot_navigation_ros2/install/td3/share/td3//models/td_robot/velodyne_description/models/rs_robot/rs_robot.sdf
[0.167s] -- Up-to-date: /home/perla/DRL_robot_navigation_ros2/install/td3/share/td3//models/td_robot/velodyne_description/meshes
[0.167s] -- Up-to-date: /home/perla/DRL_robot_navigation_ros2/install/td3/share/td3//models/td_robot/velodyne_description/meshes/VLP16_scan.dae
[0.167s] -- Up-to-date: /home/perla/DRL_robot_navigation_ros2/install/td3/share/td3//models/td_robot/velodyne_description/meshes/VLP16_scan.stl
[0.167s] -- Up-to-date: /home/perla/DRL_robot_navigation_ros2/install/td3/share/td3//models/td_robot/velodyne_description/meshes/VLP16_base_1.dae
[0.167s] -- Up-to-date: /home/perla/DRL_robot_navigation_ros2/install/td3/share/td3//models/td_robot/velodyne_description/meshes/VLP16_base_2.dae
[0.167s] -- Up-to-date: /home/perla/DRL_robot_navigation_ros2/install/td3/share/td3//models/td_robot/velodyne_description/meshes/HDL32E_scan.dae
[0.167s] -- Up-to-date: /home/perla/DRL_robot_navigation_ros2/install/td3/share/td3//models/td_robot/velodyne_description/meshes/VLP16_base_2.stl
[0.167s] -- Up-to-date: /home/perla/DRL_robot_navigation_ros2/install/td3/share/td3//models/td_robot/velodyne_description/meshes/VLP16_base_1.stl
[0.167s] -- Up-to-date: /home/perla/DRL_robot_navigation_ros2/install/td3/share/td3//models/td_robot/velodyne_description/meshes/HDL32E_base.dae
[0.167s] -- Up-to-date: /home/perla/DRL_robot_navigation_ros2/install/td3/share/td3//models/td_robot/velodyne_description/meshes/HDL32E_scan.stl
[0.167s] -- Up-to-date: /home/perla/DRL_robot_navigation_ros2/install/td3/share/td3//models/td_robot/velodyne_description/meshes/HDL32E_base.stl
[0.167s] -- Up-to-date: /home/perla/DRL_robot_navigation_ros2/install/td3/share/td3//models/td_robot/velodyne_description/launch
[0.167s] -- Up-to-date: /home/perla/DRL_robot_navigation_ros2/install/td3/share/td3//models/td_robot/velodyne_description/launch/example-launch.py
[0.167s] -- Up-to-date: /home/perla/DRL_robot_navigation_ros2/install/td3/share/td3//models/td_robot/velodyne_description/package.xml
[0.168s] -- Up-to-date: /home/perla/DRL_robot_navigation_ros2/install/td3/share/td3//models/td_robot/velodyne_description/rviz
[0.168s] -- Up-to-date: /home/perla/DRL_robot_navigation_ros2/install/td3/share/td3//models/td_robot/velodyne_description/rviz/example.rviz
[0.168s] -- Up-to-date: /home/perla/DRL_robot_navigation_ros2/install/td3/share/td3//models/td_robot/velodyne_description/CMakeLists.txt
[0.168s] -- Up-to-date: /home/perla/DRL_robot_navigation_ros2/install/td3/share/td3//models/td_robot/velodyne_description/CHANGELOG.rst
[0.168s] -- Up-to-date: /home/perla/DRL_robot_navigation_ros2/install/td3/share/td3//scripts
[0.168s] -- Up-to-date: /home/perla/DRL_robot_navigation_ros2/install/td3/share/td3//scripts/__pycache__
[0.168s] -- Up-to-date: /home/perla/DRL_robot_navigation_ros2/install/td3/share/td3//scripts/__pycache__/replay_buffer.cpython-38.pyc
[0.168s] -- Up-to-date: /home/perla/DRL_robot_navigation_ros2/install/td3/share/td3//scripts/__pycache__/point_cloud2.cpython-38.pyc
[0.168s] -- Up-to-date: /home/perla/DRL_robot_navigation_ros2/install/td3/share/td3//scripts/replay_buffer.py
[0.168s] -- Installing: /home/perla/DRL_robot_navigation_ros2/install/td3/share/td3//scripts/map_velodyne_node.py
[0.168s] -- Up-to-date: /home/perla/DRL_robot_navigation_ros2/install/td3/share/td3//scripts/train_velodyne_node.py
[0.168s] -- Up-to-date: /home/perla/DRL_robot_navigation_ros2/install/td3/share/td3//scripts/runs
[0.168s] -- Up-to-date: /home/perla/DRL_robot_navigation_ros2/install/td3/share/td3//scripts/runs/events.out.tfevents.1680403580.robotmania-MINIPC-PA90.28181.0
[0.168s] -- Up-to-date: /home/perla/DRL_robot_navigation_ros2/install/td3/share/td3//scripts/runs/events.out.tfevents.1701274498.perla-ROG-Zephyrus-M16-GU603ZM-GU603ZM.87931.0
[0.168s] -- Up-to-date: /home/perla/DRL_robot_navigation_ros2/install/td3/share/td3//scripts/runs/events.out.tfevents.1704884527.perla-ROG-Zephyrus-M16-GU603ZM-GU603ZM.58798.0
[0.168s] -- Up-to-date: /home/perla/DRL_robot_navigation_ros2/install/td3/share/td3//scripts/runs/events.out.tfevents.1680403642.robotmania-MINIPC-PA90.28717.0
[0.168s] -- Up-to-date: /home/perla/DRL_robot_navigation_ros2/install/td3/share/td3//scripts/runs/events.out.tfevents.1702485294.perla-ROG-Zephyrus-M16-GU603ZM-GU603ZM.183175.0
[0.168s] -- Up-to-date: /home/perla/DRL_robot_navigation_ros2/install/td3/share/td3//scripts/runs/events.out.tfevents.1704884519.perla-ROG-Zephyrus-M16-GU603ZM-GU603ZM.58716.0
[0.168s] -- Up-to-date: /home/perla/DRL_robot_navigation_ros2/install/td3/share/td3//scripts/runs/events.out.tfevents.1704810275.perla-ROG-Zephyrus-M16-GU603ZM-GU603ZM.98734.0
[0.168s] -- Up-to-date: /home/perla/DRL_robot_navigation_ros2/install/td3/share/td3//scripts/runs/events.out.tfevents.1704878404.perla-ROG-Zephyrus-M16-GU603ZM-GU603ZM.16682.0
[0.168s] -- Up-to-date: /home/perla/DRL_robot_navigation_ros2/install/td3/share/td3//scripts/runs/events.out.tfevents.1704904006.perla-ROG-Zephyrus-M16-GU603ZM-GU603ZM.13059.0
[0.168s] -- Up-to-date: /home/perla/DRL_robot_navigation_ros2/install/td3/share/td3//scripts/runs/events.out.tfevents.1704892269.perla-ROG-Zephyrus-M16-GU603ZM-GU603ZM.119219.0
[0.168s] -- Up-to-date: /home/perla/DRL_robot_navigation_ros2/install/td3/share/td3//scripts/runs/events.out.tfevents.1704878022.perla-ROG-Zephyrus-M16-GU603ZM-GU603ZM.14181.0
[0.168s] -- Up-to-date: /home/perla/DRL_robot_navigation_ros2/install/td3/share/td3//scripts/runs/events.out.tfevents.1704892379.perla-ROG-Zephyrus-M16-GU603ZM-GU603ZM.119830.0
[0.168s] -- Up-to-date: /home/perla/DRL_robot_navigation_ros2/install/td3/share/td3//scripts/runs/events.out.tfevents.1704810354.perla-ROG-Zephyrus-M16-GU603ZM-GU603ZM.100985.0
[0.169s] -- Up-to-date: /home/perla/DRL_robot_navigation_ros2/install/td3/share/td3//scripts/runs/events.out.tfevents.1704892640.perla-ROG-Zephyrus-M16-GU603ZM-GU603ZM.124641.0
[0.169s] -- Up-to-date: /home/perla/DRL_robot_navigation_ros2/install/td3/share/td3//scripts/runs/events.out.tfevents.1704883319.perla-ROG-Zephyrus-M16-GU603ZM-GU603ZM.56742.0
[0.169s] -- Up-to-date: /home/perla/DRL_robot_navigation_ros2/install/td3/share/td3//scripts/pytorch_models
[0.169s] -- Up-to-date: /home/perla/DRL_robot_navigation_ros2/install/td3/share/td3//scripts/pytorch_models/td3_velodyne_critic.pth
[0.169s] -- Up-to-date: /home/perla/DRL_robot_navigation_ros2/install/td3/share/td3//scripts/pytorch_models/td3_velodyne_actor.pth
[0.169s] -- Up-to-date: /home/perla/DRL_robot_navigation_ros2/install/td3/share/td3//scripts/test_velodyne_node.py
[0.169s] -- Up-to-date: /home/perla/DRL_robot_navigation_ros2/install/td3/share/td3//scripts/point_cloud2.py
[0.169s] -- Up-to-date: /home/perla/DRL_robot_navigation_ros2/install/td3/share/td3//scripts/results
[0.169s] -- Up-to-date: /home/perla/DRL_robot_navigation_ros2/install/td3/share/td3//scripts/results/TD3_velodyne.npy
[0.169s] -- Up-to-date: /home/perla/DRL_robot_navigation_ros2/install/td3/share/td3//scripts/results/td3_velodyne.npy
[0.169s] -- Up-to-date: /home/perla/DRL_robot_navigation_ros2/install/td3/share/td3//urdf
[0.169s] -- Up-to-date: /home/perla/DRL_robot_navigation_ros2/install/td3/share/td3//urdf/meshes
[0.169s] -- Up-to-date: /home/perla/DRL_robot_navigation_ros2/install/td3/share/td3//urdf/meshes/p3dx
[0.169s] -- Up-to-date: /home/perla/DRL_robot_navigation_ros2/install/td3/share/td3//urdf/meshes/p3dx/center_wheel.stl
[0.169s] -- Up-to-date: /home/perla/DRL_robot_navigation_ros2/install/td3/share/td3//urdf/meshes/p3dx/left_wheel.stl
[0.169s] -- Up-to-date: /home/perla/DRL_robot_navigation_ros2/install/td3/share/td3//urdf/meshes/p3dx/top.stl
[0.169s] -- Up-to-date: /home/perla/DRL_robot_navigation_ros2/install/td3/share/td3//urdf/meshes/p3dx/back_rim.stl
[0.169s] -- Up-to-date: /home/perla/DRL_robot_navigation_ros2/install/td3/share/td3//urdf/meshes/p3dx/front_sonar.stl
[0.169s] -- Up-to-date: /home/perla/DRL_robot_navigation_ros2/install/td3/share/td3//urdf/meshes/p3dx/back_sonar.stl
[0.169s] -- Up-to-date: /home/perla/DRL_robot_navigation_ros2/install/td3/share/td3//urdf/meshes/p3dx/left_hubcap.stl
[0.169s] -- Up-to-date: /home/perla/DRL_robot_navigation_ros2/install/td3/share/td3//urdf/meshes/p3dx/center_hubcap.stl
[0.169s] -- Up-to-date: /home/perla/DRL_robot_navigation_ros2/install/td3/share/td3//urdf/meshes/p3dx/right_wheel.stl
[0.169s] -- Up-to-date: /home/perla/DRL_robot_navigation_ros2/install/td3/share/td3//urdf/meshes/p3dx/right_hubcap.stl
[0.169s] -- Up-to-date: /home/perla/DRL_robot_navigation_ros2/install/td3/share/td3//urdf/meshes/p3dx/front_rim.stl
[0.169s] -- Up-to-date: /home/perla/DRL_robot_navigation_ros2/install/td3/share/td3//urdf/meshes/p3dx/chassis.stl
[0.169s] -- Up-to-date: /home/perla/DRL_robot_navigation_ros2/install/td3/share/td3//urdf/meshes/p3dx/swivel.stl
[0.169s] -- Up-to-date: /home/perla/DRL_robot_navigation_ros2/install/td3/share/td3//urdf/meshes/p3dx/Coordinates
[0.169s] -- Up-to-date: /home/perla/DRL_robot_navigation_ros2/install/td3/share/td3//urdf/meshes/laser
[0.169s] -- Up-to-date: /home/perla/DRL_robot_navigation_ros2/install/td3/share/td3//urdf/meshes/laser/hokuyo.dae
[0.170s] -- Up-to-date: /home/perla/DRL_robot_navigation_ros2/install/td3/share/td3//urdf/mapper_params_online_async.yaml
[0.170s] -- Up-to-date: /home/perla/DRL_robot_navigation_ros2/install/td3/share/td3//urdf/td_robot.urdf
[0.170s] -- Up-to-date: /home/perla/DRL_robot_navigation_ros2/install/td3/share/td3//worlds
[0.170s] -- Up-to-date: /home/perla/DRL_robot_navigation_ros2/install/td3/share/td3//worlds/td3.world
[0.170s] -- Up-to-date: /home/perla/DRL_robot_navigation_ros2/install/td3/lib/td3/replay_buffer.py
[0.170s] -- Up-to-date: /home/perla/DRL_robot_navigation_ros2/install/td3/lib/td3/test_velodyne_node.py
[0.170s] -- Up-to-date: /home/perla/DRL_robot_navigation_ros2/install/td3/lib/td3/train_velodyne_node.py
[0.170s] -- Up-to-date: /home/perla/DRL_robot_navigation_ros2/install/td3/lib/td3/point_cloud2.py
[0.170s] -- Up-to-date: /home/perla/DRL_robot_navigation_ros2/install/td3/lib/td3/multi_robot_scenario.launch.py
[0.170s] -- Up-to-date: /home/perla/DRL_robot_navigation_ros2/install/td3/lib/td3/robot_state_publisher.launch.py
[0.170s] -- Up-to-date: /home/perla/DRL_robot_navigation_ros2/install/td3/lib/td3/training_simulation.launch.py
[0.170s] -- Up-to-date: /home/perla/DRL_robot_navigation_ros2/install/td3/lib/td3/test_simulation.launch.py
[0.170s] -- Up-to-date: /home/perla/DRL_robot_navigation_ros2/install/td3/lib/td3/pioneer3dx.rviz
[0.170s] -- Up-to-date: /home/perla/DRL_robot_navigation_ros2/install/td3/share/ament_index/resource_index/package_run_dependencies/td3
[0.170s] -- Up-to-date: /home/perla/DRL_robot_navigation_ros2/install/td3/share/ament_index/resource_index/parent_prefix_path/td3
[0.170s] -- Up-to-date: /home/perla/DRL_robot_navigation_ros2/install/td3/share/td3/environment/ament_prefix_path.sh
[0.170s] -- Up-to-date: /home/perla/DRL_robot_navigation_ros2/install/td3/share/td3/environment/ament_prefix_path.dsv
[0.170s] -- Up-to-date: /home/perla/DRL_robot_navigation_ros2/install/td3/share/td3/environment/path.sh
[0.170s] -- Up-to-date: /home/perla/DRL_robot_navigation_ros2/install/td3/share/td3/environment/path.dsv
[0.170s] -- Up-to-date: /home/perla/DRL_robot_navigation_ros2/install/td3/share/td3/local_setup.bash
[0.170s] -- Up-to-date: /home/perla/DRL_robot_navigation_ros2/install/td3/share/td3/local_setup.sh
[0.170s] -- Up-to-date: /home/perla/DRL_robot_navigation_ros2/install/td3/share/td3/local_setup.zsh
[0.170s] -- Up-to-date: /home/perla/DRL_robot_navigation_ros2/install/td3/share/td3/local_setup.dsv
[0.170s] -- Installing: /home/perla/DRL_robot_navigation_ros2/install/td3/share/td3/package.dsv
[0.170s] -- Up-to-date: /home/perla/DRL_robot_navigation_ros2/install/td3/share/ament_index/resource_index/packages/td3
[0.170s] -- Up-to-date: /home/perla/DRL_robot_navigation_ros2/install/td3/share/td3/cmake/td3Config.cmake
[0.170s] -- Up-to-date: /home/perla/DRL_robot_navigation_ros2/install/td3/share/td3/cmake/td3Config-version.cmake
[0.170s] -- Up-to-date: /home/perla/DRL_robot_navigation_ros2/install/td3/share/td3/package.xml
[0.227s] Invoked command in '/home/perla/DRL_robot_navigation_ros2/build/td3' returned '0': CMAKE_PREFIX_PATH=${CMAKE_PREFIX_PATH}:/home/perla/ros2_ws/install/my_robot_controller:/opt/ros/foxy /usr/bin/cmake --install /home/perla/DRL_robot_navigation_ros2/build/td3
