[1.080s] DEBUG:colcon:Command line arguments: ['/usr/bin/colcon', 'build']
[1.080s] DEBUG:colcon:Parsed command line arguments: Namespace(allow_overriding=[], ament_cmake_args=None, base_paths=['.'], build_base='build', catkin_cmake_args=None, catkin_skip_building_tests=False, cmake_args=None, cmake_clean_cache=False, cmake_clean_first=False, cmake_force_configure=False, cmake_target=None, cmake_target_skip_unavailable=False, continue_on_error=False, event_handlers=None, executor='parallel', ignore_user_meta=False, install_base='install', log_base=None, log_level=None, main=<bound method BuildVerb.main of <colcon_core.verb.build.BuildVerb object at 0x7fe0b968b880>>, merge_install=False, metas=['./colcon.meta'], packages_above=None, packages_above_and_dependencies=None, packages_above_depth=None, packages_end=None, packages_ignore=None, packages_ignore_regex=None, packages_select=None, packages_select_build_failed=False, packages_select_by_dep=None, packages_select_regex=None, packages_select_test_failures=False, packages_skip=None, packages_skip_build_finished=False, packages_skip_by_dep=None, packages_skip_regex=None, packages_skip_test_passed=False, packages_skip_up_to=None, packages_start=None, packages_up_to=None, packages_up_to_regex=None, parallel_workers=20, paths=None, symlink_install=False, test_result_base=None, verb_extension=<colcon_core.verb.build.BuildVerb object at 0x7fe0b968b880>, verb_name='build', verb_parser=<colcon_defaults.argument_parser.defaults.DefaultArgumentsDecorator object at 0x7fe0b9816f10>)
[1.133s] Level 1:colcon.colcon_core.package_discovery:discover_packages(colcon_meta) check parameters
[1.133s] Level 1:colcon.colcon_core.package_discovery:discover_packages(recursive) check parameters
[1.133s] Level 1:colcon.colcon_core.package_discovery:discover_packages(ignore) check parameters
[1.133s] Level 1:colcon.colcon_core.package_discovery:discover_packages(path) check parameters
[1.133s] Level 1:colcon.colcon_core.package_discovery:discover_packages(colcon_meta) discover
[1.133s] Level 1:colcon.colcon_core.package_discovery:discover_packages(recursive) discover
[1.133s] INFO:colcon.colcon_core.package_discovery:Crawling recursively for packages in '/home/perla/DRL_robot_navigation_ros2'
[1.133s] Level 1:colcon.colcon_core.package_identification:_identify(.) by extensions ['ignore', 'ignore_ament_install']
[1.133s] Level 1:colcon.colcon_core.package_identification:_identify(.) by extension 'ignore'
[1.133s] Level 1:colcon.colcon_core.package_identification:_identify(.) by extension 'ignore_ament_install'
[1.133s] Level 1:colcon.colcon_core.package_identification:_identify(.) by extensions ['colcon_pkg']
[1.133s] Level 1:colcon.colcon_core.package_identification:_identify(.) by extension 'colcon_pkg'
[1.133s] Level 1:colcon.colcon_core.package_identification:_identify(.) by extensions ['colcon_meta']
[1.133s] Level 1:colcon.colcon_core.package_identification:_identify(.) by extension 'colcon_meta'
[1.133s] Level 1:colcon.colcon_core.package_identification:_identify(.) by extensions ['ros']
[1.133s] Level 1:colcon.colcon_core.package_identification:_identify(.) by extension 'ros'
[1.140s] Level 1:colcon.colcon_core.package_identification:_identify(.) by extensions ['cmake', 'python']
[1.140s] Level 1:colcon.colcon_core.package_identification:_identify(.) by extension 'cmake'
[1.140s] Level 1:colcon.colcon_core.package_identification:_identify(.) by extension 'python'
[1.140s] Level 1:colcon.colcon_core.package_identification:_identify(.) by extensions ['python_setup_py']
[1.140s] Level 1:colcon.colcon_core.package_identification:_identify(.) by extension 'python_setup_py'
[1.140s] Level 1:colcon.colcon_core.package_identification:_identify(build) by extensions ['ignore', 'ignore_ament_install']
[1.140s] Level 1:colcon.colcon_core.package_identification:_identify(build) by extension 'ignore'
[1.140s] Level 1:colcon.colcon_core.package_identification:_identify(build) ignored
[1.140s] Level 1:colcon.colcon_core.package_identification:_identify(install) by extensions ['ignore', 'ignore_ament_install']
[1.140s] Level 1:colcon.colcon_core.package_identification:_identify(install) by extension 'ignore'
[1.140s] Level 1:colcon.colcon_core.package_identification:_identify(install) ignored
[1.140s] Level 1:colcon.colcon_core.package_identification:_identify(log) by extensions ['ignore', 'ignore_ament_install']
[1.140s] Level 1:colcon.colcon_core.package_identification:_identify(log) by extension 'ignore'
[1.140s] Level 1:colcon.colcon_core.package_identification:_identify(log) ignored
[1.140s] Level 1:colcon.colcon_core.package_identification:_identify(src) by extensions ['ignore', 'ignore_ament_install']
[1.140s] Level 1:colcon.colcon_core.package_identification:_identify(src) by extension 'ignore'
[1.140s] Level 1:colcon.colcon_core.package_identification:_identify(src) by extension 'ignore_ament_install'
[1.140s] Level 1:colcon.colcon_core.package_identification:_identify(src) by extensions ['colcon_pkg']
[1.140s] Level 1:colcon.colcon_core.package_identification:_identify(src) by extension 'colcon_pkg'
[1.140s] Level 1:colcon.colcon_core.package_identification:_identify(src) by extensions ['colcon_meta']
[1.140s] Level 1:colcon.colcon_core.package_identification:_identify(src) by extension 'colcon_meta'
[1.140s] Level 1:colcon.colcon_core.package_identification:_identify(src) by extensions ['ros']
[1.140s] Level 1:colcon.colcon_core.package_identification:_identify(src) by extension 'ros'
[1.140s] Level 1:colcon.colcon_core.package_identification:_identify(src) by extensions ['cmake', 'python']
[1.140s] Level 1:colcon.colcon_core.package_identification:_identify(src) by extension 'cmake'
[1.140s] Level 1:colcon.colcon_core.package_identification:_identify(src) by extension 'python'
[1.140s] Level 1:colcon.colcon_core.package_identification:_identify(src) by extensions ['python_setup_py']
[1.140s] Level 1:colcon.colcon_core.package_identification:_identify(src) by extension 'python_setup_py'
[1.140s] Level 1:colcon.colcon_core.package_identification:_identify(src/omni_cartographer) by extensions ['ignore', 'ignore_ament_install']
[1.140s] Level 1:colcon.colcon_core.package_identification:_identify(src/omni_cartographer) by extension 'ignore'
[1.141s] Level 1:colcon.colcon_core.package_identification:_identify(src/omni_cartographer) by extension 'ignore_ament_install'
[1.141s] Level 1:colcon.colcon_core.package_identification:_identify(src/omni_cartographer) by extensions ['colcon_pkg']
[1.141s] Level 1:colcon.colcon_core.package_identification:_identify(src/omni_cartographer) by extension 'colcon_pkg'
[1.141s] Level 1:colcon.colcon_core.package_identification:_identify(src/omni_cartographer) by extensions ['colcon_meta']
[1.141s] Level 1:colcon.colcon_core.package_identification:_identify(src/omni_cartographer) by extension 'colcon_meta'
[1.141s] Level 1:colcon.colcon_core.package_identification:_identify(src/omni_cartographer) by extensions ['ros']
[1.141s] Level 1:colcon.colcon_core.package_identification:_identify(src/omni_cartographer) by extension 'ros'
[1.142s] DEBUG:colcon.colcon_core.package_identification:Package 'src/omni_cartographer' with type 'ros.ament_cmake' and name 'omni_cartographer'
[1.142s] Level 1:colcon.colcon_core.package_identification:_identify(src/td3) by extensions ['ignore', 'ignore_ament_install']
[1.142s] Level 1:colcon.colcon_core.package_identification:_identify(src/td3) by extension 'ignore'
[1.142s] Level 1:colcon.colcon_core.package_identification:_identify(src/td3) by extension 'ignore_ament_install'
[1.142s] Level 1:colcon.colcon_core.package_identification:_identify(src/td3) by extensions ['colcon_pkg']
[1.142s] Level 1:colcon.colcon_core.package_identification:_identify(src/td3) by extension 'colcon_pkg'
[1.142s] Level 1:colcon.colcon_core.package_identification:_identify(src/td3) by extensions ['colcon_meta']
[1.142s] Level 1:colcon.colcon_core.package_identification:_identify(src/td3) by extension 'colcon_meta'
[1.142s] Level 1:colcon.colcon_core.package_identification:_identify(src/td3) by extensions ['ros']
[1.142s] Level 1:colcon.colcon_core.package_identification:_identify(src/td3) by extension 'ros'
[1.143s] DEBUG:colcon.colcon_core.package_identification:Package 'src/td3' with type 'ros.ament_cmake' and name 'td3'
[1.143s] Level 1:colcon.colcon_core.package_identification:_identify(src/velodyne_simulator) by extensions ['ignore', 'ignore_ament_install']
[1.143s] Level 1:colcon.colcon_core.package_identification:_identify(src/velodyne_simulator) by extension 'ignore'
[1.143s] Level 1:colcon.colcon_core.package_identification:_identify(src/velodyne_simulator) by extension 'ignore_ament_install'
[1.143s] Level 1:colcon.colcon_core.package_identification:_identify(src/velodyne_simulator) by extensions ['colcon_pkg']
[1.143s] Level 1:colcon.colcon_core.package_identification:_identify(src/velodyne_simulator) by extension 'colcon_pkg'
[1.143s] Level 1:colcon.colcon_core.package_identification:_identify(src/velodyne_simulator) by extensions ['colcon_meta']
[1.143s] Level 1:colcon.colcon_core.package_identification:_identify(src/velodyne_simulator) by extension 'colcon_meta'
[1.143s] Level 1:colcon.colcon_core.package_identification:_identify(src/velodyne_simulator) by extensions ['ros']
[1.143s] Level 1:colcon.colcon_core.package_identification:_identify(src/velodyne_simulator) by extension 'ros'
[1.143s] Level 1:colcon.colcon_core.package_identification:_identify(src/velodyne_simulator) by extensions ['cmake', 'python']
[1.143s] Level 1:colcon.colcon_core.package_identification:_identify(src/velodyne_simulator) by extension 'cmake'
[1.143s] Level 1:colcon.colcon_core.package_identification:_identify(src/velodyne_simulator) by extension 'python'
[1.143s] Level 1:colcon.colcon_core.package_identification:_identify(src/velodyne_simulator) by extensions ['python_setup_py']
[1.143s] Level 1:colcon.colcon_core.package_identification:_identify(src/velodyne_simulator) by extension 'python_setup_py'
[1.143s] Level 1:colcon.colcon_core.package_identification:_identify(src/velodyne_simulator/img) by extensions ['ignore', 'ignore_ament_install']
[1.143s] Level 1:colcon.colcon_core.package_identification:_identify(src/velodyne_simulator/img) by extension 'ignore'
[1.143s] Level 1:colcon.colcon_core.package_identification:_identify(src/velodyne_simulator/img) by extension 'ignore_ament_install'
[1.143s] Level 1:colcon.colcon_core.package_identification:_identify(src/velodyne_simulator/img) by extensions ['colcon_pkg']
[1.143s] Level 1:colcon.colcon_core.package_identification:_identify(src/velodyne_simulator/img) by extension 'colcon_pkg'
[1.143s] Level 1:colcon.colcon_core.package_identification:_identify(src/velodyne_simulator/img) by extensions ['colcon_meta']
[1.143s] Level 1:colcon.colcon_core.package_identification:_identify(src/velodyne_simulator/img) by extension 'colcon_meta'
[1.143s] Level 1:colcon.colcon_core.package_identification:_identify(src/velodyne_simulator/img) by extensions ['ros']
[1.143s] Level 1:colcon.colcon_core.package_identification:_identify(src/velodyne_simulator/img) by extension 'ros'
[1.143s] Level 1:colcon.colcon_core.package_identification:_identify(src/velodyne_simulator/img) by extensions ['cmake', 'python']
[1.143s] Level 1:colcon.colcon_core.package_identification:_identify(src/velodyne_simulator/img) by extension 'cmake'
[1.143s] Level 1:colcon.colcon_core.package_identification:_identify(src/velodyne_simulator/img) by extension 'python'
[1.143s] Level 1:colcon.colcon_core.package_identification:_identify(src/velodyne_simulator/img) by extensions ['python_setup_py']
[1.143s] Level 1:colcon.colcon_core.package_identification:_identify(src/velodyne_simulator/img) by extension 'python_setup_py'
[1.143s] Level 1:colcon.colcon_core.package_identification:_identify(src/velodyne_simulator/velodyne_description) by extensions ['ignore', 'ignore_ament_install']
[1.143s] Level 1:colcon.colcon_core.package_identification:_identify(src/velodyne_simulator/velodyne_description) by extension 'ignore'
[1.143s] Level 1:colcon.colcon_core.package_identification:_identify(src/velodyne_simulator/velodyne_description) by extension 'ignore_ament_install'
[1.143s] Level 1:colcon.colcon_core.package_identification:_identify(src/velodyne_simulator/velodyne_description) by extensions ['colcon_pkg']
[1.143s] Level 1:colcon.colcon_core.package_identification:_identify(src/velodyne_simulator/velodyne_description) by extension 'colcon_pkg'
[1.143s] Level 1:colcon.colcon_core.package_identification:_identify(src/velodyne_simulator/velodyne_description) by extensions ['colcon_meta']
[1.143s] Level 1:colcon.colcon_core.package_identification:_identify(src/velodyne_simulator/velodyne_description) by extension 'colcon_meta'
[1.143s] Level 1:colcon.colcon_core.package_identification:_identify(src/velodyne_simulator/velodyne_description) by extensions ['ros']
[1.143s] Level 1:colcon.colcon_core.package_identification:_identify(src/velodyne_simulator/velodyne_description) by extension 'ros'
[1.144s] DEBUG:colcon.colcon_core.package_identification:Package 'src/velodyne_simulator/velodyne_description' with type 'ros.ament_cmake' and name 'velodyne_description'
[1.144s] Level 1:colcon.colcon_core.package_identification:_identify(src/velodyne_simulator/velodyne_gazebo_plugins) by extensions ['ignore', 'ignore_ament_install']
[1.144s] Level 1:colcon.colcon_core.package_identification:_identify(src/velodyne_simulator/velodyne_gazebo_plugins) by extension 'ignore'
[1.144s] Level 1:colcon.colcon_core.package_identification:_identify(src/velodyne_simulator/velodyne_gazebo_plugins) by extension 'ignore_ament_install'
[1.144s] Level 1:colcon.colcon_core.package_identification:_identify(src/velodyne_simulator/velodyne_gazebo_plugins) by extensions ['colcon_pkg']
[1.144s] Level 1:colcon.colcon_core.package_identification:_identify(src/velodyne_simulator/velodyne_gazebo_plugins) by extension 'colcon_pkg'
[1.144s] Level 1:colcon.colcon_core.package_identification:_identify(src/velodyne_simulator/velodyne_gazebo_plugins) by extensions ['colcon_meta']
[1.144s] Level 1:colcon.colcon_core.package_identification:_identify(src/velodyne_simulator/velodyne_gazebo_plugins) by extension 'colcon_meta'
[1.144s] Level 1:colcon.colcon_core.package_identification:_identify(src/velodyne_simulator/velodyne_gazebo_plugins) by extensions ['ros']
[1.144s] Level 1:colcon.colcon_core.package_identification:_identify(src/velodyne_simulator/velodyne_gazebo_plugins) by extension 'ros'
[1.144s] DEBUG:colcon.colcon_core.package_identification:Package 'src/velodyne_simulator/velodyne_gazebo_plugins' with type 'ros.ament_cmake' and name 'velodyne_gazebo_plugins'
[1.145s] Level 1:colcon.colcon_core.package_identification:_identify(src/velodyne_simulator/velodyne_simulator) by extensions ['ignore', 'ignore_ament_install']
[1.145s] Level 1:colcon.colcon_core.package_identification:_identify(src/velodyne_simulator/velodyne_simulator) by extension 'ignore'
[1.145s] Level 1:colcon.colcon_core.package_identification:_identify(src/velodyne_simulator/velodyne_simulator) by extension 'ignore_ament_install'
[1.145s] Level 1:colcon.colcon_core.package_identification:_identify(src/velodyne_simulator/velodyne_simulator) by extensions ['colcon_pkg']
[1.145s] Level 1:colcon.colcon_core.package_identification:_identify(src/velodyne_simulator/velodyne_simulator) by extension 'colcon_pkg'
[1.145s] Level 1:colcon.colcon_core.package_identification:_identify(src/velodyne_simulator/velodyne_simulator) by extensions ['colcon_meta']
[1.145s] Level 1:colcon.colcon_core.package_identification:_identify(src/velodyne_simulator/velodyne_simulator) by extension 'colcon_meta'
[1.145s] Level 1:colcon.colcon_core.package_identification:_identify(src/velodyne_simulator/velodyne_simulator) by extensions ['ros']
[1.145s] Level 1:colcon.colcon_core.package_identification:_identify(src/velodyne_simulator/velodyne_simulator) by extension 'ros'
[1.145s] DEBUG:colcon.colcon_core.package_identification:Package 'src/velodyne_simulator/velodyne_simulator' with type 'ros.ament_cmake' and name 'velodyne_simulator'
[1.145s] Level 1:colcon.colcon_core.package_discovery:discover_packages(recursive) using defaults
[1.145s] Level 1:colcon.colcon_core.package_discovery:discover_packages(ignore) discover
[1.145s] Level 1:colcon.colcon_core.package_discovery:discover_packages(ignore) using defaults
[1.145s] Level 1:colcon.colcon_core.package_discovery:discover_packages(path) discover
[1.145s] Level 1:colcon.colcon_core.package_discovery:discover_packages(path) using defaults
[1.247s] Level 1:colcon.colcon_core.package_discovery:discover_packages(prefix_path) check parameters
[1.247s] Level 1:colcon.colcon_core.package_discovery:discover_packages(prefix_path) discover
[1.286s] DEBUG:colcon.colcon_installed_package_information.package_discovery:Found 5 installed packages in /home/perla/DRL_robot_navigation_ros2/install
[1.305s] DEBUG:colcon.colcon_installed_package_information.package_discovery:Found 5 installed packages in /home/perla/ros2_ws/install
[1.323s] DEBUG:colcon.colcon_installed_package_information.package_discovery:Found 336 installed packages in /opt/ros/foxy
[1.324s] Level 1:colcon.colcon_core.package_discovery:discover_packages(prefix_path) using defaults
[1.402s] Level 5:colcon.colcon_core.verb:set package 'omni_cartographer' build argument 'cmake_args' from command line to 'None'
[1.402s] Level 5:colcon.colcon_core.verb:set package 'omni_cartographer' build argument 'cmake_target' from command line to 'None'
[1.402s] Level 5:colcon.colcon_core.verb:set package 'omni_cartographer' build argument 'cmake_target_skip_unavailable' from command line to 'False'
[1.402s] Level 5:colcon.colcon_core.verb:set package 'omni_cartographer' build argument 'cmake_clean_cache' from command line to 'False'
[1.402s] Level 5:colcon.colcon_core.verb:set package 'omni_cartographer' build argument 'cmake_clean_first' from command line to 'False'
[1.402s] Level 5:colcon.colcon_core.verb:set package 'omni_cartographer' build argument 'cmake_force_configure' from command line to 'False'
[1.402s] Level 5:colcon.colcon_core.verb:set package 'omni_cartographer' build argument 'ament_cmake_args' from command line to 'None'
[1.402s] Level 5:colcon.colcon_core.verb:set package 'omni_cartographer' build argument 'catkin_cmake_args' from command line to 'None'
[1.402s] Level 5:colcon.colcon_core.verb:set package 'omni_cartographer' build argument 'catkin_skip_building_tests' from command line to 'False'
[1.403s] DEBUG:colcon.colcon_core.verb:Building package 'omni_cartographer' with the following arguments: {'ament_cmake_args': None, 'build_base': '/home/perla/DRL_robot_navigation_ros2/build/omni_cartographer', 'catkin_cmake_args': None, 'catkin_skip_building_tests': False, 'cmake_args': None, 'cmake_clean_cache': False, 'cmake_clean_first': False, 'cmake_force_configure': False, 'cmake_target': None, 'cmake_target_skip_unavailable': False, 'install_base': '/home/perla/DRL_robot_navigation_ros2/install/omni_cartographer', 'merge_install': False, 'path': '/home/perla/DRL_robot_navigation_ros2/src/omni_cartographer', 'symlink_install': False, 'test_result_base': None}
[1.420s] Level 5:colcon.colcon_core.verb:set package 'td3' build argument 'cmake_args' from command line to 'None'
[1.420s] Level 5:colcon.colcon_core.verb:set package 'td3' build argument 'cmake_target' from command line to 'None'
[1.420s] Level 5:colcon.colcon_core.verb:set package 'td3' build argument 'cmake_target_skip_unavailable' from command line to 'False'
[1.420s] Level 5:colcon.colcon_core.verb:set package 'td3' build argument 'cmake_clean_cache' from command line to 'False'
[1.420s] Level 5:colcon.colcon_core.verb:set package 'td3' build argument 'cmake_clean_first' from command line to 'False'
[1.420s] Level 5:colcon.colcon_core.verb:set package 'td3' build argument 'cmake_force_configure' from command line to 'False'
[1.420s] Level 5:colcon.colcon_core.verb:set package 'td3' build argument 'ament_cmake_args' from command line to 'None'
[1.420s] Level 5:colcon.colcon_core.verb:set package 'td3' build argument 'catkin_cmake_args' from command line to 'None'
[1.420s] Level 5:colcon.colcon_core.verb:set package 'td3' build argument 'catkin_skip_building_tests' from command line to 'False'
[1.420s] DEBUG:colcon.colcon_core.verb:Building package 'td3' with the following arguments: {'ament_cmake_args': None, 'build_base': '/home/perla/DRL_robot_navigation_ros2/build/td3', 'catkin_cmake_args': None, 'catkin_skip_building_tests': False, 'cmake_args': None, 'cmake_clean_cache': False, 'cmake_clean_first': False, 'cmake_force_configure': False, 'cmake_target': None, 'cmake_target_skip_unavailable': False, 'install_base': '/home/perla/DRL_robot_navigation_ros2/install/td3', 'merge_install': False, 'path': '/home/perla/DRL_robot_navigation_ros2/src/td3', 'symlink_install': False, 'test_result_base': None}
[1.438s] Level 5:colcon.colcon_core.verb:set package 'velodyne_description' build argument 'cmake_args' from command line to 'None'
[1.438s] Level 5:colcon.colcon_core.verb:set package 'velodyne_description' build argument 'cmake_target' from command line to 'None'
[1.438s] Level 5:colcon.colcon_core.verb:set package 'velodyne_description' build argument 'cmake_target_skip_unavailable' from command line to 'False'
[1.438s] Level 5:colcon.colcon_core.verb:set package 'velodyne_description' build argument 'cmake_clean_cache' from command line to 'False'
[1.438s] Level 5:colcon.colcon_core.verb:set package 'velodyne_description' build argument 'cmake_clean_first' from command line to 'False'
[1.438s] Level 5:colcon.colcon_core.verb:set package 'velodyne_description' build argument 'cmake_force_configure' from command line to 'False'
[1.438s] Level 5:colcon.colcon_core.verb:set package 'velodyne_description' build argument 'ament_cmake_args' from command line to 'None'
[1.438s] Level 5:colcon.colcon_core.verb:set package 'velodyne_description' build argument 'catkin_cmake_args' from command line to 'None'
[1.438s] Level 5:colcon.colcon_core.verb:set package 'velodyne_description' build argument 'catkin_skip_building_tests' from command line to 'False'
[1.438s] DEBUG:colcon.colcon_core.verb:Building package 'velodyne_description' with the following arguments: {'ament_cmake_args': None, 'build_base': '/home/perla/DRL_robot_navigation_ros2/build/velodyne_description', 'catkin_cmake_args': None, 'catkin_skip_building_tests': False, 'cmake_args': None, 'cmake_clean_cache': False, 'cmake_clean_first': False, 'cmake_force_configure': False, 'cmake_target': None, 'cmake_target_skip_unavailable': False, 'install_base': '/home/perla/DRL_robot_navigation_ros2/install/velodyne_description', 'merge_install': False, 'path': '/home/perla/DRL_robot_navigation_ros2/src/velodyne_simulator/velodyne_description', 'symlink_install': False, 'test_result_base': None}
[1.456s] Level 5:colcon.colcon_core.verb:set package 'velodyne_gazebo_plugins' build argument 'cmake_args' from command line to 'None'
[1.457s] Level 5:colcon.colcon_core.verb:set package 'velodyne_gazebo_plugins' build argument 'cmake_target' from command line to 'None'
[1.457s] Level 5:colcon.colcon_core.verb:set package 'velodyne_gazebo_plugins' build argument 'cmake_target_skip_unavailable' from command line to 'False'
[1.457s] Level 5:colcon.colcon_core.verb:set package 'velodyne_gazebo_plugins' build argument 'cmake_clean_cache' from command line to 'False'
[1.457s] Level 5:colcon.colcon_core.verb:set package 'velodyne_gazebo_plugins' build argument 'cmake_clean_first' from command line to 'False'
[1.457s] Level 5:colcon.colcon_core.verb:set package 'velodyne_gazebo_plugins' build argument 'cmake_force_configure' from command line to 'False'
[1.457s] Level 5:colcon.colcon_core.verb:set package 'velodyne_gazebo_plugins' build argument 'ament_cmake_args' from command line to 'None'
[1.457s] Level 5:colcon.colcon_core.verb:set package 'velodyne_gazebo_plugins' build argument 'catkin_cmake_args' from command line to 'None'
[1.457s] Level 5:colcon.colcon_core.verb:set package 'velodyne_gazebo_plugins' build argument 'catkin_skip_building_tests' from command line to 'False'
[1.457s] DEBUG:colcon.colcon_core.verb:Building package 'velodyne_gazebo_plugins' with the following arguments: {'ament_cmake_args': None, 'build_base': '/home/perla/DRL_robot_navigation_ros2/build/velodyne_gazebo_plugins', 'catkin_cmake_args': None, 'catkin_skip_building_tests': False, 'cmake_args': None, 'cmake_clean_cache': False, 'cmake_clean_first': False, 'cmake_force_configure': False, 'cmake_target': None, 'cmake_target_skip_unavailable': False, 'install_base': '/home/perla/DRL_robot_navigation_ros2/install/velodyne_gazebo_plugins', 'merge_install': False, 'path': '/home/perla/DRL_robot_navigation_ros2/src/velodyne_simulator/velodyne_gazebo_plugins', 'symlink_install': False, 'test_result_base': None}
[1.475s] Level 5:colcon.colcon_core.verb:set package 'velodyne_simulator' build argument 'cmake_args' from command line to 'None'
[1.475s] Level 5:colcon.colcon_core.verb:set package 'velodyne_simulator' build argument 'cmake_target' from command line to 'None'
[1.475s] Level 5:colcon.colcon_core.verb:set package 'velodyne_simulator' build argument 'cmake_target_skip_unavailable' from command line to 'False'
[1.475s] Level 5:colcon.colcon_core.verb:set package 'velodyne_simulator' build argument 'cmake_clean_cache' from command line to 'False'
[1.475s] Level 5:colcon.colcon_core.verb:set package 'velodyne_simulator' build argument 'cmake_clean_first' from command line to 'False'
[1.475s] Level 5:colcon.colcon_core.verb:set package 'velodyne_simulator' build argument 'cmake_force_configure' from command line to 'False'
[1.475s] Level 5:colcon.colcon_core.verb:set package 'velodyne_simulator' build argument 'ament_cmake_args' from command line to 'None'
[1.475s] Level 5:colcon.colcon_core.verb:set package 'velodyne_simulator' build argument 'catkin_cmake_args' from command line to 'None'
[1.475s] Level 5:colcon.colcon_core.verb:set package 'velodyne_simulator' build argument 'catkin_skip_building_tests' from command line to 'False'
[1.475s] DEBUG:colcon.colcon_core.verb:Building package 'velodyne_simulator' with the following arguments: {'ament_cmake_args': None, 'build_base': '/home/perla/DRL_robot_navigation_ros2/build/velodyne_simulator', 'catkin_cmake_args': None, 'catkin_skip_building_tests': False, 'cmake_args': None, 'cmake_clean_cache': False, 'cmake_clean_first': False, 'cmake_force_configure': False, 'cmake_target': None, 'cmake_target_skip_unavailable': False, 'install_base': '/home/perla/DRL_robot_navigation_ros2/install/velodyne_simulator', 'merge_install': False, 'path': '/home/perla/DRL_robot_navigation_ros2/src/velodyne_simulator/velodyne_simulator', 'symlink_install': False, 'test_result_base': None}
[1.493s] INFO:colcon.colcon_core.executor:Executing jobs using 'parallel' executor
[1.512s] DEBUG:colcon.colcon_parallel_executor.executor.parallel:run_until_complete
[1.512s] INFO:colcon.colcon_ros.task.ament_cmake.build:Building ROS package in '/home/perla/DRL_robot_navigation_ros2/src/velodyne_simulator/velodyne_description' with build type 'ament_cmake'
[1.512s] INFO:colcon.colcon_cmake.task.cmake.build:Building CMake package in '/home/perla/DRL_robot_navigation_ros2/src/velodyne_simulator/velodyne_description'
[1.532s] INFO:colcon.colcon_core.plugin_system:Skipping extension 'colcon_core.shell.bat': Not used on non-Windows systems
[1.532s] INFO:colcon.colcon_core.shell:Skip shell extension 'powershell' for command environment: Not usable outside of PowerShell
[1.532s] DEBUG:colcon.colcon_core.shell:Skip shell extension 'dsv' for command environment
[1.620s] INFO:colcon.colcon_ros.task.ament_cmake.build:Building ROS package in '/home/perla/DRL_robot_navigation_ros2/src/velodyne_simulator/velodyne_gazebo_plugins' with build type 'ament_cmake'
[1.620s] INFO:colcon.colcon_cmake.task.cmake.build:Building CMake package in '/home/perla/DRL_robot_navigation_ros2/src/velodyne_simulator/velodyne_gazebo_plugins'
[1.640s] INFO:colcon.colcon_core.shell:Skip shell extension 'powershell' for command environment: Not usable outside of PowerShell
[1.640s] DEBUG:colcon.colcon_core.shell:Skip shell extension 'dsv' for command environment
[1.716s] INFO:colcon.colcon_ros.task.ament_cmake.build:Building ROS package in '/home/perla/DRL_robot_navigation_ros2/src/omni_cartographer' with build type 'ament_cmake'
[1.717s] INFO:colcon.colcon_cmake.task.cmake.build:Building CMake package in '/home/perla/DRL_robot_navigation_ros2/src/omni_cartographer'
[1.736s] INFO:colcon.colcon_core.shell:Skip shell extension 'powershell' for command environment: Not usable outside of PowerShell
[1.736s] DEBUG:colcon.colcon_core.shell:Skip shell extension 'dsv' for command environment
[1.811s] INFO:colcon.colcon_ros.task.ament_cmake.build:Building ROS package in '/home/perla/DRL_robot_navigation_ros2/src/td3' with build type 'ament_cmake'
[1.811s] INFO:colcon.colcon_cmake.task.cmake.build:Building CMake package in '/home/perla/DRL_robot_navigation_ros2/src/td3'
[1.831s] INFO:colcon.colcon_core.shell:Skip shell extension 'powershell' for command environment: Not usable outside of PowerShell
[1.831s] DEBUG:colcon.colcon_core.shell:Skip shell extension 'dsv' for command environment
[1.910s] DEBUG:colcon.colcon_core.event_handler.log_command:Invoking command in '/home/perla/DRL_robot_navigation_ros2/build/velodyne_description': CMAKE_PREFIX_PATH=${CMAKE_PREFIX_PATH}:/home/perla/ros2_ws/install/my_robot_controller:/opt/ros/foxy /usr/bin/cmake --build /home/perla/DRL_robot_navigation_ros2/build/velodyne_description -- -j20 -l20
[1.914s] DEBUG:colcon.colcon_core.event_handler.log_command:Invoking command in '/home/perla/DRL_robot_navigation_ros2/build/velodyne_gazebo_plugins': CMAKE_PREFIX_PATH=${CMAKE_PREFIX_PATH}:/home/perla/ros2_ws/install/my_robot_controller:/opt/ros/foxy /usr/bin/cmake --build /home/perla/DRL_robot_navigation_ros2/build/velodyne_gazebo_plugins -- -j20 -l20
[1.917s] DEBUG:colcon.colcon_core.event_handler.log_command:Invoking command in '/home/perla/DRL_robot_navigation_ros2/build/omni_cartographer': CMAKE_PREFIX_PATH=${CMAKE_PREFIX_PATH}:/home/perla/ros2_ws/install/my_robot_controller:/opt/ros/foxy /usr/bin/cmake --build /home/perla/DRL_robot_navigation_ros2/build/omni_cartographer -- -j20 -l20
[1.922s] DEBUG:colcon.colcon_core.event_handler.log_command:Invoking command in '/home/perla/DRL_robot_navigation_ros2/build/td3': CMAKE_PREFIX_PATH=${CMAKE_PREFIX_PATH}:/home/perla/ros2_ws/install/my_robot_controller:/opt/ros/foxy /usr/bin/cmake --build /home/perla/DRL_robot_navigation_ros2/build/td3 -- -j20 -l20
[1.935s] DEBUG:colcon.colcon_core.event_handler.log_command:Invoked command in '/home/perla/DRL_robot_navigation_ros2/build/velodyne_description' returned '0': CMAKE_PREFIX_PATH=${CMAKE_PREFIX_PATH}:/home/perla/ros2_ws/install/my_robot_controller:/opt/ros/foxy /usr/bin/cmake --build /home/perla/DRL_robot_navigation_ros2/build/velodyne_description -- -j20 -l20
[1.940s] DEBUG:colcon.colcon_core.event_handler.log_command:Invoked command in '/home/perla/DRL_robot_navigation_ros2/build/omni_cartographer' returned '0': CMAKE_PREFIX_PATH=${CMAKE_PREFIX_PATH}:/home/perla/ros2_ws/install/my_robot_controller:/opt/ros/foxy /usr/bin/cmake --build /home/perla/DRL_robot_navigation_ros2/build/omni_cartographer -- -j20 -l20
[1.945s] DEBUG:colcon.colcon_core.event_handler.log_command:Invoked command in '/home/perla/DRL_robot_navigation_ros2/build/td3' returned '0': CMAKE_PREFIX_PATH=${CMAKE_PREFIX_PATH}:/home/perla/ros2_ws/install/my_robot_controller:/opt/ros/foxy /usr/bin/cmake --build /home/perla/DRL_robot_navigation_ros2/build/td3 -- -j20 -l20
[1.961s] DEBUG:colcon.colcon_core.event_handler.log_command:Invoking command in '/home/perla/DRL_robot_navigation_ros2/build/velodyne_description': CMAKE_PREFIX_PATH=${CMAKE_PREFIX_PATH}:/home/perla/ros2_ws/install/my_robot_controller:/opt/ros/foxy /usr/bin/cmake --install /home/perla/DRL_robot_navigation_ros2/build/velodyne_description
[1.964s] DEBUG:colcon.colcon_core.event_handler.log_command:Invoking command in '/home/perla/DRL_robot_navigation_ros2/build/omni_cartographer': CMAKE_PREFIX_PATH=${CMAKE_PREFIX_PATH}:/home/perla/ros2_ws/install/my_robot_controller:/opt/ros/foxy /usr/bin/cmake --install /home/perla/DRL_robot_navigation_ros2/build/omni_cartographer
[1.965s] DEBUG:colcon.colcon_core.event_handler.log_command:Invoking command in '/home/perla/DRL_robot_navigation_ros2/build/td3': CMAKE_PREFIX_PATH=${CMAKE_PREFIX_PATH}:/home/perla/ros2_ws/install/my_robot_controller:/opt/ros/foxy /usr/bin/cmake --install /home/perla/DRL_robot_navigation_ros2/build/td3
[1.973s] Level 1:colcon.colcon_core.environment:create_environment_scripts_only(velodyne_description)
[1.978s] DEBUG:colcon.colcon_core.event_handler.log_command:Invoked command in '/home/perla/DRL_robot_navigation_ros2/build/velodyne_gazebo_plugins' returned '0': CMAKE_PREFIX_PATH=${CMAKE_PREFIX_PATH}:/home/perla/ros2_ws/install/my_robot_controller:/opt/ros/foxy /usr/bin/cmake --build /home/perla/DRL_robot_navigation_ros2/build/velodyne_gazebo_plugins -- -j20 -l20
[1.984s] DEBUG:colcon.colcon_core.event_handler.log_command:Invoked command in '/home/perla/DRL_robot_navigation_ros2/build/velodyne_description' returned '0': CMAKE_PREFIX_PATH=${CMAKE_PREFIX_PATH}:/home/perla/ros2_ws/install/my_robot_controller:/opt/ros/foxy /usr/bin/cmake --install /home/perla/DRL_robot_navigation_ros2/build/velodyne_description
[2.009s] Level 1:colcon.colcon_core.environment:checking '/home/perla/DRL_robot_navigation_ros2/install/velodyne_description' for CMake module files
[2.010s] Level 1:colcon.colcon_core.environment:checking '/home/perla/DRL_robot_navigation_ros2/install/velodyne_description' for CMake config files
[2.010s] Level 1:colcon.colcon_core.shell:create_environment_hook('velodyne_description', 'cmake_prefix_path')
[2.029s] INFO:colcon.colcon_core.shell:Creating environment hook '/home/perla/DRL_robot_navigation_ros2/install/velodyne_description/share/velodyne_description/hook/cmake_prefix_path.ps1'
[2.029s] INFO:colcon.colcon_core.shell:Creating environment descriptor '/home/perla/DRL_robot_navigation_ros2/install/velodyne_description/share/velodyne_description/hook/cmake_prefix_path.dsv'
[2.030s] INFO:colcon.colcon_core.shell:Creating environment hook '/home/perla/DRL_robot_navigation_ros2/install/velodyne_description/share/velodyne_description/hook/cmake_prefix_path.sh'
[2.030s] Level 1:colcon.colcon_core.environment:checking '/home/perla/DRL_robot_navigation_ros2/install/velodyne_description/bin'
[2.030s] Level 1:colcon.colcon_core.environment:checking '/home/perla/DRL_robot_navigation_ros2/install/velodyne_description/lib/pkgconfig/velodyne_description.pc'
[2.030s] Level 1:colcon.colcon_core.environment:checking '/home/perla/DRL_robot_navigation_ros2/install/velodyne_description/lib/python3.8/site-packages'
[2.030s] Level 1:colcon.colcon_core.environment:checking '/home/perla/DRL_robot_navigation_ros2/install/velodyne_description/bin'
[2.049s] INFO:colcon.colcon_core.shell:Creating package script '/home/perla/DRL_robot_navigation_ros2/install/velodyne_description/share/velodyne_description/package.ps1'
[2.049s] INFO:colcon.colcon_core.shell:Creating package descriptor '/home/perla/DRL_robot_navigation_ros2/install/velodyne_description/share/velodyne_description/package.dsv'
[2.050s] INFO:colcon.colcon_core.shell:Creating package script '/home/perla/DRL_robot_navigation_ros2/install/velodyne_description/share/velodyne_description/package.sh'
[2.050s] INFO:colcon.colcon_core.shell:Creating package script '/home/perla/DRL_robot_navigation_ros2/install/velodyne_description/share/velodyne_description/package.bash'
[2.050s] INFO:colcon.colcon_core.shell:Creating package script '/home/perla/DRL_robot_navigation_ros2/install/velodyne_description/share/velodyne_description/package.zsh'
[2.051s] Level 1:colcon.colcon_core.environment:create_file_with_runtime_dependencies(/home/perla/DRL_robot_navigation_ros2/install/velodyne_description/share/colcon-core/packages/velodyne_description)
[2.053s] Level 1:colcon.colcon_core.environment:create_environment_scripts_only(omni_cartographer)
[2.054s] DEBUG:colcon.colcon_core.event_handler.log_command:Invoked command in '/home/perla/DRL_robot_navigation_ros2/build/omni_cartographer' returned '0': CMAKE_PREFIX_PATH=${CMAKE_PREFIX_PATH}:/home/perla/ros2_ws/install/my_robot_controller:/opt/ros/foxy /usr/bin/cmake --install /home/perla/DRL_robot_navigation_ros2/build/omni_cartographer
[2.074s] Level 1:colcon.colcon_core.environment:checking '/home/perla/DRL_robot_navigation_ros2/install/omni_cartographer' for CMake module files
[2.075s] Level 1:colcon.colcon_core.environment:checking '/home/perla/DRL_robot_navigation_ros2/install/omni_cartographer' for CMake config files
[2.075s] Level 1:colcon.colcon_core.shell:create_environment_hook('omni_cartographer', 'cmake_prefix_path')
[2.094s] INFO:colcon.colcon_core.shell:Creating environment hook '/home/perla/DRL_robot_navigation_ros2/install/omni_cartographer/share/omni_cartographer/hook/cmake_prefix_path.ps1'
[2.094s] INFO:colcon.colcon_core.shell:Creating environment descriptor '/home/perla/DRL_robot_navigation_ros2/install/omni_cartographer/share/omni_cartographer/hook/cmake_prefix_path.dsv'
[2.094s] INFO:colcon.colcon_core.shell:Creating environment hook '/home/perla/DRL_robot_navigation_ros2/install/omni_cartographer/share/omni_cartographer/hook/cmake_prefix_path.sh'
[2.094s] Level 1:colcon.colcon_core.environment:checking '/home/perla/DRL_robot_navigation_ros2/install/omni_cartographer/bin'
[2.094s] Level 1:colcon.colcon_core.environment:checking '/home/perla/DRL_robot_navigation_ros2/install/omni_cartographer/lib/pkgconfig/omni_cartographer.pc'
[2.095s] Level 1:colcon.colcon_core.environment:checking '/home/perla/DRL_robot_navigation_ros2/install/omni_cartographer/lib/python3.8/site-packages'
[2.095s] Level 1:colcon.colcon_core.environment:checking '/home/perla/DRL_robot_navigation_ros2/install/omni_cartographer/bin'
[2.113s] INFO:colcon.colcon_core.shell:Creating package script '/home/perla/DRL_robot_navigation_ros2/install/omni_cartographer/share/omni_cartographer/package.ps1'
[2.113s] INFO:colcon.colcon_core.shell:Creating package descriptor '/home/perla/DRL_robot_navigation_ros2/install/omni_cartographer/share/omni_cartographer/package.dsv'
[2.113s] INFO:colcon.colcon_core.shell:Creating package script '/home/perla/DRL_robot_navigation_ros2/install/omni_cartographer/share/omni_cartographer/package.sh'
[2.114s] INFO:colcon.colcon_core.shell:Creating package script '/home/perla/DRL_robot_navigation_ros2/install/omni_cartographer/share/omni_cartographer/package.bash'
[2.114s] INFO:colcon.colcon_core.shell:Creating package script '/home/perla/DRL_robot_navigation_ros2/install/omni_cartographer/share/omni_cartographer/package.zsh'
[2.114s] Level 1:colcon.colcon_core.environment:create_file_with_runtime_dependencies(/home/perla/DRL_robot_navigation_ros2/install/omni_cartographer/share/colcon-core/packages/omni_cartographer)
[2.116s] Level 1:colcon.colcon_core.environment:create_environment_scripts_only(td3)
[2.117s] DEBUG:colcon.colcon_core.event_handler.log_command:Invoked command in '/home/perla/DRL_robot_navigation_ros2/build/td3' returned '0': CMAKE_PREFIX_PATH=${CMAKE_PREFIX_PATH}:/home/perla/ros2_ws/install/my_robot_controller:/opt/ros/foxy /usr/bin/cmake --install /home/perla/DRL_robot_navigation_ros2/build/td3
[2.136s] Level 1:colcon.colcon_core.environment:checking '/home/perla/DRL_robot_navigation_ros2/install/td3' for CMake module files
[2.137s] Level 1:colcon.colcon_core.environment:checking '/home/perla/DRL_robot_navigation_ros2/install/td3' for CMake config files
[2.137s] Level 1:colcon.colcon_core.shell:create_environment_hook('td3', 'cmake_prefix_path')
[2.163s] INFO:colcon.colcon_core.shell:Creating environment hook '/home/perla/DRL_robot_navigation_ros2/install/td3/share/td3/hook/cmake_prefix_path.ps1'
[2.164s] INFO:colcon.colcon_core.shell:Creating environment descriptor '/home/perla/DRL_robot_navigation_ros2/install/td3/share/td3/hook/cmake_prefix_path.dsv'
[2.164s] INFO:colcon.colcon_core.shell:Creating environment hook '/home/perla/DRL_robot_navigation_ros2/install/td3/share/td3/hook/cmake_prefix_path.sh'
[2.164s] Level 1:colcon.colcon_core.environment:checking '/home/perla/DRL_robot_navigation_ros2/install/td3/lib'
[2.164s] Level 1:colcon.colcon_core.environment:checking '/home/perla/DRL_robot_navigation_ros2/install/td3/bin'
[2.164s] Level 1:colcon.colcon_core.environment:checking '/home/perla/DRL_robot_navigation_ros2/install/td3/lib/pkgconfig/td3.pc'
[2.164s] Level 1:colcon.colcon_core.environment:checking '/home/perla/DRL_robot_navigation_ros2/install/td3/lib/python3.8/site-packages'
[2.164s] Level 1:colcon.colcon_core.environment:checking '/home/perla/DRL_robot_navigation_ros2/install/td3/bin'
[2.183s] INFO:colcon.colcon_core.shell:Creating package script '/home/perla/DRL_robot_navigation_ros2/install/td3/share/td3/package.ps1'
[2.183s] INFO:colcon.colcon_core.shell:Creating package descriptor '/home/perla/DRL_robot_navigation_ros2/install/td3/share/td3/package.dsv'
[2.183s] INFO:colcon.colcon_core.shell:Creating package script '/home/perla/DRL_robot_navigation_ros2/install/td3/share/td3/package.sh'
[2.184s] INFO:colcon.colcon_core.shell:Creating package script '/home/perla/DRL_robot_navigation_ros2/install/td3/share/td3/package.bash'
[2.184s] INFO:colcon.colcon_core.shell:Creating package script '/home/perla/DRL_robot_navigation_ros2/install/td3/share/td3/package.zsh'
[2.184s] Level 1:colcon.colcon_core.environment:create_file_with_runtime_dependencies(/home/perla/DRL_robot_navigation_ros2/install/td3/share/colcon-core/packages/td3)
[2.188s] DEBUG:colcon.colcon_core.event_handler.log_command:Invoking command in '/home/perla/DRL_robot_navigation_ros2/build/velodyne_gazebo_plugins': CMAKE_PREFIX_PATH=${CMAKE_PREFIX_PATH}:/home/perla/ros2_ws/install/my_robot_controller:/opt/ros/foxy /usr/bin/cmake --install /home/perla/DRL_robot_navigation_ros2/build/velodyne_gazebo_plugins
[2.210s] Level 1:colcon.colcon_core.environment:create_environment_scripts_only(velodyne_description)
[2.229s] Level 1:colcon.colcon_core.environment:checking '/home/perla/DRL_robot_navigation_ros2/install/velodyne_description' for CMake module files
[2.229s] Level 1:colcon.colcon_core.environment:checking '/home/perla/DRL_robot_navigation_ros2/install/velodyne_description' for CMake config files
[2.230s] Level 1:colcon.colcon_core.shell:create_environment_hook('velodyne_description', 'cmake_prefix_path')
[2.248s] INFO:colcon.colcon_core.shell:Creating environment hook '/home/perla/DRL_robot_navigation_ros2/install/velodyne_description/share/velodyne_description/hook/cmake_prefix_path.ps1'
[2.248s] INFO:colcon.colcon_core.shell:Creating environment descriptor '/home/perla/DRL_robot_navigation_ros2/install/velodyne_description/share/velodyne_description/hook/cmake_prefix_path.dsv'
[2.248s] INFO:colcon.colcon_core.shell:Creating environment hook '/home/perla/DRL_robot_navigation_ros2/install/velodyne_description/share/velodyne_description/hook/cmake_prefix_path.sh'
[2.249s] Level 1:colcon.colcon_core.environment:checking '/home/perla/DRL_robot_navigation_ros2/install/velodyne_description/bin'
[2.249s] Level 1:colcon.colcon_core.environment:checking '/home/perla/DRL_robot_navigation_ros2/install/velodyne_description/lib/pkgconfig/velodyne_description.pc'
[2.249s] Level 1:colcon.colcon_core.environment:checking '/home/perla/DRL_robot_navigation_ros2/install/velodyne_description/lib/python3.8/site-packages'
[2.249s] Level 1:colcon.colcon_core.environment:checking '/home/perla/DRL_robot_navigation_ros2/install/velodyne_description/bin'
[2.268s] INFO:colcon.colcon_core.shell:Creating package script '/home/perla/DRL_robot_navigation_ros2/install/velodyne_description/share/velodyne_description/package.ps1'
[2.268s] INFO:colcon.colcon_core.shell:Creating package descriptor '/home/perla/DRL_robot_navigation_ros2/install/velodyne_description/share/velodyne_description/package.dsv'
[2.268s] INFO:colcon.colcon_core.shell:Creating package script '/home/perla/DRL_robot_navigation_ros2/install/velodyne_description/share/velodyne_description/package.sh'
[2.269s] INFO:colcon.colcon_core.shell:Creating package script '/home/perla/DRL_robot_navigation_ros2/install/velodyne_description/share/velodyne_description/package.bash'
[2.269s] INFO:colcon.colcon_core.shell:Creating package script '/home/perla/DRL_robot_navigation_ros2/install/velodyne_description/share/velodyne_description/package.zsh'
[2.269s] Level 1:colcon.colcon_core.environment:create_file_with_runtime_dependencies(/home/perla/DRL_robot_navigation_ros2/install/velodyne_description/share/colcon-core/packages/velodyne_description)
[2.289s] Level 1:colcon.colcon_core.environment:create_environment_scripts_only(omni_cartographer)
[2.308s] Level 1:colcon.colcon_core.environment:checking '/home/perla/DRL_robot_navigation_ros2/install/omni_cartographer' for CMake module files
[2.308s] Level 1:colcon.colcon_core.environment:checking '/home/perla/DRL_robot_navigation_ros2/install/omni_cartographer' for CMake config files
[2.308s] Level 1:colcon.colcon_core.shell:create_environment_hook('omni_cartographer', 'cmake_prefix_path')
[2.327s] INFO:colcon.colcon_core.shell:Creating environment hook '/home/perla/DRL_robot_navigation_ros2/install/omni_cartographer/share/omni_cartographer/hook/cmake_prefix_path.ps1'
[2.328s] INFO:colcon.colcon_core.shell:Creating environment descriptor '/home/perla/DRL_robot_navigation_ros2/install/omni_cartographer/share/omni_cartographer/hook/cmake_prefix_path.dsv'
[2.328s] INFO:colcon.colcon_core.shell:Creating environment hook '/home/perla/DRL_robot_navigation_ros2/install/omni_cartographer/share/omni_cartographer/hook/cmake_prefix_path.sh'
[2.328s] Level 1:colcon.colcon_core.environment:checking '/home/perla/DRL_robot_navigation_ros2/install/omni_cartographer/bin'
[2.328s] Level 1:colcon.colcon_core.environment:checking '/home/perla/DRL_robot_navigation_ros2/install/omni_cartographer/lib/pkgconfig/omni_cartographer.pc'
[2.328s] Level 1:colcon.colcon_core.environment:checking '/home/perla/DRL_robot_navigation_ros2/install/omni_cartographer/lib/python3.8/site-packages'
[2.328s] Level 1:colcon.colcon_core.environment:checking '/home/perla/DRL_robot_navigation_ros2/install/omni_cartographer/bin'
[2.350s] INFO:colcon.colcon_core.shell:Creating package script '/home/perla/DRL_robot_navigation_ros2/install/omni_cartographer/share/omni_cartographer/package.ps1'
[2.351s] INFO:colcon.colcon_core.shell:Creating package descriptor '/home/perla/DRL_robot_navigation_ros2/install/omni_cartographer/share/omni_cartographer/package.dsv'
[2.351s] INFO:colcon.colcon_core.shell:Creating package script '/home/perla/DRL_robot_navigation_ros2/install/omni_cartographer/share/omni_cartographer/package.sh'
[2.351s] INFO:colcon.colcon_core.shell:Creating package script '/home/perla/DRL_robot_navigation_ros2/install/omni_cartographer/share/omni_cartographer/package.bash'
[2.351s] INFO:colcon.colcon_core.shell:Creating package script '/home/perla/DRL_robot_navigation_ros2/install/omni_cartographer/share/omni_cartographer/package.zsh'
[2.352s] Level 1:colcon.colcon_core.environment:create_file_with_runtime_dependencies(/home/perla/DRL_robot_navigation_ros2/install/omni_cartographer/share/colcon-core/packages/omni_cartographer)
[2.352s] Level 1:colcon.colcon_core.environment:create_environment_scripts_only(velodyne_gazebo_plugins)
[2.352s] DEBUG:colcon.colcon_core.event_handler.log_command:Invoked command in '/home/perla/DRL_robot_navigation_ros2/build/velodyne_gazebo_plugins' returned '0': CMAKE_PREFIX_PATH=${CMAKE_PREFIX_PATH}:/home/perla/ros2_ws/install/my_robot_controller:/opt/ros/foxy /usr/bin/cmake --install /home/perla/DRL_robot_navigation_ros2/build/velodyne_gazebo_plugins
[2.372s] Level 1:colcon.colcon_core.environment:checking '/home/perla/DRL_robot_navigation_ros2/install/velodyne_gazebo_plugins' for CMake module files
[2.372s] Level 1:colcon.colcon_core.environment:checking '/home/perla/DRL_robot_navigation_ros2/install/velodyne_gazebo_plugins' for CMake config files
[2.373s] Level 1:colcon.colcon_core.shell:create_environment_hook('velodyne_gazebo_plugins', 'cmake_prefix_path')
[2.392s] INFO:colcon.colcon_core.shell:Creating environment hook '/home/perla/DRL_robot_navigation_ros2/install/velodyne_gazebo_plugins/share/velodyne_gazebo_plugins/hook/cmake_prefix_path.ps1'
[2.392s] INFO:colcon.colcon_core.shell:Creating environment descriptor '/home/perla/DRL_robot_navigation_ros2/install/velodyne_gazebo_plugins/share/velodyne_gazebo_plugins/hook/cmake_prefix_path.dsv'
[2.392s] INFO:colcon.colcon_core.shell:Creating environment hook '/home/perla/DRL_robot_navigation_ros2/install/velodyne_gazebo_plugins/share/velodyne_gazebo_plugins/hook/cmake_prefix_path.sh'
[2.393s] Level 1:colcon.colcon_core.environment:checking '/home/perla/DRL_robot_navigation_ros2/install/velodyne_gazebo_plugins/lib'
[2.393s] Level 1:colcon.colcon_core.shell:create_environment_hook('velodyne_gazebo_plugins', 'ld_library_path_lib')
[2.412s] INFO:colcon.colcon_core.shell:Creating environment hook '/home/perla/DRL_robot_navigation_ros2/install/velodyne_gazebo_plugins/share/velodyne_gazebo_plugins/hook/ld_library_path_lib.ps1'
[2.412s] INFO:colcon.colcon_core.shell:Creating environment descriptor '/home/perla/DRL_robot_navigation_ros2/install/velodyne_gazebo_plugins/share/velodyne_gazebo_plugins/hook/ld_library_path_lib.dsv'
[2.412s] INFO:colcon.colcon_core.shell:Creating environment hook '/home/perla/DRL_robot_navigation_ros2/install/velodyne_gazebo_plugins/share/velodyne_gazebo_plugins/hook/ld_library_path_lib.sh'
[2.412s] Level 1:colcon.colcon_core.environment:checking '/home/perla/DRL_robot_navigation_ros2/install/velodyne_gazebo_plugins/bin'
[2.412s] Level 1:colcon.colcon_core.environment:checking '/home/perla/DRL_robot_navigation_ros2/install/velodyne_gazebo_plugins/lib/pkgconfig/velodyne_gazebo_plugins.pc'
[2.412s] Level 1:colcon.colcon_core.environment:checking '/home/perla/DRL_robot_navigation_ros2/install/velodyne_gazebo_plugins/lib/python3.8/site-packages'
[2.412s] Level 1:colcon.colcon_core.environment:checking '/home/perla/DRL_robot_navigation_ros2/install/velodyne_gazebo_plugins/bin'
[2.431s] INFO:colcon.colcon_core.shell:Creating package script '/home/perla/DRL_robot_navigation_ros2/install/velodyne_gazebo_plugins/share/velodyne_gazebo_plugins/package.ps1'
[2.431s] INFO:colcon.colcon_core.shell:Creating package descriptor '/home/perla/DRL_robot_navigation_ros2/install/velodyne_gazebo_plugins/share/velodyne_gazebo_plugins/package.dsv'
[2.432s] INFO:colcon.colcon_core.shell:Creating package script '/home/perla/DRL_robot_navigation_ros2/install/velodyne_gazebo_plugins/share/velodyne_gazebo_plugins/package.sh'
[2.432s] INFO:colcon.colcon_core.shell:Creating package script '/home/perla/DRL_robot_navigation_ros2/install/velodyne_gazebo_plugins/share/velodyne_gazebo_plugins/package.bash'
[2.432s] INFO:colcon.colcon_core.shell:Creating package script '/home/perla/DRL_robot_navigation_ros2/install/velodyne_gazebo_plugins/share/velodyne_gazebo_plugins/package.zsh'
[2.432s] Level 1:colcon.colcon_core.environment:create_file_with_runtime_dependencies(/home/perla/DRL_robot_navigation_ros2/install/velodyne_gazebo_plugins/share/colcon-core/packages/velodyne_gazebo_plugins)
[2.455s] Level 1:colcon.colcon_core.environment:create_environment_scripts_only(td3)
[2.473s] Level 1:colcon.colcon_core.environment:checking '/home/perla/DRL_robot_navigation_ros2/install/td3' for CMake module files
[2.474s] Level 1:colcon.colcon_core.environment:checking '/home/perla/DRL_robot_navigation_ros2/install/td3' for CMake config files
[2.474s] Level 1:colcon.colcon_core.shell:create_environment_hook('td3', 'cmake_prefix_path')
[2.492s] INFO:colcon.colcon_core.shell:Creating environment hook '/home/perla/DRL_robot_navigation_ros2/install/td3/share/td3/hook/cmake_prefix_path.ps1'
[2.492s] INFO:colcon.colcon_core.shell:Creating environment descriptor '/home/perla/DRL_robot_navigation_ros2/install/td3/share/td3/hook/cmake_prefix_path.dsv'
[2.492s] INFO:colcon.colcon_core.shell:Creating environment hook '/home/perla/DRL_robot_navigation_ros2/install/td3/share/td3/hook/cmake_prefix_path.sh'
[2.493s] Level 1:colcon.colcon_core.environment:checking '/home/perla/DRL_robot_navigation_ros2/install/td3/lib'
[2.493s] Level 1:colcon.colcon_core.environment:checking '/home/perla/DRL_robot_navigation_ros2/install/td3/bin'
[2.493s] Level 1:colcon.colcon_core.environment:checking '/home/perla/DRL_robot_navigation_ros2/install/td3/lib/pkgconfig/td3.pc'
[2.493s] Level 1:colcon.colcon_core.environment:checking '/home/perla/DRL_robot_navigation_ros2/install/td3/lib/python3.8/site-packages'
[2.493s] Level 1:colcon.colcon_core.environment:checking '/home/perla/DRL_robot_navigation_ros2/install/td3/bin'
[2.512s] INFO:colcon.colcon_core.shell:Creating package script '/home/perla/DRL_robot_navigation_ros2/install/td3/share/td3/package.ps1'
[2.512s] INFO:colcon.colcon_core.shell:Creating package descriptor '/home/perla/DRL_robot_navigation_ros2/install/td3/share/td3/package.dsv'
[2.512s] INFO:colcon.colcon_core.shell:Creating package script '/home/perla/DRL_robot_navigation_ros2/install/td3/share/td3/package.sh'
[2.513s] INFO:colcon.colcon_core.shell:Creating package script '/home/perla/DRL_robot_navigation_ros2/install/td3/share/td3/package.bash'
[2.513s] INFO:colcon.colcon_core.shell:Creating package script '/home/perla/DRL_robot_navigation_ros2/install/td3/share/td3/package.zsh'
[2.513s] Level 1:colcon.colcon_core.environment:create_file_with_runtime_dependencies(/home/perla/DRL_robot_navigation_ros2/install/td3/share/colcon-core/packages/td3)
[2.533s] Level 1:colcon.colcon_core.environment:create_environment_scripts_only(velodyne_gazebo_plugins)
[2.552s] Level 1:colcon.colcon_core.environment:checking '/home/perla/DRL_robot_navigation_ros2/install/velodyne_gazebo_plugins' for CMake module files
[2.552s] Level 1:colcon.colcon_core.environment:checking '/home/perla/DRL_robot_navigation_ros2/install/velodyne_gazebo_plugins' for CMake config files
[2.552s] Level 1:colcon.colcon_core.shell:create_environment_hook('velodyne_gazebo_plugins', 'cmake_prefix_path')
[2.570s] INFO:colcon.colcon_core.shell:Creating environment hook '/home/perla/DRL_robot_navigation_ros2/install/velodyne_gazebo_plugins/share/velodyne_gazebo_plugins/hook/cmake_prefix_path.ps1'
[2.571s] INFO:colcon.colcon_core.shell:Creating environment descriptor '/home/perla/DRL_robot_navigation_ros2/install/velodyne_gazebo_plugins/share/velodyne_gazebo_plugins/hook/cmake_prefix_path.dsv'
[2.571s] INFO:colcon.colcon_core.shell:Creating environment hook '/home/perla/DRL_robot_navigation_ros2/install/velodyne_gazebo_plugins/share/velodyne_gazebo_plugins/hook/cmake_prefix_path.sh'
[2.571s] Level 1:colcon.colcon_core.environment:checking '/home/perla/DRL_robot_navigation_ros2/install/velodyne_gazebo_plugins/lib'
[2.571s] Level 1:colcon.colcon_core.shell:create_environment_hook('velodyne_gazebo_plugins', 'ld_library_path_lib')
[2.590s] INFO:colcon.colcon_core.shell:Creating environment hook '/home/perla/DRL_robot_navigation_ros2/install/velodyne_gazebo_plugins/share/velodyne_gazebo_plugins/hook/ld_library_path_lib.ps1'
[2.590s] INFO:colcon.colcon_core.shell:Creating environment descriptor '/home/perla/DRL_robot_navigation_ros2/install/velodyne_gazebo_plugins/share/velodyne_gazebo_plugins/hook/ld_library_path_lib.dsv'
[2.590s] INFO:colcon.colcon_core.shell:Creating environment hook '/home/perla/DRL_robot_navigation_ros2/install/velodyne_gazebo_plugins/share/velodyne_gazebo_plugins/hook/ld_library_path_lib.sh'
[2.590s] Level 1:colcon.colcon_core.environment:checking '/home/perla/DRL_robot_navigation_ros2/install/velodyne_gazebo_plugins/bin'
[2.590s] Level 1:colcon.colcon_core.environment:checking '/home/perla/DRL_robot_navigation_ros2/install/velodyne_gazebo_plugins/lib/pkgconfig/velodyne_gazebo_plugins.pc'
[2.590s] Level 1:colcon.colcon_core.environment:checking '/home/perla/DRL_robot_navigation_ros2/install/velodyne_gazebo_plugins/lib/python3.8/site-packages'
[2.590s] Level 1:colcon.colcon_core.environment:checking '/home/perla/DRL_robot_navigation_ros2/install/velodyne_gazebo_plugins/bin'
[2.608s] INFO:colcon.colcon_core.shell:Creating package script '/home/perla/DRL_robot_navigation_ros2/install/velodyne_gazebo_plugins/share/velodyne_gazebo_plugins/package.ps1'
[2.609s] INFO:colcon.colcon_core.shell:Creating package descriptor '/home/perla/DRL_robot_navigation_ros2/install/velodyne_gazebo_plugins/share/velodyne_gazebo_plugins/package.dsv'
[2.609s] INFO:colcon.colcon_core.shell:Creating package script '/home/perla/DRL_robot_navigation_ros2/install/velodyne_gazebo_plugins/share/velodyne_gazebo_plugins/package.sh'
[2.609s] INFO:colcon.colcon_core.shell:Creating package script '/home/perla/DRL_robot_navigation_ros2/install/velodyne_gazebo_plugins/share/velodyne_gazebo_plugins/package.bash'
[2.609s] INFO:colcon.colcon_core.shell:Creating package script '/home/perla/DRL_robot_navigation_ros2/install/velodyne_gazebo_plugins/share/velodyne_gazebo_plugins/package.zsh'
[2.610s] Level 1:colcon.colcon_core.environment:create_file_with_runtime_dependencies(/home/perla/DRL_robot_navigation_ros2/install/velodyne_gazebo_plugins/share/colcon-core/packages/velodyne_gazebo_plugins)
[2.610s] INFO:colcon.colcon_ros.task.ament_cmake.build:Building ROS package in '/home/perla/DRL_robot_navigation_ros2/src/velodyne_simulator/velodyne_simulator' with build type 'ament_cmake'
[2.610s] INFO:colcon.colcon_cmake.task.cmake.build:Building CMake package in '/home/perla/DRL_robot_navigation_ros2/src/velodyne_simulator/velodyne_simulator'
[2.629s] INFO:colcon.colcon_core.shell:Skip shell extension 'powershell' for command environment: Not usable outside of PowerShell
[2.629s] DEBUG:colcon.colcon_core.shell:Skip shell extension 'dsv' for command environment
[2.711s] DEBUG:colcon.colcon_core.event_handler.log_command:Invoking command in '/home/perla/DRL_robot_navigation_ros2/build/velodyne_simulator': CMAKE_PREFIX_PATH=/home/perla/DRL_robot_navigation_ros2/install/velodyne_gazebo_plugins:/home/perla/DRL_robot_navigation_ros2/install/velodyne_description:/home/perla/DRL_robot_navigation_ros2/install/omni_cartographer:/home/perla/DRL_robot_navigation_ros2/install/velodyne_simulator:/home/perla/DRL_robot_navigation_ros2/install/td3:/home/perla/ros2_ws/install/velodyne_simulator:/home/perla/ros2_ws/install/velodyne_gazebo_plugins:/home/perla/ros2_ws/install/velodyne_description:/home/perla/ros2_ws/install/td3:/home/perla/ros2_ws/install/my_robot_controller:/opt/ros/foxy /usr/bin/cmake --build /home/perla/DRL_robot_navigation_ros2/build/velodyne_simulator -- -j20 -l20
[2.736s] DEBUG:colcon.colcon_core.event_handler.log_command:Invoked command in '/home/perla/DRL_robot_navigation_ros2/build/velodyne_simulator' returned '0': CMAKE_PREFIX_PATH=/home/perla/DRL_robot_navigation_ros2/install/velodyne_gazebo_plugins:/home/perla/DRL_robot_navigation_ros2/install/velodyne_description:/home/perla/DRL_robot_navigation_ros2/install/omni_cartographer:/home/perla/DRL_robot_navigation_ros2/install/velodyne_simulator:/home/perla/DRL_robot_navigation_ros2/install/td3:/home/perla/ros2_ws/install/velodyne_simulator:/home/perla/ros2_ws/install/velodyne_gazebo_plugins:/home/perla/ros2_ws/install/velodyne_description:/home/perla/ros2_ws/install/td3:/home/perla/ros2_ws/install/my_robot_controller:/opt/ros/foxy /usr/bin/cmake --build /home/perla/DRL_robot_navigation_ros2/build/velodyne_simulator -- -j20 -l20
[2.750s] DEBUG:colcon.colcon_core.event_handler.log_command:Invoking command in '/home/perla/DRL_robot_navigation_ros2/build/velodyne_simulator': CMAKE_PREFIX_PATH=/home/perla/DRL_robot_navigation_ros2/install/velodyne_gazebo_plugins:/home/perla/DRL_robot_navigation_ros2/install/velodyne_description:/home/perla/DRL_robot_navigation_ros2/install/omni_cartographer:/home/perla/DRL_robot_navigation_ros2/install/velodyne_simulator:/home/perla/DRL_robot_navigation_ros2/install/td3:/home/perla/ros2_ws/install/velodyne_simulator:/home/perla/ros2_ws/install/velodyne_gazebo_plugins:/home/perla/ros2_ws/install/velodyne_description:/home/perla/ros2_ws/install/td3:/home/perla/ros2_ws/install/my_robot_controller:/opt/ros/foxy /usr/bin/cmake --install /home/perla/DRL_robot_navigation_ros2/build/velodyne_simulator
[2.756s] Level 1:colcon.colcon_core.environment:create_environment_scripts_only(velodyne_simulator)
[2.756s] DEBUG:colcon.colcon_core.event_handler.log_command:Invoked command in '/home/perla/DRL_robot_navigation_ros2/build/velodyne_simulator' returned '0': CMAKE_PREFIX_PATH=/home/perla/DRL_robot_navigation_ros2/install/velodyne_gazebo_plugins:/home/perla/DRL_robot_navigation_ros2/install/velodyne_description:/home/perla/DRL_robot_navigation_ros2/install/omni_cartographer:/home/perla/DRL_robot_navigation_ros2/install/velodyne_simulator:/home/perla/DRL_robot_navigation_ros2/install/td3:/home/perla/ros2_ws/install/velodyne_simulator:/home/perla/ros2_ws/install/velodyne_gazebo_plugins:/home/perla/ros2_ws/install/velodyne_description:/home/perla/ros2_ws/install/td3:/home/perla/ros2_ws/install/my_robot_controller:/opt/ros/foxy /usr/bin/cmake --install /home/perla/DRL_robot_navigation_ros2/build/velodyne_simulator
[2.779s] Level 1:colcon.colcon_core.environment:checking '/home/perla/DRL_robot_navigation_ros2/install/velodyne_simulator' for CMake module files
[2.779s] Level 1:colcon.colcon_core.environment:checking '/home/perla/DRL_robot_navigation_ros2/install/velodyne_simulator' for CMake config files
[2.779s] Level 1:colcon.colcon_core.shell:create_environment_hook('velodyne_simulator', 'cmake_prefix_path')
[2.797s] INFO:colcon.colcon_core.shell:Creating environment hook '/home/perla/DRL_robot_navigation_ros2/install/velodyne_simulator/share/velodyne_simulator/hook/cmake_prefix_path.ps1'
[2.798s] INFO:colcon.colcon_core.shell:Creating environment descriptor '/home/perla/DRL_robot_navigation_ros2/install/velodyne_simulator/share/velodyne_simulator/hook/cmake_prefix_path.dsv'
[2.798s] INFO:colcon.colcon_core.shell:Creating environment hook '/home/perla/DRL_robot_navigation_ros2/install/velodyne_simulator/share/velodyne_simulator/hook/cmake_prefix_path.sh'
[2.798s] Level 1:colcon.colcon_core.environment:checking '/home/perla/DRL_robot_navigation_ros2/install/velodyne_simulator/bin'
[2.798s] Level 1:colcon.colcon_core.environment:checking '/home/perla/DRL_robot_navigation_ros2/install/velodyne_simulator/lib/pkgconfig/velodyne_simulator.pc'
[2.798s] Level 1:colcon.colcon_core.environment:checking '/home/perla/DRL_robot_navigation_ros2/install/velodyne_simulator/lib/python3.8/site-packages'
[2.799s] Level 1:colcon.colcon_core.environment:checking '/home/perla/DRL_robot_navigation_ros2/install/velodyne_simulator/bin'
[2.824s] INFO:colcon.colcon_core.shell:Creating package script '/home/perla/DRL_robot_navigation_ros2/install/velodyne_simulator/share/velodyne_simulator/package.ps1'
[2.824s] INFO:colcon.colcon_core.shell:Creating package descriptor '/home/perla/DRL_robot_navigation_ros2/install/velodyne_simulator/share/velodyne_simulator/package.dsv'
[2.825s] INFO:colcon.colcon_core.shell:Creating package script '/home/perla/DRL_robot_navigation_ros2/install/velodyne_simulator/share/velodyne_simulator/package.sh'
[2.825s] INFO:colcon.colcon_core.shell:Creating package script '/home/perla/DRL_robot_navigation_ros2/install/velodyne_simulator/share/velodyne_simulator/package.bash'
[2.825s] INFO:colcon.colcon_core.shell:Creating package script '/home/perla/DRL_robot_navigation_ros2/install/velodyne_simulator/share/velodyne_simulator/package.zsh'
[2.825s] Level 1:colcon.colcon_core.environment:create_file_with_runtime_dependencies(/home/perla/DRL_robot_navigation_ros2/install/velodyne_simulator/share/colcon-core/packages/velodyne_simulator)
[2.859s] Level 1:colcon.colcon_core.environment:create_environment_scripts_only(velodyne_simulator)
[2.878s] Level 1:colcon.colcon_core.environment:checking '/home/perla/DRL_robot_navigation_ros2/install/velodyne_simulator' for CMake module files
[2.878s] Level 1:colcon.colcon_core.environment:checking '/home/perla/DRL_robot_navigation_ros2/install/velodyne_simulator' for CMake config files
[2.878s] Level 1:colcon.colcon_core.shell:create_environment_hook('velodyne_simulator', 'cmake_prefix_path')
[2.897s] INFO:colcon.colcon_core.shell:Creating environment hook '/home/perla/DRL_robot_navigation_ros2/install/velodyne_simulator/share/velodyne_simulator/hook/cmake_prefix_path.ps1'
[2.897s] INFO:colcon.colcon_core.shell:Creating environment descriptor '/home/perla/DRL_robot_navigation_ros2/install/velodyne_simulator/share/velodyne_simulator/hook/cmake_prefix_path.dsv'
[2.897s] INFO:colcon.colcon_core.shell:Creating environment hook '/home/perla/DRL_robot_navigation_ros2/install/velodyne_simulator/share/velodyne_simulator/hook/cmake_prefix_path.sh'
[2.898s] Level 1:colcon.colcon_core.environment:checking '/home/perla/DRL_robot_navigation_ros2/install/velodyne_simulator/bin'
[2.898s] Level 1:colcon.colcon_core.environment:checking '/home/perla/DRL_robot_navigation_ros2/install/velodyne_simulator/lib/pkgconfig/velodyne_simulator.pc'
[2.898s] Level 1:colcon.colcon_core.environment:checking '/home/perla/DRL_robot_navigation_ros2/install/velodyne_simulator/lib/python3.8/site-packages'
[2.898s] Level 1:colcon.colcon_core.environment:checking '/home/perla/DRL_robot_navigation_ros2/install/velodyne_simulator/bin'
[2.917s] INFO:colcon.colcon_core.shell:Creating package script '/home/perla/DRL_robot_navigation_ros2/install/velodyne_simulator/share/velodyne_simulator/package.ps1'
[2.917s] INFO:colcon.colcon_core.shell:Creating package descriptor '/home/perla/DRL_robot_navigation_ros2/install/velodyne_simulator/share/velodyne_simulator/package.dsv'
[2.917s] INFO:colcon.colcon_core.shell:Creating package script '/home/perla/DRL_robot_navigation_ros2/install/velodyne_simulator/share/velodyne_simulator/package.sh'
[2.918s] INFO:colcon.colcon_core.shell:Creating package script '/home/perla/DRL_robot_navigation_ros2/install/velodyne_simulator/share/velodyne_simulator/package.bash'
[2.918s] INFO:colcon.colcon_core.shell:Creating package script '/home/perla/DRL_robot_navigation_ros2/install/velodyne_simulator/share/velodyne_simulator/package.zsh'
[2.918s] Level 1:colcon.colcon_core.environment:create_file_with_runtime_dependencies(/home/perla/DRL_robot_navigation_ros2/install/velodyne_simulator/share/colcon-core/packages/velodyne_simulator)
[2.918s] DEBUG:colcon.colcon_parallel_executor.executor.parallel:closing loop
[2.919s] DEBUG:colcon.colcon_parallel_executor.executor.parallel:loop closed
[2.919s] DEBUG:colcon.colcon_parallel_executor.executor.parallel:run_until_complete finished with '0'
[2.919s] DEBUG:colcon.colcon_core.event_reactor:joining thread
[2.942s] INFO:colcon.colcon_core.plugin_system:Skipping extension 'colcon_notification.desktop_notification.terminal_notifier': Not used on non-Darwin systems
[2.942s] INFO:colcon.colcon_core.plugin_system:Skipping extension 'colcon_notification.desktop_notification.win32': Not used on non-Windows systems
[2.942s] INFO:colcon.colcon_notification.desktop_notification:Sending desktop notification using 'notify2'
[2.956s] DEBUG:colcon.colcon_core.event_reactor:joined thread
[2.976s] INFO:colcon.colcon_core.shell:Creating prefix script '/home/perla/DRL_robot_navigation_ros2/install/local_setup.ps1'
[2.976s] INFO:colcon.colcon_core.shell:Creating prefix util module '/home/perla/DRL_robot_navigation_ros2/install/_local_setup_util_ps1.py'
[2.977s] INFO:colcon.colcon_core.shell:Creating prefix chain script '/home/perla/DRL_robot_navigation_ros2/install/setup.ps1'
[2.997s] INFO:colcon.colcon_core.shell:Creating prefix script '/home/perla/DRL_robot_navigation_ros2/install/local_setup.sh'
[2.998s] INFO:colcon.colcon_core.shell:Creating prefix util module '/home/perla/DRL_robot_navigation_ros2/install/_local_setup_util_sh.py'
[2.998s] INFO:colcon.colcon_core.shell:Creating prefix chain script '/home/perla/DRL_robot_navigation_ros2/install/setup.sh'
[3.019s] INFO:colcon.colcon_core.shell:Creating prefix script '/home/perla/DRL_robot_navigation_ros2/install/local_setup.bash'
[3.019s] INFO:colcon.colcon_core.shell:Creating prefix chain script '/home/perla/DRL_robot_navigation_ros2/install/setup.bash'
[3.039s] INFO:colcon.colcon_core.shell:Creating prefix script '/home/perla/DRL_robot_navigation_ros2/install/local_setup.zsh'
[3.039s] INFO:colcon.colcon_core.shell:Creating prefix chain script '/home/perla/DRL_robot_navigation_ros2/install/setup.zsh'
