-- Install configuration: ""
-- Up-to-date: /home/perla/DRL_robot_navigation_ros2/install/velodyne_description/share/ament_index/resource_index/package_run_dependencies/velodyne_description
-- Up-to-date: /home/perla/DRL_robot_navigation_ros2/install/velodyne_description/share/ament_index/resource_index/parent_prefix_path/velodyne_description
-- Up-to-date: /home/perla/DRL_robot_navigation_ros2/install/velodyne_description/share/velodyne_description/environment/ament_prefix_path.sh
-- Up-to-date: /home/perla/DRL_robot_navigation_ros2/install/velodyne_description/share/velodyne_description/environment/ament_prefix_path.dsv
-- Up-to-date: /home/perla/DRL_robot_navigation_ros2/install/velodyne_description/share/velodyne_description/environment/path.sh
-- Up-to-date: /home/perla/DRL_robot_navigation_ros2/install/velodyne_description/share/velodyne_description/environment/path.dsv
-- Up-to-date: /home/perla/DRL_robot_navigation_ros2/install/velodyne_description/share/velodyne_description/local_setup.bash
-- Up-to-date: /home/perla/DRL_robot_navigation_ros2/install/velodyne_description/share/velodyne_description/local_setup.sh
-- Up-to-date: /home/perla/DRL_robot_navigation_ros2/install/velodyne_description/share/velodyne_description/local_setup.zsh
-- Up-to-date: /home/perla/DRL_robot_navigation_ros2/install/velodyne_description/share/velodyne_description/local_setup.dsv
-- Installing: /home/perla/DRL_robot_navigation_ros2/install/velodyne_description/share/velodyne_description/package.dsv
-- Up-to-date: /home/perla/DRL_robot_navigation_ros2/install/velodyne_description/share/ament_index/resource_index/packages/velodyne_description
-- Up-to-date: /home/perla/DRL_robot_navigation_ros2/install/velodyne_description/share/velodyne_description/cmake/ament_cmake_export_dependencies-extras.cmake
-- Up-to-date: /home/perla/DRL_robot_navigation_ros2/install/velodyne_description/share/velodyne_description/cmake/velodyne_descriptionConfig.cmake
-- Up-to-date: /home/perla/DRL_robot_navigation_ros2/install/velodyne_description/share/velodyne_description/cmake/velodyne_descriptionConfig-version.cmake
-- Up-to-date: /home/perla/DRL_robot_navigation_ros2/install/velodyne_description/share/velodyne_description/package.xml
-- Up-to-date: /home/perla/DRL_robot_navigation_ros2/install/velodyne_description/share/velodyne_description/launch
-- Up-to-date: /home/perla/DRL_robot_navigation_ros2/install/velodyne_description/share/velodyne_description/launch/example-launch.py
-- Up-to-date: /home/perla/DRL_robot_navigation_ros2/install/velodyne_description/share/velodyne_description/meshes
-- Up-to-date: /home/perla/DRL_robot_navigation_ros2/install/velodyne_description/share/velodyne_description/meshes/VLP16_scan.dae
-- Up-to-date: /home/perla/DRL_robot_navigation_ros2/install/velodyne_description/share/velodyne_description/meshes/VLP16_scan.stl
-- Up-to-date: /home/perla/DRL_robot_navigation_ros2/install/velodyne_description/share/velodyne_description/meshes/VLP16_base_1.dae
-- Up-to-date: /home/perla/DRL_robot_navigation_ros2/install/velodyne_description/share/velodyne_description/meshes/VLP16_base_2.dae
-- Up-to-date: /home/perla/DRL_robot_navigation_ros2/install/velodyne_description/share/velodyne_description/meshes/HDL32E_scan.dae
-- Up-to-date: /home/perla/DRL_robot_navigation_ros2/install/velodyne_description/share/velodyne_description/meshes/VLP16_base_2.stl
-- Up-to-date: /home/perla/DRL_robot_navigation_ros2/install/velodyne_description/share/velodyne_description/meshes/VLP16_base_1.stl
-- Up-to-date: /home/perla/DRL_robot_navigation_ros2/install/velodyne_description/share/velodyne_description/meshes/HDL32E_base.dae
-- Up-to-date: /home/perla/DRL_robot_navigation_ros2/install/velodyne_description/share/velodyne_description/meshes/HDL32E_scan.stl
-- Up-to-date: /home/perla/DRL_robot_navigation_ros2/install/velodyne_description/share/velodyne_description/meshes/HDL32E_base.stl
-- Up-to-date: /home/perla/DRL_robot_navigation_ros2/install/velodyne_description/share/velodyne_description/rviz
-- Up-to-date: /home/perla/DRL_robot_navigation_ros2/install/velodyne_description/share/velodyne_description/rviz/example.rviz
-- Up-to-date: /home/perla/DRL_robot_navigation_ros2/install/velodyne_description/share/velodyne_description/urdf
-- Up-to-date: /home/perla/DRL_robot_navigation_ros2/install/velodyne_description/share/velodyne_description/urdf/VLP-16.urdf.xacro
-- Up-to-date: /home/perla/DRL_robot_navigation_ros2/install/velodyne_description/share/velodyne_description/urdf/example.urdf.xacro
-- Up-to-date: /home/perla/DRL_robot_navigation_ros2/install/velodyne_description/share/velodyne_description/urdf/HDL-32E.urdf.xacro
-- Up-to-date: /home/perla/DRL_robot_navigation_ros2/install/velodyne_description/share/velodyne_description/urdf/VLP-32C.urdf.xacro
-- Up-to-date: /home/perla/DRL_robot_navigation_ros2/install/velodyne_description/share/velodyne_description/world
-- Up-to-date: /home/perla/DRL_robot_navigation_ros2/install/velodyne_description/share/velodyne_description/world/lio_sam.model
-- Up-to-date: /home/perla/DRL_robot_navigation_ros2/install/velodyne_description/share/velodyne_description/world/example.world
-- Up-to-date: /home/perla/DRL_robot_navigation_ros2/install/velodyne_description/share/velodyne_description/models
-- Up-to-date: /home/perla/DRL_robot_navigation_ros2/install/velodyne_description/share/velodyne_description/models/rs_robot
-- Up-to-date: /home/perla/DRL_robot_navigation_ros2/install/velodyne_description/share/velodyne_description/models/rs_robot/model.config
-- Up-to-date: /home/perla/DRL_robot_navigation_ros2/install/velodyne_description/share/velodyne_description/models/rs_robot/meshes
-- Up-to-date: /home/perla/DRL_robot_navigation_ros2/install/velodyne_description/share/velodyne_description/models/rs_robot/meshes/DAE
-- Up-to-date: /home/perla/DRL_robot_navigation_ros2/install/velodyne_description/share/velodyne_description/models/rs_robot/meshes/DAE/lidar_head
-- Up-to-date: /home/perla/DRL_robot_navigation_ros2/install/velodyne_description/share/velodyne_description/models/rs_robot/meshes/DAE/lidar_head/YDlidar_head.dae
-- Up-to-date: /home/perla/DRL_robot_navigation_ros2/install/velodyne_description/share/velodyne_description/models/rs_robot/meshes/DAE/lidar_base
-- Up-to-date: /home/perla/DRL_robot_navigation_ros2/install/velodyne_description/share/velodyne_description/models/rs_robot/meshes/DAE/lidar_base/YDlidar_base.dae
-- Up-to-date: /home/perla/DRL_robot_navigation_ros2/install/velodyne_description/share/velodyne_description/models/rs_robot/meshes/DAE/sensors
-- Up-to-date: /home/perla/DRL_robot_navigation_ros2/install/velodyne_description/share/velodyne_description/models/rs_robot/meshes/DAE/sensors/rear_lrf
-- Up-to-date: /home/perla/DRL_robot_navigation_ros2/install/velodyne_description/share/velodyne_description/models/rs_robot/meshes/DAE/sensors/rear_lrf/rear_lrf.dae
-- Up-to-date: /home/perla/DRL_robot_navigation_ros2/install/velodyne_description/share/velodyne_description/models/rs_robot/meshes/DAE/sensors/rear_lrf/urg_texture.png
-- Up-to-date: /home/perla/DRL_robot_navigation_ros2/install/velodyne_description/share/velodyne_description/models/rs_robot/meshes/DAE/sensors/front_lrf
-- Up-to-date: /home/perla/DRL_robot_navigation_ros2/install/velodyne_description/share/velodyne_description/models/rs_robot/meshes/DAE/sensors/front_lrf/lrf_texture.png
-- Up-to-date: /home/perla/DRL_robot_navigation_ros2/install/velodyne_description/share/velodyne_description/models/rs_robot/meshes/DAE/sensors/front_lrf/front_lrf.dae
-- Up-to-date: /home/perla/DRL_robot_navigation_ros2/install/velodyne_description/share/velodyne_description/models/rs_robot/meshes/DAE/sensors/gps
-- Up-to-date: /home/perla/DRL_robot_navigation_ros2/install/velodyne_description/share/velodyne_description/models/rs_robot/meshes/DAE/sensors/gps/gps.dae
-- Up-to-date: /home/perla/DRL_robot_navigation_ros2/install/velodyne_description/share/velodyne_description/models/rs_robot/meshes/DAE/sensors/gps/gps_texture.png
-- Up-to-date: /home/perla/DRL_robot_navigation_ros2/install/velodyne_description/share/velodyne_description/models/rs_robot/meshes/DAE/sensors/gim30
-- Up-to-date: /home/perla/DRL_robot_navigation_ros2/install/velodyne_description/share/velodyne_description/models/rs_robot/meshes/DAE/sensors/gim30/gim30.dae
-- Up-to-date: /home/perla/DRL_robot_navigation_ros2/install/velodyne_description/share/velodyne_description/models/rs_robot/meshes/DAE/sensors/gim30/gim30_lrf_texture.png
-- Up-to-date: /home/perla/DRL_robot_navigation_ros2/install/velodyne_description/share/velodyne_description/models/rs_robot/meshes/DAE/sensors/camera
-- Up-to-date: /home/perla/DRL_robot_navigation_ros2/install/velodyne_description/share/velodyne_description/models/rs_robot/meshes/DAE/sensors/camera/camera.dae
-- Up-to-date: /home/perla/DRL_robot_navigation_ros2/install/velodyne_description/share/velodyne_description/models/rs_robot/meshes/DAE/suspension
-- Up-to-date: /home/perla/DRL_robot_navigation_ros2/install/velodyne_description/share/velodyne_description/models/rs_robot/meshes/DAE/suspension/front_right_link.dae
-- Up-to-date: /home/perla/DRL_robot_navigation_ros2/install/velodyne_description/share/velodyne_description/models/rs_robot/meshes/DAE/suspension/rear_right_link.dae
-- Up-to-date: /home/perla/DRL_robot_navigation_ros2/install/velodyne_description/share/velodyne_description/models/rs_robot/meshes/DAE/suspension/rear_left_link.dae
-- Up-to-date: /home/perla/DRL_robot_navigation_ros2/install/velodyne_description/share/velodyne_description/models/rs_robot/meshes/DAE/suspension/front_left_link.dae
-- Up-to-date: /home/perla/DRL_robot_navigation_ros2/install/velodyne_description/share/velodyne_description/models/rs_robot/meshes/DAE/wheel
-- Up-to-date: /home/perla/DRL_robot_navigation_ros2/install/velodyne_description/share/velodyne_description/models/rs_robot/meshes/DAE/wheel/wheel_link.dae
-- Up-to-date: /home/perla/DRL_robot_navigation_ros2/install/velodyne_description/share/velodyne_description/models/rs_robot/meshes/DAE/base
-- Up-to-date: /home/perla/DRL_robot_navigation_ros2/install/velodyne_description/share/velodyne_description/models/rs_robot/meshes/DAE/base/base_link.dae
-- Up-to-date: /home/perla/DRL_robot_navigation_ros2/install/velodyne_description/share/velodyne_description/models/rs_robot/meshes/DAE/base/base_linkOLD.dae
-- Up-to-date: /home/perla/DRL_robot_navigation_ros2/install/velodyne_description/share/velodyne_description/models/rs_robot/meshes/STL
-- Up-to-date: /home/perla/DRL_robot_navigation_ros2/install/velodyne_description/share/velodyne_description/models/rs_robot/meshes/STL/lidar_head
-- Up-to-date: /home/perla/DRL_robot_navigation_ros2/install/velodyne_description/share/velodyne_description/models/rs_robot/meshes/STL/lidar_head/YDlidar_head v4.stl
-- Up-to-date: /home/perla/DRL_robot_navigation_ros2/install/velodyne_description/share/velodyne_description/models/rs_robot/meshes/STL/lidar_base
-- Up-to-date: /home/perla/DRL_robot_navigation_ros2/install/velodyne_description/share/velodyne_description/models/rs_robot/meshes/STL/lidar_base/YDlidar_base.stl
-- Up-to-date: /home/perla/DRL_robot_navigation_ros2/install/velodyne_description/share/velodyne_description/models/rs_robot/meshes/STL/sensors
-- Up-to-date: /home/perla/DRL_robot_navigation_ros2/install/velodyne_description/share/velodyne_description/models/rs_robot/meshes/STL/sensors/rear_lrf
-- Up-to-date: /home/perla/DRL_robot_navigation_ros2/install/velodyne_description/share/velodyne_description/models/rs_robot/meshes/STL/sensors/rear_lrf/rear_lrf.stl
-- Up-to-date: /home/perla/DRL_robot_navigation_ros2/install/velodyne_description/share/velodyne_description/models/rs_robot/meshes/STL/sensors/front_lrf
-- Up-to-date: /home/perla/DRL_robot_navigation_ros2/install/velodyne_description/share/velodyne_description/models/rs_robot/meshes/STL/sensors/front_lrf/front_lrf.stl
-- Up-to-date: /home/perla/DRL_robot_navigation_ros2/install/velodyne_description/share/velodyne_description/models/rs_robot/meshes/STL/sensors/gps
-- Up-to-date: /home/perla/DRL_robot_navigation_ros2/install/velodyne_description/share/velodyne_description/models/rs_robot/meshes/STL/sensors/gps/gps.stl
-- Up-to-date: /home/perla/DRL_robot_navigation_ros2/install/velodyne_description/share/velodyne_description/models/rs_robot/meshes/STL/sensors/gim30
-- Up-to-date: /home/perla/DRL_robot_navigation_ros2/install/velodyne_description/share/velodyne_description/models/rs_robot/meshes/STL/sensors/gim30/gim30.stl
-- Up-to-date: /home/perla/DRL_robot_navigation_ros2/install/velodyne_description/share/velodyne_description/models/rs_robot/meshes/STL/sensors/camera
-- Up-to-date: /home/perla/DRL_robot_navigation_ros2/install/velodyne_description/share/velodyne_description/models/rs_robot/meshes/STL/suspension
-- Up-to-date: /home/perla/DRL_robot_navigation_ros2/install/velodyne_description/share/velodyne_description/models/rs_robot/meshes/STL/suspension/FRONT_LEFT_LINKSTL.stl
-- Up-to-date: /home/perla/DRL_robot_navigation_ros2/install/velodyne_description/share/velodyne_description/models/rs_robot/meshes/STL/suspension/REAR_RIGHT_LINKSTL.stl
-- Up-to-date: /home/perla/DRL_robot_navigation_ros2/install/velodyne_description/share/velodyne_description/models/rs_robot/meshes/STL/suspension/FRONT_RIGHT_LINKSTL.stl
-- Up-to-date: /home/perla/DRL_robot_navigation_ros2/install/velodyne_description/share/velodyne_description/models/rs_robot/meshes/STL/suspension/REAR_LEFT_LINKSTL.stl
-- Up-to-date: /home/perla/DRL_robot_navigation_ros2/install/velodyne_description/share/velodyne_description/models/rs_robot/meshes/STL/suspension/sus_link.stl
-- Up-to-date: /home/perla/DRL_robot_navigation_ros2/install/velodyne_description/share/velodyne_description/models/rs_robot/meshes/STL/wheel
-- Up-to-date: /home/perla/DRL_robot_navigation_ros2/install/velodyne_description/share/velodyne_description/models/rs_robot/meshes/STL/wheel/robot_wheel.stl
-- Up-to-date: /home/perla/DRL_robot_navigation_ros2/install/velodyne_description/share/velodyne_description/models/rs_robot/meshes/STL/base
-- Up-to-date: /home/perla/DRL_robot_navigation_ros2/install/velodyne_description/share/velodyne_description/models/rs_robot/meshes/STL/base/base_link.stl
-- Up-to-date: /home/perla/DRL_robot_navigation_ros2/install/velodyne_description/share/velodyne_description/models/rs_robot/meshes/STL/base/base_link_old.stl
-- Up-to-date: /home/perla/DRL_robot_navigation_ros2/install/velodyne_description/share/velodyne_description/models/rs_robot/rs_robot.sdf
