[0.115s] Invoking command in '/home/perla/DRL_robot_navigation_ros2/build/velodyne_simulator': CMAKE_PREFIX_PATH=/home/perla/DRL_robot_navigation_ros2/install/velodyne_gazebo_plugins:/home/perla/DRL_robot_navigation_ros2/install/velodyne_description:/home/perla/DRL_robot_navigation_ros2/install/velodyne_simulator:/home/perla/DRL_robot_navigation_ros2/install/td3:/home/perla/DRL_robot_navigation_ros2/install/omni_cartographer:/home/perla/ros2_ws/install/velodyne_simulator:/home/perla/ros2_ws/install/velodyne_gazebo_plugins:/home/perla/ros2_ws/install/velodyne_description:/home/perla/ros2_ws/install/td3:/home/perla/ros2_ws/install/my_robot_controller:/opt/ros/foxy /usr/bin/cmake --build /home/perla/DRL_robot_navigation_ros2/build/velodyne_simulator -- -j20 -l20
[0.138s] Invoked command in '/home/perla/DRL_robot_navigation_ros2/build/velodyne_simulator' returned '0': CMAKE_PREFIX_PATH=/home/perla/DRL_robot_navigation_ros2/install/velodyne_gazebo_plugins:/home/perla/DRL_robot_navigation_ros2/install/velodyne_description:/home/perla/DRL_robot_navigation_ros2/install/velodyne_simulator:/home/perla/DRL_robot_navigation_ros2/install/td3:/home/perla/DRL_robot_navigation_ros2/install/omni_cartographer:/home/perla/ros2_ws/install/velodyne_simulator:/home/perla/ros2_ws/install/velodyne_gazebo_plugins:/home/perla/ros2_ws/install/velodyne_description:/home/perla/ros2_ws/install/td3:/home/perla/ros2_ws/install/my_robot_controller:/opt/ros/foxy /usr/bin/cmake --build /home/perla/DRL_robot_navigation_ros2/build/velodyne_simulator -- -j20 -l20
[0.152s] Invoking command in '/home/perla/DRL_robot_navigation_ros2/build/velodyne_simulator': CMAKE_PREFIX_PATH=/home/perla/DRL_robot_navigation_ros2/install/velodyne_gazebo_plugins:/home/perla/DRL_robot_navigation_ros2/install/velodyne_description:/home/perla/DRL_robot_navigation_ros2/install/velodyne_simulator:/home/perla/DRL_robot_navigation_ros2/install/td3:/home/perla/DRL_robot_navigation_ros2/install/omni_cartographer:/home/perla/ros2_ws/install/velodyne_simulator:/home/perla/ros2_ws/install/velodyne_gazebo_plugins:/home/perla/ros2_ws/install/velodyne_description:/home/perla/ros2_ws/install/td3:/home/perla/ros2_ws/install/my_robot_controller:/opt/ros/foxy /usr/bin/cmake --install /home/perla/DRL_robot_navigation_ros2/build/velodyne_simulator
[0.157s] -- Install configuration: ""
[0.157s] -- Up-to-date: /home/perla/DRL_robot_navigation_ros2/install/velodyne_simulator/share/ament_index/resource_index/package_run_dependencies/velodyne_simulator
[0.157s] -- Up-to-date: /home/perla/DRL_robot_navigation_ros2/install/velodyne_simulator/share/ament_index/resource_index/parent_prefix_path/velodyne_simulator
[0.157s] -- Up-to-date: /home/perla/DRL_robot_navigation_ros2/install/velodyne_simulator/share/velodyne_simulator/environment/ament_prefix_path.sh
[0.157s] -- Up-to-date: /home/perla/DRL_robot_navigation_ros2/install/velodyne_simulator/share/velodyne_simulator/environment/ament_prefix_path.dsv
[0.158s] -- Up-to-date: /home/perla/DRL_robot_navigation_ros2/install/velodyne_simulator/share/velodyne_simulator/environment/path.sh
[0.158s] -- Up-to-date: /home/perla/DRL_robot_navigation_ros2/install/velodyne_simulator/share/velodyne_simulator/environment/path.dsv
[0.158s] -- Up-to-date: /home/perla/DRL_robot_navigation_ros2/install/velodyne_simulator/share/velodyne_simulator/local_setup.bash
[0.158s] -- Up-to-date: /home/perla/DRL_robot_navigation_ros2/install/velodyne_simulator/share/velodyne_simulator/local_setup.sh
[0.158s] -- Up-to-date: /home/perla/DRL_robot_navigation_ros2/install/velodyne_simulator/share/velodyne_simulator/local_setup.zsh
[0.158s] -- Up-to-date: /home/perla/DRL_robot_navigation_ros2/install/velodyne_simulator/share/velodyne_simulator/local_setup.dsv
[0.158s] -- Installing: /home/perla/DRL_robot_navigation_ros2/install/velodyne_simulator/share/velodyne_simulator/package.dsv
[0.158s] -- Up-to-date: /home/perla/DRL_robot_navigation_ros2/install/velodyne_simulator/share/ament_index/resource_index/packages/velodyne_simulator
[0.158s] -- Up-to-date: /home/perla/DRL_robot_navigation_ros2/install/velodyne_simulator/share/velodyne_simulator/cmake/velodyne_simulatorConfig.cmake
[0.159s] -- Up-to-date: /home/perla/DRL_robot_navigation_ros2/install/velodyne_simulator/share/velodyne_simulator/cmake/velodyne_simulatorConfig-version.cmake
[0.159s] -- Up-to-date: /home/perla/DRL_robot_navigation_ros2/install/velodyne_simulator/share/velodyne_simulator/package.xml
[0.159s] Invoked command in '/home/perla/DRL_robot_navigation_ros2/build/velodyne_simulator' returned '0': CMAKE_PREFIX_PATH=/home/perla/DRL_robot_navigation_ros2/install/velodyne_gazebo_plugins:/home/perla/DRL_robot_navigation_ros2/install/velodyne_description:/home/perla/DRL_robot_navigation_ros2/install/velodyne_simulator:/home/perla/DRL_robot_navigation_ros2/install/td3:/home/perla/DRL_robot_navigation_ros2/install/omni_cartographer:/home/perla/ros2_ws/install/velodyne_simulator:/home/perla/ros2_ws/install/velodyne_gazebo_plugins:/home/perla/ros2_ws/install/velodyne_description:/home/perla/ros2_ws/install/td3:/home/perla/ros2_ws/install/my_robot_controller:/opt/ros/foxy /usr/bin/cmake --install /home/perla/DRL_robot_navigation_ros2/build/velodyne_simulator
