[0.301s] Invoking command in '/home/perla/DRL_robot_navigation_ros2/build/velodyne_gazebo_plugins': CMAKE_PREFIX_PATH=${CMAKE_PREFIX_PATH}:/home/perla/ros2_ws/install/my_robot_controller:/opt/ros/foxy /usr/bin/cmake --build /home/perla/DRL_robot_navigation_ros2/build/velodyne_gazebo_plugins -- -j20 -l20
[0.344s] [100%] Built target gazebo_ros_velodyne_laser
[0.480s] Invoked command in '/home/perla/DRL_robot_navigation_ros2/build/velodyne_gazebo_plugins' returned '0': CMAKE_PREFIX_PATH=${CMAKE_PREFIX_PATH}:/home/perla/ros2_ws/install/my_robot_controller:/opt/ros/foxy /usr/bin/cmake --build /home/perla/DRL_robot_navigation_ros2/build/velodyne_gazebo_plugins -- -j20 -l20
[0.695s] Invoking command in '/home/perla/DRL_robot_navigation_ros2/build/velodyne_gazebo_plugins': CMAKE_PREFIX_PATH=${CMAKE_PREFIX_PATH}:/home/perla/ros2_ws/install/my_robot_controller:/opt/ros/foxy /usr/bin/cmake --install /home/perla/DRL_robot_navigation_ros2/build/velodyne_gazebo_plugins
[0.700s] -- Install configuration: ""
[0.701s] -- Up-to-date: /home/perla/DRL_robot_navigation_ros2/install/velodyne_gazebo_plugins/share/velodyne_gazebo_plugins/environment/library_path.sh
[0.701s] -- Up-to-date: /home/perla/DRL_robot_navigation_ros2/install/velodyne_gazebo_plugins/share/velodyne_gazebo_plugins/environment/library_path.dsv
[0.701s] -- Up-to-date: /home/perla/DRL_robot_navigation_ros2/install/velodyne_gazebo_plugins/share/ament_index/resource_index/package_run_dependencies/velodyne_gazebo_plugins
[0.701s] -- Up-to-date: /home/perla/DRL_robot_navigation_ros2/install/velodyne_gazebo_plugins/share/ament_index/resource_index/parent_prefix_path/velodyne_gazebo_plugins
[0.701s] -- Up-to-date: /home/perla/DRL_robot_navigation_ros2/install/velodyne_gazebo_plugins/share/velodyne_gazebo_plugins/environment/ament_prefix_path.sh
[0.701s] -- Up-to-date: /home/perla/DRL_robot_navigation_ros2/install/velodyne_gazebo_plugins/share/velodyne_gazebo_plugins/environment/ament_prefix_path.dsv
[0.701s] -- Up-to-date: /home/perla/DRL_robot_navigation_ros2/install/velodyne_gazebo_plugins/share/velodyne_gazebo_plugins/environment/path.sh
[0.701s] -- Up-to-date: /home/perla/DRL_robot_navigation_ros2/install/velodyne_gazebo_plugins/share/velodyne_gazebo_plugins/environment/path.dsv
[0.701s] -- Up-to-date: /home/perla/DRL_robot_navigation_ros2/install/velodyne_gazebo_plugins/share/velodyne_gazebo_plugins/local_setup.bash
[0.701s] -- Up-to-date: /home/perla/DRL_robot_navigation_ros2/install/velodyne_gazebo_plugins/share/velodyne_gazebo_plugins/local_setup.sh
[0.701s] -- Up-to-date: /home/perla/DRL_robot_navigation_ros2/install/velodyne_gazebo_plugins/share/velodyne_gazebo_plugins/local_setup.zsh
[0.701s] -- Up-to-date: /home/perla/DRL_robot_navigation_ros2/install/velodyne_gazebo_plugins/share/velodyne_gazebo_plugins/local_setup.dsv
[0.701s] -- Installing: /home/perla/DRL_robot_navigation_ros2/install/velodyne_gazebo_plugins/share/velodyne_gazebo_plugins/package.dsv
[0.701s] -- Up-to-date: /home/perla/DRL_robot_navigation_ros2/install/velodyne_gazebo_plugins/share/ament_index/resource_index/packages/velodyne_gazebo_plugins
[0.701s] -- Up-to-date: /home/perla/DRL_robot_navigation_ros2/install/velodyne_gazebo_plugins/share/velodyne_gazebo_plugins/cmake/ament_cmake_export_libraries-extras.cmake
[0.701s] -- Up-to-date: /home/perla/DRL_robot_navigation_ros2/install/velodyne_gazebo_plugins/share/velodyne_gazebo_plugins/cmake/ament_cmake_export_include_directories-extras.cmake
[0.701s] -- Up-to-date: /home/perla/DRL_robot_navigation_ros2/install/velodyne_gazebo_plugins/share/velodyne_gazebo_plugins/cmake/ament_cmake_export_dependencies-extras.cmake
[0.701s] -- Up-to-date: /home/perla/DRL_robot_navigation_ros2/install/velodyne_gazebo_plugins/share/velodyne_gazebo_plugins/cmake/velodyne_gazebo_pluginsConfig.cmake
[0.701s] -- Up-to-date: /home/perla/DRL_robot_navigation_ros2/install/velodyne_gazebo_plugins/share/velodyne_gazebo_plugins/cmake/velodyne_gazebo_pluginsConfig-version.cmake
[0.701s] -- Up-to-date: /home/perla/DRL_robot_navigation_ros2/install/velodyne_gazebo_plugins/share/velodyne_gazebo_plugins/package.xml
[0.701s] -- Up-to-date: /home/perla/DRL_robot_navigation_ros2/install/velodyne_gazebo_plugins/include
[0.702s] -- Up-to-date: /home/perla/DRL_robot_navigation_ros2/install/velodyne_gazebo_plugins/include/velodyne_gazebo_plugins
[0.702s] -- Up-to-date: /home/perla/DRL_robot_navigation_ros2/install/velodyne_gazebo_plugins/include/velodyne_gazebo_plugins/GazeboRosVelodyneLaser.h
[0.702s] -- Up-to-date: /home/perla/DRL_robot_navigation_ros2/install/velodyne_gazebo_plugins/lib/libgazebo_ros_velodyne_laser.so
[0.778s] Invoked command in '/home/perla/DRL_robot_navigation_ros2/build/velodyne_gazebo_plugins' returned '0': CMAKE_PREFIX_PATH=${CMAKE_PREFIX_PATH}:/home/perla/ros2_ws/install/my_robot_controller:/opt/ros/foxy /usr/bin/cmake --install /home/perla/DRL_robot_navigation_ros2/build/velodyne_gazebo_plugins
