[1.061s] DEBUG:colcon:Command line arguments: ['/usr/bin/colcon', 'build']
[1.061s] DEBUG:colcon:Parsed command line arguments: Namespace(allow_overriding=[], ament_cmake_args=None, base_paths=['.'], build_base='build', catkin_cmake_args=None, catkin_skip_building_tests=False, cmake_args=None, cmake_clean_cache=False, cmake_clean_first=False, cmake_force_configure=False, cmake_target=None, cmake_target_skip_unavailable=False, continue_on_error=False, event_handlers=None, executor='parallel', ignore_user_meta=False, install_base='install', log_base=None, log_level=None, main=<bound method BuildVerb.main of <colcon_core.verb.build.BuildVerb object at 0x7f756e427880>>, merge_install=False, metas=['./colcon.meta'], packages_above=None, packages_above_and_dependencies=None, packages_above_depth=None, packages_end=None, packages_ignore=None, packages_ignore_regex=None, packages_select=None, packages_select_build_failed=False, packages_select_by_dep=None, packages_select_regex=None, packages_select_test_failures=False, packages_skip=None, packages_skip_build_finished=False, packages_skip_by_dep=None, packages_skip_regex=None, packages_skip_test_passed=False, packages_skip_up_to=None, packages_start=None, packages_up_to=None, packages_up_to_regex=None, parallel_workers=20, paths=None, symlink_install=False, test_result_base=None, verb_extension=<colcon_core.verb.build.BuildVerb object at 0x7f756e427880>, verb_name='build', verb_parser=<colcon_defaults.argument_parser.defaults.DefaultArgumentsDecorator object at 0x7f756e19f4c0>)
[1.111s] Level 1:colcon.colcon_core.package_discovery:discover_packages(colcon_meta) check parameters
[1.111s] Level 1:colcon.colcon_core.package_discovery:discover_packages(recursive) check parameters
[1.111s] Level 1:colcon.colcon_core.package_discovery:discover_packages(ignore) check parameters
[1.111s] Level 1:colcon.colcon_core.package_discovery:discover_packages(path) check parameters
[1.111s] Level 1:colcon.colcon_core.package_discovery:discover_packages(colcon_meta) discover
[1.111s] Level 1:colcon.colcon_core.package_discovery:discover_packages(recursive) discover
[1.111s] INFO:colcon.colcon_core.package_discovery:Crawling recursively for packages in '/home/perla/DRL_robot_navigation_ros2'
[1.111s] Level 1:colcon.colcon_core.package_identification:_identify(.) by extensions ['ignore', 'ignore_ament_install']
[1.111s] Level 1:colcon.colcon_core.package_identification:_identify(.) by extension 'ignore'
[1.111s] Level 1:colcon.colcon_core.package_identification:_identify(.) by extension 'ignore_ament_install'
[1.111s] Level 1:colcon.colcon_core.package_identification:_identify(.) by extensions ['colcon_pkg']
[1.111s] Level 1:colcon.colcon_core.package_identification:_identify(.) by extension 'colcon_pkg'
[1.111s] Level 1:colcon.colcon_core.package_identification:_identify(.) by extensions ['colcon_meta']
[1.111s] Level 1:colcon.colcon_core.package_identification:_identify(.) by extension 'colcon_meta'
[1.111s] Level 1:colcon.colcon_core.package_identification:_identify(.) by extensions ['ros']
[1.111s] Level 1:colcon.colcon_core.package_identification:_identify(.) by extension 'ros'
[1.117s] Level 1:colcon.colcon_core.package_identification:_identify(.) by extensions ['cmake', 'python']
[1.117s] Level 1:colcon.colcon_core.package_identification:_identify(.) by extension 'cmake'
[1.117s] Level 1:colcon.colcon_core.package_identification:_identify(.) by extension 'python'
[1.117s] Level 1:colcon.colcon_core.package_identification:_identify(.) by extensions ['python_setup_py']
[1.117s] Level 1:colcon.colcon_core.package_identification:_identify(.) by extension 'python_setup_py'
[1.117s] Level 1:colcon.colcon_core.package_identification:_identify(build) by extensions ['ignore', 'ignore_ament_install']
[1.117s] Level 1:colcon.colcon_core.package_identification:_identify(build) by extension 'ignore'
[1.117s] Level 1:colcon.colcon_core.package_identification:_identify(build) ignored
[1.118s] Level 1:colcon.colcon_core.package_identification:_identify(install) by extensions ['ignore', 'ignore_ament_install']
[1.118s] Level 1:colcon.colcon_core.package_identification:_identify(install) by extension 'ignore'
[1.118s] Level 1:colcon.colcon_core.package_identification:_identify(install) ignored
[1.118s] Level 1:colcon.colcon_core.package_identification:_identify(log) by extensions ['ignore', 'ignore_ament_install']
[1.118s] Level 1:colcon.colcon_core.package_identification:_identify(log) by extension 'ignore'
[1.118s] Level 1:colcon.colcon_core.package_identification:_identify(log) ignored
[1.118s] Level 1:colcon.colcon_core.package_identification:_identify(src) by extensions ['ignore', 'ignore_ament_install']
[1.118s] Level 1:colcon.colcon_core.package_identification:_identify(src) by extension 'ignore'
[1.118s] Level 1:colcon.colcon_core.package_identification:_identify(src) by extension 'ignore_ament_install'
[1.118s] Level 1:colcon.colcon_core.package_identification:_identify(src) by extensions ['colcon_pkg']
[1.118s] Level 1:colcon.colcon_core.package_identification:_identify(src) by extension 'colcon_pkg'
[1.118s] Level 1:colcon.colcon_core.package_identification:_identify(src) by extensions ['colcon_meta']
[1.118s] Level 1:colcon.colcon_core.package_identification:_identify(src) by extension 'colcon_meta'
[1.118s] Level 1:colcon.colcon_core.package_identification:_identify(src) by extensions ['ros']
[1.118s] Level 1:colcon.colcon_core.package_identification:_identify(src) by extension 'ros'
[1.118s] Level 1:colcon.colcon_core.package_identification:_identify(src) by extensions ['cmake', 'python']
[1.118s] Level 1:colcon.colcon_core.package_identification:_identify(src) by extension 'cmake'
[1.118s] Level 1:colcon.colcon_core.package_identification:_identify(src) by extension 'python'
[1.118s] Level 1:colcon.colcon_core.package_identification:_identify(src) by extensions ['python_setup_py']
[1.118s] Level 1:colcon.colcon_core.package_identification:_identify(src) by extension 'python_setup_py'
[1.118s] Level 1:colcon.colcon_core.package_identification:_identify(src/omni_cartographer) by extensions ['ignore', 'ignore_ament_install']
[1.118s] Level 1:colcon.colcon_core.package_identification:_identify(src/omni_cartographer) by extension 'ignore'
[1.118s] Level 1:colcon.colcon_core.package_identification:_identify(src/omni_cartographer) by extension 'ignore_ament_install'
[1.118s] Level 1:colcon.colcon_core.package_identification:_identify(src/omni_cartographer) by extensions ['colcon_pkg']
[1.118s] Level 1:colcon.colcon_core.package_identification:_identify(src/omni_cartographer) by extension 'colcon_pkg'
[1.118s] Level 1:colcon.colcon_core.package_identification:_identify(src/omni_cartographer) by extensions ['colcon_meta']
[1.118s] Level 1:colcon.colcon_core.package_identification:_identify(src/omni_cartographer) by extension 'colcon_meta'
[1.118s] Level 1:colcon.colcon_core.package_identification:_identify(src/omni_cartographer) by extensions ['ros']
[1.118s] Level 1:colcon.colcon_core.package_identification:_identify(src/omni_cartographer) by extension 'ros'
[1.120s] DEBUG:colcon.colcon_core.package_identification:Package 'src/omni_cartographer' with type 'ros.ament_cmake' and name 'omni_cartographer'
[1.120s] Level 1:colcon.colcon_core.package_identification:_identify(src/td3) by extensions ['ignore', 'ignore_ament_install']
[1.120s] Level 1:colcon.colcon_core.package_identification:_identify(src/td3) by extension 'ignore'
[1.120s] Level 1:colcon.colcon_core.package_identification:_identify(src/td3) by extension 'ignore_ament_install'
[1.120s] Level 1:colcon.colcon_core.package_identification:_identify(src/td3) by extensions ['colcon_pkg']
[1.120s] Level 1:colcon.colcon_core.package_identification:_identify(src/td3) by extension 'colcon_pkg'
[1.120s] Level 1:colcon.colcon_core.package_identification:_identify(src/td3) by extensions ['colcon_meta']
[1.120s] Level 1:colcon.colcon_core.package_identification:_identify(src/td3) by extension 'colcon_meta'
[1.120s] Level 1:colcon.colcon_core.package_identification:_identify(src/td3) by extensions ['ros']
[1.120s] Level 1:colcon.colcon_core.package_identification:_identify(src/td3) by extension 'ros'
[1.120s] DEBUG:colcon.colcon_core.package_identification:Package 'src/td3' with type 'ros.ament_cmake' and name 'td3'
[1.120s] Level 1:colcon.colcon_core.package_identification:_identify(src/velodyne_simulator) by extensions ['ignore', 'ignore_ament_install']
[1.120s] Level 1:colcon.colcon_core.package_identification:_identify(src/velodyne_simulator) by extension 'ignore'
[1.120s] Level 1:colcon.colcon_core.package_identification:_identify(src/velodyne_simulator) by extension 'ignore_ament_install'
[1.120s] Level 1:colcon.colcon_core.package_identification:_identify(src/velodyne_simulator) by extensions ['colcon_pkg']
[1.120s] Level 1:colcon.colcon_core.package_identification:_identify(src/velodyne_simulator) by extension 'colcon_pkg'
[1.120s] Level 1:colcon.colcon_core.package_identification:_identify(src/velodyne_simulator) by extensions ['colcon_meta']
[1.120s] Level 1:colcon.colcon_core.package_identification:_identify(src/velodyne_simulator) by extension 'colcon_meta'
[1.120s] Level 1:colcon.colcon_core.package_identification:_identify(src/velodyne_simulator) by extensions ['ros']
[1.120s] Level 1:colcon.colcon_core.package_identification:_identify(src/velodyne_simulator) by extension 'ros'
[1.120s] Level 1:colcon.colcon_core.package_identification:_identify(src/velodyne_simulator) by extensions ['cmake', 'python']
[1.120s] Level 1:colcon.colcon_core.package_identification:_identify(src/velodyne_simulator) by extension 'cmake'
[1.120s] Level 1:colcon.colcon_core.package_identification:_identify(src/velodyne_simulator) by extension 'python'
[1.120s] Level 1:colcon.colcon_core.package_identification:_identify(src/velodyne_simulator) by extensions ['python_setup_py']
[1.120s] Level 1:colcon.colcon_core.package_identification:_identify(src/velodyne_simulator) by extension 'python_setup_py'
[1.121s] Level 1:colcon.colcon_core.package_identification:_identify(src/velodyne_simulator/img) by extensions ['ignore', 'ignore_ament_install']
[1.121s] Level 1:colcon.colcon_core.package_identification:_identify(src/velodyne_simulator/img) by extension 'ignore'
[1.121s] Level 1:colcon.colcon_core.package_identification:_identify(src/velodyne_simulator/img) by extension 'ignore_ament_install'
[1.121s] Level 1:colcon.colcon_core.package_identification:_identify(src/velodyne_simulator/img) by extensions ['colcon_pkg']
[1.121s] Level 1:colcon.colcon_core.package_identification:_identify(src/velodyne_simulator/img) by extension 'colcon_pkg'
[1.121s] Level 1:colcon.colcon_core.package_identification:_identify(src/velodyne_simulator/img) by extensions ['colcon_meta']
[1.121s] Level 1:colcon.colcon_core.package_identification:_identify(src/velodyne_simulator/img) by extension 'colcon_meta'
[1.121s] Level 1:colcon.colcon_core.package_identification:_identify(src/velodyne_simulator/img) by extensions ['ros']
[1.121s] Level 1:colcon.colcon_core.package_identification:_identify(src/velodyne_simulator/img) by extension 'ros'
[1.121s] Level 1:colcon.colcon_core.package_identification:_identify(src/velodyne_simulator/img) by extensions ['cmake', 'python']
[1.121s] Level 1:colcon.colcon_core.package_identification:_identify(src/velodyne_simulator/img) by extension 'cmake'
[1.121s] Level 1:colcon.colcon_core.package_identification:_identify(src/velodyne_simulator/img) by extension 'python'
[1.121s] Level 1:colcon.colcon_core.package_identification:_identify(src/velodyne_simulator/img) by extensions ['python_setup_py']
[1.121s] Level 1:colcon.colcon_core.package_identification:_identify(src/velodyne_simulator/img) by extension 'python_setup_py'
[1.121s] Level 1:colcon.colcon_core.package_identification:_identify(src/velodyne_simulator/velodyne_description) by extensions ['ignore', 'ignore_ament_install']
[1.121s] Level 1:colcon.colcon_core.package_identification:_identify(src/velodyne_simulator/velodyne_description) by extension 'ignore'
[1.121s] Level 1:colcon.colcon_core.package_identification:_identify(src/velodyne_simulator/velodyne_description) by extension 'ignore_ament_install'
[1.121s] Level 1:colcon.colcon_core.package_identification:_identify(src/velodyne_simulator/velodyne_description) by extensions ['colcon_pkg']
[1.121s] Level 1:colcon.colcon_core.package_identification:_identify(src/velodyne_simulator/velodyne_description) by extension 'colcon_pkg'
[1.121s] Level 1:colcon.colcon_core.package_identification:_identify(src/velodyne_simulator/velodyne_description) by extensions ['colcon_meta']
[1.121s] Level 1:colcon.colcon_core.package_identification:_identify(src/velodyne_simulator/velodyne_description) by extension 'colcon_meta'
[1.121s] Level 1:colcon.colcon_core.package_identification:_identify(src/velodyne_simulator/velodyne_description) by extensions ['ros']
[1.121s] Level 1:colcon.colcon_core.package_identification:_identify(src/velodyne_simulator/velodyne_description) by extension 'ros'
[1.121s] DEBUG:colcon.colcon_core.package_identification:Package 'src/velodyne_simulator/velodyne_description' with type 'ros.ament_cmake' and name 'velodyne_description'
[1.121s] Level 1:colcon.colcon_core.package_identification:_identify(src/velodyne_simulator/velodyne_gazebo_plugins) by extensions ['ignore', 'ignore_ament_install']
[1.121s] Level 1:colcon.colcon_core.package_identification:_identify(src/velodyne_simulator/velodyne_gazebo_plugins) by extension 'ignore'
[1.121s] Level 1:colcon.colcon_core.package_identification:_identify(src/velodyne_simulator/velodyne_gazebo_plugins) by extension 'ignore_ament_install'
[1.121s] Level 1:colcon.colcon_core.package_identification:_identify(src/velodyne_simulator/velodyne_gazebo_plugins) by extensions ['colcon_pkg']
[1.121s] Level 1:colcon.colcon_core.package_identification:_identify(src/velodyne_simulator/velodyne_gazebo_plugins) by extension 'colcon_pkg'
[1.121s] Level 1:colcon.colcon_core.package_identification:_identify(src/velodyne_simulator/velodyne_gazebo_plugins) by extensions ['colcon_meta']
[1.121s] Level 1:colcon.colcon_core.package_identification:_identify(src/velodyne_simulator/velodyne_gazebo_plugins) by extension 'colcon_meta'
[1.121s] Level 1:colcon.colcon_core.package_identification:_identify(src/velodyne_simulator/velodyne_gazebo_plugins) by extensions ['ros']
[1.121s] Level 1:colcon.colcon_core.package_identification:_identify(src/velodyne_simulator/velodyne_gazebo_plugins) by extension 'ros'
[1.122s] DEBUG:colcon.colcon_core.package_identification:Package 'src/velodyne_simulator/velodyne_gazebo_plugins' with type 'ros.ament_cmake' and name 'velodyne_gazebo_plugins'
[1.122s] Level 1:colcon.colcon_core.package_identification:_identify(src/velodyne_simulator/velodyne_simulator) by extensions ['ignore', 'ignore_ament_install']
[1.122s] Level 1:colcon.colcon_core.package_identification:_identify(src/velodyne_simulator/velodyne_simulator) by extension 'ignore'
[1.122s] Level 1:colcon.colcon_core.package_identification:_identify(src/velodyne_simulator/velodyne_simulator) by extension 'ignore_ament_install'
[1.122s] Level 1:colcon.colcon_core.package_identification:_identify(src/velodyne_simulator/velodyne_simulator) by extensions ['colcon_pkg']
[1.122s] Level 1:colcon.colcon_core.package_identification:_identify(src/velodyne_simulator/velodyne_simulator) by extension 'colcon_pkg'
[1.122s] Level 1:colcon.colcon_core.package_identification:_identify(src/velodyne_simulator/velodyne_simulator) by extensions ['colcon_meta']
[1.122s] Level 1:colcon.colcon_core.package_identification:_identify(src/velodyne_simulator/velodyne_simulator) by extension 'colcon_meta'
[1.122s] Level 1:colcon.colcon_core.package_identification:_identify(src/velodyne_simulator/velodyne_simulator) by extensions ['ros']
[1.122s] Level 1:colcon.colcon_core.package_identification:_identify(src/velodyne_simulator/velodyne_simulator) by extension 'ros'
[1.122s] DEBUG:colcon.colcon_core.package_identification:Package 'src/velodyne_simulator/velodyne_simulator' with type 'ros.ament_cmake' and name 'velodyne_simulator'
[1.122s] Level 1:colcon.colcon_core.package_discovery:discover_packages(recursive) using defaults
[1.122s] Level 1:colcon.colcon_core.package_discovery:discover_packages(ignore) discover
[1.122s] Level 1:colcon.colcon_core.package_discovery:discover_packages(ignore) using defaults
[1.122s] Level 1:colcon.colcon_core.package_discovery:discover_packages(path) discover
[1.122s] Level 1:colcon.colcon_core.package_discovery:discover_packages(path) using defaults
[1.221s] Level 1:colcon.colcon_core.package_discovery:discover_packages(prefix_path) check parameters
[1.221s] Level 1:colcon.colcon_core.package_discovery:discover_packages(prefix_path) discover
[1.257s] DEBUG:colcon.colcon_installed_package_information.package_discovery:Found 5 installed packages in /home/perla/DRL_robot_navigation_ros2/install
[1.275s] DEBUG:colcon.colcon_installed_package_information.package_discovery:Found 5 installed packages in /home/perla/ros2_ws/install
[1.293s] DEBUG:colcon.colcon_installed_package_information.package_discovery:Found 336 installed packages in /opt/ros/foxy
[1.294s] Level 1:colcon.colcon_core.package_discovery:discover_packages(prefix_path) using defaults
[1.371s] Level 5:colcon.colcon_core.verb:set package 'omni_cartographer' build argument 'cmake_args' from command line to 'None'
[1.371s] Level 5:colcon.colcon_core.verb:set package 'omni_cartographer' build argument 'cmake_target' from command line to 'None'
[1.371s] Level 5:colcon.colcon_core.verb:set package 'omni_cartographer' build argument 'cmake_target_skip_unavailable' from command line to 'False'
[1.371s] Level 5:colcon.colcon_core.verb:set package 'omni_cartographer' build argument 'cmake_clean_cache' from command line to 'False'
[1.371s] Level 5:colcon.colcon_core.verb:set package 'omni_cartographer' build argument 'cmake_clean_first' from command line to 'False'
[1.371s] Level 5:colcon.colcon_core.verb:set package 'omni_cartographer' build argument 'cmake_force_configure' from command line to 'False'
[1.371s] Level 5:colcon.colcon_core.verb:set package 'omni_cartographer' build argument 'ament_cmake_args' from command line to 'None'
[1.371s] Level 5:colcon.colcon_core.verb:set package 'omni_cartographer' build argument 'catkin_cmake_args' from command line to 'None'
[1.371s] Level 5:colcon.colcon_core.verb:set package 'omni_cartographer' build argument 'catkin_skip_building_tests' from command line to 'False'
[1.371s] DEBUG:colcon.colcon_core.verb:Building package 'omni_cartographer' with the following arguments: {'ament_cmake_args': None, 'build_base': '/home/perla/DRL_robot_navigation_ros2/build/omni_cartographer', 'catkin_cmake_args': None, 'catkin_skip_building_tests': False, 'cmake_args': None, 'cmake_clean_cache': False, 'cmake_clean_first': False, 'cmake_force_configure': False, 'cmake_target': None, 'cmake_target_skip_unavailable': False, 'install_base': '/home/perla/DRL_robot_navigation_ros2/install/omni_cartographer', 'merge_install': False, 'path': '/home/perla/DRL_robot_navigation_ros2/src/omni_cartographer', 'symlink_install': False, 'test_result_base': None}
[1.388s] Level 5:colcon.colcon_core.verb:set package 'td3' build argument 'cmake_args' from command line to 'None'
[1.388s] Level 5:colcon.colcon_core.verb:set package 'td3' build argument 'cmake_target' from command line to 'None'
[1.388s] Level 5:colcon.colcon_core.verb:set package 'td3' build argument 'cmake_target_skip_unavailable' from command line to 'False'
[1.388s] Level 5:colcon.colcon_core.verb:set package 'td3' build argument 'cmake_clean_cache' from command line to 'False'
[1.388s] Level 5:colcon.colcon_core.verb:set package 'td3' build argument 'cmake_clean_first' from command line to 'False'
[1.388s] Level 5:colcon.colcon_core.verb:set package 'td3' build argument 'cmake_force_configure' from command line to 'False'
[1.388s] Level 5:colcon.colcon_core.verb:set package 'td3' build argument 'ament_cmake_args' from command line to 'None'
[1.388s] Level 5:colcon.colcon_core.verb:set package 'td3' build argument 'catkin_cmake_args' from command line to 'None'
[1.389s] Level 5:colcon.colcon_core.verb:set package 'td3' build argument 'catkin_skip_building_tests' from command line to 'False'
[1.389s] DEBUG:colcon.colcon_core.verb:Building package 'td3' with the following arguments: {'ament_cmake_args': None, 'build_base': '/home/perla/DRL_robot_navigation_ros2/build/td3', 'catkin_cmake_args': None, 'catkin_skip_building_tests': False, 'cmake_args': None, 'cmake_clean_cache': False, 'cmake_clean_first': False, 'cmake_force_configure': False, 'cmake_target': None, 'cmake_target_skip_unavailable': False, 'install_base': '/home/perla/DRL_robot_navigation_ros2/install/td3', 'merge_install': False, 'path': '/home/perla/DRL_robot_navigation_ros2/src/td3', 'symlink_install': False, 'test_result_base': None}
[1.406s] Level 5:colcon.colcon_core.verb:set package 'velodyne_description' build argument 'cmake_args' from command line to 'None'
[1.406s] Level 5:colcon.colcon_core.verb:set package 'velodyne_description' build argument 'cmake_target' from command line to 'None'
[1.406s] Level 5:colcon.colcon_core.verb:set package 'velodyne_description' build argument 'cmake_target_skip_unavailable' from command line to 'False'
[1.406s] Level 5:colcon.colcon_core.verb:set package 'velodyne_description' build argument 'cmake_clean_cache' from command line to 'False'
[1.406s] Level 5:colcon.colcon_core.verb:set package 'velodyne_description' build argument 'cmake_clean_first' from command line to 'False'
[1.406s] Level 5:colcon.colcon_core.verb:set package 'velodyne_description' build argument 'cmake_force_configure' from command line to 'False'
[1.406s] Level 5:colcon.colcon_core.verb:set package 'velodyne_description' build argument 'ament_cmake_args' from command line to 'None'
[1.406s] Level 5:colcon.colcon_core.verb:set package 'velodyne_description' build argument 'catkin_cmake_args' from command line to 'None'
[1.406s] Level 5:colcon.colcon_core.verb:set package 'velodyne_description' build argument 'catkin_skip_building_tests' from command line to 'False'
[1.406s] DEBUG:colcon.colcon_core.verb:Building package 'velodyne_description' with the following arguments: {'ament_cmake_args': None, 'build_base': '/home/perla/DRL_robot_navigation_ros2/build/velodyne_description', 'catkin_cmake_args': None, 'catkin_skip_building_tests': False, 'cmake_args': None, 'cmake_clean_cache': False, 'cmake_clean_first': False, 'cmake_force_configure': False, 'cmake_target': None, 'cmake_target_skip_unavailable': False, 'install_base': '/home/perla/DRL_robot_navigation_ros2/install/velodyne_description', 'merge_install': False, 'path': '/home/perla/DRL_robot_navigation_ros2/src/velodyne_simulator/velodyne_description', 'symlink_install': False, 'test_result_base': None}
[1.424s] Level 5:colcon.colcon_core.verb:set package 'velodyne_gazebo_plugins' build argument 'cmake_args' from command line to 'None'
[1.424s] Level 5:colcon.colcon_core.verb:set package 'velodyne_gazebo_plugins' build argument 'cmake_target' from command line to 'None'
[1.424s] Level 5:colcon.colcon_core.verb:set package 'velodyne_gazebo_plugins' build argument 'cmake_target_skip_unavailable' from command line to 'False'
[1.424s] Level 5:colcon.colcon_core.verb:set package 'velodyne_gazebo_plugins' build argument 'cmake_clean_cache' from command line to 'False'
[1.424s] Level 5:colcon.colcon_core.verb:set package 'velodyne_gazebo_plugins' build argument 'cmake_clean_first' from command line to 'False'
[1.424s] Level 5:colcon.colcon_core.verb:set package 'velodyne_gazebo_plugins' build argument 'cmake_force_configure' from command line to 'False'
[1.424s] Level 5:colcon.colcon_core.verb:set package 'velodyne_gazebo_plugins' build argument 'ament_cmake_args' from command line to 'None'
[1.424s] Level 5:colcon.colcon_core.verb:set package 'velodyne_gazebo_plugins' build argument 'catkin_cmake_args' from command line to 'None'
[1.424s] Level 5:colcon.colcon_core.verb:set package 'velodyne_gazebo_plugins' build argument 'catkin_skip_building_tests' from command line to 'False'
[1.424s] DEBUG:colcon.colcon_core.verb:Building package 'velodyne_gazebo_plugins' with the following arguments: {'ament_cmake_args': None, 'build_base': '/home/perla/DRL_robot_navigation_ros2/build/velodyne_gazebo_plugins', 'catkin_cmake_args': None, 'catkin_skip_building_tests': False, 'cmake_args': None, 'cmake_clean_cache': False, 'cmake_clean_first': False, 'cmake_force_configure': False, 'cmake_target': None, 'cmake_target_skip_unavailable': False, 'install_base': '/home/perla/DRL_robot_navigation_ros2/install/velodyne_gazebo_plugins', 'merge_install': False, 'path': '/home/perla/DRL_robot_navigation_ros2/src/velodyne_simulator/velodyne_gazebo_plugins', 'symlink_install': False, 'test_result_base': None}
[1.442s] Level 5:colcon.colcon_core.verb:set package 'velodyne_simulator' build argument 'cmake_args' from command line to 'None'
[1.443s] Level 5:colcon.colcon_core.verb:set package 'velodyne_simulator' build argument 'cmake_target' from command line to 'None'
[1.443s] Level 5:colcon.colcon_core.verb:set package 'velodyne_simulator' build argument 'cmake_target_skip_unavailable' from command line to 'False'
[1.443s] Level 5:colcon.colcon_core.verb:set package 'velodyne_simulator' build argument 'cmake_clean_cache' from command line to 'False'
[1.443s] Level 5:colcon.colcon_core.verb:set package 'velodyne_simulator' build argument 'cmake_clean_first' from command line to 'False'
[1.443s] Level 5:colcon.colcon_core.verb:set package 'velodyne_simulator' build argument 'cmake_force_configure' from command line to 'False'
[1.443s] Level 5:colcon.colcon_core.verb:set package 'velodyne_simulator' build argument 'ament_cmake_args' from command line to 'None'
[1.443s] Level 5:colcon.colcon_core.verb:set package 'velodyne_simulator' build argument 'catkin_cmake_args' from command line to 'None'
[1.443s] Level 5:colcon.colcon_core.verb:set package 'velodyne_simulator' build argument 'catkin_skip_building_tests' from command line to 'False'
[1.443s] DEBUG:colcon.colcon_core.verb:Building package 'velodyne_simulator' with the following arguments: {'ament_cmake_args': None, 'build_base': '/home/perla/DRL_robot_navigation_ros2/build/velodyne_simulator', 'catkin_cmake_args': None, 'catkin_skip_building_tests': False, 'cmake_args': None, 'cmake_clean_cache': False, 'cmake_clean_first': False, 'cmake_force_configure': False, 'cmake_target': None, 'cmake_target_skip_unavailable': False, 'install_base': '/home/perla/DRL_robot_navigation_ros2/install/velodyne_simulator', 'merge_install': False, 'path': '/home/perla/DRL_robot_navigation_ros2/src/velodyne_simulator/velodyne_simulator', 'symlink_install': False, 'test_result_base': None}
[1.460s] INFO:colcon.colcon_core.executor:Executing jobs using 'parallel' executor
[1.478s] DEBUG:colcon.colcon_parallel_executor.executor.parallel:run_until_complete
[1.478s] INFO:colcon.colcon_ros.task.ament_cmake.build:Building ROS package in '/home/perla/DRL_robot_navigation_ros2/src/velodyne_simulator/velodyne_description' with build type 'ament_cmake'
[1.479s] INFO:colcon.colcon_cmake.task.cmake.build:Building CMake package in '/home/perla/DRL_robot_navigation_ros2/src/velodyne_simulator/velodyne_description'
[1.497s] INFO:colcon.colcon_core.plugin_system:Skipping extension 'colcon_core.shell.bat': Not used on non-Windows systems
[1.497s] INFO:colcon.colcon_core.shell:Skip shell extension 'powershell' for command environment: Not usable outside of PowerShell
[1.497s] DEBUG:colcon.colcon_core.shell:Skip shell extension 'dsv' for command environment
[1.578s] INFO:colcon.colcon_ros.task.ament_cmake.build:Building ROS package in '/home/perla/DRL_robot_navigation_ros2/src/velodyne_simulator/velodyne_gazebo_plugins' with build type 'ament_cmake'
[1.578s] INFO:colcon.colcon_cmake.task.cmake.build:Building CMake package in '/home/perla/DRL_robot_navigation_ros2/src/velodyne_simulator/velodyne_gazebo_plugins'
[1.597s] INFO:colcon.colcon_core.shell:Skip shell extension 'powershell' for command environment: Not usable outside of PowerShell
[1.597s] DEBUG:colcon.colcon_core.shell:Skip shell extension 'dsv' for command environment
[1.675s] INFO:colcon.colcon_ros.task.ament_cmake.build:Building ROS package in '/home/perla/DRL_robot_navigation_ros2/src/omni_cartographer' with build type 'ament_cmake'
[1.675s] INFO:colcon.colcon_cmake.task.cmake.build:Building CMake package in '/home/perla/DRL_robot_navigation_ros2/src/omni_cartographer'
[1.695s] INFO:colcon.colcon_core.shell:Skip shell extension 'powershell' for command environment: Not usable outside of PowerShell
[1.695s] DEBUG:colcon.colcon_core.shell:Skip shell extension 'dsv' for command environment
[1.775s] INFO:colcon.colcon_ros.task.ament_cmake.build:Building ROS package in '/home/perla/DRL_robot_navigation_ros2/src/td3' with build type 'ament_cmake'
[1.775s] INFO:colcon.colcon_cmake.task.cmake.build:Building CMake package in '/home/perla/DRL_robot_navigation_ros2/src/td3'
[1.796s] INFO:colcon.colcon_core.shell:Skip shell extension 'powershell' for command environment: Not usable outside of PowerShell
[1.796s] DEBUG:colcon.colcon_core.shell:Skip shell extension 'dsv' for command environment
[1.874s] DEBUG:colcon.colcon_core.event_handler.log_command:Invoking command in '/home/perla/DRL_robot_navigation_ros2/build/velodyne_description': CMAKE_PREFIX_PATH=${CMAKE_PREFIX_PATH}:/home/perla/ros2_ws/install/my_robot_controller:/opt/ros/foxy /usr/bin/cmake --build /home/perla/DRL_robot_navigation_ros2/build/velodyne_description -- -j20 -l20
[1.878s] DEBUG:colcon.colcon_core.event_handler.log_command:Invoking command in '/home/perla/DRL_robot_navigation_ros2/build/velodyne_gazebo_plugins': CMAKE_PREFIX_PATH=${CMAKE_PREFIX_PATH}:/home/perla/ros2_ws/install/my_robot_controller:/opt/ros/foxy /usr/bin/cmake --build /home/perla/DRL_robot_navigation_ros2/build/velodyne_gazebo_plugins -- -j20 -l20
[1.881s] DEBUG:colcon.colcon_core.event_handler.log_command:Invoking command in '/home/perla/DRL_robot_navigation_ros2/build/omni_cartographer': CMAKE_PREFIX_PATH=${CMAKE_PREFIX_PATH}:/home/perla/ros2_ws/install/my_robot_controller:/opt/ros/foxy /usr/bin/cmake --build /home/perla/DRL_robot_navigation_ros2/build/omni_cartographer -- -j20 -l20
[1.886s] DEBUG:colcon.colcon_core.event_handler.log_command:Invoking command in '/home/perla/DRL_robot_navigation_ros2/build/td3': CMAKE_PREFIX_PATH=${CMAKE_PREFIX_PATH}:/home/perla/ros2_ws/install/my_robot_controller:/opt/ros/foxy /usr/bin/cmake --build /home/perla/DRL_robot_navigation_ros2/build/td3 -- -j20 -l20
[1.899s] DEBUG:colcon.colcon_core.event_handler.log_command:Invoked command in '/home/perla/DRL_robot_navigation_ros2/build/velodyne_description' returned '0': CMAKE_PREFIX_PATH=${CMAKE_PREFIX_PATH}:/home/perla/ros2_ws/install/my_robot_controller:/opt/ros/foxy /usr/bin/cmake --build /home/perla/DRL_robot_navigation_ros2/build/velodyne_description -- -j20 -l20
[1.903s] DEBUG:colcon.colcon_core.event_handler.log_command:Invoked command in '/home/perla/DRL_robot_navigation_ros2/build/omni_cartographer' returned '0': CMAKE_PREFIX_PATH=${CMAKE_PREFIX_PATH}:/home/perla/ros2_ws/install/my_robot_controller:/opt/ros/foxy /usr/bin/cmake --build /home/perla/DRL_robot_navigation_ros2/build/omni_cartographer -- -j20 -l20
[1.908s] DEBUG:colcon.colcon_core.event_handler.log_command:Invoked command in '/home/perla/DRL_robot_navigation_ros2/build/td3' returned '0': CMAKE_PREFIX_PATH=${CMAKE_PREFIX_PATH}:/home/perla/ros2_ws/install/my_robot_controller:/opt/ros/foxy /usr/bin/cmake --build /home/perla/DRL_robot_navigation_ros2/build/td3 -- -j20 -l20
[1.919s] DEBUG:colcon.colcon_core.event_handler.log_command:Invoking command in '/home/perla/DRL_robot_navigation_ros2/build/velodyne_description': CMAKE_PREFIX_PATH=${CMAKE_PREFIX_PATH}:/home/perla/ros2_ws/install/my_robot_controller:/opt/ros/foxy /usr/bin/cmake --install /home/perla/DRL_robot_navigation_ros2/build/velodyne_description
[1.921s] DEBUG:colcon.colcon_core.event_handler.log_command:Invoking command in '/home/perla/DRL_robot_navigation_ros2/build/omni_cartographer': CMAKE_PREFIX_PATH=${CMAKE_PREFIX_PATH}:/home/perla/ros2_ws/install/my_robot_controller:/opt/ros/foxy /usr/bin/cmake --install /home/perla/DRL_robot_navigation_ros2/build/omni_cartographer
[1.924s] DEBUG:colcon.colcon_core.event_handler.log_command:Invoking command in '/home/perla/DRL_robot_navigation_ros2/build/td3': CMAKE_PREFIX_PATH=${CMAKE_PREFIX_PATH}:/home/perla/ros2_ws/install/my_robot_controller:/opt/ros/foxy /usr/bin/cmake --install /home/perla/DRL_robot_navigation_ros2/build/td3
[1.925s] Level 1:colcon.colcon_core.environment:create_environment_scripts_only(velodyne_description)
[1.949s] DEBUG:colcon.colcon_core.event_handler.log_command:Invoked command in '/home/perla/DRL_robot_navigation_ros2/build/velodyne_description' returned '0': CMAKE_PREFIX_PATH=${CMAKE_PREFIX_PATH}:/home/perla/ros2_ws/install/my_robot_controller:/opt/ros/foxy /usr/bin/cmake --install /home/perla/DRL_robot_navigation_ros2/build/velodyne_description
[1.967s] Level 1:colcon.colcon_core.environment:checking '/home/perla/DRL_robot_navigation_ros2/install/velodyne_description' for CMake module files
[1.967s] Level 1:colcon.colcon_core.environment:checking '/home/perla/DRL_robot_navigation_ros2/install/velodyne_description' for CMake config files
[1.967s] Level 1:colcon.colcon_core.shell:create_environment_hook('velodyne_description', 'cmake_prefix_path')
[1.987s] INFO:colcon.colcon_core.shell:Creating environment hook '/home/perla/DRL_robot_navigation_ros2/install/velodyne_description/share/velodyne_description/hook/cmake_prefix_path.ps1'
[1.987s] INFO:colcon.colcon_core.shell:Creating environment descriptor '/home/perla/DRL_robot_navigation_ros2/install/velodyne_description/share/velodyne_description/hook/cmake_prefix_path.dsv'
[1.988s] INFO:colcon.colcon_core.shell:Creating environment hook '/home/perla/DRL_robot_navigation_ros2/install/velodyne_description/share/velodyne_description/hook/cmake_prefix_path.sh'
[1.988s] Level 1:colcon.colcon_core.environment:checking '/home/perla/DRL_robot_navigation_ros2/install/velodyne_description/bin'
[1.988s] Level 1:colcon.colcon_core.environment:checking '/home/perla/DRL_robot_navigation_ros2/install/velodyne_description/lib/pkgconfig/velodyne_description.pc'
[1.988s] Level 1:colcon.colcon_core.environment:checking '/home/perla/DRL_robot_navigation_ros2/install/velodyne_description/lib/python3.8/site-packages'
[1.988s] Level 1:colcon.colcon_core.environment:checking '/home/perla/DRL_robot_navigation_ros2/install/velodyne_description/bin'
[2.007s] INFO:colcon.colcon_core.shell:Creating package script '/home/perla/DRL_robot_navigation_ros2/install/velodyne_description/share/velodyne_description/package.ps1'
[2.007s] INFO:colcon.colcon_core.shell:Creating package descriptor '/home/perla/DRL_robot_navigation_ros2/install/velodyne_description/share/velodyne_description/package.dsv'
[2.007s] INFO:colcon.colcon_core.shell:Creating package script '/home/perla/DRL_robot_navigation_ros2/install/velodyne_description/share/velodyne_description/package.sh'
[2.008s] INFO:colcon.colcon_core.shell:Creating package script '/home/perla/DRL_robot_navigation_ros2/install/velodyne_description/share/velodyne_description/package.bash'
[2.008s] INFO:colcon.colcon_core.shell:Creating package script '/home/perla/DRL_robot_navigation_ros2/install/velodyne_description/share/velodyne_description/package.zsh'
[2.008s] Level 1:colcon.colcon_core.environment:create_file_with_runtime_dependencies(/home/perla/DRL_robot_navigation_ros2/install/velodyne_description/share/colcon-core/packages/velodyne_description)
[2.012s] Level 1:colcon.colcon_core.environment:create_environment_scripts_only(td3)
[2.012s] DEBUG:colcon.colcon_core.event_handler.log_command:Invoked command in '/home/perla/DRL_robot_navigation_ros2/build/td3' returned '0': CMAKE_PREFIX_PATH=${CMAKE_PREFIX_PATH}:/home/perla/ros2_ws/install/my_robot_controller:/opt/ros/foxy /usr/bin/cmake --install /home/perla/DRL_robot_navigation_ros2/build/td3
[2.031s] Level 1:colcon.colcon_core.environment:checking '/home/perla/DRL_robot_navigation_ros2/install/td3' for CMake module files
[2.031s] Level 1:colcon.colcon_core.environment:checking '/home/perla/DRL_robot_navigation_ros2/install/td3' for CMake config files
[2.031s] Level 1:colcon.colcon_core.shell:create_environment_hook('td3', 'cmake_prefix_path')
[2.050s] INFO:colcon.colcon_core.shell:Creating environment hook '/home/perla/DRL_robot_navigation_ros2/install/td3/share/td3/hook/cmake_prefix_path.ps1'
[2.051s] INFO:colcon.colcon_core.shell:Creating environment descriptor '/home/perla/DRL_robot_navigation_ros2/install/td3/share/td3/hook/cmake_prefix_path.dsv'
[2.051s] INFO:colcon.colcon_core.shell:Creating environment hook '/home/perla/DRL_robot_navigation_ros2/install/td3/share/td3/hook/cmake_prefix_path.sh'
[2.051s] Level 1:colcon.colcon_core.environment:checking '/home/perla/DRL_robot_navigation_ros2/install/td3/lib'
[2.051s] Level 1:colcon.colcon_core.environment:checking '/home/perla/DRL_robot_navigation_ros2/install/td3/bin'
[2.051s] Level 1:colcon.colcon_core.environment:checking '/home/perla/DRL_robot_navigation_ros2/install/td3/lib/pkgconfig/td3.pc'
[2.052s] Level 1:colcon.colcon_core.environment:checking '/home/perla/DRL_robot_navigation_ros2/install/td3/lib/python3.8/site-packages'
[2.052s] Level 1:colcon.colcon_core.environment:checking '/home/perla/DRL_robot_navigation_ros2/install/td3/bin'
[2.070s] INFO:colcon.colcon_core.shell:Creating package script '/home/perla/DRL_robot_navigation_ros2/install/td3/share/td3/package.ps1'
[2.070s] INFO:colcon.colcon_core.shell:Creating package descriptor '/home/perla/DRL_robot_navigation_ros2/install/td3/share/td3/package.dsv'
[2.070s] INFO:colcon.colcon_core.shell:Creating package script '/home/perla/DRL_robot_navigation_ros2/install/td3/share/td3/package.sh'
[2.070s] INFO:colcon.colcon_core.shell:Creating package script '/home/perla/DRL_robot_navigation_ros2/install/td3/share/td3/package.bash'
[2.070s] INFO:colcon.colcon_core.shell:Creating package script '/home/perla/DRL_robot_navigation_ros2/install/td3/share/td3/package.zsh'
[2.071s] Level 1:colcon.colcon_core.environment:create_file_with_runtime_dependencies(/home/perla/DRL_robot_navigation_ros2/install/td3/share/colcon-core/packages/td3)
[2.072s] Level 1:colcon.colcon_core.environment:create_environment_scripts_only(omni_cartographer)
[2.073s] DEBUG:colcon.colcon_core.event_handler.log_command:Invoked command in '/home/perla/DRL_robot_navigation_ros2/build/omni_cartographer' returned '0': CMAKE_PREFIX_PATH=${CMAKE_PREFIX_PATH}:/home/perla/ros2_ws/install/my_robot_controller:/opt/ros/foxy /usr/bin/cmake --install /home/perla/DRL_robot_navigation_ros2/build/omni_cartographer
[2.100s] Level 1:colcon.colcon_core.environment:checking '/home/perla/DRL_robot_navigation_ros2/install/omni_cartographer' for CMake module files
[2.100s] Level 1:colcon.colcon_core.environment:checking '/home/perla/DRL_robot_navigation_ros2/install/omni_cartographer' for CMake config files
[2.100s] Level 1:colcon.colcon_core.shell:create_environment_hook('omni_cartographer', 'cmake_prefix_path')
[2.119s] INFO:colcon.colcon_core.shell:Creating environment hook '/home/perla/DRL_robot_navigation_ros2/install/omni_cartographer/share/omni_cartographer/hook/cmake_prefix_path.ps1'
[2.119s] INFO:colcon.colcon_core.shell:Creating environment descriptor '/home/perla/DRL_robot_navigation_ros2/install/omni_cartographer/share/omni_cartographer/hook/cmake_prefix_path.dsv'
[2.119s] INFO:colcon.colcon_core.shell:Creating environment hook '/home/perla/DRL_robot_navigation_ros2/install/omni_cartographer/share/omni_cartographer/hook/cmake_prefix_path.sh'
[2.120s] Level 1:colcon.colcon_core.environment:checking '/home/perla/DRL_robot_navigation_ros2/install/omni_cartographer/bin'
[2.120s] Level 1:colcon.colcon_core.environment:checking '/home/perla/DRL_robot_navigation_ros2/install/omni_cartographer/lib/pkgconfig/omni_cartographer.pc'
[2.120s] Level 1:colcon.colcon_core.environment:checking '/home/perla/DRL_robot_navigation_ros2/install/omni_cartographer/lib/python3.8/site-packages'
[2.120s] Level 1:colcon.colcon_core.environment:checking '/home/perla/DRL_robot_navigation_ros2/install/omni_cartographer/bin'
[2.138s] INFO:colcon.colcon_core.shell:Creating package script '/home/perla/DRL_robot_navigation_ros2/install/omni_cartographer/share/omni_cartographer/package.ps1'
[2.138s] INFO:colcon.colcon_core.shell:Creating package descriptor '/home/perla/DRL_robot_navigation_ros2/install/omni_cartographer/share/omni_cartographer/package.dsv'
[2.138s] INFO:colcon.colcon_core.shell:Creating package script '/home/perla/DRL_robot_navigation_ros2/install/omni_cartographer/share/omni_cartographer/package.sh'
[2.138s] INFO:colcon.colcon_core.shell:Creating package script '/home/perla/DRL_robot_navigation_ros2/install/omni_cartographer/share/omni_cartographer/package.bash'
[2.138s] INFO:colcon.colcon_core.shell:Creating package script '/home/perla/DRL_robot_navigation_ros2/install/omni_cartographer/share/omni_cartographer/package.zsh'
[2.138s] Level 1:colcon.colcon_core.environment:create_file_with_runtime_dependencies(/home/perla/DRL_robot_navigation_ros2/install/omni_cartographer/share/colcon-core/packages/omni_cartographer)
[2.142s] DEBUG:colcon.colcon_core.event_handler.log_command:Invoked command in '/home/perla/DRL_robot_navigation_ros2/build/velodyne_gazebo_plugins' returned '0': CMAKE_PREFIX_PATH=${CMAKE_PREFIX_PATH}:/home/perla/ros2_ws/install/my_robot_controller:/opt/ros/foxy /usr/bin/cmake --build /home/perla/DRL_robot_navigation_ros2/build/velodyne_gazebo_plugins -- -j20 -l20
[2.163s] Level 1:colcon.colcon_core.environment:create_environment_scripts_only(velodyne_description)
[2.181s] Level 1:colcon.colcon_core.environment:checking '/home/perla/DRL_robot_navigation_ros2/install/velodyne_description' for CMake module files
[2.182s] Level 1:colcon.colcon_core.environment:checking '/home/perla/DRL_robot_navigation_ros2/install/velodyne_description' for CMake config files
[2.182s] Level 1:colcon.colcon_core.shell:create_environment_hook('velodyne_description', 'cmake_prefix_path')
[2.200s] INFO:colcon.colcon_core.shell:Creating environment hook '/home/perla/DRL_robot_navigation_ros2/install/velodyne_description/share/velodyne_description/hook/cmake_prefix_path.ps1'
[2.201s] INFO:colcon.colcon_core.shell:Creating environment descriptor '/home/perla/DRL_robot_navigation_ros2/install/velodyne_description/share/velodyne_description/hook/cmake_prefix_path.dsv'
[2.201s] INFO:colcon.colcon_core.shell:Creating environment hook '/home/perla/DRL_robot_navigation_ros2/install/velodyne_description/share/velodyne_description/hook/cmake_prefix_path.sh'
[2.201s] Level 1:colcon.colcon_core.environment:checking '/home/perla/DRL_robot_navigation_ros2/install/velodyne_description/bin'
[2.201s] Level 1:colcon.colcon_core.environment:checking '/home/perla/DRL_robot_navigation_ros2/install/velodyne_description/lib/pkgconfig/velodyne_description.pc'
[2.201s] Level 1:colcon.colcon_core.environment:checking '/home/perla/DRL_robot_navigation_ros2/install/velodyne_description/lib/python3.8/site-packages'
[2.201s] Level 1:colcon.colcon_core.environment:checking '/home/perla/DRL_robot_navigation_ros2/install/velodyne_description/bin'
[2.219s] INFO:colcon.colcon_core.shell:Creating package script '/home/perla/DRL_robot_navigation_ros2/install/velodyne_description/share/velodyne_description/package.ps1'
[2.219s] INFO:colcon.colcon_core.shell:Creating package descriptor '/home/perla/DRL_robot_navigation_ros2/install/velodyne_description/share/velodyne_description/package.dsv'
[2.219s] INFO:colcon.colcon_core.shell:Creating package script '/home/perla/DRL_robot_navigation_ros2/install/velodyne_description/share/velodyne_description/package.sh'
[2.220s] INFO:colcon.colcon_core.shell:Creating package script '/home/perla/DRL_robot_navigation_ros2/install/velodyne_description/share/velodyne_description/package.bash'
[2.220s] INFO:colcon.colcon_core.shell:Creating package script '/home/perla/DRL_robot_navigation_ros2/install/velodyne_description/share/velodyne_description/package.zsh'
[2.220s] Level 1:colcon.colcon_core.environment:create_file_with_runtime_dependencies(/home/perla/DRL_robot_navigation_ros2/install/velodyne_description/share/colcon-core/packages/velodyne_description)
[2.239s] Level 1:colcon.colcon_core.environment:create_environment_scripts_only(td3)
[2.257s] Level 1:colcon.colcon_core.environment:checking '/home/perla/DRL_robot_navigation_ros2/install/td3' for CMake module files
[2.257s] Level 1:colcon.colcon_core.environment:checking '/home/perla/DRL_robot_navigation_ros2/install/td3' for CMake config files
[2.258s] Level 1:colcon.colcon_core.shell:create_environment_hook('td3', 'cmake_prefix_path')
[2.276s] INFO:colcon.colcon_core.shell:Creating environment hook '/home/perla/DRL_robot_navigation_ros2/install/td3/share/td3/hook/cmake_prefix_path.ps1'
[2.276s] INFO:colcon.colcon_core.shell:Creating environment descriptor '/home/perla/DRL_robot_navigation_ros2/install/td3/share/td3/hook/cmake_prefix_path.dsv'
[2.276s] INFO:colcon.colcon_core.shell:Creating environment hook '/home/perla/DRL_robot_navigation_ros2/install/td3/share/td3/hook/cmake_prefix_path.sh'
[2.277s] Level 1:colcon.colcon_core.environment:checking '/home/perla/DRL_robot_navigation_ros2/install/td3/lib'
[2.277s] Level 1:colcon.colcon_core.environment:checking '/home/perla/DRL_robot_navigation_ros2/install/td3/bin'
[2.277s] Level 1:colcon.colcon_core.environment:checking '/home/perla/DRL_robot_navigation_ros2/install/td3/lib/pkgconfig/td3.pc'
[2.277s] Level 1:colcon.colcon_core.environment:checking '/home/perla/DRL_robot_navigation_ros2/install/td3/lib/python3.8/site-packages'
[2.277s] Level 1:colcon.colcon_core.environment:checking '/home/perla/DRL_robot_navigation_ros2/install/td3/bin'
[2.295s] INFO:colcon.colcon_core.shell:Creating package script '/home/perla/DRL_robot_navigation_ros2/install/td3/share/td3/package.ps1'
[2.295s] INFO:colcon.colcon_core.shell:Creating package descriptor '/home/perla/DRL_robot_navigation_ros2/install/td3/share/td3/package.dsv'
[2.296s] INFO:colcon.colcon_core.shell:Creating package script '/home/perla/DRL_robot_navigation_ros2/install/td3/share/td3/package.sh'
[2.296s] INFO:colcon.colcon_core.shell:Creating package script '/home/perla/DRL_robot_navigation_ros2/install/td3/share/td3/package.bash'
[2.296s] INFO:colcon.colcon_core.shell:Creating package script '/home/perla/DRL_robot_navigation_ros2/install/td3/share/td3/package.zsh'
[2.296s] Level 1:colcon.colcon_core.environment:create_file_with_runtime_dependencies(/home/perla/DRL_robot_navigation_ros2/install/td3/share/colcon-core/packages/td3)
[2.315s] Level 1:colcon.colcon_core.environment:create_environment_scripts_only(omni_cartographer)
[2.333s] Level 1:colcon.colcon_core.environment:checking '/home/perla/DRL_robot_navigation_ros2/install/omni_cartographer' for CMake module files
[2.333s] Level 1:colcon.colcon_core.environment:checking '/home/perla/DRL_robot_navigation_ros2/install/omni_cartographer' for CMake config files
[2.333s] Level 1:colcon.colcon_core.shell:create_environment_hook('omni_cartographer', 'cmake_prefix_path')
[2.353s] INFO:colcon.colcon_core.shell:Creating environment hook '/home/perla/DRL_robot_navigation_ros2/install/omni_cartographer/share/omni_cartographer/hook/cmake_prefix_path.ps1'
[2.353s] INFO:colcon.colcon_core.shell:Creating environment descriptor '/home/perla/DRL_robot_navigation_ros2/install/omni_cartographer/share/omni_cartographer/hook/cmake_prefix_path.dsv'
[2.353s] INFO:colcon.colcon_core.shell:Creating environment hook '/home/perla/DRL_robot_navigation_ros2/install/omni_cartographer/share/omni_cartographer/hook/cmake_prefix_path.sh'
[2.353s] Level 1:colcon.colcon_core.environment:checking '/home/perla/DRL_robot_navigation_ros2/install/omni_cartographer/bin'
[2.353s] Level 1:colcon.colcon_core.environment:checking '/home/perla/DRL_robot_navigation_ros2/install/omni_cartographer/lib/pkgconfig/omni_cartographer.pc'
[2.353s] Level 1:colcon.colcon_core.environment:checking '/home/perla/DRL_robot_navigation_ros2/install/omni_cartographer/lib/python3.8/site-packages'
[2.354s] Level 1:colcon.colcon_core.environment:checking '/home/perla/DRL_robot_navigation_ros2/install/omni_cartographer/bin'
[2.372s] INFO:colcon.colcon_core.shell:Creating package script '/home/perla/DRL_robot_navigation_ros2/install/omni_cartographer/share/omni_cartographer/package.ps1'
[2.372s] INFO:colcon.colcon_core.shell:Creating package descriptor '/home/perla/DRL_robot_navigation_ros2/install/omni_cartographer/share/omni_cartographer/package.dsv'
[2.372s] INFO:colcon.colcon_core.shell:Creating package script '/home/perla/DRL_robot_navigation_ros2/install/omni_cartographer/share/omni_cartographer/package.sh'
[2.373s] INFO:colcon.colcon_core.shell:Creating package script '/home/perla/DRL_robot_navigation_ros2/install/omni_cartographer/share/omni_cartographer/package.bash'
[2.373s] INFO:colcon.colcon_core.shell:Creating package script '/home/perla/DRL_robot_navigation_ros2/install/omni_cartographer/share/omni_cartographer/package.zsh'
[2.373s] Level 1:colcon.colcon_core.environment:create_file_with_runtime_dependencies(/home/perla/DRL_robot_navigation_ros2/install/omni_cartographer/share/colcon-core/packages/omni_cartographer)
[2.376s] DEBUG:colcon.colcon_core.event_handler.log_command:Invoking command in '/home/perla/DRL_robot_navigation_ros2/build/velodyne_gazebo_plugins': CMAKE_PREFIX_PATH=${CMAKE_PREFIX_PATH}:/home/perla/ros2_ws/install/my_robot_controller:/opt/ros/foxy /usr/bin/cmake --install /home/perla/DRL_robot_navigation_ros2/build/velodyne_gazebo_plugins
[2.382s] Level 1:colcon.colcon_core.environment:create_environment_scripts_only(velodyne_gazebo_plugins)
[2.384s] DEBUG:colcon.colcon_core.event_handler.log_command:Invoked command in '/home/perla/DRL_robot_navigation_ros2/build/velodyne_gazebo_plugins' returned '0': CMAKE_PREFIX_PATH=${CMAKE_PREFIX_PATH}:/home/perla/ros2_ws/install/my_robot_controller:/opt/ros/foxy /usr/bin/cmake --install /home/perla/DRL_robot_navigation_ros2/build/velodyne_gazebo_plugins
[2.402s] Level 1:colcon.colcon_core.environment:checking '/home/perla/DRL_robot_navigation_ros2/install/velodyne_gazebo_plugins' for CMake module files
[2.403s] Level 1:colcon.colcon_core.environment:checking '/home/perla/DRL_robot_navigation_ros2/install/velodyne_gazebo_plugins' for CMake config files
[2.403s] Level 1:colcon.colcon_core.shell:create_environment_hook('velodyne_gazebo_plugins', 'cmake_prefix_path')
[2.423s] INFO:colcon.colcon_core.shell:Creating environment hook '/home/perla/DRL_robot_navigation_ros2/install/velodyne_gazebo_plugins/share/velodyne_gazebo_plugins/hook/cmake_prefix_path.ps1'
[2.423s] INFO:colcon.colcon_core.shell:Creating environment descriptor '/home/perla/DRL_robot_navigation_ros2/install/velodyne_gazebo_plugins/share/velodyne_gazebo_plugins/hook/cmake_prefix_path.dsv'
[2.423s] INFO:colcon.colcon_core.shell:Creating environment hook '/home/perla/DRL_robot_navigation_ros2/install/velodyne_gazebo_plugins/share/velodyne_gazebo_plugins/hook/cmake_prefix_path.sh'
[2.424s] Level 1:colcon.colcon_core.environment:checking '/home/perla/DRL_robot_navigation_ros2/install/velodyne_gazebo_plugins/lib'
[2.424s] Level 1:colcon.colcon_core.shell:create_environment_hook('velodyne_gazebo_plugins', 'ld_library_path_lib')
[2.443s] INFO:colcon.colcon_core.shell:Creating environment hook '/home/perla/DRL_robot_navigation_ros2/install/velodyne_gazebo_plugins/share/velodyne_gazebo_plugins/hook/ld_library_path_lib.ps1'
[2.444s] INFO:colcon.colcon_core.shell:Creating environment descriptor '/home/perla/DRL_robot_navigation_ros2/install/velodyne_gazebo_plugins/share/velodyne_gazebo_plugins/hook/ld_library_path_lib.dsv'
[2.444s] INFO:colcon.colcon_core.shell:Creating environment hook '/home/perla/DRL_robot_navigation_ros2/install/velodyne_gazebo_plugins/share/velodyne_gazebo_plugins/hook/ld_library_path_lib.sh'
[2.444s] Level 1:colcon.colcon_core.environment:checking '/home/perla/DRL_robot_navigation_ros2/install/velodyne_gazebo_plugins/bin'
[2.444s] Level 1:colcon.colcon_core.environment:checking '/home/perla/DRL_robot_navigation_ros2/install/velodyne_gazebo_plugins/lib/pkgconfig/velodyne_gazebo_plugins.pc'
[2.444s] Level 1:colcon.colcon_core.environment:checking '/home/perla/DRL_robot_navigation_ros2/install/velodyne_gazebo_plugins/lib/python3.8/site-packages'
[2.444s] Level 1:colcon.colcon_core.environment:checking '/home/perla/DRL_robot_navigation_ros2/install/velodyne_gazebo_plugins/bin'
[2.464s] INFO:colcon.colcon_core.shell:Creating package script '/home/perla/DRL_robot_navigation_ros2/install/velodyne_gazebo_plugins/share/velodyne_gazebo_plugins/package.ps1'
[2.465s] INFO:colcon.colcon_core.shell:Creating package descriptor '/home/perla/DRL_robot_navigation_ros2/install/velodyne_gazebo_plugins/share/velodyne_gazebo_plugins/package.dsv'
[2.465s] INFO:colcon.colcon_core.shell:Creating package script '/home/perla/DRL_robot_navigation_ros2/install/velodyne_gazebo_plugins/share/velodyne_gazebo_plugins/package.sh'
[2.465s] INFO:colcon.colcon_core.shell:Creating package script '/home/perla/DRL_robot_navigation_ros2/install/velodyne_gazebo_plugins/share/velodyne_gazebo_plugins/package.bash'
[2.465s] INFO:colcon.colcon_core.shell:Creating package script '/home/perla/DRL_robot_navigation_ros2/install/velodyne_gazebo_plugins/share/velodyne_gazebo_plugins/package.zsh'
[2.466s] Level 1:colcon.colcon_core.environment:create_file_with_runtime_dependencies(/home/perla/DRL_robot_navigation_ros2/install/velodyne_gazebo_plugins/share/colcon-core/packages/velodyne_gazebo_plugins)
[2.507s] Level 1:colcon.colcon_core.environment:create_environment_scripts_only(velodyne_gazebo_plugins)
[2.528s] Level 1:colcon.colcon_core.environment:checking '/home/perla/DRL_robot_navigation_ros2/install/velodyne_gazebo_plugins' for CMake module files
[2.528s] Level 1:colcon.colcon_core.environment:checking '/home/perla/DRL_robot_navigation_ros2/install/velodyne_gazebo_plugins' for CMake config files
[2.528s] Level 1:colcon.colcon_core.shell:create_environment_hook('velodyne_gazebo_plugins', 'cmake_prefix_path')
[2.548s] INFO:colcon.colcon_core.shell:Creating environment hook '/home/perla/DRL_robot_navigation_ros2/install/velodyne_gazebo_plugins/share/velodyne_gazebo_plugins/hook/cmake_prefix_path.ps1'
[2.548s] INFO:colcon.colcon_core.shell:Creating environment descriptor '/home/perla/DRL_robot_navigation_ros2/install/velodyne_gazebo_plugins/share/velodyne_gazebo_plugins/hook/cmake_prefix_path.dsv'
[2.548s] INFO:colcon.colcon_core.shell:Creating environment hook '/home/perla/DRL_robot_navigation_ros2/install/velodyne_gazebo_plugins/share/velodyne_gazebo_plugins/hook/cmake_prefix_path.sh'
[2.548s] Level 1:colcon.colcon_core.environment:checking '/home/perla/DRL_robot_navigation_ros2/install/velodyne_gazebo_plugins/lib'
[2.548s] Level 1:colcon.colcon_core.shell:create_environment_hook('velodyne_gazebo_plugins', 'ld_library_path_lib')
[2.568s] INFO:colcon.colcon_core.shell:Creating environment hook '/home/perla/DRL_robot_navigation_ros2/install/velodyne_gazebo_plugins/share/velodyne_gazebo_plugins/hook/ld_library_path_lib.ps1'
[2.568s] INFO:colcon.colcon_core.shell:Creating environment descriptor '/home/perla/DRL_robot_navigation_ros2/install/velodyne_gazebo_plugins/share/velodyne_gazebo_plugins/hook/ld_library_path_lib.dsv'
[2.569s] INFO:colcon.colcon_core.shell:Creating environment hook '/home/perla/DRL_robot_navigation_ros2/install/velodyne_gazebo_plugins/share/velodyne_gazebo_plugins/hook/ld_library_path_lib.sh'
[2.569s] Level 1:colcon.colcon_core.environment:checking '/home/perla/DRL_robot_navigation_ros2/install/velodyne_gazebo_plugins/bin'
[2.569s] Level 1:colcon.colcon_core.environment:checking '/home/perla/DRL_robot_navigation_ros2/install/velodyne_gazebo_plugins/lib/pkgconfig/velodyne_gazebo_plugins.pc'
[2.569s] Level 1:colcon.colcon_core.environment:checking '/home/perla/DRL_robot_navigation_ros2/install/velodyne_gazebo_plugins/lib/python3.8/site-packages'
[2.569s] Level 1:colcon.colcon_core.environment:checking '/home/perla/DRL_robot_navigation_ros2/install/velodyne_gazebo_plugins/bin'
[2.589s] INFO:colcon.colcon_core.shell:Creating package script '/home/perla/DRL_robot_navigation_ros2/install/velodyne_gazebo_plugins/share/velodyne_gazebo_plugins/package.ps1'
[2.589s] INFO:colcon.colcon_core.shell:Creating package descriptor '/home/perla/DRL_robot_navigation_ros2/install/velodyne_gazebo_plugins/share/velodyne_gazebo_plugins/package.dsv'
[2.589s] INFO:colcon.colcon_core.shell:Creating package script '/home/perla/DRL_robot_navigation_ros2/install/velodyne_gazebo_plugins/share/velodyne_gazebo_plugins/package.sh'
[2.589s] INFO:colcon.colcon_core.shell:Creating package script '/home/perla/DRL_robot_navigation_ros2/install/velodyne_gazebo_plugins/share/velodyne_gazebo_plugins/package.bash'
[2.590s] INFO:colcon.colcon_core.shell:Creating package script '/home/perla/DRL_robot_navigation_ros2/install/velodyne_gazebo_plugins/share/velodyne_gazebo_plugins/package.zsh'
[2.590s] Level 1:colcon.colcon_core.environment:create_file_with_runtime_dependencies(/home/perla/DRL_robot_navigation_ros2/install/velodyne_gazebo_plugins/share/colcon-core/packages/velodyne_gazebo_plugins)
[2.590s] INFO:colcon.colcon_ros.task.ament_cmake.build:Building ROS package in '/home/perla/DRL_robot_navigation_ros2/src/velodyne_simulator/velodyne_simulator' with build type 'ament_cmake'
[2.590s] INFO:colcon.colcon_cmake.task.cmake.build:Building CMake package in '/home/perla/DRL_robot_navigation_ros2/src/velodyne_simulator/velodyne_simulator'
[2.610s] INFO:colcon.colcon_core.shell:Skip shell extension 'powershell' for command environment: Not usable outside of PowerShell
[2.611s] DEBUG:colcon.colcon_core.shell:Skip shell extension 'dsv' for command environment
[2.708s] DEBUG:colcon.colcon_core.event_handler.log_command:Invoking command in '/home/perla/DRL_robot_navigation_ros2/build/velodyne_simulator': CMAKE_PREFIX_PATH=/home/perla/DRL_robot_navigation_ros2/install/velodyne_gazebo_plugins:/home/perla/DRL_robot_navigation_ros2/install/velodyne_description:/home/perla/DRL_robot_navigation_ros2/install/velodyne_simulator:/home/perla/DRL_robot_navigation_ros2/install/td3:/home/perla/DRL_robot_navigation_ros2/install/omni_cartographer:/home/perla/ros2_ws/install/velodyne_simulator:/home/perla/ros2_ws/install/velodyne_gazebo_plugins:/home/perla/ros2_ws/install/velodyne_description:/home/perla/ros2_ws/install/td3:/home/perla/ros2_ws/install/my_robot_controller:/opt/ros/foxy /usr/bin/cmake --build /home/perla/DRL_robot_navigation_ros2/build/velodyne_simulator -- -j20 -l20
[2.733s] DEBUG:colcon.colcon_core.event_handler.log_command:Invoked command in '/home/perla/DRL_robot_navigation_ros2/build/velodyne_simulator' returned '0': CMAKE_PREFIX_PATH=/home/perla/DRL_robot_navigation_ros2/install/velodyne_gazebo_plugins:/home/perla/DRL_robot_navigation_ros2/install/velodyne_description:/home/perla/DRL_robot_navigation_ros2/install/velodyne_simulator:/home/perla/DRL_robot_navigation_ros2/install/td3:/home/perla/DRL_robot_navigation_ros2/install/omni_cartographer:/home/perla/ros2_ws/install/velodyne_simulator:/home/perla/ros2_ws/install/velodyne_gazebo_plugins:/home/perla/ros2_ws/install/velodyne_description:/home/perla/ros2_ws/install/td3:/home/perla/ros2_ws/install/my_robot_controller:/opt/ros/foxy /usr/bin/cmake --build /home/perla/DRL_robot_navigation_ros2/build/velodyne_simulator -- -j20 -l20
[2.745s] DEBUG:colcon.colcon_core.event_handler.log_command:Invoking command in '/home/perla/DRL_robot_navigation_ros2/build/velodyne_simulator': CMAKE_PREFIX_PATH=/home/perla/DRL_robot_navigation_ros2/install/velodyne_gazebo_plugins:/home/perla/DRL_robot_navigation_ros2/install/velodyne_description:/home/perla/DRL_robot_navigation_ros2/install/velodyne_simulator:/home/perla/DRL_robot_navigation_ros2/install/td3:/home/perla/DRL_robot_navigation_ros2/install/omni_cartographer:/home/perla/ros2_ws/install/velodyne_simulator:/home/perla/ros2_ws/install/velodyne_gazebo_plugins:/home/perla/ros2_ws/install/velodyne_description:/home/perla/ros2_ws/install/td3:/home/perla/ros2_ws/install/my_robot_controller:/opt/ros/foxy /usr/bin/cmake --install /home/perla/DRL_robot_navigation_ros2/build/velodyne_simulator
[2.753s] Level 1:colcon.colcon_core.environment:create_environment_scripts_only(velodyne_simulator)
[2.754s] DEBUG:colcon.colcon_core.event_handler.log_command:Invoked command in '/home/perla/DRL_robot_navigation_ros2/build/velodyne_simulator' returned '0': CMAKE_PREFIX_PATH=/home/perla/DRL_robot_navigation_ros2/install/velodyne_gazebo_plugins:/home/perla/DRL_robot_navigation_ros2/install/velodyne_description:/home/perla/DRL_robot_navigation_ros2/install/velodyne_simulator:/home/perla/DRL_robot_navigation_ros2/install/td3:/home/perla/DRL_robot_navigation_ros2/install/omni_cartographer:/home/perla/ros2_ws/install/velodyne_simulator:/home/perla/ros2_ws/install/velodyne_gazebo_plugins:/home/perla/ros2_ws/install/velodyne_description:/home/perla/ros2_ws/install/td3:/home/perla/ros2_ws/install/my_robot_controller:/opt/ros/foxy /usr/bin/cmake --install /home/perla/DRL_robot_navigation_ros2/build/velodyne_simulator
[2.773s] Level 1:colcon.colcon_core.environment:checking '/home/perla/DRL_robot_navigation_ros2/install/velodyne_simulator' for CMake module files
[2.773s] Level 1:colcon.colcon_core.environment:checking '/home/perla/DRL_robot_navigation_ros2/install/velodyne_simulator' for CMake config files
[2.774s] Level 1:colcon.colcon_core.shell:create_environment_hook('velodyne_simulator', 'cmake_prefix_path')
[2.793s] INFO:colcon.colcon_core.shell:Creating environment hook '/home/perla/DRL_robot_navigation_ros2/install/velodyne_simulator/share/velodyne_simulator/hook/cmake_prefix_path.ps1'
[2.793s] INFO:colcon.colcon_core.shell:Creating environment descriptor '/home/perla/DRL_robot_navigation_ros2/install/velodyne_simulator/share/velodyne_simulator/hook/cmake_prefix_path.dsv'
[2.793s] INFO:colcon.colcon_core.shell:Creating environment hook '/home/perla/DRL_robot_navigation_ros2/install/velodyne_simulator/share/velodyne_simulator/hook/cmake_prefix_path.sh'
[2.793s] Level 1:colcon.colcon_core.environment:checking '/home/perla/DRL_robot_navigation_ros2/install/velodyne_simulator/bin'
[2.793s] Level 1:colcon.colcon_core.environment:checking '/home/perla/DRL_robot_navigation_ros2/install/velodyne_simulator/lib/pkgconfig/velodyne_simulator.pc'
[2.794s] Level 1:colcon.colcon_core.environment:checking '/home/perla/DRL_robot_navigation_ros2/install/velodyne_simulator/lib/python3.8/site-packages'
[2.794s] Level 1:colcon.colcon_core.environment:checking '/home/perla/DRL_robot_navigation_ros2/install/velodyne_simulator/bin'
[2.813s] INFO:colcon.colcon_core.shell:Creating package script '/home/perla/DRL_robot_navigation_ros2/install/velodyne_simulator/share/velodyne_simulator/package.ps1'
[2.813s] INFO:colcon.colcon_core.shell:Creating package descriptor '/home/perla/DRL_robot_navigation_ros2/install/velodyne_simulator/share/velodyne_simulator/package.dsv'
[2.814s] INFO:colcon.colcon_core.shell:Creating package script '/home/perla/DRL_robot_navigation_ros2/install/velodyne_simulator/share/velodyne_simulator/package.sh'
[2.814s] INFO:colcon.colcon_core.shell:Creating package script '/home/perla/DRL_robot_navigation_ros2/install/velodyne_simulator/share/velodyne_simulator/package.bash'
[2.814s] INFO:colcon.colcon_core.shell:Creating package script '/home/perla/DRL_robot_navigation_ros2/install/velodyne_simulator/share/velodyne_simulator/package.zsh'
[2.814s] Level 1:colcon.colcon_core.environment:create_file_with_runtime_dependencies(/home/perla/DRL_robot_navigation_ros2/install/velodyne_simulator/share/colcon-core/packages/velodyne_simulator)
[2.847s] Level 1:colcon.colcon_core.environment:create_environment_scripts_only(velodyne_simulator)
[2.866s] Level 1:colcon.colcon_core.environment:checking '/home/perla/DRL_robot_navigation_ros2/install/velodyne_simulator' for CMake module files
[2.866s] Level 1:colcon.colcon_core.environment:checking '/home/perla/DRL_robot_navigation_ros2/install/velodyne_simulator' for CMake config files
[2.866s] Level 1:colcon.colcon_core.shell:create_environment_hook('velodyne_simulator', 'cmake_prefix_path')
[2.886s] INFO:colcon.colcon_core.shell:Creating environment hook '/home/perla/DRL_robot_navigation_ros2/install/velodyne_simulator/share/velodyne_simulator/hook/cmake_prefix_path.ps1'
[2.886s] INFO:colcon.colcon_core.shell:Creating environment descriptor '/home/perla/DRL_robot_navigation_ros2/install/velodyne_simulator/share/velodyne_simulator/hook/cmake_prefix_path.dsv'
[2.887s] INFO:colcon.colcon_core.shell:Creating environment hook '/home/perla/DRL_robot_navigation_ros2/install/velodyne_simulator/share/velodyne_simulator/hook/cmake_prefix_path.sh'
[2.887s] Level 1:colcon.colcon_core.environment:checking '/home/perla/DRL_robot_navigation_ros2/install/velodyne_simulator/bin'
[2.887s] Level 1:colcon.colcon_core.environment:checking '/home/perla/DRL_robot_navigation_ros2/install/velodyne_simulator/lib/pkgconfig/velodyne_simulator.pc'
[2.887s] Level 1:colcon.colcon_core.environment:checking '/home/perla/DRL_robot_navigation_ros2/install/velodyne_simulator/lib/python3.8/site-packages'
[2.887s] Level 1:colcon.colcon_core.environment:checking '/home/perla/DRL_robot_navigation_ros2/install/velodyne_simulator/bin'
[2.906s] INFO:colcon.colcon_core.shell:Creating package script '/home/perla/DRL_robot_navigation_ros2/install/velodyne_simulator/share/velodyne_simulator/package.ps1'
[2.907s] INFO:colcon.colcon_core.shell:Creating package descriptor '/home/perla/DRL_robot_navigation_ros2/install/velodyne_simulator/share/velodyne_simulator/package.dsv'
[2.907s] INFO:colcon.colcon_core.shell:Creating package script '/home/perla/DRL_robot_navigation_ros2/install/velodyne_simulator/share/velodyne_simulator/package.sh'
[2.907s] INFO:colcon.colcon_core.shell:Creating package script '/home/perla/DRL_robot_navigation_ros2/install/velodyne_simulator/share/velodyne_simulator/package.bash'
[2.907s] INFO:colcon.colcon_core.shell:Creating package script '/home/perla/DRL_robot_navigation_ros2/install/velodyne_simulator/share/velodyne_simulator/package.zsh'
[2.908s] Level 1:colcon.colcon_core.environment:create_file_with_runtime_dependencies(/home/perla/DRL_robot_navigation_ros2/install/velodyne_simulator/share/colcon-core/packages/velodyne_simulator)
[2.908s] DEBUG:colcon.colcon_parallel_executor.executor.parallel:closing loop
[2.908s] DEBUG:colcon.colcon_parallel_executor.executor.parallel:loop closed
[2.908s] DEBUG:colcon.colcon_parallel_executor.executor.parallel:run_until_complete finished with '0'
[2.908s] DEBUG:colcon.colcon_core.event_reactor:joining thread
[2.932s] INFO:colcon.colcon_core.plugin_system:Skipping extension 'colcon_notification.desktop_notification.terminal_notifier': Not used on non-Darwin systems
[2.932s] INFO:colcon.colcon_core.plugin_system:Skipping extension 'colcon_notification.desktop_notification.win32': Not used on non-Windows systems
[2.932s] INFO:colcon.colcon_notification.desktop_notification:Sending desktop notification using 'notify2'
[2.940s] DEBUG:colcon.colcon_core.event_reactor:joined thread
[2.960s] INFO:colcon.colcon_core.shell:Creating prefix script '/home/perla/DRL_robot_navigation_ros2/install/local_setup.ps1'
[2.960s] INFO:colcon.colcon_core.shell:Creating prefix util module '/home/perla/DRL_robot_navigation_ros2/install/_local_setup_util_ps1.py'
[2.961s] INFO:colcon.colcon_core.shell:Creating prefix chain script '/home/perla/DRL_robot_navigation_ros2/install/setup.ps1'
[2.981s] INFO:colcon.colcon_core.shell:Creating prefix script '/home/perla/DRL_robot_navigation_ros2/install/local_setup.sh'
[2.981s] INFO:colcon.colcon_core.shell:Creating prefix util module '/home/perla/DRL_robot_navigation_ros2/install/_local_setup_util_sh.py'
[2.981s] INFO:colcon.colcon_core.shell:Creating prefix chain script '/home/perla/DRL_robot_navigation_ros2/install/setup.sh'
[3.001s] INFO:colcon.colcon_core.shell:Creating prefix script '/home/perla/DRL_robot_navigation_ros2/install/local_setup.bash'
[3.002s] INFO:colcon.colcon_core.shell:Creating prefix chain script '/home/perla/DRL_robot_navigation_ros2/install/setup.bash'
[3.021s] INFO:colcon.colcon_core.shell:Creating prefix script '/home/perla/DRL_robot_navigation_ros2/install/local_setup.zsh'
[3.021s] INFO:colcon.colcon_core.shell:Creating prefix chain script '/home/perla/DRL_robot_navigation_ros2/install/setup.zsh'
