-- Install configuration: ""
-- Up-to-date: /home/perla/DRL_robot_navigation_ros2/install/td3/share/td3//launch
-- Up-to-date: /home/perla/DRL_robot_navigation_ros2/install/td3/share/td3//launch/multi_robot_scenario.launch.py
-- Up-to-date: /home/perla/DRL_robot_navigation_ros2/install/td3/share/td3//launch/testmap_simulation.launch.py
-- Up-to-date: /home/perla/DRL_robot_navigation_ros2/install/td3/share/td3//launch/robot_state_publisher.launch.py
-- Up-to-date: /home/perla/DRL_robot_navigation_ros2/install/td3/share/td3//launch/pioneer3dx.rviz
-- Up-to-date: /home/perla/DRL_robot_navigation_ros2/install/td3/share/td3//launch/training_simulation.launch.py
-- Up-to-date: /home/perla/DRL_robot_navigation_ros2/install/td3/share/td3//launch/test_simulation.launch.py
-- Up-to-date: /home/perla/DRL_robot_navigation_ros2/install/td3/share/td3//models
-- Up-to-date: /home/perla/DRL_robot_navigation_ros2/install/td3/share/td3//models/td_robot
-- Up-to-date: /home/perla/DRL_robot_navigation_ros2/install/td3/share/td3//models/td_robot/model.config
-- Up-to-date: /home/perla/DRL_robot_navigation_ros2/install/td3/share/td3//models/td_robot/meshes
-- Up-to-date: /home/perla/DRL_robot_navigation_ros2/install/td3/share/td3//models/td_robot/meshes/p3dx
-- Up-to-date: /home/perla/DRL_robot_navigation_ros2/install/td3/share/td3//models/td_robot/meshes/p3dx/center_wheel.stl
-- Up-to-date: /home/perla/DRL_robot_navigation_ros2/install/td3/share/td3//models/td_robot/meshes/p3dx/left_wheel.stl
-- Up-to-date: /home/perla/DRL_robot_navigation_ros2/install/td3/share/td3//models/td_robot/meshes/p3dx/top.stl
-- Up-to-date: /home/perla/DRL_robot_navigation_ros2/install/td3/share/td3//models/td_robot/meshes/p3dx/back_rim.stl
-- Up-to-date: /home/perla/DRL_robot_navigation_ros2/install/td3/share/td3//models/td_robot/meshes/p3dx/front_sonar.stl
-- Up-to-date: /home/perla/DRL_robot_navigation_ros2/install/td3/share/td3//models/td_robot/meshes/p3dx/back_sonar.stl
-- Up-to-date: /home/perla/DRL_robot_navigation_ros2/install/td3/share/td3//models/td_robot/meshes/p3dx/left_hubcap.stl
-- Up-to-date: /home/perla/DRL_robot_navigation_ros2/install/td3/share/td3//models/td_robot/meshes/p3dx/center_hubcap.stl
-- Up-to-date: /home/perla/DRL_robot_navigation_ros2/install/td3/share/td3//models/td_robot/meshes/p3dx/right_wheel.stl
-- Up-to-date: /home/perla/DRL_robot_navigation_ros2/install/td3/share/td3//models/td_robot/meshes/p3dx/right_hubcap.stl
-- Up-to-date: /home/perla/DRL_robot_navigation_ros2/install/td3/share/td3//models/td_robot/meshes/p3dx/front_rim.stl
-- Up-to-date: /home/perla/DRL_robot_navigation_ros2/install/td3/share/td3//models/td_robot/meshes/p3dx/chassis.stl
-- Up-to-date: /home/perla/DRL_robot_navigation_ros2/install/td3/share/td3//models/td_robot/meshes/p3dx/swivel.stl
-- Up-to-date: /home/perla/DRL_robot_navigation_ros2/install/td3/share/td3//models/td_robot/meshes/p3dx/Coordinates
-- Up-to-date: /home/perla/DRL_robot_navigation_ros2/install/td3/share/td3//models/td_robot/meshes/laser
-- Up-to-date: /home/perla/DRL_robot_navigation_ros2/install/td3/share/td3//models/td_robot/meshes/laser/hokuyo.dae
-- Up-to-date: /home/perla/DRL_robot_navigation_ros2/install/td3/share/td3//models/td_robot/td_robot.sdf
-- Up-to-date: /home/perla/DRL_robot_navigation_ros2/install/td3/share/td3//models/td_robot/velodyne_description
-- Up-to-date: /home/perla/DRL_robot_navigation_ros2/install/td3/share/td3//models/td_robot/velodyne_description/urdf
-- Up-to-date: /home/perla/DRL_robot_navigation_ros2/install/td3/share/td3//models/td_robot/velodyne_description/urdf/VLP-16.urdf.xacro
-- Up-to-date: /home/perla/DRL_robot_navigation_ros2/install/td3/share/td3//models/td_robot/velodyne_description/urdf/example.urdf.xacro
-- Up-to-date: /home/perla/DRL_robot_navigation_ros2/install/td3/share/td3//models/td_robot/velodyne_description/urdf/HDL-32E.urdf.xacro
-- Up-to-date: /home/perla/DRL_robot_navigation_ros2/install/td3/share/td3//models/td_robot/velodyne_description/urdf/VLP-32C.urdf.xacro
-- Up-to-date: /home/perla/DRL_robot_navigation_ros2/install/td3/share/td3//models/td_robot/velodyne_description/world
-- Up-to-date: /home/perla/DRL_robot_navigation_ros2/install/td3/share/td3//models/td_robot/velodyne_description/world/lio_sam.model
-- Up-to-date: /home/perla/DRL_robot_navigation_ros2/install/td3/share/td3//models/td_robot/velodyne_description/world/example.world
-- Up-to-date: /home/perla/DRL_robot_navigation_ros2/install/td3/share/td3//models/td_robot/velodyne_description/models
-- Up-to-date: /home/perla/DRL_robot_navigation_ros2/install/td3/share/td3//models/td_robot/velodyne_description/models/rs_robot
-- Up-to-date: /home/perla/DRL_robot_navigation_ros2/install/td3/share/td3//models/td_robot/velodyne_description/models/rs_robot/model.config
-- Up-to-date: /home/perla/DRL_robot_navigation_ros2/install/td3/share/td3//models/td_robot/velodyne_description/models/rs_robot/meshes
-- Up-to-date: /home/perla/DRL_robot_navigation_ros2/install/td3/share/td3//models/td_robot/velodyne_description/models/rs_robot/meshes/DAE
-- Up-to-date: /home/perla/DRL_robot_navigation_ros2/install/td3/share/td3//models/td_robot/velodyne_description/models/rs_robot/meshes/DAE/lidar_head
-- Up-to-date: /home/perla/DRL_robot_navigation_ros2/install/td3/share/td3//models/td_robot/velodyne_description/models/rs_robot/meshes/DAE/lidar_head/YDlidar_head.dae
-- Up-to-date: /home/perla/DRL_robot_navigation_ros2/install/td3/share/td3//models/td_robot/velodyne_description/models/rs_robot/meshes/DAE/lidar_base
-- Up-to-date: /home/perla/DRL_robot_navigation_ros2/install/td3/share/td3//models/td_robot/velodyne_description/models/rs_robot/meshes/DAE/lidar_base/YDlidar_base.dae
-- Up-to-date: /home/perla/DRL_robot_navigation_ros2/install/td3/share/td3//models/td_robot/velodyne_description/models/rs_robot/meshes/DAE/sensors
-- Up-to-date: /home/perla/DRL_robot_navigation_ros2/install/td3/share/td3//models/td_robot/velodyne_description/models/rs_robot/meshes/DAE/sensors/rear_lrf
-- Up-to-date: /home/perla/DRL_robot_navigation_ros2/install/td3/share/td3//models/td_robot/velodyne_description/models/rs_robot/meshes/DAE/sensors/rear_lrf/rear_lrf.dae
-- Up-to-date: /home/perla/DRL_robot_navigation_ros2/install/td3/share/td3//models/td_robot/velodyne_description/models/rs_robot/meshes/DAE/sensors/rear_lrf/urg_texture.png
-- Up-to-date: /home/perla/DRL_robot_navigation_ros2/install/td3/share/td3//models/td_robot/velodyne_description/models/rs_robot/meshes/DAE/sensors/front_lrf
-- Up-to-date: /home/perla/DRL_robot_navigation_ros2/install/td3/share/td3//models/td_robot/velodyne_description/models/rs_robot/meshes/DAE/sensors/front_lrf/lrf_texture.png
-- Up-to-date: /home/perla/DRL_robot_navigation_ros2/install/td3/share/td3//models/td_robot/velodyne_description/models/rs_robot/meshes/DAE/sensors/front_lrf/front_lrf.dae
-- Up-to-date: /home/perla/DRL_robot_navigation_ros2/install/td3/share/td3//models/td_robot/velodyne_description/models/rs_robot/meshes/DAE/sensors/gps
-- Up-to-date: /home/perla/DRL_robot_navigation_ros2/install/td3/share/td3//models/td_robot/velodyne_description/models/rs_robot/meshes/DAE/sensors/gps/gps.dae
-- Up-to-date: /home/perla/DRL_robot_navigation_ros2/install/td3/share/td3//models/td_robot/velodyne_description/models/rs_robot/meshes/DAE/sensors/gps/gps_texture.png
-- Up-to-date: /home/perla/DRL_robot_navigation_ros2/install/td3/share/td3//models/td_robot/velodyne_description/models/rs_robot/meshes/DAE/sensors/gim30
-- Up-to-date: /home/perla/DRL_robot_navigation_ros2/install/td3/share/td3//models/td_robot/velodyne_description/models/rs_robot/meshes/DAE/sensors/gim30/gim30.dae
-- Up-to-date: /home/perla/DRL_robot_navigation_ros2/install/td3/share/td3//models/td_robot/velodyne_description/models/rs_robot/meshes/DAE/sensors/gim30/gim30_lrf_texture.png
-- Up-to-date: /home/perla/DRL_robot_navigation_ros2/install/td3/share/td3//models/td_robot/velodyne_description/models/rs_robot/meshes/DAE/sensors/camera
-- Up-to-date: /home/perla/DRL_robot_navigation_ros2/install/td3/share/td3//models/td_robot/velodyne_description/models/rs_robot/meshes/DAE/sensors/camera/camera.dae
-- Up-to-date: /home/perla/DRL_robot_navigation_ros2/install/td3/share/td3//models/td_robot/velodyne_description/models/rs_robot/meshes/DAE/suspension
-- Up-to-date: /home/perla/DRL_robot_navigation_ros2/install/td3/share/td3//models/td_robot/velodyne_description/models/rs_robot/meshes/DAE/suspension/front_right_link.dae
-- Up-to-date: /home/perla/DRL_robot_navigation_ros2/install/td3/share/td3//models/td_robot/velodyne_description/models/rs_robot/meshes/DAE/suspension/rear_right_link.dae
-- Up-to-date: /home/perla/DRL_robot_navigation_ros2/install/td3/share/td3//models/td_robot/velodyne_description/models/rs_robot/meshes/DAE/suspension/rear_left_link.dae
-- Up-to-date: /home/perla/DRL_robot_navigation_ros2/install/td3/share/td3//models/td_robot/velodyne_description/models/rs_robot/meshes/DAE/suspension/front_left_link.dae
-- Up-to-date: /home/perla/DRL_robot_navigation_ros2/install/td3/share/td3//models/td_robot/velodyne_description/models/rs_robot/meshes/DAE/wheel
-- Up-to-date: /home/perla/DRL_robot_navigation_ros2/install/td3/share/td3//models/td_robot/velodyne_description/models/rs_robot/meshes/DAE/wheel/wheel_link.dae
-- Up-to-date: /home/perla/DRL_robot_navigation_ros2/install/td3/share/td3//models/td_robot/velodyne_description/models/rs_robot/meshes/DAE/base
-- Up-to-date: /home/perla/DRL_robot_navigation_ros2/install/td3/share/td3//models/td_robot/velodyne_description/models/rs_robot/meshes/DAE/base/base_link.dae
-- Up-to-date: /home/perla/DRL_robot_navigation_ros2/install/td3/share/td3//models/td_robot/velodyne_description/models/rs_robot/meshes/DAE/base/base_linkOLD.dae
-- Up-to-date: /home/perla/DRL_robot_navigation_ros2/install/td3/share/td3//models/td_robot/velodyne_description/models/rs_robot/meshes/STL
-- Up-to-date: /home/perla/DRL_robot_navigation_ros2/install/td3/share/td3//models/td_robot/velodyne_description/models/rs_robot/meshes/STL/lidar_head
-- Up-to-date: /home/perla/DRL_robot_navigation_ros2/install/td3/share/td3//models/td_robot/velodyne_description/models/rs_robot/meshes/STL/lidar_head/YDlidar_head v4.stl
-- Up-to-date: /home/perla/DRL_robot_navigation_ros2/install/td3/share/td3//models/td_robot/velodyne_description/models/rs_robot/meshes/STL/lidar_base
-- Up-to-date: /home/perla/DRL_robot_navigation_ros2/install/td3/share/td3//models/td_robot/velodyne_description/models/rs_robot/meshes/STL/lidar_base/YDlidar_base.stl
-- Up-to-date: /home/perla/DRL_robot_navigation_ros2/install/td3/share/td3//models/td_robot/velodyne_description/models/rs_robot/meshes/STL/sensors
-- Up-to-date: /home/perla/DRL_robot_navigation_ros2/install/td3/share/td3//models/td_robot/velodyne_description/models/rs_robot/meshes/STL/sensors/rear_lrf
-- Up-to-date: /home/perla/DRL_robot_navigation_ros2/install/td3/share/td3//models/td_robot/velodyne_description/models/rs_robot/meshes/STL/sensors/rear_lrf/rear_lrf.stl
-- Up-to-date: /home/perla/DRL_robot_navigation_ros2/install/td3/share/td3//models/td_robot/velodyne_description/models/rs_robot/meshes/STL/sensors/front_lrf
-- Up-to-date: /home/perla/DRL_robot_navigation_ros2/install/td3/share/td3//models/td_robot/velodyne_description/models/rs_robot/meshes/STL/sensors/front_lrf/front_lrf.stl
-- Up-to-date: /home/perla/DRL_robot_navigation_ros2/install/td3/share/td3//models/td_robot/velodyne_description/models/rs_robot/meshes/STL/sensors/gps
-- Up-to-date: /home/perla/DRL_robot_navigation_ros2/install/td3/share/td3//models/td_robot/velodyne_description/models/rs_robot/meshes/STL/sensors/gps/gps.stl
-- Up-to-date: /home/perla/DRL_robot_navigation_ros2/install/td3/share/td3//models/td_robot/velodyne_description/models/rs_robot/meshes/STL/sensors/gim30
-- Up-to-date: /home/perla/DRL_robot_navigation_ros2/install/td3/share/td3//models/td_robot/velodyne_description/models/rs_robot/meshes/STL/sensors/gim30/gim30.stl
-- Up-to-date: /home/perla/DRL_robot_navigation_ros2/install/td3/share/td3//models/td_robot/velodyne_description/models/rs_robot/meshes/STL/sensors/camera
-- Up-to-date: /home/perla/DRL_robot_navigation_ros2/install/td3/share/td3//models/td_robot/velodyne_description/models/rs_robot/meshes/STL/suspension
-- Up-to-date: /home/perla/DRL_robot_navigation_ros2/install/td3/share/td3//models/td_robot/velodyne_description/models/rs_robot/meshes/STL/suspension/FRONT_LEFT_LINKSTL.stl
-- Up-to-date: /home/perla/DRL_robot_navigation_ros2/install/td3/share/td3//models/td_robot/velodyne_description/models/rs_robot/meshes/STL/suspension/REAR_RIGHT_LINKSTL.stl
-- Up-to-date: /home/perla/DRL_robot_navigation_ros2/install/td3/share/td3//models/td_robot/velodyne_description/models/rs_robot/meshes/STL/suspension/FRONT_RIGHT_LINKSTL.stl
-- Up-to-date: /home/perla/DRL_robot_navigation_ros2/install/td3/share/td3//models/td_robot/velodyne_description/models/rs_robot/meshes/STL/suspension/REAR_LEFT_LINKSTL.stl
-- Up-to-date: /home/perla/DRL_robot_navigation_ros2/install/td3/share/td3//models/td_robot/velodyne_description/models/rs_robot/meshes/STL/suspension/sus_link.stl
-- Up-to-date: /home/perla/DRL_robot_navigation_ros2/install/td3/share/td3//models/td_robot/velodyne_description/models/rs_robot/meshes/STL/wheel
-- Up-to-date: /home/perla/DRL_robot_navigation_ros2/install/td3/share/td3//models/td_robot/velodyne_description/models/rs_robot/meshes/STL/wheel/robot_wheel.stl
-- Up-to-date: /home/perla/DRL_robot_navigation_ros2/install/td3/share/td3//models/td_robot/velodyne_description/models/rs_robot/meshes/STL/base
-- Up-to-date: /home/perla/DRL_robot_navigation_ros2/install/td3/share/td3//models/td_robot/velodyne_description/models/rs_robot/meshes/STL/base/base_link.stl
-- Up-to-date: /home/perla/DRL_robot_navigation_ros2/install/td3/share/td3//models/td_robot/velodyne_description/models/rs_robot/meshes/STL/base/base_link_old.stl
-- Up-to-date: /home/perla/DRL_robot_navigation_ros2/install/td3/share/td3//models/td_robot/velodyne_description/models/rs_robot/rs_robot.sdf
-- Up-to-date: /home/perla/DRL_robot_navigation_ros2/install/td3/share/td3//models/td_robot/velodyne_description/meshes
-- Up-to-date: /home/perla/DRL_robot_navigation_ros2/install/td3/share/td3//models/td_robot/velodyne_description/meshes/VLP16_scan.dae
-- Up-to-date: /home/perla/DRL_robot_navigation_ros2/install/td3/share/td3//models/td_robot/velodyne_description/meshes/VLP16_scan.stl
-- Up-to-date: /home/perla/DRL_robot_navigation_ros2/install/td3/share/td3//models/td_robot/velodyne_description/meshes/VLP16_base_1.dae
-- Up-to-date: /home/perla/DRL_robot_navigation_ros2/install/td3/share/td3//models/td_robot/velodyne_description/meshes/VLP16_base_2.dae
-- Up-to-date: /home/perla/DRL_robot_navigation_ros2/install/td3/share/td3//models/td_robot/velodyne_description/meshes/HDL32E_scan.dae
-- Up-to-date: /home/perla/DRL_robot_navigation_ros2/install/td3/share/td3//models/td_robot/velodyne_description/meshes/VLP16_base_2.stl
-- Up-to-date: /home/perla/DRL_robot_navigation_ros2/install/td3/share/td3//models/td_robot/velodyne_description/meshes/VLP16_base_1.stl
-- Up-to-date: /home/perla/DRL_robot_navigation_ros2/install/td3/share/td3//models/td_robot/velodyne_description/meshes/HDL32E_base.dae
-- Up-to-date: /home/perla/DRL_robot_navigation_ros2/install/td3/share/td3//models/td_robot/velodyne_description/meshes/HDL32E_scan.stl
-- Up-to-date: /home/perla/DRL_robot_navigation_ros2/install/td3/share/td3//models/td_robot/velodyne_description/meshes/HDL32E_base.stl
-- Up-to-date: /home/perla/DRL_robot_navigation_ros2/install/td3/share/td3//models/td_robot/velodyne_description/launch
-- Up-to-date: /home/perla/DRL_robot_navigation_ros2/install/td3/share/td3//models/td_robot/velodyne_description/launch/example-launch.py
-- Up-to-date: /home/perla/DRL_robot_navigation_ros2/install/td3/share/td3//models/td_robot/velodyne_description/package.xml
-- Up-to-date: /home/perla/DRL_robot_navigation_ros2/install/td3/share/td3//models/td_robot/velodyne_description/rviz
-- Up-to-date: /home/perla/DRL_robot_navigation_ros2/install/td3/share/td3//models/td_robot/velodyne_description/rviz/example.rviz
-- Up-to-date: /home/perla/DRL_robot_navigation_ros2/install/td3/share/td3//models/td_robot/velodyne_description/CMakeLists.txt
-- Up-to-date: /home/perla/DRL_robot_navigation_ros2/install/td3/share/td3//models/td_robot/velodyne_description/CHANGELOG.rst
-- Up-to-date: /home/perla/DRL_robot_navigation_ros2/install/td3/share/td3//scripts
-- Up-to-date: /home/perla/DRL_robot_navigation_ros2/install/td3/share/td3//scripts/__pycache__
-- Up-to-date: /home/perla/DRL_robot_navigation_ros2/install/td3/share/td3//scripts/__pycache__/replay_buffer.cpython-38.pyc
-- Up-to-date: /home/perla/DRL_robot_navigation_ros2/install/td3/share/td3//scripts/__pycache__/point_cloud2.cpython-38.pyc
-- Up-to-date: /home/perla/DRL_robot_navigation_ros2/install/td3/share/td3//scripts/replay_buffer.py
-- Up-to-date: /home/perla/DRL_robot_navigation_ros2/install/td3/share/td3//scripts/train_velodyne_node.py
-- Up-to-date: /home/perla/DRL_robot_navigation_ros2/install/td3/share/td3//scripts/runs
-- Up-to-date: /home/perla/DRL_robot_navigation_ros2/install/td3/share/td3//scripts/runs/events.out.tfevents.1680403580.robotmania-MINIPC-PA90.28181.0
-- Up-to-date: /home/perla/DRL_robot_navigation_ros2/install/td3/share/td3//scripts/runs/events.out.tfevents.1701274498.perla-ROG-Zephyrus-M16-GU603ZM-GU603ZM.87931.0
-- Up-to-date: /home/perla/DRL_robot_navigation_ros2/install/td3/share/td3//scripts/runs/events.out.tfevents.1704884527.perla-ROG-Zephyrus-M16-GU603ZM-GU603ZM.58798.0
-- Up-to-date: /home/perla/DRL_robot_navigation_ros2/install/td3/share/td3//scripts/runs/events.out.tfevents.1680403642.robotmania-MINIPC-PA90.28717.0
-- Up-to-date: /home/perla/DRL_robot_navigation_ros2/install/td3/share/td3//scripts/runs/events.out.tfevents.1702485294.perla-ROG-Zephyrus-M16-GU603ZM-GU603ZM.183175.0
-- Up-to-date: /home/perla/DRL_robot_navigation_ros2/install/td3/share/td3//scripts/runs/events.out.tfevents.1704884519.perla-ROG-Zephyrus-M16-GU603ZM-GU603ZM.58716.0
-- Up-to-date: /home/perla/DRL_robot_navigation_ros2/install/td3/share/td3//scripts/runs/events.out.tfevents.1704810275.perla-ROG-Zephyrus-M16-GU603ZM-GU603ZM.98734.0
-- Up-to-date: /home/perla/DRL_robot_navigation_ros2/install/td3/share/td3//scripts/runs/events.out.tfevents.1704878404.perla-ROG-Zephyrus-M16-GU603ZM-GU603ZM.16682.0
-- Up-to-date: /home/perla/DRL_robot_navigation_ros2/install/td3/share/td3//scripts/runs/events.out.tfevents.1704904006.perla-ROG-Zephyrus-M16-GU603ZM-GU603ZM.13059.0
-- Up-to-date: /home/perla/DRL_robot_navigation_ros2/install/td3/share/td3//scripts/runs/events.out.tfevents.1704892269.perla-ROG-Zephyrus-M16-GU603ZM-GU603ZM.119219.0
-- Up-to-date: /home/perla/DRL_robot_navigation_ros2/install/td3/share/td3//scripts/runs/events.out.tfevents.1704878022.perla-ROG-Zephyrus-M16-GU603ZM-GU603ZM.14181.0
-- Up-to-date: /home/perla/DRL_robot_navigation_ros2/install/td3/share/td3//scripts/runs/events.out.tfevents.1704892379.perla-ROG-Zephyrus-M16-GU603ZM-GU603ZM.119830.0
-- Up-to-date: /home/perla/DRL_robot_navigation_ros2/install/td3/share/td3//scripts/runs/events.out.tfevents.1704810354.perla-ROG-Zephyrus-M16-GU603ZM-GU603ZM.100985.0
-- Up-to-date: /home/perla/DRL_robot_navigation_ros2/install/td3/share/td3//scripts/runs/events.out.tfevents.1704892640.perla-ROG-Zephyrus-M16-GU603ZM-GU603ZM.124641.0
-- Up-to-date: /home/perla/DRL_robot_navigation_ros2/install/td3/share/td3//scripts/runs/events.out.tfevents.1704883319.perla-ROG-Zephyrus-M16-GU603ZM-GU603ZM.56742.0
-- Up-to-date: /home/perla/DRL_robot_navigation_ros2/install/td3/share/td3//scripts/pytorch_models
-- Up-to-date: /home/perla/DRL_robot_navigation_ros2/install/td3/share/td3//scripts/pytorch_models/td3_velodyne_critic.pth
-- Up-to-date: /home/perla/DRL_robot_navigation_ros2/install/td3/share/td3//scripts/pytorch_models/td3_velodyne_actor.pth
-- Installing: /home/perla/DRL_robot_navigation_ros2/install/td3/share/td3//scripts/test_velodyne_node.py
-- Up-to-date: /home/perla/DRL_robot_navigation_ros2/install/td3/share/td3//scripts/point_cloud2.py
-- Up-to-date: /home/perla/DRL_robot_navigation_ros2/install/td3/share/td3//scripts/results
-- Up-to-date: /home/perla/DRL_robot_navigation_ros2/install/td3/share/td3//scripts/results/TD3_velodyne.npy
-- Up-to-date: /home/perla/DRL_robot_navigation_ros2/install/td3/share/td3//scripts/results/td3_velodyne.npy
-- Up-to-date: /home/perla/DRL_robot_navigation_ros2/install/td3/share/td3//urdf
-- Up-to-date: /home/perla/DRL_robot_navigation_ros2/install/td3/share/td3//urdf/meshes
-- Up-to-date: /home/perla/DRL_robot_navigation_ros2/install/td3/share/td3//urdf/meshes/p3dx
-- Up-to-date: /home/perla/DRL_robot_navigation_ros2/install/td3/share/td3//urdf/meshes/p3dx/center_wheel.stl
-- Up-to-date: /home/perla/DRL_robot_navigation_ros2/install/td3/share/td3//urdf/meshes/p3dx/left_wheel.stl
-- Up-to-date: /home/perla/DRL_robot_navigation_ros2/install/td3/share/td3//urdf/meshes/p3dx/top.stl
-- Up-to-date: /home/perla/DRL_robot_navigation_ros2/install/td3/share/td3//urdf/meshes/p3dx/back_rim.stl
-- Up-to-date: /home/perla/DRL_robot_navigation_ros2/install/td3/share/td3//urdf/meshes/p3dx/front_sonar.stl
-- Up-to-date: /home/perla/DRL_robot_navigation_ros2/install/td3/share/td3//urdf/meshes/p3dx/back_sonar.stl
-- Up-to-date: /home/perla/DRL_robot_navigation_ros2/install/td3/share/td3//urdf/meshes/p3dx/left_hubcap.stl
-- Up-to-date: /home/perla/DRL_robot_navigation_ros2/install/td3/share/td3//urdf/meshes/p3dx/center_hubcap.stl
-- Up-to-date: /home/perla/DRL_robot_navigation_ros2/install/td3/share/td3//urdf/meshes/p3dx/right_wheel.stl
-- Up-to-date: /home/perla/DRL_robot_navigation_ros2/install/td3/share/td3//urdf/meshes/p3dx/right_hubcap.stl
-- Up-to-date: /home/perla/DRL_robot_navigation_ros2/install/td3/share/td3//urdf/meshes/p3dx/front_rim.stl
-- Up-to-date: /home/perla/DRL_robot_navigation_ros2/install/td3/share/td3//urdf/meshes/p3dx/chassis.stl
-- Up-to-date: /home/perla/DRL_robot_navigation_ros2/install/td3/share/td3//urdf/meshes/p3dx/swivel.stl
-- Up-to-date: /home/perla/DRL_robot_navigation_ros2/install/td3/share/td3//urdf/meshes/p3dx/Coordinates
-- Up-to-date: /home/perla/DRL_robot_navigation_ros2/install/td3/share/td3//urdf/meshes/laser
-- Up-to-date: /home/perla/DRL_robot_navigation_ros2/install/td3/share/td3//urdf/meshes/laser/hokuyo.dae
-- Up-to-date: /home/perla/DRL_robot_navigation_ros2/install/td3/share/td3//urdf/mapper_params_online_async.yaml
-- Up-to-date: /home/perla/DRL_robot_navigation_ros2/install/td3/share/td3//urdf/td_robot.urdf
-- Up-to-date: /home/perla/DRL_robot_navigation_ros2/install/td3/share/td3//worlds
-- Up-to-date: /home/perla/DRL_robot_navigation_ros2/install/td3/share/td3//worlds/td3.world
-- Up-to-date: /home/perla/DRL_robot_navigation_ros2/install/td3/lib/td3/replay_buffer.py
-- Installing: /home/perla/DRL_robot_navigation_ros2/install/td3/lib/td3/test_velodyne_node.py
-- Up-to-date: /home/perla/DRL_robot_navigation_ros2/install/td3/lib/td3/train_velodyne_node.py
-- Up-to-date: /home/perla/DRL_robot_navigation_ros2/install/td3/lib/td3/point_cloud2.py
-- Up-to-date: /home/perla/DRL_robot_navigation_ros2/install/td3/lib/td3/multi_robot_scenario.launch.py
-- Up-to-date: /home/perla/DRL_robot_navigation_ros2/install/td3/lib/td3/robot_state_publisher.launch.py
-- Up-to-date: /home/perla/DRL_robot_navigation_ros2/install/td3/lib/td3/training_simulation.launch.py
-- Up-to-date: /home/perla/DRL_robot_navigation_ros2/install/td3/lib/td3/test_simulation.launch.py
-- Up-to-date: /home/perla/DRL_robot_navigation_ros2/install/td3/lib/td3/pioneer3dx.rviz
-- Up-to-date: /home/perla/DRL_robot_navigation_ros2/install/td3/share/ament_index/resource_index/package_run_dependencies/td3
-- Up-to-date: /home/perla/DRL_robot_navigation_ros2/install/td3/share/ament_index/resource_index/parent_prefix_path/td3
-- Up-to-date: /home/perla/DRL_robot_navigation_ros2/install/td3/share/td3/environment/ament_prefix_path.sh
-- Up-to-date: /home/perla/DRL_robot_navigation_ros2/install/td3/share/td3/environment/ament_prefix_path.dsv
-- Up-to-date: /home/perla/DRL_robot_navigation_ros2/install/td3/share/td3/environment/path.sh
-- Up-to-date: /home/perla/DRL_robot_navigation_ros2/install/td3/share/td3/environment/path.dsv
-- Up-to-date: /home/perla/DRL_robot_navigation_ros2/install/td3/share/td3/local_setup.bash
-- Up-to-date: /home/perla/DRL_robot_navigation_ros2/install/td3/share/td3/local_setup.sh
-- Up-to-date: /home/perla/DRL_robot_navigation_ros2/install/td3/share/td3/local_setup.zsh
-- Up-to-date: /home/perla/DRL_robot_navigation_ros2/install/td3/share/td3/local_setup.dsv
-- Installing: /home/perla/DRL_robot_navigation_ros2/install/td3/share/td3/package.dsv
-- Up-to-date: /home/perla/DRL_robot_navigation_ros2/install/td3/share/ament_index/resource_index/packages/td3
-- Up-to-date: /home/perla/DRL_robot_navigation_ros2/install/td3/share/td3/cmake/td3Config.cmake
-- Up-to-date: /home/perla/DRL_robot_navigation_ros2/install/td3/share/td3/cmake/td3Config-version.cmake
-- Up-to-date: /home/perla/DRL_robot_navigation_ros2/install/td3/share/td3/package.xml
