[0.185s] Invoking command in '/home/perla/DRL_robot_navigation_ros2/build/omni_cartographer': CMAKE_PREFIX_PATH=${CMAKE_PREFIX_PATH}:/home/perla/ros2_ws/install/my_robot_controller:/opt/ros/foxy /usr/bin/cmake /home/perla/DRL_robot_navigation_ros2/src/omni_cartographer -DCMAKE_INSTALL_PREFIX=/home/perla/DRL_robot_navigation_ros2/install/omni_cartographer
[0.216s] -- The C compiler identification is GNU 9.4.0
[0.246s] -- The CXX compiler identification is GNU 9.4.0
[0.249s] -- Check for working C compiler: /usr/bin/cc
[0.287s] -- Check for working C compiler: /usr/bin/cc -- works
[0.288s] -- Detecting C compiler ABI info
[0.326s] -- Detecting C compiler ABI info - done
[0.333s] -- Detecting C compile features
[0.333s] -- Detecting C compile features - done
[0.334s] -- Check for working CXX compiler: /usr/bin/c++
[0.379s] -- Check for working CXX compiler: /usr/bin/c++ -- works
[0.380s] -- Detecting CXX compiler ABI info
[0.423s] -- Detecting CXX compiler ABI info - done
[0.431s] -- Detecting CXX compile features
[0.431s] -- Detecting CXX compile features - done
[0.431s] -- Found ament_cmake: 0.9.12 (/opt/ros/foxy/share/ament_cmake/cmake)
[0.448s] -- Found PythonInterp: /usr/bin/python3 (found suitable version "3.8.10", minimum required is "3") 
[0.448s] -- Using PYTHON_EXECUTABLE: /usr/bin/python3
[0.581s] -- Configuring done
[0.581s] -- Generating done
[0.581s] -- Build files have been written to: /home/perla/DRL_robot_navigation_ros2/build/omni_cartographer
[0.610s] Invoked command in '/home/perla/DRL_robot_navigation_ros2/build/omni_cartographer' returned '0': CMAKE_PREFIX_PATH=${CMAKE_PREFIX_PATH}:/home/perla/ros2_ws/install/my_robot_controller:/opt/ros/foxy /usr/bin/cmake /home/perla/DRL_robot_navigation_ros2/src/omni_cartographer -DCMAKE_INSTALL_PREFIX=/home/perla/DRL_robot_navigation_ros2/install/omni_cartographer
[0.611s] Invoking command in '/home/perla/DRL_robot_navigation_ros2/build/omni_cartographer': CMAKE_PREFIX_PATH=${CMAKE_PREFIX_PATH}:/home/perla/ros2_ws/install/my_robot_controller:/opt/ros/foxy /usr/bin/cmake --build /home/perla/DRL_robot_navigation_ros2/build/omni_cartographer -- -j20 -l20
[0.799s] Invoked command in '/home/perla/DRL_robot_navigation_ros2/build/omni_cartographer' returned '0': CMAKE_PREFIX_PATH=${CMAKE_PREFIX_PATH}:/home/perla/ros2_ws/install/my_robot_controller:/opt/ros/foxy /usr/bin/cmake --build /home/perla/DRL_robot_navigation_ros2/build/omni_cartographer -- -j20 -l20
[0.812s] Invoking command in '/home/perla/DRL_robot_navigation_ros2/build/omni_cartographer': CMAKE_PREFIX_PATH=${CMAKE_PREFIX_PATH}:/home/perla/ros2_ws/install/my_robot_controller:/opt/ros/foxy /usr/bin/cmake --install /home/perla/DRL_robot_navigation_ros2/build/omni_cartographer
[0.817s] -- Install configuration: ""
[0.817s] -- Installing: /home/perla/DRL_robot_navigation_ros2/install/omni_cartographer/share/omni_cartographer/config
[0.817s] -- Installing: /home/perla/DRL_robot_navigation_ros2/install/omni_cartographer/share/omni_cartographer/config/omni_lds_2d.lua
[0.817s] -- Installing: /home/perla/DRL_robot_navigation_ros2/install/omni_cartographer/share/omni_cartographer/launch
[0.817s] -- Installing: /home/perla/DRL_robot_navigation_ros2/install/omni_cartographer/share/omni_cartographer/launch/occupancy_grid.launch.py
[0.817s] -- Installing: /home/perla/DRL_robot_navigation_ros2/install/omni_cartographer/share/omni_cartographer/launch/cartographer.launch.py
[0.817s] -- Installing: /home/perla/DRL_robot_navigation_ros2/install/omni_cartographer/share/omni_cartographer/rviz
[0.817s] -- Installing: /home/perla/DRL_robot_navigation_ros2/install/omni_cartographer/share/omni_cartographer/rviz/tb3_cartographer.rviz
[0.817s] -- Installing: /home/perla/DRL_robot_navigation_ros2/install/omni_cartographer/share/ament_index/resource_index/package_run_dependencies/omni_cartographer
[0.817s] -- Installing: /home/perla/DRL_robot_navigation_ros2/install/omni_cartographer/share/ament_index/resource_index/parent_prefix_path/omni_cartographer
[0.817s] -- Installing: /home/perla/DRL_robot_navigation_ros2/install/omni_cartographer/share/omni_cartographer/environment/ament_prefix_path.sh
[0.817s] -- Installing: /home/perla/DRL_robot_navigation_ros2/install/omni_cartographer/share/omni_cartographer/environment/ament_prefix_path.dsv
[0.817s] -- Installing: /home/perla/DRL_robot_navigation_ros2/install/omni_cartographer/share/omni_cartographer/environment/path.sh
[0.817s] -- Installing: /home/perla/DRL_robot_navigation_ros2/install/omni_cartographer/share/omni_cartographer/environment/path.dsv
[0.817s] -- Installing: /home/perla/DRL_robot_navigation_ros2/install/omni_cartographer/share/omni_cartographer/local_setup.bash
[0.817s] -- Installing: /home/perla/DRL_robot_navigation_ros2/install/omni_cartographer/share/omni_cartographer/local_setup.sh
[0.817s] -- Installing: /home/perla/DRL_robot_navigation_ros2/install/omni_cartographer/share/omni_cartographer/local_setup.zsh
[0.817s] -- Installing: /home/perla/DRL_robot_navigation_ros2/install/omni_cartographer/share/omni_cartographer/local_setup.dsv
[0.817s] -- Installing: /home/perla/DRL_robot_navigation_ros2/install/omni_cartographer/share/omni_cartographer/package.dsv
[0.817s] -- Installing: /home/perla/DRL_robot_navigation_ros2/install/omni_cartographer/share/ament_index/resource_index/packages/omni_cartographer
[0.817s] -- Installing: /home/perla/DRL_robot_navigation_ros2/install/omni_cartographer/share/omni_cartographer/cmake/omni_cartographerConfig.cmake
[0.817s] -- Installing: /home/perla/DRL_robot_navigation_ros2/install/omni_cartographer/share/omni_cartographer/cmake/omni_cartographerConfig-version.cmake
[0.817s] -- Installing: /home/perla/DRL_robot_navigation_ros2/install/omni_cartographer/share/omni_cartographer/package.xml
[0.818s] Invoked command in '/home/perla/DRL_robot_navigation_ros2/build/omni_cartographer' returned '0': CMAKE_PREFIX_PATH=${CMAKE_PREFIX_PATH}:/home/perla/ros2_ws/install/my_robot_controller:/opt/ros/foxy /usr/bin/cmake --install /home/perla/DRL_robot_navigation_ros2/build/omni_cartographer
